
Gurobi 10.0.2 (linux64) logging started Tue 29 Aug 2023 08:51:29 PM -03

Set parameter LogFile to value "/home/ciro/Documents/ftsp-optimizer/Optimization/Data/Logs/a280_20_1001_1001_2.log"
Gurobi Optimizer version 10.0.2 build v10.0.2rc0 (linux64)

CPU model: Intel(R) Core(TM) i7-7500U CPU @ 2.70GHz, instruction set [SSE2]
Thread count: 2 physical cores, 2 logical processors, using up to 2 threads

Optimize a model with 78143 rows, 78960 columns and 467884 nonzeros
Model fingerprint: 0xcc92edda
Variable types: 280 continuous, 78680 integer (78680 binary)
Coefficient statistics:
  Matrix range     [1e+00, 3e+02]
  Objective range  [8e+00, 3e+02]
  Bounds range     [1e+00, 3e+02]
  RHS range        [1e+00, 3e+02]
Presolve removed 2 rows and 295 columns
Presolve time: 0.76s
Presolved: 78141 rows, 78665 columns, 389724 nonzeros
Variable types: 279 continuous, 78386 integer (78386 binary)
Deterministic concurrent LP optimizer: primal and dual simplex
Showing first log only...

Concurrent spin time: 0.00s

Solved with dual simplex

Use crossover to convert LP symmetric solution to basic solution...

Root relaxation: objective 1.478455e+03, 810 iterations, 1.52 seconds (0.30 work units)

    Nodes    |    Current Node    |     Objective Bounds      |     Work
 Expl Unexpl |  Obj  Depth IntInf | Incumbent    BestBd   Gap | It/Node Time

     0     0 1478.45461    0  354          - 1478.45461      -     -    4s
     0     0 1510.23841    0  427          - 1510.23841      -     -    7s
     0     0 1525.42525    0  429          - 1525.42525      -     -    8s
     0     0 1526.57422    0  423          - 1526.57422      -     -    8s
     0     0 1526.57422    0  423          - 1526.57422      -     -    8s
     0     0 1540.72519    0  430          - 1540.72519      -     -   11s
     0     0 1540.72519    0  414          - 1540.72519      -     -   11s
     0     0 1542.32128    0  395          - 1542.32128      -     -   13s
     0     0 1542.42604    0  397          - 1542.42604      -     -   14s
     0     0 1542.42604    0  401          - 1542.42604      -     -   14s
     0     0 1542.42604    0  396          - 1542.42604      -     -   16s
     0     0 1542.42604    0  395          - 1542.42604      -     -   17s
     0     0 1542.42604    0  389          - 1542.42604      -     -   19s
     0     0 1542.42604    0  394          - 1542.42604      -     -   20s
     0     0 1542.42604    0  349          - 1542.42604      -     -   22s
     0     0 1542.42604    0  364          - 1542.42604      -     -   23s
     0     0 1542.42604    0  353          - 1542.42604      -     -   25s
     0     0 1542.42604    0  352          - 1542.42604      -     -   26s
     0     0 1542.42604    0  356          - 1542.42604      -     -   29s
     0     0 1542.42604    0  350          - 1542.42604      -     -   30s
     0     0 1542.42604    0  357          - 1542.42604      -     -   32s
     0     0 1542.42604    0  372          - 1542.42604      -     -   33s
     0     0 1542.95247    0  359          - 1542.95247      -     -   36s
     0     0 1542.95409    0  401          - 1542.95409      -     -   37s
     0     0 1543.19768    0  417          - 1543.19768      -     -   38s
     0     0 1543.19768    0  406          - 1543.19768      -     -   39s
     0     0 1543.19967    0  398          - 1543.19967      -     -   41s
     0     0 1543.20360    0  418          - 1543.20360      -     -   41s
     0     0 1545.18351    0  414          - 1545.18351      -     -   43s
     0     0 1545.18351    0  412          - 1545.18351      -     -   44s
     0     0 1546.91400    0  406          - 1546.91400      -     -   45s
     0     0 1546.99290    0  412          - 1546.99290      -     -   46s
     0     0 1546.99290    0  412          - 1546.99290      -     -   46s
     0     0 1547.04718    0  419          - 1547.04718      -     -   47s
     0     0 1547.04718    0  413          - 1547.04718      -     -   48s
     0     0 1547.06173    0  415          - 1547.06173      -     -   49s
     0     0 1547.06173    0  415          - 1547.06173      -     -   50s
     0     0 1547.06173    0  421          - 1547.06173      -     -   52s
     0     0 1547.06173    0  421          - 1547.06173      -     -   52s
     0     0 1547.14089    0  368          - 1547.14089      -     -   55s
     0     0 1547.14089    0  387          - 1547.14089      -     -   55s
     0     0 1547.14089    0  383          - 1547.14089      -     -   57s
     0     0 1547.14089    0  366          - 1547.14089      -     -   58s
     0     2 1578.36607    0  363          - 1578.36607      -     -   76s
     9    12 1578.36607    5  376          - 1578.36607      -   159   80s
    49    52 1578.36607   22  384          - 1578.36607      -  51.0   85s
    71    71 1581.78999   31  385          - 1578.36607      -  46.0   90s
   114   111 1606.76577   52  327          - 1578.36607      -  40.1   95s
   162   151 1675.05025   74  308          - 1578.36607      -  34.3  101s
   200   189 1703.11857   92  316          - 1578.36607      -  32.6  105s
   281   273 1703.74558  140  321          - 1578.36607      -  26.7  110s
   359   351 1704.06319  192  305          - 1578.36607      -  23.0  116s
   423   428 1704.19952  228  336          - 1578.36607      -  21.3  121s
   501   501 1704.41571  261  329          - 1578.36607      -  19.5  126s
   563   570 1704.54806  289  322          - 1578.36607      -  18.6  130s
   658   663 1704.73261  327  323          - 1578.36607      -  17.5  136s
   732   749 1705.01242  362  360          - 1578.36607      -  16.4  141s
   826   858 1705.28924  408  349          - 1578.36607      -  15.1  147s
   888   913 1705.40828  432  359          - 1578.36607      -  14.4  150s
  1000  1036 1705.62189  481  350          - 1578.36607      -  13.5  156s
  1067  1087 1705.71294  508  323          - 1578.36607      -  13.1  160s
  1181  1203 1705.89135  557  366          - 1578.36607      -  12.6  168s
  1236  1261 1705.95890  580  338          - 1578.36607      -  12.4  173s
  1296  1304 1706.08878  609  352          - 1578.36607      -  12.6  177s
  1339  1370 1706.18645  634  337          - 1578.36607      -  13.0  182s
  1405  1450 1706.32301  664  350          - 1578.36607      -  12.9  187s
  1485  1515 1706.44545  696  356          - 1578.36607      -  12.7  191s
  1550  1572 1706.55463  727  324          - 1578.36607      -  12.9  196s
  1607  1630 1706.65182  757  347          - 1578.36607      -  13.1  200s
  1748  1802 1707.16819  837  329          - 1578.36607      -  13.2  209s
  1837  1889 1707.64109  892  341          - 1578.36607      -  13.0  214s
  1924  1998 1708.07027  932  359          - 1578.36607      -  13.1  230s
  2033  2092 1708.46732  981  335          - 1578.36607      -  13.1  237s
  2127  2202 1708.91513 1028  354          - 1578.36607      -  13.0  254s
  2238  2312 1709.35920 1077  356          - 1578.36607      -  12.9  262s
  2349  2429 2053.72543 1130  311          - 1578.36607      -  12.8  274s
  2466  2551 2054.27529 1188  294          - 1578.36607      -  12.7  292s
  2588  2666 2054.88593 1250  320          - 1578.36607      -  12.6  306s

Gurobi 10.0.2 (linux64) logging started Wed 30 Aug 2023 05:51:10 PM -03

Set parameter LogFile to value "/home/ciro/Documents/ftsp-optimizer/Optimization/Data/Logs/a280_20_1001_1001_2.log"
Gurobi Optimizer version 10.0.2 build v10.0.2rc0 (linux64)

CPU model: Intel(R) Core(TM) i7-7500U CPU @ 2.70GHz, instruction set [SSE2]
Thread count: 2 physical cores, 2 logical processors, using up to 2 threads

Optimize a model with 78143 rows, 78960 columns and 467884 nonzeros
Model fingerprint: 0xcc92edda
Variable types: 280 continuous, 78680 integer (78680 binary)
Coefficient statistics:
  Matrix range     [1e+00, 3e+02]
  Objective range  [8e+00, 3e+02]
  Bounds range     [1e+00, 3e+02]
  RHS range        [1e+00, 3e+02]
Presolve removed 2 rows and 295 columns
Presolve time: 1.14s
Presolved: 78141 rows, 78665 columns, 389724 nonzeros
Variable types: 279 continuous, 78386 integer (78386 binary)
Deterministic concurrent LP optimizer: primal and dual simplex
Showing first log only...

Concurrent spin time: 0.01s

Solved with dual simplex

Use crossover to convert LP symmetric solution to basic solution...

Root relaxation: objective 1.478455e+03, 810 iterations, 0.79 seconds (0.30 work units)

    Nodes    |    Current Node    |     Objective Bounds      |     Work
 Expl Unexpl |  Obj  Depth IntInf | Incumbent    BestBd   Gap | It/Node Time

     0     0 1478.45461    0  354          - 1478.45461      -     -    4s
     0     0 1510.23841    0  427          - 1510.23841      -     -    6s
     0     0 1525.42525    0  429          - 1525.42525      -     -    7s
     0     0 1526.57422    0  423          - 1526.57422      -     -    7s
     0     0 1526.57422    0  423          - 1526.57422      -     -    7s
     0     0 1540.72519    0  430          - 1540.72519      -     -    9s
     0     0 1540.72519    0  414          - 1540.72519      -     -   10s
     0     0 1542.32128    0  395          - 1542.32128      -     -   12s
     0     0 1542.42604    0  397          - 1542.42604      -     -   13s
     0     0 1542.42604    0  401          - 1542.42604      -     -   13s
     0     0 1542.42604    0  396          - 1542.42604      -     -   15s
     0     0 1542.42604    0  395          - 1542.42604      -     -   15s
     0     0 1542.42604    0  389          - 1542.42604      -     -   17s
     0     0 1542.42604    0  394          - 1542.42604      -     -   18s
     0     0 1542.42604    0  349          - 1542.42604      -     -   20s
     0     0 1542.42604    0  364          - 1542.42604      -     -   21s
     0     0 1542.42604    0  353          - 1542.42604      -     -   23s
     0     0 1542.42604    0  352          - 1542.42604      -     -   23s
     0     0 1542.42604    0  356          - 1542.42604      -     -   26s
     0     0 1542.42604    0  350          - 1542.42604      -     -   26s
     0     0 1542.42604    0  357          - 1542.42604      -     -   29s
     0     0 1542.42604    0  372          - 1542.42604      -     -   30s
     0     0 1542.95247    0  359          - 1542.95247      -     -   32s
     0     0 1542.95409    0  401          - 1542.95409      -     -   33s
     0     0 1543.19768    0  417          - 1543.19768      -     -   35s
     0     0 1543.19768    0  406          - 1543.19768      -     -   35s
     0     0 1543.19967    0  398          - 1543.19967      -     -   38s
     0     0 1543.20360    0  418          - 1543.20360      -     -   39s
     0     0 1545.18351    0  414          - 1545.18351      -     -   40s
     0     0 1545.18351    0  412          - 1545.18351      -     -   41s
     0     0 1546.91400    0  406          - 1546.91400      -     -   42s
     0     0 1546.99290    0  412          - 1546.99290      -     -   43s
     0     0 1546.99290    0  412          - 1546.99290      -     -   43s
     0     0 1547.04718    0  419          - 1547.04718      -     -   44s
     0     0 1547.04718    0  413          - 1547.04718      -     -   45s
     0     0 1547.06173    0  415          - 1547.06173      -     -   46s
     0     0 1547.06173    0  415          - 1547.06173      -     -   47s
     0     0 1547.06173    0  421          - 1547.06173      -     -   48s
     0     0 1547.06173    0  421          - 1547.06173      -     -   49s
     0     0 1547.14089    0  368          - 1547.14089      -     -   51s
     0     0 1547.14089    0  387          - 1547.14089      -     -   52s
     0     0 1547.14089    0  383          - 1547.14089      -     -   54s
     0     0 1547.14089    0  366          - 1547.14089      -     -   55s
     0     2 1578.36607    0  363          - 1578.36607      -     -   73s
     7    10 1578.36607    4  377          - 1578.36607      -   189   75s
    49    52 1578.36607   22  384          - 1578.36607      -  51.0   80s
    83    81 1601.72090   37  368          - 1578.36607      -  43.9   85s
   128   120 1640.44668   59  310          - 1578.36607      -  38.9   90s
   181   168 1676.26900   82  315          - 1578.36607      -  33.3   95s
   243   238 1703.56750  116  317          - 1578.36607      -  29.0  100s
   319   314 1703.89958  166  310          - 1578.36607      -  24.8  105s
   402   396 1704.12633  217  310          - 1578.36607      -  21.7  110s
   501   501 1704.41571  261  329          - 1578.36607      -  19.5  116s
   563   570 1704.54806  289  322          - 1578.36607      -  18.6  120s
   658   663 1704.73261  327  323          - 1578.36607      -  17.5  125s
   732   749 1705.01242  362  360          - 1578.36607      -  16.4  130s
   826   858 1705.28924  408  349          - 1578.36607      -  15.1  135s
   943   969 1705.50511  457  355          - 1578.36607      -  13.9  140s
  1067  1087 1705.71294  508  323          - 1578.36607      -  13.1  146s
  1119  1149 1705.81179  533  349          - 1578.36607      -  12.8  150s
  1236  1261 1705.95890  580  338          - 1578.36607      -  12.4  158s
  1296  1304 1706.08878  609  352          - 1578.36607      -  12.6  161s
  1339  1370 1706.18645  634  337          - 1578.36607      -  13.0  166s
  1405  1450 1706.32301  664  350          - 1578.36607      -  12.9  170s
  1550  1572 1706.55463  727  324          - 1578.36607      -  12.9  179s
  1607  1630 1706.65182  757  347          - 1578.36607      -  13.1  183s
  1665  1713 1706.88034  790  332          - 1578.36607      -  13.2  188s
  1748  1802 1707.16819  837  329          - 1578.36607      -  13.2  193s
  1837  1889 1707.64109  892  341          - 1578.36607      -  13.0  198s
  1924  1998 1708.07027  932  359          - 1578.36607      -  13.1  203s
  2033  2092 1708.46732  981  335          - 1578.36607      -  13.1  208s
  2127  2202 1708.91513 1028  354          - 1578.36607      -  13.0  214s
  2238  2312 1709.35920 1077  356          - 1578.36607      -  12.9  219s
  2349  2429 2053.72543 1130  311          - 1578.36607      -  12.8  225s
  2466  2551 2054.27529 1188  294          - 1578.36607      -  12.7  231s
  2588  2666 2054.88593 1250  320          - 1578.36607      -  12.6  237s
  2703  2807 2055.15720 1310  302          - 1578.36607      -  12.4  244s
  2844  2946 2055.51661 1392  292          - 1578.36607      -  12.2  251s
  2983  3079 2055.75694 1471  298          - 1578.36607      -  12.0  258s
  3116  3228 2056.11652 1541  298          - 1578.36607      -  12.0  267s
  3266  3367 2056.85125 1617  296          - 1578.36607      -  11.8  274s
  3405  3519 2057.56155 1688  299          - 1578.36607      -  11.8  283s
  3558  3670 2417.23061 1772  317          - 1578.36607      -  11.7  294s
  3712  3671 3051.00983 1692  366          - 1578.36607      -  11.6  329s
  3713  3672 2057.78675 1674  366          - 1578.36607      -  11.6  331s
H 3713  3488                    19280.939671 1578.36607  91.8%  11.6  338s
  3714  3488 1765.08692  333  351 19280.9397 1578.36607  91.8%  11.6  345s
H 3714  3313                    13749.240583 1578.36607  88.5%  11.6  373s
  3719  3317 2301.07973 1697  379 13749.2406 1578.36607  88.5%  11.6  379s
H 3719  3151                    9779.7189147 1578.36607  83.9%  11.6  390s
  3721  3152 2345.28995  801  419 9779.71891 1578.36607  83.9%  11.6  398s
  3722  3153 2660.62200 1281  391 9779.71891 1578.36607  83.9%  11.6  406s
  3724  3154 1704.64189  250  419 9779.71891 1578.36607  83.9%  11.6  413s
H 3724  2996                    7293.9557341 1581.40956  78.3%  11.6  428s
  3727  2998 2949.30353 1657  461 7293.95573 1582.02184  78.3%  11.5  434s
  3728  2999 2808.67668 1839  448 7293.95573 1585.37631  78.3%  11.5  442s
  3729  2999 1763.87190  319  453 7293.95573 1585.38581  78.3%  11.5  448s
H 3729  2849                    5441.5141738 1587.59034  70.8%  11.5  467s
  3732  2851 1923.71144  807  518 5441.51417 1588.56425  70.8%  11.5  474s
  3733  2852 1708.44100  677  492 5441.51417 1590.75892  70.8%  11.5  483s
  3734  2853 2249.21437  955  512 5441.51417 1590.77158  70.8%  11.5  489s
  3735  2853 2948.81709 1630  474 5441.51417 1591.62812  70.8%  11.5  493s
  3737  2855 2071.42807 1100  486 5441.51417 1591.92797  70.7%  11.5  495s
  3740  2857 2266.04871  734  496 5441.51417 1594.58708  70.7%  11.5  500s
  3743  2859 1708.92605 1027  420 5441.51417 1595.89640  70.7%  11.5  506s
  3746  2861 2248.52163  898  488 5441.51417 1596.32712  70.7%  11.5  511s
  3748  2862 1708.17446  933  500 5441.51417 1596.36092  70.7%  11.5  515s
  3750  2863 1722.09888  815  524 5441.51417 1596.37719  70.7%  11.5  520s
  3752  2865 1596.49812    3  540 5441.51417 1596.49812  70.7%  11.5  525s
  3754  2866 2243.68753  738  461 5441.51417 1596.49812  70.7%  11.5  532s
  3755  2867 2248.26526  964  461 5441.51417 1596.49812  70.7%  11.5  588s
H 3755  2725                    4190.6806893 1596.49812  61.9%  20.0  647s
  3756  2726 1597.65286   15  455 4190.68069 1596.51214  61.9%  20.1  651s
  3762  2730 1597.78519   17  457 4190.68069 1597.68304  61.9%  20.4  655s
  3774  2739 1601.87695   20  428 4190.68069 1597.95775  61.9%  20.8  660s
  3791  2752 1604.52346   25  509 4190.68069 1597.95775  61.9%  21.1  665s
  3808  2761 1605.97927   29  485 4190.68069 1597.95775  61.9%  21.4  680s
H 3809  2624                    4177.1371084 1597.95775  61.7%  21.3  680s
  3822  2634 1613.65792   33  485 4177.13711 1597.95775  61.7%  21.7  686s
  3831  2640 1612.23260   35  446 4177.13711 1597.95775  61.7%  22.0  690s
H 3850  2520                    4163.7273511 1597.95775  61.6%  22.3  706s
H 3851  2397                    4137.8963575 1597.95775  61.4%  22.3  706s
  3860  2412 1626.65270   42  423 4137.89636 1597.95775  61.4%  22.4  710s
  3880  2424 1629.00250   48  393 4137.89636 1597.95775  61.4%  22.6  715s
  3900  2437 1634.65971   53  375 4137.89636 1597.95775  61.4%  22.7  720s
  3919  2446 1640.07589   57  350 4137.89636 1597.95775  61.4%  23.0  725s
  3940  2454 1640.09972   62  336 4137.89636 1597.95775  61.4%  23.1  732s
  3947  2462 1660.67246   64  331 4137.89636 1597.95775  61.4%  23.1  736s
  3957  2467 1660.96800   66  332 4137.89636 1597.95775  61.4%  23.1  740s
  3966  2474 1685.91471   68  332 4137.89636 1597.95775  61.4%  23.1  745s
  3985  2484 1710.68964   73  322 4137.89636 1597.95775  61.4%  23.2  753s
  3995  2489 infeasible   76      4137.89636 1597.95775  61.4%  23.3  757s
  4005  2495 1736.25776   79  270 4137.89636 1597.95775  61.4%  23.3  762s
  4017  2502 1743.66166   82  309 4137.89636 1597.95775  61.4%  23.4  766s
  4028  2511 1742.44758   85  299 4137.89636 1597.95775  61.4%  23.4  771s
  4040  2520 1750.20863   87  307 4137.89636 1597.95775  61.4%  23.5  776s
  4053  2527 1751.23896   90  294 4137.89636 1597.95775  61.4%  23.5  781s
  4065  2536 1760.46733   93  307 4137.89636 1597.95775  61.4%  23.6  786s
  4078  2545 1766.01460   96  303 4137.89636 1597.95775  61.4%  23.6  791s
  4091  2555 1771.09945   99  292 4137.89636 1597.95775  61.4%  23.7  796s
  4107  2565 1771.29040  103  287 4137.89636 1597.95775  61.4%  23.8  801s
  4123  2581 1771.60120  107  340 4137.89636 1597.95775  61.4%  23.9  807s
H 4145  2468                    3979.3930228 1597.95775  59.8%  24.0  812s
H 4151  2355                    3844.6720327 1597.95775  58.4%  24.0  812s
  4161  2369 1771.78373  113  280 3844.67203 1597.95775  58.4%  24.1  816s
  4179  2383 1772.57790  118  296 3844.67203 1597.95775  58.4%  24.4  822s
  4201  2409 1811.82086  123  296 3844.67203 1597.95775  58.4%  24.5  827s
  4236  2417 1820.55785  131  297 3844.67203 1597.95775  58.4%  25.0  843s
H 4245  2308                    3822.4438168 1597.95775  58.2%  25.1  843s
H 4255  2204                    3804.4963636 1597.95775  58.0%  25.1  843s
  4256  2227 1776.14442  136  300 3804.49636 1597.95775  58.0%  25.2  850s
H 4279  2126                    2840.5164695 1597.95775  43.7%  25.4 1036s
H 4280  2035                    2755.0321429 1597.95775  42.0%  25.4 1036s
H 4281  1950                    2699.8063948 1597.95775  40.8%  25.4 1065s
  4283  1983 1842.13045  144  294 2699.80639 1597.95775  40.8%  25.5 1072s
  4316  2017 1843.80997  154  290 2699.80639 1597.95775  40.8%  25.6 1080s
  4361  2069 1876.06186  166  277 2699.80639 1597.95775  40.8%  25.6 1088s
  4428  2126 1896.63078  186  278 2699.80639 1597.95775  40.8%  26.0 1095s
  4508  2182 1912.37008  208  284 2699.80639 1597.95775  40.8%  26.5 1103s
  4595  2239 1845.57984  231  273 2699.80639 1597.95775  40.8%  26.7 1111s
  4685  2276 1846.01713  259  282 2699.80639 1597.95775  40.8%  26.6 1118s
  4754  2313 1992.52182  282  254 2699.80639 1597.95775  40.8%  26.9 1127s
  4816  2366 1993.25075  302  273 2699.80639 1597.95775  40.8%  27.1 1136s
  4891  2390 2120.13909  324  277 2699.80639 1597.95775  40.8%  27.3 1147s
  4942  2426 2121.56391  336  252 2699.80639 1597.95775  40.8%  27.5 1158s
  4998  2495 2129.83477  352  223 2699.80639 1597.95775  40.8%  27.6 1168s
  5092  2544 2149.59911  377  226 2699.80639 1597.95775  40.8%  27.6 1178s
  5173  2583 2216.53295  397  221 2699.80639 1597.95775  40.8%  27.8 1189s
  5241  2681 2219.44335  419  185 2699.80639 1597.95775  40.8%  27.9 1199s
H 5366  2605                    2648.6276660 1597.95775  39.7%  27.8 1209s
  5413  2669 2275.60044  461  192 2648.62767 1597.95775  39.7%  27.8 1219s
  5493  2759 2279.00103  481  190 2648.62767 1597.95775  39.7%  27.9 1230s
  5615  2819 2455.04490  509  168 2648.62767 1597.95775  39.7%  27.9 1241s
  5724  2888 2490.69299  535  176 2648.62767 1597.95775  39.7%  28.0 1253s
  5837  2956 2574.45656  558  176 2648.62767 1597.95775  39.7%  28.3 1265s
  5942  3026 2541.72765  589  176 2648.62767 1597.95775  39.7%  28.8 1277s
  6050  3097 2587.54836  619  158 2648.62767 1597.95775  39.7%  29.2 1291s
  6162  3166 2642.95802  654  141 2648.62767 1597.95775  39.7%  29.6 1307s
  6290  3229     cutoff  689      2648.62767 1597.95775  39.7%  30.1 1322s
  6428  3203     cutoff  731      2648.62767 1597.95775  39.7%  30.7 1340s
H 6429  2956                    2585.7248414 1597.95775  38.2%  30.7 1340s
  6450  3039     cutoff  732      2585.72484 1598.05471  38.2%  30.8 1354s
  6552  3139 1635.01028   38  404 2585.72484 1598.05471  38.2%  31.5 1368s
  6686  3212 1708.11085   72  364 2585.72484 1598.05471  38.2%  31.9 1383s
  6811  3294 1787.78300  105  341 2585.72484 1598.05471  38.2%  32.3 1399s
  6938  3359 1906.54093  145  270 2585.72484 1598.05471  38.2%  32.8 1416s
  7051  3446 1958.46523  174  310 2585.72484 1598.05471  38.2%  33.3 1436s
  7183  3501 2018.99417  211  286 2585.72484 1598.05471  38.2%  33.9 1456s
  7296  3514 2057.12187  240  273 2585.72484 1598.05471  38.2%  34.8 1507s
H 7326  3235                    2525.8542832 1598.05471  36.7%  34.8 1507s
H 7358  3081                    2508.4548690 1598.05471  36.3%  35.1 1507s
  7359  3151 2020.15204  256  293 2508.45487 1598.05471  36.3%  35.1 1526s
  7538  3235 2026.29873  288  308 2508.45487 1598.05471  36.3%  35.5 1612s
  7841  3216 2115.12974  355  265 2508.45487 1598.05471  36.3%  35.7 1697s
H 7873  2637                    2400.7006760 1598.05471  33.4%  35.8 1697s
  7907  2850 2047.64595  372  278 2400.70068 1598.05471  33.4%  35.9 1729s
  8127  3102 2048.80269  408  282 2400.70068 1598.05471  33.4%  36.5 1757s
  8389  3365 2049.72644  439  291 2400.70068 1598.05471  33.4%  36.5 1786s
  8652  3615 2052.67872  487  271 2400.70068 1598.05471  33.4%  36.6 1813s
H 8909  3799                    2394.0700892 1598.05471  33.2%  36.5 1837s
H 9027  3729                    2378.8415771 1598.05471  32.8%  36.6 1837s
  9134  3988 2354.66606  596  216 2378.84158 1598.28801  32.8%  36.6 1862s
  9474  4236 1772.85117  116  324 2378.84158 1598.86895  32.8%  36.6 1884s
  9726  4490 1807.83256  169  292 2378.84158 1598.86895  32.8%  36.6 1909s
  9982  4721 1914.07048  215  251 2378.84158 1598.86895  32.8%  36.4 1932s
H10227  4887                    2367.5851420 1598.86895  32.5%  36.2 1954s
H10346  4780                    2336.0233410 1598.86895  31.6%  36.2 1954s
 10457  4923 2154.16062  370  216 2336.02334 1599.26238  31.5%  36.2 1975s
 10666  5065 1603.64536   21  489 2336.02334 1599.29217  31.5%  36.3 1994s
 10809  5194 1690.95320   92  385 2336.02334 1599.29217  31.5%  36.7 2013s
 10939  5500 1774.58711  149  367 2336.02334 1599.29217  31.5%  36.9 2035s
 11245  5693 1976.98918  310  186 2336.02334 1599.29217  31.5%  36.8 2057s
 11440  5923 2059.22004  427   78 2336.02334 1599.29217  31.5%  36.7 2077s
H11563  5922                    2334.9756001 1599.29217  31.5%  36.5 2077s
H11670  6007                    2310.1632224 1599.29217  30.8%  36.5 2094s
 11839  6111 2224.68964  633   59 2310.16322 1599.29217  30.8%  36.5 2111s
 11963  6236 2281.24657  712   95 2310.16322 1599.55771  30.8%  36.8 2133s
H12108  5983                    2286.2162981 1599.55771  30.0%  37.0 2173s
H12109  5982                    2286.0445472 1599.55771  30.0%  37.0 2173s
 12110  6185 1638.21669   73  381 2286.04455 1599.55771  30.0%  37.0 2198s
 12340  6458 1785.53627  208  350 2286.04455 1599.55771  30.0%  37.0 2219s
 12616  6654 1882.24800  334  357 2286.04455 1599.55771  30.0%  36.8 2302s
H12680  6127                    2223.4856101 1599.55771  28.1%  36.8 2302s
H12815  5831                    2185.2504880 1599.55771  26.8%  36.6 2302s
 12816  5995 2037.31805  399  347 2185.25049 1599.59241  26.8%  36.7 2327s
 13004  6295 1611.51316   27  463 2185.25049 1599.59241  26.8%  36.6 2351s
 13307  6448 1726.99790  158  281 2185.25049 1599.59241  26.8%  36.5 2373s
 13475  6628 1817.69417  216  255 2185.25049 1599.59241  26.8%  36.5 2394s
 13711  6735 2130.61333  351  224 2185.25049 1599.76760  26.8%  36.5 2416s
 13835  6841 1652.17504   59  398 2185.25049 1599.76760  26.8%  36.9 2439s
H13902  6747                    2171.5084353 1599.76760  26.3%  37.1 2439s
 13941  6949 1733.65559  126  346 2171.50844 1599.76760  26.3%  37.2 2466s
 14147  7160 1799.39751  212  260 2171.50844 1599.76760  26.3%  37.4 2490s
 14367  7345 1972.52440  342   97 2171.50844 1599.76760  26.3%  37.3 2510s
 14559  7544 2062.64225  436   51 2171.50844 1599.76760  26.3%  37.5 2531s
 14817  7545 1981.72299  390  366 2171.50844 1599.76760  26.3%  37.5 3186s
 14819  7546 1687.74138   98  372 2171.50844 1599.76760  26.3%  37.5 3198s
 14820  7547 1728.36907   89  421 2171.50844 1599.76760  26.3%  37.5 3223s
 14822  7548 1884.01446  166  558 2171.50844 1603.24715  26.2%  37.5 3225s
 14825  7550 2102.07535  308  575 2171.50844 1605.24672  26.1%  37.5 3233s
 14826  7551 2009.83764  446  497 2171.50844 1605.64074  26.1%  37.5 3258s
 14827  7552 2107.45060  319  503 2171.50844 1605.68222  26.1%  37.5 3272s
 14828  7552 1856.18185  245  481 2171.50844 1606.13608  26.0%  37.5 3284s
 14829  7553 1971.86981  262  501 2171.50844 1606.14014  26.0%  37.5 3298s
 14830  7554 1824.90300  138  494 2171.50844 1606.29919  26.0%  37.5 3314s
 14831  7554 2154.26723  359  517 2171.50844 1606.71020  26.0%  37.5 3315s
 14832  7555 2057.26943  421  514 2171.50844 1606.71341  26.0%  37.5 3331s
 14833  7556 1985.94980  313  488 2171.50844 1606.73201  26.0%  37.5 3348s
 14834  7556 1819.37784  158  521 2171.50844 1606.81115  26.0%  37.5 3365s
 14835  7557 1644.13604   71  487 2171.50844 1606.87311  26.0%  37.5 3380s
 14836  7558 2136.62210  337  522 2171.50844 1606.87633  26.0%  37.5 3394s
 14837  7558 1923.02648  208  474 2171.50844 1606.93547  26.0%  37.5 3426s
 14838  7559 1780.28975  105  505 2171.50844 1606.93547  26.0%  37.5 3441s
H14838  7180                    2170.1969194 1606.97985  26.0%  37.5 3468s
 14840  7181 1849.15212  297  546 2170.19692 1607.02564  26.0%  37.5 3483s
 14841  7182 1957.95228  294  476 2170.19692 1607.15200  25.9%  37.5 3498s
 14842  7183 1986.36715  278  499 2170.19692 1607.15200  25.9%  37.5 3512s
 14843  7183 2128.20990  501  480 2170.19692 1607.25286  25.9%  37.5 3527s
 14844  7184 2120.16084  287  520 2170.19692 1607.27228  25.9%  37.5 3542s
 14845  7185 1938.56151  212  452 2170.19692 1607.36198  25.9%  37.5 3559s
 14846  7185 2106.53786  443  445 2170.19692 1607.36198  25.9%  37.4 3574s
 14847  7186 1985.88936  318  481 2170.19692 1607.36426  25.9%  37.4 3592s
 14848  7187 1780.26774  193  486 2170.19692 1607.36426  25.9%  37.4 3608s
 14849  7187 2022.80637  212  474 2170.19692 1607.36739  25.9%  37.4 3678s
 14850  7188 1829.60253  120  483 2170.19692 1607.37169  25.9%  37.4 3695s
 14851  7189 2059.04427  391  476 2170.19692 1607.39958  25.9%  37.4 3716s
 14852  7189 2144.90977  341  475 2170.19692 1607.40101  25.9%  37.4 3733s
 14853  7190 1877.97302  421  476 2170.19692 1607.40101  25.9%  37.4 3754s
 14854  7191 2063.29537  257  482 2170.19692 1607.40101  25.9%  37.4 3769s
H14854  6831                    2162.6487688 1607.58297  25.7%  37.4 3799s
 14856  6832 1751.63472  102  479 2162.64877 1607.59634  25.7%  37.4 3818s
 14857  6833 1963.11105  218  464 2162.64877 1607.59634  25.7%  37.4 3835s
 14858  6833 2000.77254  329  493 2162.64877 1607.59634  25.7%  37.4 3852s
 14859  6834 1830.68303  203  467 2162.64877 1607.68876  25.7%  37.4 3870s
 14860  6835 1848.68282  288  492 2162.64877 1607.68900  25.7%  37.4 3886s
 14861  6835 2018.10972  372  477 2162.64877 1607.71135  25.7%  37.4 3904s
 14862  6836 1881.67188  299  497 2162.64877 1607.71135  25.7%  37.4 3921s
 14863  6837 1761.49104   99  491 2162.64877 1607.71135  25.7%  37.4 3938s
 14864  6837 1902.14713  144  522 2162.64877 1607.71135  25.7%  37.4 3956s
 14865  6838 2001.22850  288  491 2162.64877 1607.71135  25.7%  37.4 3976s
 14866  6839 1665.11835   64  507 2162.64877 1607.71135  25.7%  37.4 3991s
 14867  6839 2162.64877  553  477 2162.64877 1607.71135  25.7%  37.4 4007s
 14868  6840 2115.28562  450  498 2162.64877 1607.71135  25.7%  37.4 4020s
 14869  6841 1633.52099   49  500 2162.64877 1607.71135  25.7%  37.4 4037s
 14870  6841 1624.07523   44  500 2162.64877 1607.71135  25.7%  37.4 4054s
H14870  6498                    2159.3350603 1607.71135  25.5%  37.4 4136s
 14871  6499 2084.78629  430  500 2159.33506 1607.71135  25.5%  37.4 4156s
 14872  6503 1608.10640   24  519 2159.33506 1608.10640  25.5%  39.6 4163s
 14874  6504 1608.87452   25  549 2159.33506 1608.22835  25.5%  39.7 4165s
 14878  6507 1610.69515   26  533 2159.33506 1608.87452  25.5%  39.7 4171s
 14882  6509 1611.32665   27  528 2159.33506 1608.87452  25.5%  39.8 4177s
 14884  6511 1612.00663   27  500 2159.33506 1608.87452  25.5%  39.9 4182s
 14888  6514 1613.96042   28  507 2159.33506 1608.87452  25.5%  39.9 4188s
 14891  6516 1613.34435   29  488 2159.33506 1608.87452  25.5%  39.9 4191s
 14896  6519 1618.75846   30  458 2159.33506 1608.87452  25.5%  40.0 4197s
H14898  6194                    2157.1708356 1608.87452  25.4%  40.0 4259s
 14900  6195 1616.19746   31  466 2157.17084 1608.87452  25.4%  40.0 4261s
 14905  6202 1616.20004   32  472 2157.17084 1608.87452  25.4%  40.0 4268s
 14910  6205 1616.98555   33  463 2157.17084 1608.87452  25.4%  40.1 4271s
 14915  6207 1622.79917   34  469 2157.17084 1608.87452  25.4%  40.1 4275s
 14924  6214 1618.47369   37  439 2157.17084 1608.87452  25.4%  40.1 4283s
 14929  6217 1618.47369   38  437 2157.17084 1608.87452  25.4%  40.1 4286s
 14940  6225 1622.39165   40  407 2157.17084 1608.87452  25.4%  40.2 4293s
 14945  6230 1622.97826   41  434 2157.17084 1608.87452  25.4%  40.2 4296s
 14952  6232 1627.51112   43  401 2157.17084 1608.87452  25.4%  40.2 4324s
H14953  5923                    2144.6039951 1608.87452  25.0%  40.2 4324s
 14956  5927 1627.65077   44  415 2144.60400 1608.87452  25.0%  40.2 4328s
 14961  5930 1629.42053   45  376 2144.60400 1608.87452  25.0%  40.3 4332s
 14966  5935 1632.55280   47  351 2144.60400 1608.87452  25.0%  40.3 4336s
H14973  5640                    2141.9331908 1608.87452  24.9%  40.3 4403s
 14975  5653 1630.86886   49  364 2141.93319 1608.87452  24.9%  40.3 4409s
 14989  5665 1632.12344   53  355 2141.93319 1608.87452  24.9%  40.3 4414s
 15007  5675 1636.95516   57  347 2141.93319 1608.87452  24.9%  40.4 4419s
 15023  5683 1632.43582   62  367 2141.93319 1608.87452  24.9%  40.4 4424s
 15041  5692 1646.30399   67  315 2141.93319 1608.87452  24.9%  40.4 4429s
 15058  5699 1646.44988   73  323 2141.93319 1608.87452  24.9%  40.3 4434s
 15071  5703 1646.56465   76  302 2141.93319 1608.87452  24.9%  40.4 4439s
 15082  5710 1664.34785   79  322 2141.93319 1608.87452  24.9%  40.4 4444s
 15093  5718 1655.90994   82  345 2141.93319 1608.87452  24.9%  40.4 4450s
 15106  5726 1686.27137   85  285 2141.93319 1608.87452  24.9%  40.4 4456s
 15126  5732 1700.00396   90  318 2141.93319 1608.87452  24.9%  40.4 4462s
 15144  5739 1731.87735   94  358 2141.93319 1608.87452  24.9%  40.4 4468s
 15160  5753 1744.67425   98  292 2141.93319 1608.87452  24.9%  40.4 4475s
 15180  5761 1729.22342  104  286 2141.93319 1608.87452  24.9%  40.5 4482s
 15199  5770 1730.33052  107  308 2141.93319 1608.87452  24.9%  40.5 4488s
 15220  5776 1795.64177  112  328 2141.93319 1608.87452  24.9%  40.5 4496s
 15242  5786 1796.51207  119  342 2141.93319 1608.87452  24.9%  40.5 4503s
 15267  5796 1796.80760  125  338 2141.93319 1608.87452  24.9%  40.5 4513s
 15291  5810 1810.73141  131  320 2141.93319 1608.87452  24.9%  40.5 4523s
 15314  5826 1832.73410  139  294 2141.93319 1608.87452  24.9%  40.5 4532s
 15344  5844 1805.28808  150  333 2141.93319 1608.87452  24.9%  40.5 4541s
H15377  5558                    2130.2728183 1608.87452  24.5%  40.5 4556s
H15378  5293                    2127.0928452 1608.87452  24.4%  40.5 4556s
 15382  5319 1871.48770  161  306 2127.09285 1608.87452  24.4%  40.5 4566s
 15415  5333 1893.14660  170  305 2127.09285 1608.87452  24.4%  40.5 4576s
 15447  5352 1811.76107  175  329 2127.09285 1608.87452  24.4%  40.5 4587s
 15484  5376 1839.90624  180  347 2127.09285 1608.87452  24.4%  40.5 4597s
 15527  5402 1894.70713  189  314 2127.09285 1608.87452  24.4%  40.5 4610s
 15571  5432 1858.62907  202  320 2127.09285 1608.87452  24.4%  40.5 4621s
 15619  5475 1981.97549  215  309 2127.09285 1608.87452  24.4%  40.5 4634s
 15680  5511 1859.33989  237  326 2127.09285 1608.87452  24.4%  40.6 4647s
 15743  5547 1884.46964  257  303 2127.09285 1608.87452  24.4%  40.6 4661s
 15805  5604 1970.40902  271  304 2127.09285 1608.87452  24.4%  40.7 4677s
 15886  5579 1988.15093  292  305 2127.09285 1608.87452  24.4%  40.8 4704s
H15887  5325                    2120.1680953 1608.87452  24.1%  40.8 4704s
 15888  5437 1885.22930  293  299 2120.16810 1608.87452  24.1%  40.8 4718s
 16015  5469 2007.62606  320  277 2120.16810 1608.87452  24.1%  40.8 4732s
 16117  5489 1613.03056   28  521 2120.16810 1608.87452  24.1%  41.0 4745s
 16199  5529 1620.39799   33  490 2120.16810 1608.87452  24.1%  41.0 4762s
 16294  5525 1628.91879   41  451 2120.16810 1608.87452  24.1%  41.2 4823s
 16323  5607 1637.53875   48  440 2120.16810 1608.87452  24.1%  41.3 4837s
 16419  5702 1674.48527   71  346 2120.16810 1608.87452  24.1%  41.5 4851s
 16556  5790 1730.33985  103  362 2120.16810 1608.87452  24.1%  41.5 4866s
 16699  5849 1819.89360  137  353 2120.16810 1608.87452  24.1%  41.5 4880s
 16807  5942 1817.17423  161  333 2120.16810 1608.87452  24.1%  41.6 4896s
 16946  5993 1887.39166  184  332 2120.16810 1608.87452  24.1%  41.6 4915s
 17046  6092 1832.48583  204  335 2120.16810 1608.87452  24.1%  41.6 4935s
 17184  6149 1842.49924  228  357 2120.16810 1608.87452  24.1%  41.7 4956s
 17289  6193 1896.76217  244  328 2120.16810 1608.87452  24.1%  41.8 4976s
H17318  5846                    2081.2786043 1608.87452  22.7%  41.9 4976s
 17370  5958 1843.73842  259  342 2081.27860 1608.87452  22.7%  41.9 4995s
 17513  6024 1862.76858  280  320 2081.27860 1608.87452  22.7%  42.0 5015s
 17663  6158 1844.59462  305  322 2081.27860 1608.87452  22.7%  42.2 5035s
 17848  6118 1844.91058  336  323 2081.27860 1608.87452  22.7%  42.3 5061s
 17869  6338 1844.93110  340  320 2081.27860 1608.87452  22.7%  42.3 5086s
 18100  6433 1845.93126  380  314 2081.27860 1608.87452  22.7%  42.3 5111s
 18274  6436 1953.17880  406  347 2081.27860 1608.87452  22.7%  42.4 5156s
 18335  6570 1846.42158  413  338 2081.27860 1608.87452  22.7%  42.5 5184s
 18493  6755 1932.58549  440  307 2081.27860 1608.87452  22.7%  42.6 5255s
H18799  6397                    2076.0763519 1608.87452  22.5%  42.5 5255s
 18800  6650 1892.15381  498  305 2076.07635 1608.87452  22.5%  42.5 5283s
 19109  6784 1893.21883  573  320 2076.07635 1608.87452  22.5%  42.7 5318s
 19369  6951 1894.83488  642  298 2076.07635 1608.87452  22.5%  42.9 5351s
 19685  7070 1992.66807  701  255 2076.07635 1608.87452  22.5%  43.1 5382s
 19944  7032 2074.36252  752  272 2076.07635 1608.87452  22.5%  43.4 5413s
H19971  6806                    2075.7284674 1608.87452  22.5%  43.4 5413s
 20012  6962 1960.86135  769  265 2075.72847 1610.35515  22.4%  43.4 5445s
 20344  6986 1614.61200   30  567 2075.72847 1610.65257  22.4%  43.5 5483s
H20374  6579                    2045.0895206 1610.65257  21.2%  43.6 5483s
 20478  6892 1625.39182   61  482 2045.08952 1610.65257  21.2%  43.6 5561s
H20652  6573                    2038.4621036 1610.65257  21.0%  43.6 5561s
 20828  6878 1777.08019  236  446 2038.46210 1610.65257  21.0%  43.4 5595s
 21196  7011 1915.04780  404  362 2038.46210 1610.65257  21.0%  43.0 5628s
 21591  6922 1982.91248  603  367 2038.46210 1610.65257  21.0%  42.7 5661s
 21666  7255 1984.07909  677  340 2038.46210 1610.96640  21.0%  42.6 5687s
 22045  7519 1766.44121  150  358 2038.46210 1610.96640  21.0%  42.7 5732s
 22443  7458 1911.07033  271  348 2038.46210 1610.96640  21.0%  42.7 5747s
 22573  7526 1983.46564  308  288 2038.46210 1610.96640  21.0%  42.7 5764s
 22725  7596 1990.81958  434  289 2038.46210 1611.33703  21.0%  42.7 5781s
 22892  7563 1622.43186   32  555 2038.46210 1611.33703  21.0%  42.7 5818s
 22915  7817 1650.12697   41  486 2038.46210 1611.33703  21.0%  42.8 5832s
 23185  7957 1696.28780   71  316 2038.46210 1611.33703  21.0%  42.7 5847s
 23416  8157 1883.73942  109  241 2038.46210 1611.33703  21.0%  42.6 5864s
 23728  8161 2011.77458  146  256 2038.46210 1611.40786  20.9%  42.5 5880s
 23916  8131 1624.79069   37  517 2038.46210 1611.41018  20.9%  42.4 5898s
 23949  8252 1631.82212   53  448 2038.46210 1611.41018  20.9%  42.5 5911s
 24081  8345 1696.23406  118  382 2038.46210 1611.41018  20.9%  42.7 5924s
 24218  8303 1743.74149  181  321 2038.46210 1611.41018  20.9%  42.8 5942s
 24222  8452 1754.64254  184  211 2038.46210 1611.41018  20.9%  42.9 5956s
 24372  8552 1824.47279  269  218 2038.46210 1611.41018  20.9%  43.0 5969s
 24522  8649 1884.99347  333  183 2038.46210 1611.41018  20.9%  42.9 5981s
 24671  8701 1912.98722  404  159 2038.46210 1611.41018  20.9%  42.9 5994s
 24773  8706 1930.80131  450  170 2038.46210 1611.41018  20.9%  42.9 6000s

Cutting planes:
  Learned: 18
  Gomory: 83
  Cover: 3
  Implied bound: 37
  Clique: 5
  MIR: 26
  StrongCG: 2
  Flow cover: 159
  GUB cover: 2
  Inf proof: 8
  Zero half: 88
  Relax-and-lift: 14

Explored 24812 nodes (1081191 simplex iterations) in 6000.03 seconds (8965.83 work units)
Thread count was 2 (of 2 available processors)

Solution count 10: 2038.46 2045.09 2075.73 ... 2144.6

Time limit reached
Best objective 2.038462103626e+03, best bound 1.611410183886e+03, gap 20.9497%
