
Gurobi 10.0.2 (linux64) logging started Wed 30 Aug 2023 07:31:10 PM -03

Set parameter LogFile to value "/home/ciro/Documents/ftsp-optimizer/Optimization/Data/Logs/att48_5_1001_1002_2.log"
Gurobi Optimizer version 10.0.2 build v10.0.2rc0 (linux64)

CPU model: Intel(R) Core(TM) i7-7500U CPU @ 2.70GHz, instruction set [SSE2]
Thread count: 2 physical cores, 2 logical processors, using up to 2 threads

Optimize a model with 2264 rows, 2400 columns and 13396 nonzeros
Model fingerprint: 0x99164a9f
Variable types: 48 continuous, 2352 integer (2352 binary)
Coefficient statistics:
  Matrix range     [1e+00, 5e+01]
  Objective range  [1e+02, 8e+03]
  Bounds range     [1e+00, 5e+01]
  RHS range        [1e+00, 5e+01]
Presolve removed 44 rows and 101 columns
Presolve time: 0.06s
Presolved: 2220 rows, 2299 columns, 10902 nonzeros
Variable types: 47 continuous, 2252 integer (2252 binary)
Found heuristic solution: objective 83004.779921

Root relaxation: objective 1.267871e+04, 291 iterations, 0.01 seconds (0.01 work units)

    Nodes    |    Current Node    |     Objective Bounds      |     Work
 Expl Unexpl |  Obj  Depth IntInf | Incumbent    BestBd   Gap | It/Node Time

     0     0 12678.7100    0   57 83004.7799 12678.7100  84.7%     -    0s
H    0     0                    26489.926313 12678.7100  52.1%     -    0s
H    0     0                    26406.194978 12678.7100  52.0%     -    0s
     0     0 15338.7599    0   59 26406.1950 15338.7599  41.9%     -    0s
H    0     0                    24296.857093 15338.7599  36.9%     -    0s
     0     0 15551.5556    0   61 24296.8571 15551.5556  36.0%     -    0s
     0     0 15567.9002    0   68 24296.8571 15567.9002  35.9%     -    0s
     0     0 15568.1658    0   72 24296.8571 15568.1658  35.9%     -    0s
     0     0 15823.6349    0   57 24296.8571 15823.6349  34.9%     -    0s
H    0     0                    22908.642531 15823.6349  30.9%     -    0s
     0     0 15823.6349    0   57 22908.6425 15823.6349  30.9%     -    0s
     0     0 15941.5071    0   80 22908.6425 15941.5071  30.4%     -    0s
     0     0 15953.1020    0   80 22908.6425 15953.1020  30.4%     -    0s
     0     0 15953.1020    0   79 22908.6425 15953.1020  30.4%     -    0s
     0     0 16201.7876    0   54 22908.6425 16201.7876  29.3%     -    0s
     0     0 16212.9634    0   48 22908.6425 16212.9634  29.2%     -    0s
     0     0 16212.9634    0   48 22908.6425 16212.9634  29.2%     -    0s
     0     0 16212.9634    0   54 22908.6425 16212.9634  29.2%     -    0s
     0     0 16212.9634    0   48 22908.6425 16212.9634  29.2%     -    0s
     0     0 16212.9634    0   60 22908.6425 16212.9634  29.2%     -    0s
     0     0 16212.9634    0   54 22908.6425 16212.9634  29.2%     -    0s
     0     0 16216.4946    0   49 22908.6425 16216.4946  29.2%     -    0s
     0     0 16216.4946    0   51 22908.6425 16216.4946  29.2%     -    0s
     0     0 16216.4946    0   59 22908.6425 16216.4946  29.2%     -    0s
     0     0 16216.4946    0   57 22908.6425 16216.4946  29.2%     -    1s
     0     2 16437.2489    0   57 22908.6425 16437.2489  28.2%     -    1s
H   89    93                    22328.093336 16437.2489  26.4%   8.7    1s
H  579   511                    22230.248963 16437.2489  26.1%   8.0    3s
   751   643 17646.4821  140   51 22230.2490 16437.2489  26.1%   7.9    5s
  1113   859 20587.2857   91   19 22230.2490 16507.0509  25.7%  12.2   10s
H 1412   928                    22210.058071 16533.6923  25.6%  12.0   11s
  3259  1970 16834.1868   52   54 22210.0581 16598.4854  25.3%  12.2   15s
H 3941  2507                    21933.316842 16604.8773  24.3%  12.9   17s
  5780  3984 19465.1512  110   34 21933.3168 16645.6266  24.1%  12.2   20s
  9184  6557 17671.7088   66   33 21933.3168 16699.5857  23.9%  12.2   25s
 13567  9834 21647.2772   56   32 21933.3168 16748.2904  23.6%  11.9   30s
 14780 10656 17603.1656   32   57 21933.3168 16758.0407  23.6%  11.8   37s
 14796 10667 18797.0562   77   87 21933.3168 16758.0407  23.6%  11.8   40s
 14813 10678 19383.4567   47   90 21933.3168 16758.0407  23.6%  11.8   45s
H14828 10152                    21893.131010 16758.0407  23.5%  11.8   50s
 15328 10325 17438.0292   55   44 21893.1310 16758.0407  23.5%  12.4   55s
 16646 10795 18773.1807   59   38 21893.1310 16758.0407  23.5%  12.8   60s
 18350 11374 17236.4000   41   49 21893.1310 16758.0407  23.5%  13.6   65s
 21278 12484 17889.2564   70   65 21893.1310 16833.7985  23.1%  14.4   70s
 23946 13376 21233.2516   64   44 21893.1310 16932.7807  22.7%  14.8   75s
 26844 14406 18209.8052   86   50 21893.1310 16990.2020  22.4%  15.3   80s
H27427 13808                    21667.434029 17006.3288  21.5%  15.4   81s
 28503 14200 17365.1824   49   43 21667.4340 17031.3524  21.4%  15.5   85s
 30857 14987 18237.8365   49   57 21667.4340 17067.2397  21.2%  15.9   90s
 33945 16036 17174.3514   37   52 21667.4340 17111.5056  21.0%  16.2   95s
 36465 16823 17578.9037   70   58 21667.4340 17140.2272  20.9%  16.5  100s
 38980 17553 19785.2349   54   41 21667.4340 17159.6665  20.8%  16.7  105s
 41952 18506 18164.2620   48   42 21667.4340 17188.0669  20.7%  17.0  110s
 44609 19523 18723.0110   43   69 21667.4340 17213.7064  20.6%  17.2  115s
 47367 21234 19488.8654   54   41 21667.4340 17237.3449  20.4%  17.5  120s
 50031 22922 20970.6215   53   38 21667.4340 17253.9737  20.4%  17.7  125s
 52819 24573 18065.6959   43   38 21667.4340 17270.3632  20.3%  17.9  130s
 55575 26231 18634.0996   41   28 21667.4340 17290.3055  20.2%  18.0  135s
 58406 27988 20204.9921   61   33 21667.4340 17307.0234  20.1%  18.1  140s
 60809 29336 18594.2920   53   41 21667.4340 17323.2240  20.0%  18.3  145s
 63494 30825 17491.5054   47   47 21667.4340 17338.0104  20.0%  18.4  150s
 66075 32299 20098.3195   49   58 21667.4340 17352.0484  19.9%  18.5  155s
 68502 33679 17919.4671   46   47 21667.4340 17363.6697  19.9%  18.6  160s
 70751 35033 19303.9654   52   45 21667.4340 17374.5085  19.8%  18.7  165s
 73215 36403 19110.6869   85   33 21667.4340 17388.3969  19.7%  18.8  170s
 75644 37837 19670.4050  128   37 21667.4340 17400.2092  19.7%  18.8  175s
H76970 36978                    21345.073189 17406.2243  18.5%  18.9  177s
 77854 37485 infeasible   57      21345.0732 17410.9026  18.4%  18.9  180s
 80539 38958 18321.1939   53   62 21345.0732 17426.8370  18.4%  19.0  185s
 82927 40260 18451.1387   50   43 21345.0732 17441.9831  18.3%  19.0  190s
 85813 41662 18973.6268   60   56 21345.0732 17456.8075  18.2%  19.1  195s
 88147 42851 18433.7419   42   59 21345.0732 17468.9138  18.2%  19.3  200s
 90816 44351 18202.9368   43   47 21345.0732 17480.4402  18.1%  19.4  205s
 93942 45951 18502.7011   53   41 21345.0732 17494.9753  18.0%  19.4  210s
 96754 47357 19676.6065   60   35 21345.0732 17508.4263  18.0%  19.5  215s
 99888 48779 19189.7884   47   50 21345.0732 17522.1316  17.9%  19.6  220s
 102853 50320 21251.8556   42   30 21345.0732 17536.1966  17.8%  19.7  225s
 105845 51814 18120.9149   53   58 21345.0732 17550.9434  17.8%  19.8  230s
 109061 53314 17680.1965   40   62 21345.0732 17564.3445  17.7%  19.8  235s
 111599 54542 19391.0022   39   38 21345.0732 17573.8551  17.7%  19.9  240s
 114723 55959 20162.8242   44   34 21345.0732 17585.5500  17.6%  19.9  245s
 117562 57307 21270.9949   72   12 21345.0732 17596.0848  17.6%  20.0  250s
 120494 58712 19344.7872   45   52 21345.0732 17609.5965  17.5%  20.0  255s
 123197 59958 20660.8548   90   18 21345.0732 17619.5462  17.5%  20.1  260s
 125565 61106 20846.1731   63   43 21345.0732 17627.4709  17.4%  20.1  265s
 128210 62321 18439.8758   46   48 21345.0732 17636.7225  17.4%  20.2  270s
 131097 63596 19425.6529   43   45 21345.0732 17648.3403  17.3%  20.2  275s
 133511 64843 20990.2000   95   37 21345.0732 17657.7160  17.3%  20.3  280s
 135094 65499 20724.9968   66   29 21345.0732 17665.6546  17.2%  20.3  285s
 137836 66778 infeasible   45      21345.0732 17676.9255  17.2%  20.3  290s
 140076 67896     cutoff   51      21345.0732 17685.1466  17.1%  20.3  295s
 142818 69055 18177.9480   44   37 21345.0732 17696.0743  17.1%  20.4  300s
 145594 70295 18267.0878   47   61 21345.0732 17705.2697  17.1%  20.4  305s
 147922 71331 18293.0898   47   55 21345.0732 17711.7436  17.0%  20.4  310s
 150796 72588 20065.9976   43   38 21345.0732 17718.5117  17.0%  20.5  315s
 153700 73964 18067.2890   38   69 21345.0732 17728.6147  16.9%  20.5  320s
 156548 75336 19664.9261   66   54 21345.0732 17735.9731  16.9%  20.5  325s
 159564 76760 17928.4450   45   35 21345.0732 17744.6923  16.9%  20.5  330s
 162419 78168 20766.2212   54   30 21345.0732 17754.9286  16.8%  20.6  335s
 165559 79740 19975.0862   62   35 21345.0732 17764.0933  16.8%  20.6  340s
 168416 81036 20105.6155   63   51 21345.0732 17773.1135  16.7%  20.6  345s
 171560 82491 19844.9869   76   47 21345.0732 17782.3399  16.7%  20.6  350s
 174750 84120 19149.3434   50   40 21345.0732 17789.2857  16.7%  20.7  355s
 177476 85367 20690.9999  103   43 21345.0732 17797.0548  16.6%  20.7  360s
H178683 85868                    21342.324138 17799.6190  16.6%  20.7  362s
 179680 86349 18219.7984   46   35 21342.3241 17802.8012  16.6%  20.7  365s
 181864 87241 19331.5638   53   38 21342.3241 17809.0773  16.6%  20.7  371s
 183400 88126 18921.0997   55   48 21342.3241 17811.9080  16.5%  20.8  375s
 185831 89147 19103.1360   55   33 21342.3241 17818.6961  16.5%  20.8  380s
 188473 90358 20317.9950   47   54 21342.3241 17827.4475  16.5%  20.8  385s
 190962 91589 20664.8630   59   38 21342.3241 17834.4178  16.4%  20.8  390s
 193234 92719 18849.5892   59   50 21342.3241 17840.2633  16.4%  20.9  395s
 195835 93968 18158.9009   43   66 21342.3241 17845.0530  16.4%  20.9  400s
 198183 95086 19755.8260   50   30 21342.3241 17850.3627  16.4%  20.9  405s
 200012 95917 20419.6662   48   33 21342.3241 17855.6564  16.3%  21.0  410s
 202386 97162 18108.6193   40   62 21342.3241 17861.8838  16.3%  21.0  415s
 204519 98098 18290.5779   43   42 21342.3241 17867.5019  16.3%  21.0  420s
 206565 99036 19934.7718   56   30 21342.3241 17871.8758  16.3%  21.1  425s
 208927 100203 21045.3731   64   38 21342.3241 17876.8627  16.2%  21.1  430s
 211199 101249 21056.6089   56   32 21342.3241 17881.9992  16.2%  21.1  435s
 213419 102155 20573.2672   47   45 21342.3241 17887.8171  16.2%  21.2  440s
 215768 103181 20111.3186   52   36 21342.3241 17893.5847  16.2%  21.2  445s
 218304 104265 19220.4809   51   57 21342.3241 17899.1411  16.1%  21.2  450s
 220549 105310 21280.7071   53   21 21342.3241 17904.5085  16.1%  21.3  455s
 223203 106524 20137.2617   75   22 21342.3241 17911.4116  16.1%  21.3  460s
 225864 107651 19537.9666   47   30 21342.3241 17917.0243  16.0%  21.3  465s
 227726 108605 19301.6617   49   30 21342.3241 17921.0698  16.0%  21.4  470s
 230131 109661 20055.1356   50   22 21342.3241 17926.7609  16.0%  21.4  475s
 232831 110950 20333.7757   59   23 21342.3241 17932.5192  16.0%  21.4  480s
*234474 109247              74    21188.459625 17936.4236  15.3%  21.4  482s
H234634 101067                    20873.376882 17936.4835  14.1%  21.4  483s
 235048 101179     cutoff   55      20873.3769 17937.7365  14.1%  21.4  485s
 237486 102134 20454.0669   45   38 20873.3769 17944.4428  14.0%  21.5  490s
 240292 103199 20467.6144   52   32 20873.3769 17952.2695  14.0%  21.5  495s
H242450 96102                    20647.269321 17956.9989  13.0%  21.6  499s
 242560 96208 20441.0480   54   16 20647.2693 17957.5281  13.0%  21.6  500s
 245240 97214 18630.9523   45   40 20647.2693 17963.4394  13.0%  21.6  505s
 247665 98047 18658.9047   56   36 20647.2693 17969.2672  13.0%  21.7  510s
H248383 96783                    20609.084343 17971.5758  12.8%  21.7  511s
 249920 97300     cutoff   40      20609.0843 17975.6770  12.8%  21.7  515s
 252198 98121 infeasible   55      20609.0843 17981.1843  12.8%  21.7  520s
 254466 98862 19488.0751   45   44 20609.0843 17987.3144  12.7%  21.8  525s
 256823 99666 18145.5185   43   40 20609.0843 17993.5969  12.7%  21.8  530s
 258695 100393 18771.7363   50   35 20609.0843 17998.0508  12.7%  21.8  535s
 261141 101170 20556.1513   52   18 20609.0843 18003.6409  12.6%  21.9  540s
 262368 101606 18908.4979   48   22 20609.0843 18007.1895  12.6%  21.9  547s
 263607 102026 18978.5684   52   37 20609.0843 18010.2454  12.6%  21.9  550s
 265557 102603 19380.4742   63   32 20609.0843 18014.5370  12.6%  21.9  555s
 267848 103452 19198.3195   60   33 20609.0843 18019.5786  12.6%  22.0  560s
 270285 104289 18212.1948   51   45 20609.0843 18025.7983  12.5%  22.0  565s
 272632 105067 18417.1397   51   39 20609.0843 18031.3678  12.5%  22.0  570s
 274971 105809 18471.0593   46   60 20609.0843 18037.3685  12.5%  22.1  575s
 277308 106662 18834.0274   46   86 20609.0843 18043.3516  12.4%  22.1  580s
 279401 107296 19781.4135   50   55 20609.0843 18047.9763  12.4%  22.1  585s
 281790 107997 20088.0949   50   20 20609.0843 18052.9782  12.4%  22.2  590s
 284540 108956 19013.5245   42   46 20609.0843 18059.0950  12.4%  22.2  595s
 287274 109804 19172.9896   41   32 20609.0843 18065.1196  12.3%  22.2  600s
 290087 110535 19213.3133   52   45 20609.0843 18071.0220  12.3%  22.3  605s
 292711 111347 18757.9482   42   46 20609.0843 18076.3684  12.3%  22.3  610s
 294943 112129 19500.5372   59   26 20609.0843 18080.9597  12.3%  22.3  615s
 297670 113045 19971.1912   54   36 20609.0843 18087.1605  12.2%  22.4  620s
 300305 113862 18672.2981   51   39 20609.0843 18092.7883  12.2%  22.4  625s
 302741 114698 20068.5537   55   45 20609.0843 18097.4847  12.2%  22.4  630s
 305406 115682 18294.1256   49   53 20609.0843 18102.5783  12.2%  22.5  635s
 307891 116587 19425.4310   45   55 20609.0843 18107.6512  12.1%  22.5  640s
 309984 117289 18672.1655   42   39 20609.0843 18112.5696  12.1%  22.5  645s
 312421 118056 19729.0837   45   73 20609.0843 18115.7464  12.1%  22.5  650s
 314774 118844 20327.1819   73   21 20609.0843 18120.6877  12.1%  22.6  655s
 316840 119500 19332.6449   68   30 20609.0843 18124.5192  12.1%  22.6  660s
 319002 120237 19290.2304   92   28 20609.0843 18128.7943  12.0%  22.6  665s
 321162 120946 19113.0974   50   41 20609.0843 18133.1499  12.0%  22.6  670s
 323094 121445 18414.5703   46   32 20609.0843 18136.3220  12.0%  22.7  675s
 325109 122159 19210.4739   55   64 20609.0843 18140.1615  12.0%  22.7  680s
 327256 122977 20347.8749   54   27 20609.0843 18144.0372  12.0%  22.7  685s
 329437 123749 19839.9918   60   27 20609.0843 18148.3532  11.9%  22.7  690s
 331397 124345 18829.7263   48   88 20609.0843 18151.5451  11.9%  22.8  695s
 333824 125340 19608.7215   47   28 20609.0843 18154.3974  11.9%  22.8  700s
 336348 126098 18352.6268   44   34 20609.0843 18159.8269  11.9%  22.8  705s
 338284 126746 19051.7988   44   31 20609.0843 18163.1945  11.9%  22.8  710s
 340552 127548     cutoff   54      20609.0843 18167.1305  11.8%  22.8  715s
 343260 128428 19952.0784   57   27 20609.0843 18172.3814  11.8%  22.9  720s
 345641 129256 infeasible   55      20609.0843 18176.2530  11.8%  22.9  725s
 347929 129972 19247.5803   48   52 20609.0843 18180.8252  11.8%  22.9  730s
 350703 130815 18814.9965   49   48 20609.0843 18185.9266  11.8%  22.9  735s
 353103 131607 18417.3463   41   56 20609.0843 18190.4402  11.7%  23.0  740s
 355979 132543 18399.0543   45   43 20609.0843 18195.1303  11.7%  23.0  745s
 358314 133112 19070.0691   44   51 20609.0843 18198.8644  11.7%  23.0  750s
 360630 133853     cutoff   55      20609.0843 18203.5424  11.7%  23.0  755s
 362854 134796 19019.7889   45   75 20609.0843 18206.9892  11.7%  23.0  760s
 365774 135723 infeasible   52      20609.0843 18212.0578  11.6%  23.1  765s
 367985 136511 18348.3143   47   75 20609.0843 18215.7821  11.6%  23.1  770s
 370394 137134 infeasible   54      20609.0843 18220.0977  11.6%  23.1  775s
 372702 137867 19028.4128  103   29 20609.0843 18223.8596  11.6%  23.1  780s
 374936 138565 20023.2380   55   43 20609.0843 18228.2123  11.6%  23.1  785s
 377593 139649 20116.5732   48   29 20609.0843 18231.7428  11.5%  23.1  790s
 379453 140165 18816.4865   48   34 20609.0843 18234.2270  11.5%  23.2  795s
 381730 140912 19028.2473   38   44 20609.0843 18237.9793  11.5%  23.2  800s
 382530 141423 infeasible   50      20609.0843 18238.7172  11.5%  23.2  805s
 385201 142010 20557.5268   76   23 20609.0843 18243.6480  11.5%  23.2  810s
 387328 142753 19489.3638   48   47 20609.0843 18247.2353  11.5%  23.2  815s
 389735 143611 18573.0194   49   29 20609.0843 18250.8466  11.4%  23.2  820s
 391638 144257 20121.2480   50   46 20609.0843 18253.7522  11.4%  23.2  825s
 393485 144928 18624.2893   52   27 20609.0843 18256.4122  11.4%  23.3  830s
 395998 145774 20314.6590   59   17 20609.0843 18259.4924  11.4%  23.3  835s
 397931 146442 20159.9675   74   20 20609.0843 18262.1696  11.4%  23.3  840s
 400508 147316 infeasible   56      20609.0843 18265.6473  11.4%  23.3  845s
 402829 148038 18995.3470   87   31 20609.0843 18269.1943  11.4%  23.3  850s
 404867 148717 infeasible   52      20609.0843 18272.2040  11.3%  23.3  856s
 406977 149643 20246.0858   46   34 20609.0843 18275.0018  11.3%  23.3  860s
 409547 150469 18293.2087   45   43 20609.0843 18278.7505  11.3%  23.3  865s
 412229 151322 infeasible   59      20609.0843 18282.6469  11.3%  23.3  870s
 414935 152261 18826.9765   48   47 20609.0843 18286.8548  11.3%  23.3  875s
 417462 153113 19971.8924   50   56 20609.0843 18290.1505  11.3%  23.4  880s
 419839 153908 20261.5214   61   31 20609.0843 18293.4638  11.2%  23.4  885s
 422078 154570 18564.3984   44   49 20609.0843 18297.2995  11.2%  23.4  890s
 425121 155707 20297.2907   47   45 20609.0843 18301.1955  11.2%  23.4  895s
 426613 156103 19384.1451   49   33 20609.0843 18303.4478  11.2%  23.4  902s
 426651 156851 19300.1048   47   37 20609.0843 18303.5713  11.2%  23.4  906s
 430178 157494 19843.4086   49   29 20609.0843 18308.2354  11.2%  23.4  910s
 432891 158484 20017.9219   54   33 20609.0843 18311.7234  11.1%  23.4  915s
 434516 159020 20558.1800   68   22 20609.0843 18313.8251  11.1%  23.4  920s
 437075 159786 20479.6841   53   38 20609.0843 18317.5137  11.1%  23.4  925s
 439260 160519 19949.3844   56   50 20609.0843 18320.2725  11.1%  23.4  930s
 441429 161212 19866.5903   54   51 20609.0843 18322.9057  11.1%  23.4  935s
 443619 161992 18399.9188   48   50 20609.0843 18326.1108  11.1%  23.5  940s
 446069 162843 20117.2870   55   42 20609.0843 18329.0211  11.1%  23.5  945s
 448279 163491 19470.0157   47   50 20609.0843 18331.7492  11.1%  23.5  950s
 450507 164235 19790.6455   52   24 20609.0843 18334.3046  11.0%  23.5  955s
 453180 165368 20226.2475   50   27 20609.0843 18337.5496  11.0%  23.5  960s
 455449 166102 19155.2818   64   28 20609.0843 18339.6506  11.0%  23.5  965s
 457895 166943 infeasible   54      20609.0843 18342.3467  11.0%  23.5  970s
 460429 167764 19055.2742   48   39 20609.0843 18345.3336  11.0%  23.5  975s
 463131 168757 18755.1527   47   33 20609.0843 18348.6219  11.0%  23.5  980s
 465662 169529 18872.1197   43   22 20609.0843 18351.9197  11.0%  23.5  985s
 468241 170422 20233.4920   51   39 20609.0843 18354.4076  10.9%  23.5  990s
 471069 171372 18665.3808   46   28 20609.0843 18357.5494  10.9%  23.5  995s
 473636 172363 18681.3974   43   52 20609.0843 18360.4124  10.9%  23.5 1000s
 476240 173157 19134.3010   51   49 20609.0843 18363.6290  10.9%  23.5 1005s
 478381 173928 20007.6412   79   27 20609.0843 18366.2140  10.9%  23.5 1010s
 481206 174813 infeasible   49      20609.0843 18369.1228  10.9%  23.5 1015s
 483781 175642 19079.9798   51   45 20609.0843 18372.4078  10.9%  23.5 1020s
 486303 176462 18889.7977   46   36 20609.0843 18375.5357  10.8%  23.5 1025s
 488565 177315 20157.2206   61   39 20609.0843 18378.1517  10.8%  23.6 1030s
 491093 178325 19521.1987   49   55 20609.0843 18380.8976  10.8%  23.6 1035s
 493677 179256 20316.4817   54   57 20609.0843 18383.9117  10.8%  23.6 1040s
 495856 180058 19692.1333   48   39 20609.0843 18386.7260  10.8%  23.6 1045s
 498722 181304 19909.8090   83   18 20609.0843 18389.5915  10.8%  23.6 1050s
 500883 181912 19240.2290   52   37 20609.0843 18392.0416  10.8%  23.6 1055s
 502983 182614 19645.3870   51   25 20609.0843 18394.6024  10.7%  23.6 1060s
 505098 183349 19114.4746   78   33 20609.0843 18396.7867  10.7%  23.6 1065s
 507495 184174 20510.6018   56   30 20609.0843 18399.6104  10.7%  23.6 1070s
 509593 184992 18500.8313   45   64 20609.0843 18401.4708  10.7%  23.6 1075s
 511829 185703 19501.4746   88   44 20609.0843 18403.9959  10.7%  23.6 1080s
 514255 186715 19785.4063   43   36 20609.0843 18406.7298  10.7%  23.6 1085s
 516292 187501 19848.6607   53   34 20609.0843 18408.6135  10.7%  23.6 1090s
 518822 188297     cutoff   47      20609.0843 18411.0522  10.7%  23.6 1095s
 521357 189115 19506.9097   56   30 20609.0843 18414.2724  10.6%  23.6 1100s
 523935 190052 18697.5272   62   28 20609.0843 18416.6151  10.6%  23.6 1105s
 526468 191003 20559.2075   58   35 20609.0843 18418.9819  10.6%  23.7 1110s
 529044 191798 18620.0490   42   42 20609.0843 18421.8572  10.6%  23.7 1115s
 531507 192720 19321.4512   54   29 20609.0843 18424.5481  10.6%  23.7 1120s
 534442 193723     cutoff   70      20609.0843 18427.7411  10.6%  23.7 1125s
 536551 194537 18626.0314   65   24 20609.0843 18430.1834  10.6%  23.7 1130s
 538550 195222 20189.1045   47   53 20609.0843 18432.2776  10.6%  23.7 1135s
 541042 196229 19099.2038   42   52 20609.0843 18434.6482  10.6%  23.7 1140s
 544123 197379 infeasible   57      20609.0843 18437.8634  10.5%  23.7 1145s
 546712 198235 20510.0025   96   24 20609.0843 18440.6378  10.5%  23.7 1150s
 549287 199112 19828.5427   71   22 20609.0843 18442.8545  10.5%  23.7 1155s
 551814 199788 19824.7363   59   27 20609.0843 18444.2183  10.5%  23.7 1160s
 554046 200680 19165.2972   47   39 20609.0843 18445.4985  10.5%  23.7 1165s
 556999 201819 18932.1191   52   34 20609.0843 18448.1178  10.5%  23.7 1170s
 559424 202603 infeasible   69      20609.0843 18450.8170  10.5%  23.7 1175s
 561525 203407 18820.5012   43   59 20609.0843 18452.8316  10.5%  23.7 1180s
 564115 204326 19030.6057   46   56 20609.0843 18455.0011  10.5%  23.7 1185s
 566416 205109 infeasible   48      20609.0843 18457.4196  10.4%  23.7 1190s
 568411 205859 19445.2748   50   42 20609.0843 18459.5448  10.4%  23.7 1195s
 570979 206785 19923.4064   58   44 20609.0843 18461.5536  10.4%  23.7 1200s
 573290 207596 19738.9110  152   32 20609.0843 18463.8196  10.4%  23.7 1205s
 575298 208329     cutoff   51      20609.0843 18465.9078  10.4%  23.7 1210s
 577716 209309 18927.1398   54   20 20609.0843 18468.0038  10.4%  23.7 1215s
 579451 209715 19011.4920   53   34 20609.0843 18469.7220  10.4%  23.7 1220s
 581809 210549 20146.9947   46   46 20609.0843 18471.6844  10.4%  23.7 1225s
 584628 211505 20082.1268   45   58 20609.0843 18473.9840  10.4%  23.7 1230s
 587117 212472 infeasible   57      20609.0843 18476.2923  10.3%  23.7 1235s
 589567 213297 19397.3525   49   44 20609.0843 18478.5464  10.3%  23.7 1240s
 592312 214174 18697.6456   53   54 20609.0843 18481.0702  10.3%  23.7 1245s
 594468 214854 20365.8249   49   38 20609.0843 18483.3437  10.3%  23.7 1250s
 597011 215883 19702.9250   49   44 20609.0843 18485.7592  10.3%  23.7 1255s
 599845 216895 19506.5096   48   42 20609.0843 18488.4389  10.3%  23.7 1260s
 602734 217909 infeasible   50      20609.0843 18491.3292  10.3%  23.7 1265s
 605091 218663 18790.6161   45   42 20609.0843 18493.0048  10.3%  23.7 1270s
 607323 219515 19141.8174   70   34 20609.0843 18494.6252  10.3%  23.7 1282s
 608981 219991 19008.2498   54   36 20609.0843 18496.0951  10.3%  23.7 1285s
 611737 221068 19354.8317   68   16 20609.0843 18498.8485  10.2%  23.7 1290s
 614382 222012 18689.6586   53   57 20609.0843 18501.0346  10.2%  23.7 1295s
 617264 223069 19079.3498   45   48 20609.0843 18503.4413  10.2%  23.7 1300s
 619832 224031 20197.1934   51   28 20609.0843 18505.5862  10.2%  23.7 1305s
 622347 224887 19109.9258   53   20 20609.0843 18507.9837  10.2%  23.7 1310s
 624917 225721 20218.4813   58   17 20609.0843 18510.0542  10.2%  23.7 1315s
 627041 226498     cutoff   63      20609.0843 18512.2143  10.2%  23.7 1320s
 630074 227625 18723.3987   52   41 20609.0843 18514.5165  10.2%  23.7 1325s
 632248 228433 19958.9156   57   10 20609.0843 18516.1784  10.2%  23.7 1330s
 634493 229168 18617.1779   51   41 20609.0843 18518.2067  10.1%  23.7 1335s
 636933 230025 19478.8861   44   48 20609.0843 18520.2545  10.1%  23.7 1340s
 639404 230921 20446.4055   51   35 20609.0843 18522.7301  10.1%  23.7 1345s
 641007 231716 18844.3548   52   30 20609.0843 18523.7868  10.1%  23.7 1350s
 643910 232578 19451.9536   43   43 20609.0843 18525.9225  10.1%  23.7 1355s
 646803 233596 infeasible   54      20609.0843 18528.5665  10.1%  23.7 1360s
 649021 234413 20558.4786  100   18 20609.0843 18530.2366  10.1%  23.7 1365s
 652314 235655 20501.4461   64   30 20609.0843 18532.3484  10.1%  23.7 1370s
 654688 236512 20113.2426   57   44 20609.0843 18534.3392  10.1%  23.7 1375s
 657377 237529 19698.5412   45   34 20609.0843 18536.8100  10.1%  23.7 1380s
 660565 238655 20448.1996   49   32 20609.0843 18539.4299  10.0%  23.7 1385s
 663277 239810 20528.3611   48   27 20609.0843 18541.4122  10.0%  23.7 1390s
 666624 241036 19667.7873   45   24 20609.0843 18544.0823  10.0%  23.7 1395s
 669826 242200 19731.6834   51   47 20609.0843 18546.1592  10.0%  23.7 1400s
 672294 243219 18720.0545   46   42 20609.0843 18547.7659  10.0%  23.7 1405s
 675349 244365 20160.0874   60   40 20609.0843 18549.7826  10.0%  23.7 1410s
 677801 245396 19138.6947   66   26 20609.0843 18551.3143  10.0%  23.7 1415s
 680913 246563 19651.2983   50   62 20609.0843 18553.6991  10.0%  23.7 1420s
 684044 247681     cutoff   66      20609.0843 18555.7980  10.0%  23.7 1425s
 686838 248735 19086.8687   56   29 20609.0843 18557.6091  10.0%  23.7 1430s
 689536 249723 19718.5976   59   56 20609.0843 18559.4807  9.95%  23.7 1435s
 692471 250875     cutoff   57      20609.0843 18561.6317  9.93%  23.7 1441s
 695076 251983 18969.7420   69   34 20609.0843 18563.4756  9.93%  23.7 1445s
 697159 252819 19908.8695   68   30 20609.0843 18564.9929  9.92%  23.7 1450s
 699220 253587 18997.1388   50   24 20609.0843 18566.3098  9.91%  23.7 1455s
 701760 254472 18999.3027   51   48 20609.0843 18567.9221  9.90%  23.7 1460s
 704406 255568 19386.9639   44   38 20609.0843 18569.9145  9.89%  23.7 1465s
 706893 256585 19226.3990   49   53 20609.0843 18571.3497  9.89%  23.7 1470s
 709038 257427 19867.6780   46   49 20609.0843 18572.7287  9.88%  23.7 1475s
 711446 258321 19422.0973   43   49 20609.0843 18574.3411  9.87%  23.7 1480s
 714074 259323 18751.6847   53   63 20609.0843 18575.9802  9.87%  23.6 1485s
 716654 260306 infeasible   51      20609.0843 18577.7914  9.86%  23.6 1490s
 719529 261438 18940.7565   53   29 20609.0843 18579.5082  9.85%  23.6 1495s
 722034 262337 19229.0031   62   26 20609.0843 18581.5556  9.84%  23.6 1500s
 724615 263382 18795.9707   53   71 20609.0843 18583.1151  9.83%  23.6 1505s
 727626 264502 19304.0434   77   25 20609.0843 18585.1178  9.82%  23.6 1510s
 730242 265544     cutoff   63      20609.0843 18586.6654  9.81%  23.6 1515s
 733164 266538 19436.9118   56   74 20609.0843 18588.2869  9.81%  23.6 1520s
 736283 267703     cutoff   55      20609.0843 18590.4408  9.79%  23.6 1525s
 739095 268757 18660.6826   47   44 20609.0843 18592.2632  9.79%  23.6 1530s
 742187 269895 19731.8963   50   38 20609.0843 18594.0699  9.78%  23.6 1535s
 744929 271008 20277.2149   74   12 20609.0843 18595.7674  9.77%  23.6 1540s
 748061 272307 20206.6976   56   33 20609.0843 18597.6583  9.76%  23.6 1545s
 751261 273354 18987.3491   52   26 20609.0843 18599.9825  9.75%  23.6 1550s
 754052 274574 19409.5097   62   14 20609.0843 18601.7278  9.74%  23.6 1555s
 756675 275709 19254.1126   61   26 20609.0843 18603.1070  9.73%  23.6 1560s
 759477 276846     cutoff   56      20609.0843 18604.6716  9.73%  23.6 1565s
 762093 277800 19320.9385   48   36 20609.0843 18606.2106  9.72%  23.6 1570s
 764983 278972 19852.5148   47   26 20609.0843 18607.7107  9.71%  23.6 1575s
 767248 279860 19263.1867   53   32 20609.0843 18609.0488  9.70%  23.6 1580s
 769964 280960     cutoff   79      20609.0843 18610.6513  9.70%  23.6 1585s
 772659 282061     cutoff   59      20609.0843 18612.0453  9.69%  23.6 1590s
 774521 282932 18895.8832   48   53 20609.0843 18612.8649  9.69%  23.5 1595s
 776832 284093 19537.4058   59   14 20609.0843 18613.9664  9.68%  23.5 1600s
 779565 285179 infeasible   57      20609.0843 18615.5395  9.67%  23.5 1605s
 781828 286154 18850.3917   65   50 20609.0843 18616.7814  9.67%  23.5 1610s
 784636 287325 19209.8658   57   34 20609.0843 18618.4814  9.66%  23.5 1615s
 787149 288276 20390.9129   53   45 20609.0843 18619.8231  9.65%  23.5 1620s
 789719 289293 19105.9432   62   18 20609.0843 18621.2025  9.65%  23.5 1625s
 792523 290324 19302.6371   43   40 20609.0843 18623.0379  9.64%  23.5 1630s
 795207 291225 20057.7810   56   38 20609.0843 18624.7243  9.63%  23.5 1635s
 797966 292235 18654.9969   57   18 20609.0843 18626.4156  9.62%  23.5 1640s
 800870 293454 19535.6020   51   46 20609.0843 18627.7723  9.61%  23.5 1645s
 803655 294510     cutoff   80      20609.0843 18628.9585  9.61%  23.5 1650s
 806705 295603 20127.8246   55   33 20609.0843 18630.8532  9.60%  23.5 1655s
 809921 297017 19925.9352   58   22 20609.0843 18632.7523  9.59%  23.5 1660s
 812954 298344 19529.9083   53   33 20609.0843 18634.4230  9.58%  23.5 1665s
 816115 299570 19380.4074   54   38 20609.0843 18636.3032  9.57%  23.5 1670s
 818011 300683 18910.9722   52   33 20609.0843 18637.1445  9.57%  23.5 1677s
 821001 301556     cutoff   54      20609.0843 18638.8461  9.56%  23.5 1680s
 823727 302531 19502.4267   81   29 20609.0843 18640.4777  9.55%  23.5 1685s
 826516 303696 19308.7384   49   28 20609.0843 18642.1009  9.54%  23.5 1690s
 829396 304727 20414.2269   83   22 20609.0843 18643.5753  9.54%  23.4 1695s
 832199 305851 18708.3487   66   27 20609.0843 18645.1093  9.53%  23.4 1700s
 834716 306964     cutoff   69      20609.0843 18646.2147  9.52%  23.4 1705s
 837481 307814 20017.3002   57   25 20609.0843 18647.6764  9.52%  23.4 1710s
 840033 308862 19661.0766   53   37 20609.0843 18649.2867  9.51%  23.4 1715s
 842505 309846 18816.6852   59   74 20609.0843 18650.4773  9.50%  23.4 1720s
 845369 310886 20188.6017   55   24 20609.0843 18651.9501  9.50%  23.4 1725s
 847390 311922 18810.6025   47   30 20609.0843 18652.9942  9.49%  23.4 1731s
 849895 312647 18989.8018   43   50 20609.0843 18654.4020  9.48%  23.4 1735s
 852737 313720 19326.9727   50   35 20609.0843 18655.6428  9.48%  23.4 1740s
 855016 314596 19457.3168   55   27 20609.0843 18656.8871  9.47%  23.4 1745s
 857877 315798 18935.1974   48   42 20609.0843 18658.3562  9.47%  23.4 1750s
 860710 316901 18906.2913   73   50 20609.0843 18659.9513  9.46%  23.4 1755s
 863269 317858 20348.5826   54   29 20609.0843 18661.3483  9.45%  23.4 1760s
 866177 318951 20130.1922   60   22 20609.0843 18662.8437  9.44%  23.4 1765s
 868924 319970 19486.2792   57   14 20609.0843 18664.3235  9.44%  23.4 1771s
 870957 320790 infeasible   62      20609.0843 18665.2614  9.43%  23.4 1775s
 873790 321760 20461.0290   49   24 20609.0843 18666.9036  9.42%  23.4 1780s
 876852 322919 18966.0966   55   35 20609.0843 18668.6430  9.42%  23.4 1785s
 879702 324072 20476.4871   54   58 20609.0843 18669.7586  9.41%  23.4 1790s
 882260 324987 19136.4018   70   29 20609.0843 18670.9036  9.40%  23.4 1795s
 884130 325583 20008.6146   79   32 20609.0843 18671.7770  9.40%  23.4 1800s
 885377 326049 19124.8740   52   46 20609.0843 18672.3517  9.40%  23.4 1805s
 887336 326882 18879.5954   47   50 20609.0843 18673.3908  9.39%  23.4 1810s
 890303 328098 19575.3542   66   32 20609.0843 18674.5606  9.39%  23.4 1815s
 892873 328989 19640.4743   62   30 20609.0843 18676.0942  9.38%  23.4 1820s
 895713 330076 18902.2777   39   42 20609.0843 18677.6417  9.37%  23.4 1825s
 898907 331296     cutoff   65      20609.0843 18679.0351  9.37%  23.4 1831s
 901479 332411 19128.7561   42   38 20609.0843 18680.2795  9.36%  23.4 1835s
 904096 333306     cutoff   51      20609.0843 18681.2957  9.35%  23.4 1840s
 906543 334205 20577.5018   51   22 20609.0843 18682.6811  9.35%  23.4 1845s
 909404 335336 20132.8806   55   36 20609.0843 18683.9604  9.34%  23.3 1850s
 911910 336281 18963.2337   51   63 20609.0843 18685.0710  9.34%  23.3 1855s
 913961 337050 19694.2804   72   36 20609.0843 18686.1173  9.33%  23.3 1860s
 916524 338229 19322.0120   50   35 20609.0843 18687.2664  9.33%  23.3 1865s
 918589 339082 19050.7623   49   39 20609.0843 18688.1728  9.32%  23.3 1870s
 921155 339981 19468.1529   46   52 20609.0843 18689.3743  9.31%  23.3 1875s
 923864 341095 19398.1242   69   50 20609.0843 18690.4195  9.31%  23.3 1880s
 926633 342369 infeasible   50      20609.0843 18691.8998  9.30%  23.3 1885s
 929192 343360     cutoff   61      20609.0843 18693.0235  9.30%  23.3 1890s
 932133 344503 19706.0562   54   48 20609.0843 18694.4729  9.29%  23.3 1895s
 935061 345692 19074.9022   43   40 20609.0843 18695.8333  9.28%  23.3 1900s
 938165 346935 19059.7526   79   33 20609.0843 18697.2326  9.28%  23.3 1905s
 940964 348052 19529.8765   54   57 20609.0843 18698.4958  9.27%  23.3 1910s
 942354 348562 infeasible   69      20609.0843 18699.1578  9.27%  23.3 1915s
 945239 349729 infeasible   93      20609.0843 18700.5250  9.26%  23.3 1920s
 948797 351161 19387.0247   49   39 20609.0843 18702.0209  9.25%  23.3 1925s
 951669 352206 19594.2041   41   42 20609.0843 18703.1013  9.25%  23.3 1930s
 954951 353451 19927.3522   49   61 20609.0843 18704.5564  9.24%  23.3 1935s
 957825 354529 19122.8306   73   23 20609.0843 18705.8901  9.23%  23.3 1940s
 960352 355506 19743.8270   59   29 20609.0843 18707.0298  9.23%  23.3 1945s
 963498 356597     cutoff   59      20609.0843 18708.5882  9.22%  23.3 1950s
 965903 357490 19410.8163   58   31 20609.0843 18709.5839  9.22%  23.3 1955s
 968311 358528     cutoff   67      20609.0843 18710.7249  9.21%  23.3 1960s
 970664 359345 20115.6281   51   31 20609.0843 18711.6913  9.21%  23.3 1965s
 972978 360318 19204.0488   64   22 20609.0843 18712.6546  9.20%  23.3 1970s
 975534 361176 19821.2876   60   50 20609.0843 18713.7625  9.20%  23.3 1975s
 978453 362454 20118.0691   83   18 20609.0843 18715.0162  9.19%  23.2 1980s
 980597 363188 19714.8228   48   36 20609.0843 18715.9971  9.19%  23.2 1985s
 983080 364272 20457.2452   55   23 20609.0843 18716.9758  9.18%  23.2 1990s
 985620 365187 19191.0442   47   34 20609.0843 18718.2199  9.17%  23.2 1995s
 987934 366124 20054.8410   49   63 20609.0843 18719.1115  9.17%  23.2 2000s
 990682 367140 18759.0909   53   42 20609.0843 18720.1277  9.17%  23.2 2005s
 993567 368102 20525.6295   55   39 20609.0843 18721.4065  9.16%  23.2 2010s
 996265 369303 19117.5485   54   30 20609.0843 18722.4718  9.15%  23.2 2015s
 997952 369836 18979.6900   46   32 20609.0843 18723.2306  9.15%  23.2 2020s
 1001030 371025 20302.3562   63   31 20609.0843 18724.7409  9.14%  23.2 2025s
 1003560 372067 19591.8333   46   29 20609.0843 18725.7606  9.14%  23.2 2030s
 1006482 373172 19273.0607   85   35 20609.0843 18726.9932  9.13%  23.2 2035s
 1009759 374432     cutoff   70      20609.0843 18728.2791  9.13%  23.2 2040s
 1012947 375591 20541.8686   60   29 20609.0843 18729.5268  9.12%  23.2 2045s
 1016093 376929 19251.7669   57   22 20609.0843 18730.8014  9.11%  23.2 2050s
 1018846 378110 18945.0741   64   62 20609.0843 18731.8091  9.11%  23.2 2055s
 1021568 378954 18824.1874   52   42 20609.0843 18732.8692  9.10%  23.2 2060s
 1024584 380269 20296.1435   53   20 20609.0843 18734.1595  9.10%  23.2 2065s
 1027666 381444     cutoff   46      20609.0843 18735.4678  9.09%  23.2 2070s
 1030762 382589 20158.3672   54   41 20609.0843 18736.8144  9.08%  23.2 2075s
 1033401 383692 infeasible   59      20609.0843 18737.5796  9.08%  23.2 2080s
 1036455 385006 19160.1801   52   37 20609.0843 18738.8795  9.07%  23.2 2085s
 1038792 385946 19689.3694   56   37 20609.0843 18739.6817  9.07%  23.2 2090s
 1041377 386832 20207.2215   61   23 20609.0843 18740.7832  9.07%  23.2 2095s
 1043952 387677 20404.0526   44   40 20609.0843 18741.9327  9.06%  23.2 2101s
 1045886 388480 19395.3425   81   37 20609.0843 18742.7927  9.06%  23.2 2105s
 1048426 389562 infeasible   70      20609.0843 18743.8024  9.05%  23.1 2110s
 1051621 390944 18845.9430   66   21 20609.0843 18744.8977  9.05%  23.1 2115s
 1054038 391935 19391.5459   50   40 20609.0843 18745.8277  9.04%  23.1 2120s
 1056633 392962 19541.1109   68   26 20609.0843 18746.8289  9.04%  23.1 2125s
 1059359 394120 20036.7436   56   30 20609.0843 18747.6954  9.03%  23.1 2130s
 1062388 395325 19546.3101   75   12 20609.0843 18748.7563  9.03%  23.1 2135s
 1065088 396412 19510.0800   70   21 20609.0843 18749.6843  9.02%  23.1 2140s
 1067548 397335 19179.9826   65   26 20609.0843 18750.5897  9.02%  23.1 2145s
 1069650 398212 19996.9447   66   26 20609.0843 18751.2431  9.01%  23.1 2150s
 1072866 399476 19115.7104   55   36 20609.0843 18752.4759  9.01%  23.1 2155s
 1076092 400745 19190.1562   67   34 20609.0843 18753.6761  9.00%  23.1 2160s
 1079013 401889 19802.8104   62   44 20609.0843 18754.8004  9.00%  23.1 2165s
 1082227 403127 19360.3478   64   30 20609.0843 18755.8756  8.99%  23.1 2170s
 1084799 404164 19746.1163   65   18 20609.0843 18756.6710  8.99%  23.1 2175s
 1087902 405563 18812.1000   57   41 20609.0843 18757.9235  8.98%  23.1 2180s
 1091144 406812 19588.2548   56   32 20609.0843 18759.2021  8.98%  23.1 2185s
 1094225 407910 19526.8354   57   52 20609.0843 18760.3486  8.97%  23.1 2190s
 1095923 408569 19284.0494   56   31 20609.0843 18760.9961  8.97%  23.1 2197s
 1097100 408957 20420.9633   73   26 20609.0843 18761.4296  8.97%  23.1 2200s
 1099453 409993 19468.1286   93   36 20609.0843 18762.2677  8.96%  23.1 2205s
 1102504 411165 19193.0496   77   43 20609.0843 18763.2900  8.96%  23.1 2210s
 1105558 412367     cutoff   81      20609.0843 18764.5641  8.95%  23.0 2216s
 1107819 413184 20481.4616   52   40 20609.0843 18765.5263  8.95%  23.0 2220s
 1110567 414186 20531.2694   60   26 20609.0843 18766.5804  8.94%  23.0 2225s
 1112918 415173 20467.1846   51   48 20609.0843 18767.4462  8.94%  23.0 2231s
 1115407 416174     cutoff   69      20609.0843 18768.3780  8.93%  23.0 2235s
 1118327 417357 infeasible   47      20609.0843 18769.3466  8.93%  23.0 2240s
 1120615 418365 19584.1290   59   35 20609.0843 18770.1813  8.92%  23.0 2245s
 1123222 419301 19956.5433   75   29 20609.0843 18771.0872  8.92%  23.0 2250s
 1126101 420435 19333.5613   54   28 20609.0843 18772.0768  8.91%  23.0 2255s
 1128950 421631 infeasible   63      20609.0843 18773.1820  8.91%  23.0 2260s
 1131698 422779     cutoff   52      20609.0843 18774.2452  8.90%  23.0 2265s
 1134663 423883 20237.8156   57   44 20609.0843 18775.3678  8.90%  23.0 2270s
 1137658 425189 19820.5745   80   26 20609.0843 18776.4421  8.89%  23.0 2275s
 1140716 426288 infeasible   56      20609.0843 18777.4082  8.89%  23.0 2280s
 1143055 427086 20553.3888   53   41 20609.0843 18778.1639  8.88%  23.0 2285s
 1146283 428332 20128.9079   48   39 20609.0843 18779.2816  8.88%  23.0 2290s
 1149484 429646 19110.0700   53   28 20609.0843 18780.3908  8.87%  23.0 2295s
 1151998 430654 19895.2400   56   20 20609.0843 18781.2885  8.87%  23.0 2300s
 1155214 431658 20570.0002   56   26 20609.0843 18782.3330  8.86%  23.0 2305s
 1157990 432675 19211.7797   52   24 20609.0843 18783.0902  8.86%  23.0 2310s
 1161256 434000 20217.4910   52   30 20609.0843 18784.3083  8.85%  23.0 2315s
 1164416 435109 19307.9706   73   23 20609.0843 18785.5247  8.85%  23.0 2320s
 1167515 436377 19412.2614   53   65 20609.0843 18786.5771  8.84%  23.0 2325s
 1170851 437559 20035.6322   70   28 20609.0843 18787.5560  8.84%  23.0 2330s
 1173663 438764 19240.6719   44   49 20609.0843 18788.3836  8.83%  23.0 2335s
 1176655 439864 20355.4624   59   33 20609.0843 18789.4502  8.83%  23.0 2340s
 1179010 440785 19016.4467   48   57 20609.0843 18790.3262  8.83%  22.9 2345s
 1181834 441978 19962.3689   59   31 20609.0843 18791.3130  8.82%  22.9 2350s
 1184597 443243 18831.8642   46   40 20609.0843 18792.0725  8.82%  22.9 2355s
 1187251 444297 19348.4435   51   33 20609.0843 18792.8792  8.81%  22.9 2360s
 1189650 445212     cutoff   68      20609.0843 18793.6653  8.81%  22.9 2365s
 1192587 446301     cutoff   52      20609.0843 18794.6498  8.80%  22.9 2370s
 1194943 447205 20445.7927   62   32 20609.0843 18795.4989  8.80%  22.9 2375s
 1197782 448287 20082.2361   75   29 20609.0843 18796.2921  8.80%  22.9 2380s
 1200976 449720 19734.2334   54   41 20609.0843 18797.1697  8.79%  22.9 2385s
 1203510 450776 20564.1112   48   39 20609.0843 18797.8496  8.79%  22.9 2390s
 1206319 451964 infeasible   74      20609.0843 18798.6941  8.78%  22.9 2395s
 1209074 452984 19104.1306   66   30 20609.0843 18799.4198  8.78%  22.9 2400s
 1212158 454225 19543.0067   60   28 20609.0843 18800.2961  8.78%  22.9 2405s
 1215329 455490 20592.2675   64   24 20609.0843 18801.4190  8.77%  22.9 2410s
 1218113 456610 19492.9924   45   41 20609.0843 18802.2272  8.77%  22.9 2415s
 1221286 457821 19139.3153   79   22 20609.0843 18803.1680  8.76%  22.9 2420s
 1224454 459089 18960.2745   55   29 20609.0843 18804.0689  8.76%  22.9 2425s
 1227753 460304 19409.4210   62   12 20609.0843 18805.0148  8.75%  22.9 2430s
 1230566 460967 20519.0555   50   59 20609.0843 18805.5761  8.75%  22.9 2435s
 1233541 462333 18952.1485   50   43 20609.0843 18806.4243  8.75%  22.9 2440s
 1236712 463678     cutoff   86      20609.0843 18807.3149  8.74%  22.9 2445s
 1239660 464856 18820.7993   49   25 20609.0843 18808.1264  8.74%  22.9 2450s
 1242807 466038 19777.7904   92   20 20609.0843 18809.2906  8.73%  22.9 2455s
 1245323 467070 18986.4636   55   36 20609.0843 18810.0183  8.73%  22.9 2460s
 1248426 468354 infeasible   67      20609.0843 18811.0917  8.72%  22.8 2465s
 1251265 469445 19834.5947   66   32 20609.0843 18811.9279  8.72%  22.8 2470s
 1253858 470509 19011.1745   66   31 20609.0843 18812.6358  8.72%  22.8 2475s
 1256975 471741 19232.4642   74   39 20609.0843 18813.5405  8.71%  22.8 2480s
 1259356 472714     cutoff   70      20609.0843 18814.4242  8.71%  22.8 2485s
 1262008 473878 19145.1832   55   57 20609.0843 18815.1379  8.70%  22.8 2490s
 1264435 474800 19531.9107   51   34 20609.0843 18815.8276  8.70%  22.8 2495s
 1267290 475874 19168.6314   47   48 20609.0843 18816.8052  8.70%  22.8 2500s
 1269561 476782 19808.8882   59   23 20609.0843 18817.3634  8.69%  22.8 2505s
 1272248 477577 18819.7093   52   49 20609.0843 18818.3391  8.69%  22.8 2510s
 1274698 478478 20290.4818   51   38 20609.0843 18819.1273  8.69%  22.8 2515s
 1276028 478976 20490.4983   53   31 20609.0843 18819.4553  8.68%  22.8 2520s
 1278684 480054 19549.2071   61   18 20609.0843 18820.3369  8.68%  22.8 2525s
 1281198 481062 19799.0186   55   46 20609.0843 18821.1820  8.68%  22.8 2530s
 1283423 481944 19056.0815   54   33 20609.0843 18821.7921  8.67%  22.8 2535s
 1286273 483165 19680.5756   45   43 20609.0843 18822.5576  8.67%  22.8 2540s
 1289033 484295     cutoff   66      20609.0843 18823.4144  8.66%  22.8 2545s
 1291497 485304 20048.7334   55   38 20609.0843 18824.0290  8.66%  22.8 2550s
 1294313 486356 19376.6950   78   43 20609.0843 18824.7854  8.66%  22.8 2555s
 1297113 487503 19890.1473   49   36 20609.0843 18825.4838  8.65%  22.8 2560s
 1300012 488711 infeasible   55      20609.0843 18826.3380  8.65%  22.8 2565s
 1302867 489843 19190.6948  118   40 20609.0843 18827.2247  8.65%  22.8 2570s
 1305506 491055 20587.8057   96   14 20609.0843 18827.8461  8.64%  22.8 2575s
 1308661 492339 20095.3259   58   54 20609.0843 18828.7376  8.64%  22.8 2580s
 1311498 493543 20170.0793   48   30 20609.0843 18829.4916  8.63%  22.8 2585s
 1313665 494529 19354.5187   60   42 20609.0843 18830.0993  8.63%  22.8 2590s
 1316316 494767 20257.8048   61   37 20609.0843 18830.5616  8.63%  22.8 2595s
 1318882 495835 20407.8777   58   27 20609.0843 18831.1518  8.63%  22.8 2600s
 1321201 496687 19077.4780   50   49 20609.0843 18831.8576  8.62%  22.8 2605s
 1323532 497673 20365.8800   62   45 20609.0843 18832.5051  8.62%  22.8 2610s
 1326113 498726 19905.0743   57   32 20609.0843 18833.2823  8.62%  22.8 2615s
 1328164 499628 20082.7819   65   20 20609.0843 18834.0090  8.61%  22.8 2620s
 1330656 500640 19109.6732   53   26 20609.0843 18834.6674  8.61%  22.8 2625s
 1333159 501626 19106.6417   69   29 20609.0843 18835.4583  8.61%  22.8 2630s
 1335129 502442 19684.1544   48   41 20609.0843 18835.9415  8.60%  22.8 2635s
 1337651 503431 infeasible   56      20609.0843 18836.6822  8.60%  22.8 2640s
 1339688 504263 20214.7973   59   18 20609.0843 18837.1302  8.60%  22.7 2645s
 1341847 505153     cutoff   68      20609.0843 18837.6627  8.60%  22.7 2650s
 1343961 505902 18901.7674   42   39 20609.0843 18838.2576  8.59%  22.8 2655s
 1346551 506925 20096.0057   95   51 20609.0843 18839.0629  8.59%  22.7 2660s
 1348642 507714     cutoff   85      20609.0843 18839.6736  8.59%  22.8 2665s
 1350946 508609 20401.6428   63   23 20609.0843 18840.3459  8.58%  22.7 2670s
 1353161 509614 19110.2761   68   14 20609.0843 18840.9183  8.58%  22.7 2676s
 1354145 509904 19763.0974   66   23 20609.0843 18841.1755  8.58%  22.7 2681s
 1354957 510118 19455.7223   56   51 20609.0843 18841.3415  8.58%  22.7 2685s
 1356511 510695 19882.4822   54   54 20609.0843 18841.8330  8.58%  22.7 2690s
 1359328 511890 19287.2381   98   42 20609.0843 18842.6299  8.57%  22.7 2695s
 1361836 512771     cutoff   67      20609.0843 18843.2502  8.57%  22.7 2700s
 1364336 513820 20294.2344   67   24 20609.0843 18843.9174  8.56%  22.7 2705s
 1367127 514772 20550.3946   57   26 20609.0843 18844.7065  8.56%  22.7 2710s
 1369831 515794 19571.6833   75   39 20609.0843 18845.4139  8.56%  22.7 2715s
 1372325 516774 19172.5706   76   39 20609.0843 18846.1292  8.55%  22.7 2720s
 1375035 517787 20262.8111  109   28 20609.0843 18846.7895  8.55%  22.7 2725s
 1377852 518923 19190.0749   48   28 20609.0843 18847.6600  8.55%  22.7 2730s
 1380277 519787 19339.5558   79   24 20609.0843 18848.2850  8.54%  22.7 2735s
 1382845 520716     cutoff   84      20609.0843 18849.0006  8.54%  22.7 2740s
 1385207 521564 19922.9814   77   27 20609.0843 18849.6905  8.54%  22.7 2745s
 1387365 522408 20300.3794   51   33 20609.0843 18850.3048  8.53%  22.7 2750s
 1389861 523399 19194.0464   53   36 20609.0843 18850.9155  8.53%  22.7 2755s
 1392370 524296     cutoff   59      20609.0843 18851.6453  8.53%  22.7 2760s
 1394629 525045 20456.0233   55   46 20609.0843 18852.3298  8.52%  22.7 2765s
 1396798 525868 18958.2042   49   42 20609.0843 18852.9499  8.52%  22.7 2770s
 1399299 526776 infeasible   70      20609.0843 18853.6013  8.52%  22.7 2775s
 1400483 527335 20133.0229   56   27 20609.0843 18853.8688  8.52%  22.7 2780s
 1403043 528246 20307.3843   50   49 20609.0843 18854.6113  8.51%  22.7 2785s
 1405406 529203 19609.2187   65   27 20609.0843 18855.3310  8.51%  22.7 2790s
 1407552 530076 19157.0690   51   42 20609.0843 18855.7699  8.51%  22.7 2795s
 1410036 531011 19268.7952   74   28 20609.0843 18856.3418  8.50%  22.7 2800s
 1412874 532197 19015.6280   47   18 20609.0843 18857.0934  8.50%  22.7 2805s
 1415356 533218     cutoff   58      20609.0843 18857.6886  8.50%  22.7 2810s
 1418120 534386 19467.4006   56   18 20609.0843 18858.5184  8.49%  22.7 2815s
 1421003 535428 19178.2001   56   24 20609.0843 18859.1502  8.49%  22.7 2820s
 1423337 536236 19429.7821   49   44 20609.0843 18859.6660  8.49%  22.7 2825s
 1426148 537247 19070.3239   56   32 20609.0843 18860.5830  8.48%  22.7 2830s
 1428967 538229 19932.1352   62   18 20609.0843 18861.3292  8.48%  22.7 2835s
 1431441 539205 19316.5710   58   39 20609.0843 18862.0032  8.48%  22.7 2840s
 1434476 540449 infeasible   69      20609.0843 18862.9247  8.47%  22.7 2845s
 1436805 541300 infeasible   51      20609.0843 18863.5386  8.47%  22.7 2850s
 1439306 542380 19483.8619   66   37 20609.0843 18864.1392  8.47%  22.7 2855s
 1441842 543284 19178.4229   52   28 20609.0843 18864.7592  8.46%  22.7 2860s
 1444530 544330 19125.1775   43   59 20609.0843 18865.4816  8.46%  22.7 2865s
 1447397 545339 20385.4257   61   50 20609.0843 18866.2674  8.46%  22.7 2870s
 1449911 546334 19986.8834   66   33 20609.0843 18866.9358  8.45%  22.7 2875s
 1452366 547175 18972.6602   53   47 20609.0843 18867.5316  8.45%  22.7 2880s
 1454724 548049 20453.9126   68   41 20609.0843 18868.1543  8.45%  22.7 2885s
 1456893 548760 infeasible   85      20609.0843 18868.7580  8.44%  22.7 2890s
 1458845 549588 19699.0913   52   34 20609.0843 18869.3197  8.44%  22.7 2895s
 1461326 550513     cutoff   50      20609.0843 18869.9666  8.44%  22.7 2900s
 1463381 551327 infeasible   48      20609.0843 18870.4322  8.44%  22.7 2905s
 1465488 552086 19112.8985   49   46 20609.0843 18871.0415  8.43%  22.7 2910s
 1467605 552907 19407.6534   59   23 20609.0843 18871.6690  8.43%  22.7 2915s
 1470209 553908 19040.8570   76   59 20609.0843 18872.3671  8.43%  22.7 2920s
 1472623 554866 19241.2504   51   12 20609.0843 18872.9248  8.42%  22.7 2925s
 1474871 555744 20020.3394   51   34 20609.0843 18873.5012  8.42%  22.7 2930s
 1477291 556797 19988.4210   50   46 20609.0843 18874.0530  8.42%  22.7 2935s
 1479215 557216 18963.2756   57   28 20609.0843 18874.4135  8.42%  22.7 2940s
 1482029 558383 19749.7311   55   16 20609.0843 18875.1138  8.41%  22.7 2945s
 1484418 559194 19441.0281   51   34 20609.0843 18875.6776  8.41%  22.7 2950s
 1487310 560300 19353.2596   56   25 20609.0843 18876.4834  8.41%  22.7 2955s
 1489760 561260     cutoff   54      20609.0843 18877.0391  8.40%  22.7 2960s
 1492455 562230     cutoff   99      20609.0843 18877.6209  8.40%  22.7 2965s
 1495209 563486 19264.7880   66   33 20609.0843 18878.3334  8.40%  22.7 2970s
 1497551 564521 19898.1170   54   39 20609.0843 18878.9374  8.40%  22.7 2975s
 1500284 565480 19468.7375   55   19 20609.0843 18879.7253  8.39%  22.7 2980s
 1503108 566486 19374.3563   67   36 20609.0843 18880.4327  8.39%  22.7 2985s
 1505391 567332 20134.9874   56   32 20609.0843 18881.0389  8.38%  22.7 2990s
 1507959 568312 19920.6232   63   47 20609.0843 18881.7143  8.38%  22.7 2995s
 1510629 569264 19883.7643   51   21 20609.0843 18882.3245  8.38%  22.7 3001s
 1512820 570140 20067.1576   64   26 20609.0843 18882.9530  8.38%  22.7 3005s
 1515353 571054 20396.1791   64   30 20609.0843 18883.3802  8.37%  22.7 3010s
 1517757 571984 19430.2368   52   35 20609.0843 18883.9245  8.37%  22.7 3015s
 1519928 572758 20253.6011   51   42 20609.0843 18884.4920  8.37%  22.7 3020s
 1522321 573607 19533.6624   64   26 20609.0843 18885.0685  8.37%  22.7 3025s
 1524677 574462 18973.7138   56   23 20609.0843 18885.6947  8.36%  22.7 3030s
 1526830 575370 20434.2764   60    8 20609.0843 18886.2517  8.36%  22.7 3035s
 1529101 576183 18927.6194   56   38 20609.0843 18886.9555  8.36%  22.7 3040s
 1530678 576877 19642.5205   46   60 20609.0843 18887.2678  8.35%  22.7 3045s
 1532375 577631 19127.0902   48   32 20609.0843 18887.6836  8.35%  22.7 3050s
 1534539 578434 20096.4547   69   29 20609.0843 18888.2076  8.35%  22.7 3055s
 1536722 579214 19653.2759   72   34 20609.0843 18888.7802  8.35%  22.7 3060s
 1539304 580204 19236.5582   67   25 20609.0843 18889.4463  8.34%  22.7 3065s
 1541774 581002 19115.7705   52   53 20609.0843 18890.0267  8.34%  22.7 3070s
 1544569 582077 20040.2016   55   36 20609.0843 18890.7422  8.34%  22.7 3075s
 1547146 583096 19857.4365   64   18 20609.0843 18891.3596  8.33%  22.7 3080s
 1549533 584069 19132.1725   65   23 20609.0843 18891.8842  8.33%  22.7 3085s
 1552348 585172 19909.4471   61   44 20609.0843 18892.5519  8.33%  22.7 3090s
 1554746 586156 19245.7320   47   35 20609.0843 18893.1685  8.33%  22.7 3095s
 1557567 587040 19958.0015   64   32 20609.0843 18893.8906  8.32%  22.7 3100s
 1559751 587763 19810.7896   45   39 20609.0843 18894.5472  8.32%  22.7 3105s
 1562417 588911 19192.2792   49   43 20609.0843 18895.2291  8.32%  22.7 3110s
 1565125 589736 19648.7892   56   26 20609.0843 18895.8802  8.31%  22.7 3115s
 1567642 590742     cutoff   71      20609.0843 18896.4378  8.31%  22.7 3120s
 1569957 591550 19113.8019   49   39 20609.0843 18896.9423  8.31%  22.7 3125s
 1572359 592338 19173.1246   46   31 20609.0843 18897.5975  8.30%  22.7 3130s
 1575326 593518 19513.3062   77   45 20609.0843 18898.2858  8.30%  22.7 3135s
 1577464 594299 20426.2942   53   50 20609.0843 18898.8657  8.30%  22.7 3140s
 1580018 595317 19745.1804   51   37 20609.0843 18899.4647  8.30%  22.7 3145s
 1582403 596154 19541.3311   68   38 20609.0843 18899.9861  8.29%  22.7 3150s
 1584686 596939 19057.3769   51   34 20609.0843 18900.4968  8.29%  22.7 3155s
 1587154 597846     cutoff   84      20609.0843 18901.1787  8.29%  22.7 3160s
 1589093 598581 19461.1716   78   34 20609.0843 18901.6040  8.29%  22.7 3165s
 1591686 599697 20176.0294   75   28 20609.0843 18902.1575  8.28%  22.7 3171s
 1593609 600341 20039.3699   71   29 20609.0843 18902.6088  8.28%  22.7 3175s
 1595675 601176 20483.1664   78   14 20609.0843 18903.0896  8.28%  22.7 3180s
 1597622 601996 20093.5666   69   36 20609.0843 18903.5445  8.28%  22.7 3185s
 1599970 602917 19648.8173   86   42 20609.0843 18903.9587  8.27%  22.7 3190s
 1602380 603704 20321.5149   59   41 20609.0843 18904.4533  8.27%  22.7 3195s
 1604774 604588 19292.1450   55   53 20609.0843 18904.9090  8.27%  22.7 3200s
 1606793 605281 19826.9174   64   37 20609.0843 18905.4064  8.27%  22.7 3205s
 1609282 606107 20041.3487   52   66 20609.0843 18905.9414  8.26%  22.7 3210s
 1611822 607116 infeasible   48      20609.0843 18906.5146  8.26%  22.7 3215s
 1614216 608050 19958.6058   64   22 20609.0843 18907.0693  8.26%  22.7 3220s
 1616809 609022 19166.0942   49   48 20609.0843 18907.8339  8.25%  22.7 3225s
 1619477 609811 19715.1767   58   30 20609.0843 18908.4179  8.25%  22.7 3230s
 1621930 610703 19362.7779   67   35 20609.0843 18908.9937  8.25%  22.7 3235s
 1624767 611711 20280.4655   74   29 20609.0843 18909.6682  8.25%  22.7 3240s
 1627490 612805 19272.6636   65   43 20609.0843 18910.2534  8.24%  22.7 3245s
 1629996 613672 19208.1069   78   37 20609.0843 18910.8203  8.24%  22.7 3250s
 1632773 614691 18960.3622   54   55 20609.0843 18911.4630  8.24%  22.7 3255s
 1635772 615753 infeasible   47      20609.0843 18912.1450  8.23%  22.7 3260s
 1638163 616576     cutoff   64      20609.0843 18912.6868  8.23%  22.7 3265s
 1640154 617410 19459.4647   57   38 20609.0843 18913.2425  8.23%  22.7 3270s
 1643033 618507 19967.9580   61   25 20609.0843 18913.8841  8.23%  22.7 3275s
 1645220 619264 20054.6878   65   28 20609.0843 18914.3824  8.22%  22.7 3280s
 1647956 620275 19584.3162   71   24 20609.0843 18914.8991  8.22%  22.7 3285s
 1650556 621318 19723.5776   80   34 20609.0843 18915.4556  8.22%  22.7 3290s
 1652854 622262 19470.0029   45   28 20609.0843 18916.0280  8.22%  22.7 3295s
 1655371 623205 19215.8722   50   23 20609.0843 18916.5648  8.21%  22.7 3300s
 1657975 624320 18983.5240   48   37 20609.0843 18917.0730  8.21%  22.7 3305s
 1660076 625119 20140.8881   52   29 20609.0843 18917.5337  8.21%  22.7 3310s
 1661950 625845 19334.5415   78   37 20609.0843 18917.9946  8.21%  22.7 3315s
 1664413 626788 infeasible   45      20609.0843 18918.5685  8.20%  22.7 3320s
 1666645 627696 19787.9820   90   23 20609.0843 18919.1178  8.20%  22.7 3325s
 1669260 628676 19184.8115   83   28 20609.0843 18919.7226  8.20%  22.7 3330s
 1671675 629576 infeasible   56      20609.0843 18920.2676  8.19%  22.7 3335s
 1673540 630153     cutoff   55      20609.0843 18920.6952  8.19%  22.7 3340s
 1675744 631226 19224.8260   43   29 20609.0843 18921.1663  8.19%  22.7 3345s
 1678633 632291 19811.8896   44   51 20609.0843 18921.8576  8.19%  22.7 3350s
 1680843 633082 19128.3415   51   41 20609.0843 18922.3264  8.18%  22.7 3355s
 1683368 634053 19097.1094   51   53 20609.0843 18922.9744  8.18%  22.7 3360s
 1685514 634906 19287.6041   43   36 20609.0843 18923.4126  8.18%  22.7 3365s
 1688216 635972 20092.2865   69   22 20609.0843 18924.0414  8.18%  22.7 3370s
 1690957 637069 19724.3978   48   65 20609.0843 18924.5955  8.17%  22.7 3375s
 1693667 637966 19986.3718   69   34 20609.0843 18925.2778  8.17%  22.7 3380s
 1696117 639032 19337.7937   55   52 20609.0843 18925.7343  8.17%  22.7 3385s
 1698858 640035 20017.3978   56   20 20609.0843 18926.3873  8.16%  22.7 3390s
 1701424 641014 19793.5169   72   36 20609.0843 18927.0206  8.16%  22.7 3395s
 1703801 641913     cutoff   72      20609.0843 18927.5452  8.16%  22.7 3400s
 1706341 642921 20042.8338   60   37 20609.0843 18928.2437  8.16%  22.7 3405s
 1708784 643725     cutoff   48      20609.0843 18928.9105  8.15%  22.7 3410s
 1711031 644541 19440.1526   55   23 20609.0843 18929.5040  8.15%  22.7 3415s
 1713455 645458 infeasible   54      20609.0843 18930.0744  8.15%  22.7 3420s
 1715625 646259 19657.7998   62   23 20609.0843 18930.6248  8.14%  22.7 3425s
 1717867 646950 19434.5932   53   64 20609.0843 18931.1571  8.14%  22.7 3430s
 1719956 647811 20271.1983   45   51 20609.0843 18931.6162  8.14%  22.7 3435s
 1722298 648706 19053.1771   74   18 20609.0843 18932.2277  8.14%  22.7 3440s
 1724199 649272 19635.7391   68   47 20609.0843 18932.7530  8.13%  22.7 3445s
 1726418 650176     cutoff   45      20609.0843 18933.2407  8.13%  22.7 3450s
 1728513 650926 19051.6973   45   41 20609.0843 18933.7632  8.13%  22.7 3455s
 1730627 651557 20272.9312   44   51 20609.0843 18934.3226  8.13%  22.7 3460s
 1732533 652236 20083.7136   69   46 20609.0843 18934.7866  8.12%  22.7 3465s
 1734984 653104 19732.2421   58   20 20609.0843 18935.3132  8.12%  22.7 3470s
 1737148 653934 19908.2157   59   17 20609.0843 18935.7886  8.12%  22.7 3475s
 1739373 654718 19772.7464   47   48 20609.0843 18936.2541  8.12%  22.7 3480s
 1741853 655515 19741.2159   63   24 20609.0843 18936.7836  8.11%  22.7 3485s
 1744187 656292     cutoff   57      20609.0843 18937.2777  8.11%  22.7 3490s
 1746371 656942 19359.4799   68   25 20609.0843 18937.7578  8.11%  22.7 3495s
 1748940 657869 19926.9100   88   27 20609.0843 18938.3853  8.11%  22.7 3500s
 1751725 658946 19772.6058   59   39 20609.0843 18938.9558  8.10%  22.7 3505s
 1753906 659924 19093.8166   54   27 20609.0843 18939.3658  8.10%  22.7 3510s
 1756445 660675 19711.3599   47   48 20609.0843 18939.9632  8.10%  22.7 3515s
 1759218 661674 19731.3605   68   28 20609.0843 18940.5543  8.10%  22.7 3520s
 1761440 662480     cutoff   62      20609.0843 18941.0151  8.09%  22.7 3525s
 1764036 663417 20067.0407   83   22 20609.0843 18941.6949  8.09%  22.7 3530s
 1766579 664368 20229.6152   67   42 20609.0843 18942.1748  8.09%  22.7 3535s
 1768843 665277 19472.0711   58   38 20609.0843 18942.6470  8.09%  22.7 3540s
 1771428 666357 20121.7820   69   22 20609.0843 18943.1018  8.08%  22.7 3545s
 1774299 667451 19907.9590  100   28 20609.0843 18943.6230  8.08%  22.7 3550s
 1776069 668168 19562.4815   56   49 20609.0843 18943.9267  8.08%  22.7 3555s
 1778049 668832 19743.9774   59   30 20609.0843 18944.3595  8.08%  22.7 3560s
 1780742 669890 20197.5674   65   24 20609.0843 18944.9106  8.07%  22.7 3565s
 1783130 670749 19896.8707   83   32 20609.0843 18945.3487  8.07%  22.7 3570s
 1784640 671419 19486.1053   75   55 20609.0843 18945.6410  8.07%  22.7 3575s
 1786991 672360 19725.9734   56   50 20609.0843 18946.1494  8.07%  22.7 3580s
 1789570 673171 20145.6264   51   44 20609.0843 18946.7548  8.07%  22.7 3585s
 1791677 673894 19972.1465   66   39 20609.0843 18947.1905  8.06%  22.7 3590s
 1793780 674586 19846.4361   77   32 20609.0843 18947.7061  8.06%  22.7 3595s
 1796221 675401 19038.3829   47   40 20609.0843 18948.2452  8.06%  22.7 3600s
 1798410 676226 19486.4893   56   36 20609.0843 18948.6504  8.06%  22.7 3605s
 1800842 677041 19959.1416   84   25 20609.0843 18949.2380  8.05%  22.7 3610s
 1803309 677911 19156.7996   51   22 20609.0843 18949.7713  8.05%  22.7 3615s
 1805512 678722     cutoff   59      20609.0843 18950.2128  8.05%  22.7 3620s
 1807477 679426 19491.0993   80   19 20609.0843 18950.6084  8.05%  22.7 3625s
 1809982 680355 19023.7528   54   43 20609.0843 18951.1126  8.04%  22.7 3630s
 1812401 681327 19788.9784   67   38 20609.0843 18951.5322  8.04%  22.7 3635s
 1815168 682286 19330.0879   54   22 20609.0843 18952.1329  8.04%  22.7 3640s
 1818000 683136 20571.1562   58   49 20609.0843 18952.6723  8.04%  22.7 3645s
 1820421 684095 19384.2710   82   32 20609.0843 18953.1385  8.04%  22.7 3650s
 1823234 685070 19405.0640   44   36 20609.0843 18953.7386  8.03%  22.7 3655s
 1825949 685955 19976.9132   60   23 20609.0843 18954.3135  8.03%  22.7 3660s
 1828433 686930 20085.2840   47   40 20609.0843 18954.8162  8.03%  22.7 3665s
 1831290 687955 19567.3411   59   25 20609.0843 18955.4130  8.02%  22.7 3670s
 1833597 688783 18993.7692   49   23 20609.0843 18955.9124  8.02%  22.7 3675s
 1835910 689577 19464.3872   46   24 20609.0843 18956.4907  8.02%  22.7 3680s
 1838268 690504 19109.0260   64   31 20609.0843 18956.9017  8.02%  22.7 3685s
 1840711 691519 20433.3329   58   49 20609.0843 18957.3867  8.01%  22.7 3690s
 1842936 692395     cutoff   67      20609.0843 18957.8176  8.01%  22.7 3695s
 1844934 693139 19519.8949   51   37 20609.0843 18958.2313  8.01%  22.7 3700s
 1847609 694051 19173.7720   45   50 20609.0843 18958.7063  8.01%  22.7 3705s
 1849442 694627 19465.0270   49   70 20609.0843 18959.0402  8.01%  22.7 3710s
 1851399 695305 20192.8676   57   69 20609.0843 18959.5024  8.00%  22.7 3715s
 1853558 696220 19378.7277   54   26 20609.0843 18959.9811  8.00%  22.7 3720s
 1855797 697010 19985.9055   54   23 20609.0843 18960.4092  8.00%  22.7 3725s
 1857669 697636 19954.8745   54   25 20609.0843 18960.7326  8.00%  22.7 3730s
 1859718 698381 19135.3863   67   33 20609.0843 18961.2045  8.00%  22.7 3735s
 1862141 699086     cutoff  100      20609.0843 18961.7552  7.99%  22.7 3740s
 1864409 699928 infeasible   55      20609.0843 18962.1832  7.99%  22.7 3745s
 1866624 700641 19004.8690   50   38 20609.0843 18962.7074  7.99%  22.7 3750s
 1868987 701345 20263.5997   72   28 20609.0843 18963.1995  7.99%  22.7 3755s
 1871045 702139 19220.6091   42   36 20609.0843 18963.5566  7.98%  22.7 3760s
 1873573 703116 20260.7070   48   44 20609.0843 18963.9729  7.98%  22.7 3765s
 1876070 704060 20590.2087   56   30 20609.0843 18964.4858  7.98%  22.7 3770s
 1878496 704885 19244.5705   52   47 20609.0843 18965.0907  7.98%  22.7 3775s
 1880393 705652 19074.7930   57   23 20609.0843 18965.4044  7.98%  22.7 3780s
 1883212 706659 19721.3820   51   42 20609.0843 18965.9789  7.97%  22.7 3785s
 1885784 707490 20404.1260   48   36 20609.0843 18966.5731  7.97%  22.7 3790s
 1887976 708383 19118.3817   62   56 20609.0843 18966.9748  7.97%  22.7 3795s
 1890673 709223 20145.9407   58   40 20609.0843 18967.5135  7.97%  22.7 3800s
 1893260 710269 20113.1583   66   29 20609.0843 18967.9597  7.96%  22.7 3805s
 1895742 711233 20447.7955   60   30 20609.0843 18968.4474  7.96%  22.7 3810s
 1898170 712100 20403.7507   53   44 20609.0843 18968.9234  7.96%  22.7 3815s
 1900595 712990 20302.7673   49   20 20609.0843 18969.4996  7.96%  22.7 3821s
 1902648 713728 19563.3176   62   29 20609.0843 18969.8901  7.95%  22.7 3825s
 1904794 714502 infeasible   51      20609.0843 18970.3580  7.95%  22.7 3830s
 1907462 715413 20164.5781   61   18 20609.0843 18970.9118  7.95%  22.7 3835s
 1909521 716264 19582.8902   57   51 20609.0843 18971.3211  7.95%  22.7 3840s
 1911793 717162 19442.6916   58   54 20609.0843 18971.7040  7.94%  22.7 3845s
 1914001 717879     cutoff   76      20609.0843 18972.1208  7.94%  22.7 3850s
 1915667 718446 19830.0609   52   39 20609.0843 18972.4245  7.94%  22.7 3855s
 1917880 719193     cutoff   83      20609.0843 18972.8432  7.94%  22.7 3860s
 1919905 719980     cutoff   67      20609.0843 18973.2389  7.94%  22.7 3865s
 1921649 720690 infeasible   42      20609.0843 18973.5888  7.94%  22.7 3870s
 1923749 721305 20455.2613   56   46 20609.0843 18974.0433  7.93%  22.7 3875s
 1926020 722299 20268.5048   58   19 20609.0843 18974.3974  7.93%  22.7 3880s
 1928443 723259 19803.4779   63   30 20609.0843 18974.8619  7.93%  22.7 3885s
 1930670 723994 20416.3115   73   25 20609.0843 18975.3012  7.93%  22.7 3890s
 1933165 724883 20232.1183   60   20 20609.0843 18975.7924  7.93%  22.7 3895s
 1935381 725703 19596.6945   50   37 20609.0843 18976.2202  7.92%  22.7 3900s
 1937625 726533 20204.8453   69   31 20609.0843 18976.6116  7.92%  22.7 3905s
 1940145 727453 19410.8161   65   35 20609.0843 18977.0571  7.92%  22.7 3910s
 1943017 728520 19610.1325   57   29 20609.0843 18977.6273  7.92%  22.7 3915s
 1945592 729581 20095.0283   59   54 20609.0843 18978.0397  7.91%  22.7 3920s
 1948263 730520 19214.4885   72   27 20609.0843 18978.6051  7.91%  22.7 3925s
 1950102 731190 19168.3527   74   23 20609.0843 18979.0453  7.91%  22.7 3930s
 1952747 732182 19445.5343   52   43 20609.0843 18979.5071  7.91%  22.7 3935s
 1955204 733142 19024.6153   57   18 20609.0843 18980.0091  7.90%  22.7 3940s
 1957899 734017     cutoff   64      20609.0843 18980.4740  7.90%  22.7 3945s
 1960339 734919 19455.9012   55   40 20609.0843 18980.9346  7.90%  22.7 3950s
 1962735 735764 20282.1716   76   30 20609.0843 18981.3887  7.90%  22.7 3955s
 1965493 736827 infeasible   71      20609.0843 18981.9070  7.90%  22.7 3960s
 1967789 737691 19511.6251   84   25 20609.0843 18982.3157  7.89%  22.7 3965s
 1970295 738578 20431.5400   59   24 20609.0843 18982.8647  7.89%  22.7 3970s
 1972722 739520 19835.0725   57   16 20609.0843 18983.3504  7.89%  22.7 3975s
 1974934 740208 20281.3068   55   19 20609.0843 18983.8121  7.89%  22.7 3980s
 1977225 741179 20139.4814   67   38 20609.0843 18984.2336  7.88%  22.7 3985s
 1979445 741938 20224.0299   71   41 20609.0843 18984.6402  7.88%  22.7 3990s
 1981614 742586     cutoff   55      20609.0843 18985.0811  7.88%  22.7 3995s
 1983205 743169 19787.5308   72   30 20609.0843 18985.4548  7.88%  22.7 4000s
 1985831 744016 19855.5121   56   47 20609.0843 18985.8390  7.88%  22.7 4005s
 1988132 744838     cutoff   73      20609.0843 18986.2869  7.87%  22.7 4010s
 1990304 745649 20034.4148   77   35 20609.0843 18986.6535  7.87%  22.7 4015s
 1993016 746551 infeasible   71      20609.0843 18987.1639  7.87%  22.7 4020s
 1995504 747494 infeasible   67      20609.0843 18987.6787  7.87%  22.7 4025s
 1997595 748199 19492.8212   56   34 20609.0843 18988.0573  7.87%  22.7 4030s
 2000091 749022 19507.5022   56   27 20609.0843 18988.4578  7.86%  22.7 4035s
 2002891 749951 19326.5429   56   34 20609.0843 18988.9407  7.86%  22.7 4040s
 2005494 750844 20019.2521   54   27 20609.0843 18989.4335  7.86%  22.7 4045s
 2008218 751751 20212.3786   57   30 20609.0843 18989.9460  7.86%  22.7 4050s
 2010577 752599 19711.1914   52   28 20609.0843 18990.3790  7.85%  22.7 4055s
 2013391 753673 19750.3384   59   37 20609.0843 18990.9000  7.85%  22.7 4060s
 2016169 754671 20112.8465   78   31 20609.0843 18991.3690  7.85%  22.7 4065s
 2018478 755603 19458.6635   66   18 20609.0843 18991.8158  7.85%  22.7 4070s
 2021078 756471 20322.5904   61   46 20609.0843 18992.2916  7.85%  22.7 4075s
 2023473 757387 19261.1860   52   34 20609.0843 18992.7827  7.84%  22.7 4080s
 2025993 758270     cutoff   75      20609.0843 18993.2736  7.84%  22.7 4085s
 2028501 759260 19972.1858   52   41 20609.0843 18993.6925  7.84%  22.7 4090s
 2031181 760310 20463.4648   68   32 20609.0843 18994.1256  7.84%  22.7 4095s
 2033475 761095 19192.1246   67   24 20609.0843 18994.5818  7.83%  22.7 4100s
 2035859 761887 19687.0444   72   33 20609.0843 18995.0450  7.83%  22.7 4105s
 2037893 762673 19211.1798   54   35 20609.0843 18995.4241  7.83%  22.7 4110s
 2040139 763441 19749.9438   65   39 20609.0843 18995.7796  7.83%  22.7 4115s
 2042408 764198     cutoff   78      20609.0843 18996.1442  7.83%  22.7 4120s
 2044293 764973 19086.5303   57   57 20609.0843 18996.4105  7.83%  22.7 4125s
 2045343 765388 19340.2984   45   42 20609.0843 18996.5664  7.82%  22.7 4130s
 2047581 766191 19854.7199   59   28 20609.0843 18997.0032  7.82%  22.7 4135s
 2049834 767060 19911.4203   45   45 20609.0843 18997.3753  7.82%  22.7 4140s
 2052268 768025 19929.5443   53   23 20609.0843 18997.8652  7.82%  22.7 4145s
 2054811 768961 20569.4997   52   40 20609.0843 18998.2826  7.82%  22.7 4150s
 2056930 769715 infeasible   65      20609.0843 18998.6841  7.81%  22.7 4155s
 2059467 770625 20153.2748   53   30 20609.0843 18999.1142  7.81%  22.7 4160s
 2062039 771524 19520.4998   60   56 20609.0843 18999.5590  7.81%  22.7 4165s
 2064266 772269 19484.6050   68   28 20609.0843 18999.9393  7.81%  22.7 4170s
 2067190 773411 20374.6340   50   19 20609.0843 19000.4825  7.81%  22.7 4175s
 2069927 774484 19313.2557   64   40 20609.0843 19000.9250  7.80%  22.7 4180s
 2072386 775328 infeasible   62      20609.0843 19001.4548  7.80%  22.7 4185s
 2075214 776386 19432.9036   58   35 20609.0843 19001.9764  7.80%  22.7 4190s
 2077691 777209     cutoff   61      20609.0843 19002.4606  7.80%  22.7 4195s
 2080260 778205 20224.1002   77   48 20609.0843 19002.9792  7.79%  22.7 4200s
 2082716 779157 19800.4007   71   37 20609.0843 19003.3919  7.79%  22.7 4205s
 2084854 779899 19429.0552   58   47 20609.0843 19003.7964  7.79%  22.7 4210s
 2087509 780955     cutoff   76      20609.0843 19004.2785  7.79%  22.7 4215s
 2090010 781831 infeasible   64      20609.0843 19004.6969  7.78%  22.7 4220s
 2092211 782563 19876.1928   61   29 20609.0843 19005.1150  7.78%  22.7 4225s
 2094179 783307 20546.0172   69   28 20609.0843 19005.4816  7.78%  22.7 4230s
 2096599 784254 19523.9710   78   48 20609.0843 19006.0118  7.78%  22.7 4235s
 2097799 784602 19067.2588   58   51 20609.0843 19006.2296  7.78%  22.7 4240s
 2099723 785214 19290.3626   61   32 20609.0843 19006.5656  7.78%  22.7 4245s
 2102260 786111 19733.7429   79   43 20609.0843 19007.0938  7.77%  22.7 4250s
 2104532 786944 19438.9426   63   47 20609.0843 19007.5477  7.77%  22.7 4255s
 2106648 787731 20139.8815   76   35 20609.0843 19007.8935  7.77%  22.7 4260s
 2108476 788413 20478.9364   70   26 20609.0843 19008.2095  7.77%  22.7 4265s
 2111004 789184 infeasible   59      20609.0843 19008.7036  7.77%  22.7 4270s
 2113532 790116 19583.1581   64   45 20609.0843 19009.1810  7.76%  22.7 4275s
 2116040 790917 19796.2364   65   45 20609.0843 19009.6543  7.76%  22.7 4280s
 2118333 791818     cutoff   66      20609.0843 19010.0199  7.76%  22.7 4285s
 2120896 792743 infeasible   55      20609.0843 19010.4303  7.76%  22.7 4290s
 2123437 793612 19227.6436   55   27 20609.0843 19010.8989  7.75%  22.7 4295s
 2126400 794693 20532.9186   59   32 20609.0843 19011.3591  7.75%  22.7 4300s
 2128860 795609 20549.7903   58   41 20609.0843 19011.8786  7.75%  22.7 4305s
 2131609 796616     cutoff   64      20609.0843 19012.4006  7.75%  22.7 4310s
 2134236 797483 19597.6940   73   36 20609.0843 19012.8267  7.75%  22.7 4315s
 2136389 798215 19574.5851   60   45 20609.0843 19013.2422  7.74%  22.7 4320s
 2139314 799156 20091.1354   65   26 20609.0843 19013.7306  7.74%  22.7 4325s
 2141932 799946 infeasible   54      20609.0843 19014.2089  7.74%  22.7 4330s
 2144178 800665     cutoff   69      20609.0843 19014.5768  7.74%  22.7 4335s
 2146658 801590 19527.8423   70   40 20609.0843 19014.9923  7.73%  22.7 4340s
 2149125 802415 19812.0676   68   46 20609.0843 19015.5232  7.73%  22.7 4345s
 2151278 803027 20385.5777   58   22 20609.0843 19015.9552  7.73%  22.7 4350s
 2153715 803976 infeasible   60      20609.0843 19016.2998  7.73%  22.7 4355s
 2155989 804718 19649.3333   60   35 20609.0843 19016.6540  7.73%  22.7 4360s
 2158260 805568 19017.2241   40   44 20609.0843 19017.0698  7.72%  22.7 4365s
 2160417 806367     cutoff   71      20609.0843 19017.4388  7.72%  22.7 4370s
 2162617 807163 19719.4962   55   37 20609.0843 19017.7732  7.72%  22.7 4375s
 2164855 807899 19508.5433   65   38 20609.0843 19018.1488  7.72%  22.7 4380s
 2167002 808703 20209.7874   71   20 20609.0843 19018.4481  7.72%  22.7 4385s
 2169342 809528 19326.9219   50   31 20609.0843 19018.8550  7.72%  22.7 4390s
 2171873 810450 20385.2141   67   28 20609.0843 19019.2437  7.71%  22.7 4395s
 2173938 811173 19379.3489   63   23 20609.0843 19019.6970  7.71%  22.7 4400s
 2176146 811972 19353.9155   61   34 20609.0843 19020.0391  7.71%  22.7 4405s
 2178635 812861 20310.2123   61   24 20609.0843 19020.5260  7.71%  22.7 4410s
 2180898 813758 19659.5594   57   35 20609.0843 19020.8954  7.71%  22.7 4415s
 2183853 814674 20125.6405   62   22 20609.0843 19021.3498  7.70%  22.7 4420s
 2186479 815627     cutoff   91      20609.0843 19021.7522  7.70%  22.7 4425s
 2189098 816555 19568.7735   68   44 20609.0843 19022.1709  7.70%  22.7 4430s
 2191533 817432 20059.3467   99   36 20609.0843 19022.5365  7.70%  22.7 4435s
 2194233 818343 20155.8719   52   28 20609.0843 19023.0784  7.70%  22.7 4440s
 2196782 819272 20067.2063   40   18 20609.0843 19023.5143  7.69%  22.7 4445s
 2199504 820295 19654.8150   53   41 20609.0843 19024.0011  7.69%  22.7 4450s
 2202390 821183 20481.8044   43   34 20609.0843 19024.5776  7.69%  22.7 4455s
 2204597 821877 19757.2628   56   70 20609.0843 19024.9680  7.69%  22.7 4460s
 2207206 822700 20434.7850   53   12 20609.0843 19025.4519  7.68%  22.7 4465s
 2209746 823530 19909.4291   66   18 20609.0843 19025.8295  7.68%  22.7 4470s
 2211706 824157 19279.5378   50   22 20609.0843 19026.0953  7.68%  22.7 4475s
 2214103 825106 19519.1297   72   26 20609.0843 19026.4754  7.68%  22.7 4480s
 2216724 825936 19231.6541   54   24 20609.0843 19026.9873  7.68%  22.7 4485s
 2218801 826588 19079.8718   63   33 20609.0843 19027.2971  7.68%  22.7 4490s
 2221258 827493     cutoff   81      20609.0843 19027.7045  7.67%  22.7 4495s
 2223661 828260 19442.0829   66   37 20609.0843 19028.1634  7.67%  22.7 4500s
 2225327 828854 19573.0569   84   32 20609.0843 19028.4735  7.67%  22.7 4505s
 2227475 829701 19742.6947   49   34 20609.0843 19028.8861  7.67%  22.7 4510s
 2230004 830477 20378.8105   88   43 20609.0843 19029.3239  7.67%  22.7 4515s
 2232056 831140 19869.3659   64   40 20609.0843 19029.7136  7.66%  22.7 4520s
 2234648 832099 19112.2972   47   43 20609.0843 19030.1191  7.66%  22.7 4525s
 2237145 832900 19694.6915   58   32 20609.0843 19030.5775  7.66%  22.7 4530s
 2239344 833767 19113.1774   64   35 20609.0843 19030.8698  7.66%  22.7 4535s
 2241793 834628 infeasible   45      20609.0843 19031.3089  7.66%  22.7 4540s
 2244288 835446 19863.8577   69   45 20609.0843 19031.7569  7.65%  22.7 4545s
 2246832 836272 19242.7165   52   25 20609.0843 19032.1508  7.65%  22.7 4550s
 2249077 837075 19969.5100   59   22 20609.0843 19032.5399  7.65%  22.7 4555s
 2251957 838027 19344.7206   53   37 20609.0843 19033.0631  7.65%  22.7 4560s
 2254298 838937 19967.5453   72   16 20609.0843 19033.4570  7.65%  22.7 4565s
 2256777 839719 20198.2293   55   35 20609.0843 19033.8785  7.64%  22.7 4570s
 2259640 840640 19218.6163   64   33 20609.0843 19034.3592  7.64%  22.8 4575s
 2262167 841467 19580.6416   48   32 20609.0843 19034.8491  7.64%  22.8 4580s
 2264425 842100 20157.3217   54   33 20609.0843 19035.2203  7.64%  22.8 4585s
 2266787 842872     cutoff   78      20609.0843 19035.6808  7.63%  22.8 4590s
 2269056 843672 19576.9873   69   30 20609.0843 19036.0562  7.63%  22.8 4595s
 2271613 844611 20448.1685   69   26 20609.0843 19036.4653  7.63%  22.8 4600s
 2274064 845390 19336.4033   55   46 20609.0843 19036.9188  7.63%  22.8 4605s
 2276241 846151     cutoff   60      20609.0843 19037.2446  7.63%  22.8 4610s
 2278325 846783 20245.4615   73   33 20609.0843 19037.5372  7.63%  22.8 4615s
 2280413 847407 infeasible   55      20609.0843 19037.8826  7.62%  22.8 4620s
 2282743 848126 20466.7102   64   30 20609.0843 19038.2579  7.62%  22.8 4625s
 2284911 848863 19556.1053   51   41 20609.0843 19038.6323  7.62%  22.8 4630s
 2286426 849567 19428.6135   61   24 20609.0843 19038.8527  7.62%  22.8 4635s
 2288692 850325     cutoff   70      20609.0843 19039.2310  7.62%  22.8 4640s
 2290890 851116 19822.7438   56   41 20609.0843 19039.6177  7.62%  22.8 4645s
 2293029 851786     cutoff   87      20609.0843 19040.0093  7.61%  22.8 4650s
 2295599 852673 20427.1575   49   90 20609.0843 19040.3936  7.61%  22.8 4655s
 2297795 853454 19896.3452   73   40 20609.0843 19040.8019  7.61%  22.8 4660s
 2299980 854323 19238.1027   70   36 20609.0843 19041.1238  7.61%  22.8 4665s
 2302477 855131 19735.5978   52   47 20609.0843 19041.4991  7.61%  22.8 4670s
 2304820 855932 19415.1276   52   23 20609.0843 19041.8986  7.60%  22.8 4675s
 2307324 856667     cutoff   90      20609.0843 19042.4089  7.60%  22.8 4680s
 2309756 857402 19572.3683   62   38 20609.0843 19042.8597  7.60%  22.8 4685s
 2312059 858011 19624.5201   58   26 20609.0843 19043.2340  7.60%  22.8 4690s
 2314587 858914 19752.7774   79   31 20609.0843 19043.6282  7.60%  22.8 4695s
 2316934 859714 19668.1035   50   43 20609.0843 19043.9792  7.59%  22.8 4700s
 2319470 860454 19436.6050   48   32 20609.0843 19044.3919  7.59%  22.8 4705s
 2321926 861220 19999.1581   65   42 20609.0843 19044.8461  7.59%  22.8 4710s
 2324448 862116 19104.4986   59   40 20609.0843 19045.2387  7.59%  22.8 4715s
 2326797 862937 20175.4317   68   30 20609.0843 19045.6184  7.59%  22.8 4720s
 2329083 863718 20600.9431   47   32 20609.0843 19045.9479  7.58%  22.8 4725s
 2331742 864682 19097.7125   73   28 20609.0843 19046.3271  7.58%  22.8 4730s
 2334398 865585 19513.5129   62   19 20609.0843 19046.7204  7.58%  22.8 4735s
 2336620 866411 19911.0149   61   27 20609.0843 19047.0776  7.58%  22.8 4740s
 2338792 867205 19611.2470   76   24 20609.0843 19047.4215  7.58%  22.8 4745s
 2341172 868104 infeasible   76      20609.0843 19047.7771  7.58%  22.8 4750s
 2343307 868826 20250.4898   64   34 20609.0843 19048.0885  7.57%  22.8 4755s
 2345523 869643 19775.8748   73   32 20609.0843 19048.4130  7.57%  22.8 4760s
 2347656 870271 infeasible   50      20609.0843 19048.8099  7.57%  22.8 4765s
 2349754 871064 19293.8213   48   51 20609.0843 19049.0899  7.57%  22.8 4770s
 2351913 871795 infeasible   57      20609.0843 19049.3944  7.57%  22.8 4775s
 2354110 872588     cutoff   67      20609.0843 19049.7218  7.57%  22.8 4780s
 2356130 873279 20469.1160   58   28 20609.0843 19050.0477  7.56%  22.8 4785s
 2357938 873880 19726.8581   71   52 20609.0843 19050.2692  7.56%  22.8 4790s
 2360564 874767 19835.5948   63   36 20609.0843 19050.7667  7.56%  22.8 4795s
 2363141 875784 19885.2594   56   35 20609.0843 19051.1550  7.56%  22.8 4800s
 2365565 876569 19461.4897   55   39 20609.0843 19051.5560  7.56%  22.8 4805s
 2367938 877334 19737.4801   60   32 20609.0843 19051.8817  7.56%  22.8 4810s
 2370793 878265 19760.2144   54   25 20609.0843 19052.3528  7.55%  22.8 4815s
 2372929 879005 19670.4075   71   25 20609.0843 19052.6459  7.55%  22.8 4820s
 2375402 879854 20459.3418   76   54 20609.0843 19053.0153  7.55%  22.8 4825s
 2378147 880711 20149.3772   47   31 20609.0843 19053.4741  7.55%  22.8 4830s
 2380593 881579 19378.1348   59   59 20609.0843 19053.8769  7.55%  22.8 4835s
 2382924 882307     cutoff   57      20609.0843 19054.2077  7.54%  22.8 4840s
 2385770 883429 20477.9777   58   31 20609.0843 19054.5608  7.54%  22.8 4845s
 2388387 884313 19655.0724   58   16 20609.0843 19054.9457  7.54%  22.8 4850s
 2390634 885045 20517.6552   83   14 20609.0843 19055.2786  7.54%  22.8 4855s
 2393201 885997 20241.4711   58   26 20609.0843 19055.6993  7.54%  22.8 4860s
 2395512 886931     cutoff   64      20609.0843 19056.0195  7.54%  22.8 4865s
 2397965 887884 20505.8418   65   24 20609.0843 19056.4222  7.53%  22.8 4870s
 2400790 888825 19211.6330   51   28 20609.0843 19056.8767  7.53%  22.8 4876s
 2402880 889495 19621.9925   59   21 20609.0843 19057.1639  7.53%  22.8 4880s
 2405369 890435 19383.8595   65   31 20609.0843 19057.5014  7.53%  22.8 4885s
 2407387 891213 19824.9567   54   20 20609.0843 19057.8246  7.53%  22.8 4890s
 2409297 891766 19590.7941   54   46 20609.0843 19058.0797  7.53%  22.8 4895s
 2411746 892487 infeasible   84      20609.0843 19058.4544  7.52%  22.8 4900s
 2413636 893079 19137.6252   47   37 20609.0843 19058.7885  7.52%  22.8 4905s
 2415290 893672 19576.8668   54   46 20609.0843 19059.0179  7.52%  22.8 4910s
 2417505 894453 20404.9805   49   34 20609.0843 19059.3681  7.52%  22.8 4915s
 2420026 895346 20203.3532   76   48 20609.0843 19059.7703  7.52%  22.8 4920s
 2422269 896234 19409.1880   67   53 20609.0843 19060.1378  7.52%  22.8 4925s
 2424833 897113 19353.8940   51   49 20609.0843 19060.5118  7.51%  22.8 4930s
 2427385 897922 19110.0829   56   22 20609.0843 19060.9319  7.51%  22.8 4935s
 2429883 898671 19938.9516   71   38 20609.0843 19061.2811  7.51%  22.8 4940s
 2432002 899472 19920.8406   69   28 20609.0843 19061.6452  7.51%  22.8 4945s
 2434637 900390 19736.2130   58   43 20609.0843 19062.1356  7.51%  22.8 4950s
 2437329 901317 infeasible   63      20609.0843 19062.5279  7.50%  22.8 4955s
 2439765 902089 19116.2066   53   45 20609.0843 19062.9308  7.50%  22.8 4960s
 2442708 902983 20222.3617   53   64 20609.0843 19063.3817  7.50%  22.8 4965s
 2445056 903719 19714.1227   64   21 20609.0843 19063.7617  7.50%  22.8 4970s
 2447613 904610     cutoff  107      20609.0843 19064.1669  7.50%  22.8 4975s
 2450133 905467 20083.4739   52   34 20609.0843 19064.5361  7.49%  22.8 4980s
 2452230 906134 20214.6819   58   23 20609.0843 19064.8901  7.49%  22.8 4985s
 2455083 907093 19414.0617   50   28 20609.0843 19065.3055  7.49%  22.8 4990s
 2457401 907868 19266.0770   51   60 20609.0843 19065.6438  7.49%  22.8 4995s
 2459578 908624     cutoff   63      20609.0843 19065.9536  7.49%  22.8 5000s
 2461900 909517 19656.5289   94   34 20609.0843 19066.2690  7.49%  22.8 5005s
 2464169 910204 19136.9052   60   29 20609.0843 19066.6044  7.48%  22.8 5010s
 2466253 910895 20496.8892   60   39 20609.0843 19066.8994  7.48%  22.8 5015s
 2468185 911475 19951.7219   59   29 20609.0843 19067.2466  7.48%  22.8 5020s
 2470112 912161 20151.6658   79   16 20609.0843 19067.5278  7.48%  22.8 5025s
 2472402 912926 19090.0932   56   23 20609.0843 19067.8677  7.48%  22.8 5030s
 2474709 913714 19669.4289   54   43 20609.0843 19068.1999  7.48%  22.8 5035s
 2476810 914422 19282.7095   56   49 20609.0843 19068.5104  7.48%  22.8 5040s
 2479012 915157 infeasible   55      20609.0843 19068.8300  7.47%  22.8 5045s
 2481238 915802 infeasible   60      20609.0843 19069.1825  7.47%  22.8 5050s
 2483107 916504 19427.6409   54   47 20609.0843 19069.4864  7.47%  22.8 5055s
 2485912 917554     cutoff   75      20609.0843 19069.8758  7.47%  22.8 5060s
 2487774 918223 19525.6390   59   52 20609.0843 19070.2053  7.47%  22.8 5065s
 2490088 918919     cutoff   94      20609.0843 19070.5825  7.47%  22.8 5070s
 2492648 919826 19180.4225   58   18 20609.0843 19071.0307  7.46%  22.8 5075s
 2495552 920819 19917.2086   71   23 20609.0843 19071.4404  7.46%  22.8 5080s
 2497703 921573 20301.0804   60   37 20609.0843 19071.7296  7.46%  22.8 5085s
 2500457 922494 19501.2870   59   21 20609.0843 19072.1398  7.46%  22.8 5090s
 2503225 923488 19547.7530   64   33 20609.0843 19072.5379  7.46%  22.8 5095s
 2505774 924348 19085.5731   46   52 20609.0843 19072.9011  7.45%  22.8 5100s
 2508598 925328 infeasible   63      20609.0843 19073.2454  7.45%  22.8 5105s
 2511407 926281 20382.8944   62   26 20609.0843 19073.6964  7.45%  22.8 5110s
 2513828 927067 19197.3293   44   61 20609.0843 19074.0733  7.45%  22.8 5115s
 2516542 928018 19629.4627   62   29 20609.0843 19074.4523  7.45%  22.8 5120s
 2518844 928879 20478.5067   67   28 20609.0843 19074.7711  7.44%  22.8 5125s
 2521385 929864 19492.3246   58   40 20609.0843 19075.1101  7.44%  22.8 5130s
 2524059 930815 19178.7416   56   18 20609.0843 19075.4339  7.44%  22.8 5135s
 2526268 931516 infeasible   51      20609.0843 19075.7682  7.44%  22.8 5140s
 2528738 932352 20256.8095   53   49 20609.0843 19076.1718  7.44%  22.8 5145s
 2530999 933049     cutoff   72      20609.0843 19076.5579  7.44%  22.8 5150s
 2533631 933930 19721.4583   46   30 20609.0843 19076.9688  7.43%  22.8 5155s
 2536115 934873 19569.7318   81   32 20609.0843 19077.3399  7.43%  22.8 5160s
 2538554 935731 20211.0215   68   32 20609.0843 19077.7646  7.43%  22.8 5165s
 2541047 936574 19597.1686   62   26 20609.0843 19078.1253  7.43%  22.8 5170s
 2543301 937428 20583.4586   53   37 20609.0843 19078.4365  7.43%  22.8 5175s
 2546148 938421 19335.2660   46   50 20609.0843 19078.8885  7.42%  22.8 5180s
 2548465 939219 19592.7440   62   20 20609.0843 19079.1942  7.42%  22.8 5185s
 2551430 940349 20046.8164   47   57 20609.0843 19079.5721  7.42%  22.8 5190s
 2553372 941062 infeasible   60      20609.0843 19079.8219  7.42%  22.8 5195s
 2555948 941814     cutoff  123      20609.0843 19080.2490  7.42%  22.8 5200s
 2558569 942647 20379.8503   87   28 20609.0843 19080.6771  7.42%  22.8 5205s
 2561300 943572 19397.3866   63   24 20609.0843 19081.1043  7.41%  22.8 5210s
 2563915 944411 19727.6785   83   24 20609.0843 19081.5632  7.41%  22.8 5215s
 2566752 945311 19898.7240   51   49 20609.0843 19082.0430  7.41%  22.8 5220s
 2569548 946296 19260.0730   58   42 20609.0843 19082.4662  7.41%  22.8 5225s
 2572419 947139 20421.9933   62   20 20609.0843 19082.9018  7.41%  22.8 5230s
 2575278 948017 19434.2556   54   39 20609.0843 19083.2980  7.40%  22.8 5235s
 2577755 948793     cutoff   71      20609.0843 19083.6305  7.40%  22.8 5240s
 2580181 949356 20456.7352   47   69 20609.0843 19083.9419  7.40%  22.8 5245s
 2583045 950316 19692.9035   84   49 20609.0843 19084.3645  7.40%  22.8 5250s
 2585522 951167 19953.6414   52   55 20609.0843 19084.6894  7.40%  22.8 5255s
 2587764 951909 20152.4235   64   42 20609.0843 19085.0778  7.39%  22.8 5260s
 2590226 952754 20555.1466   72   22 20609.0843 19085.4218  7.39%  22.8 5265s
 2592829 953544 19478.6504   72   50 20609.0843 19085.8219  7.39%  22.8 5270s
 2595027 954267 19178.5748   48   21 20609.0843 19086.1877  7.39%  22.8 5275s
 2597023 954942 19451.5023   51   38 20609.0843 19086.4816  7.39%  22.8 5280s
 2599464 955807     cutoff   65      20609.0843 19086.8220  7.39%  22.8 5285s
 2601202 956352 19408.5723   61   30 20609.0843 19087.0633  7.39%  22.8 5290s
 2603725 957242     cutoff   65      20609.0843 19087.3583  7.38%  22.8 5295s
 2606376 958027 19687.6128   61   20 20609.0843 19087.7612  7.38%  22.8 5300s
 2608486 958654 20570.2353   73   19 20609.0843 19088.0551  7.38%  22.8 5305s
 2610990 959474     cutoff   59      20609.0843 19088.3715  7.38%  22.8 5310s
 2613872 960488 19511.1920   65   28 20609.0843 19088.7417  7.38%  22.8 5315s
 2616305 961316 infeasible   60      20609.0843 19089.0641  7.38%  22.8 5320s
 2619177 962270 infeasible   58      20609.0843 19089.4519  7.37%  22.8 5325s
 2621738 963094 19856.1959   67   19 20609.0843 19089.7759  7.37%  22.8 5330s
 2623896 963911 19521.3310   81   33 20609.0843 19090.0770  7.37%  22.8 5335s
 2627043 964896 19101.8347   59   29 20609.0843 19090.4738  7.37%  22.8 5340s
 2629625 965753 20549.8632   69   27 20609.0843 19090.8795  7.37%  22.8 5345s
 2631665 966371 19478.2465   62   20 20609.0843 19091.1613  7.37%  22.8 5350s
 2634706 967411 19904.4950   55   32 20609.0843 19091.6034  7.36%  22.8 5355s
 2637366 968265 19794.8039   62   40 20609.0843 19091.9633  7.36%  22.8 5360s
 2640119 969130 19750.4444   52   25 20609.0843 19092.3003  7.36%  22.8 5365s
 2642834 970042 infeasible   52      20609.0843 19092.6782  7.36%  22.8 5370s
 2645418 970977 20249.6094   50   21 20609.0843 19093.0293  7.36%  22.8 5375s
 2648308 971824 20006.2412   95   17 20609.0843 19093.4377  7.35%  22.8 5380s
 2650788 972598 20595.3595   55   42 20609.0843 19093.7985  7.35%  22.8 5385s
 2653271 973467 19492.2514   57   34 20609.0843 19094.1045  7.35%  22.8 5390s
 2655745 974287 20125.6832   59   46 20609.0843 19094.4519  7.35%  22.8 5395s
 2658314 975282 19662.6353   79   26 20609.0843 19094.8263  7.35%  22.8 5400s
 2660595 976017 19848.3198   57   32 20609.0843 19095.1885  7.35%  22.8 5405s
 2662861 976846 20103.2493   65   20 20609.0843 19095.4931  7.34%  22.8 5410s
 2664372 977363 19367.5118   57   35 20609.0843 19095.6882  7.34%  22.8 5415s
 2666315 977938 19760.5382   58   35 20609.0843 19095.9398  7.34%  22.8 5420s
 2669056 978853 19240.4228   48   39 20609.0843 19096.2998  7.34%  22.8 5425s
 2671184 979615 20257.5586   54   24 20609.0843 19096.5547  7.34%  22.8 5430s
 2673757 980442 19601.5604   51   37 20609.0843 19096.8855  7.34%  22.8 5435s
 2675898 981273 19873.4907   85   22 20609.0843 19097.1421  7.34%  22.8 5440s
 2678804 982260 19385.8861   60   39 20609.0843 19097.6062  7.33%  22.8 5445s
 2681237 983083 20066.7541   50   12 20609.0843 19097.8441  7.33%  22.8 5450s
 2683844 983937     cutoff   81      20609.0843 19098.1825  7.33%  22.8 5455s
 2686384 984796 infeasible   93      20609.0843 19098.5118  7.33%  22.8 5460s
 2689052 985680     cutoff   62      20609.0843 19098.9335  7.33%  22.8 5465s
 2692158 986798 19477.0565   58   32 20609.0843 19099.3531  7.33%  22.8 5470s
 2694943 987724     cutoff   63      20609.0843 19099.7593  7.32%  22.8 5475s
 2697731 988694 20022.8887   97   16 20609.0843 19100.1454  7.32%  22.8 5480s
 2700689 989599     cutoff   55      20609.0843 19100.6091  7.32%  22.8 5485s
 2703450 990637 19650.0670   64   22 20609.0843 19101.0107  7.32%  22.8 5491s
 2705756 991375 20195.6486   81   40 20609.0843 19101.3517  7.32%  22.8 5495s
 2708627 992334 19456.6414   61   31 20609.0843 19101.7425  7.31%  22.8 5500s
 2710876 993112 19337.2221   57   23 20609.0843 19102.0371  7.31%  22.8 5505s
 2713603 994082     cutoff   54      20609.0843 19102.4329  7.31%  22.8 5510s
 2716224 994919 19303.3315   61   48 20609.0843 19102.8274  7.31%  22.8 5515s
 2718441 995670 19653.3625   56   30 20609.0843 19103.1389  7.31%  22.8 5520s
 2721059 996511 20389.1660   61   25 20609.0843 19103.5087  7.31%  22.8 5525s
 2723464 997369 20596.3031   86   33 20609.0843 19103.8121  7.30%  22.8 5530s
 2725649 997940 19717.8968   54   22 20609.0843 19104.1482  7.30%  22.8 5535s
 2727872 998773 19173.4561   53   23 20609.0843 19104.4180  7.30%  22.8 5540s
 2730284 999464 19688.3204   63   29 20609.0843 19104.7773  7.30%  22.8 5545s
 2732872 1000448     cutoff   78      20609.0843 19105.1501  7.30%  22.8 5550s
 2734879 1001098     cutoff   76      20609.0843 19105.4700  7.30%  22.8 5555s
 2737565 1001954 20434.4027   64   24 20609.0843 19105.8670  7.29%  22.8 5560s
 2740164 1002868 infeasible   67      20609.0843 19106.2552  7.29%  22.8 5566s
 2742193 1003591     cutoff   55      20609.0843 19106.4807  7.29%  22.8 5570s
 2745082 1004564 19606.4483   64   25 20609.0843 19106.9136  7.29%  22.8 5575s
 2747596 1005402 19574.0894   51   38 20609.0843 19107.2799  7.29%  22.8 5580s
 2750068 1006262 19919.5584   64   24 20609.0843 19107.5764  7.29%  22.8 5585s
 2753041 1007161 19581.9426   80   31 20609.0843 19107.9405  7.28%  22.7 5590s
 2755669 1007993 19147.2481   63   26 20609.0843 19108.2804  7.28%  22.7 5595s
 2758442 1008844 19921.6924   68   14 20609.0843 19108.6722  7.28%  22.7 5600s
 2761736 1010100 19721.2733   64   47 20609.0843 19109.0690  7.28%  22.7 5605s
 2764172 1010884 20291.7278   67   31 20609.0843 19109.3924  7.28%  22.7 5610s
 2767054 1011886 19725.9744   70   48 20609.0843 19109.8501  7.27%  22.7 5615s
 2769787 1012758 20006.9037   69   20 20609.0843 19110.2103  7.27%  22.7 5620s
 2772457 1013619 19618.9476   58   14 20609.0843 19110.5565  7.27%  22.7 5625s
 2775404 1014680 19381.9749   55   26 20609.0843 19110.9442  7.27%  22.7 5630s
 2777662 1015401 19573.8795   64   39 20609.0843 19111.2035  7.27%  22.7 5635s
 2780229 1016147 19178.0977   55   16 20609.0843 19111.6295  7.27%  22.7 5640s
 2783303 1017134 19869.6793   77   24 20609.0843 19111.9960  7.26%  22.7 5645s
 2785773 1018012 19896.4618   70   34 20609.0843 19112.2924  7.26%  22.7 5650s
 2788055 1018705 19471.5900   68   27 20609.0843 19112.5615  7.26%  22.7 5655s
 2790686 1019553     cutoff   57      20609.0843 19112.9369  7.26%  22.7 5660s
 2793135 1020374 19918.4689   55   26 20609.0843 19113.2485  7.26%  22.7 5665s
 2795366 1021124     cutoff   56      20609.0843 19113.5350  7.26%  22.7 5670s
 2797773 1021900 20478.2193   54   23 20609.0843 19113.8823  7.26%  22.7 5675s
 2800175 1022739 20552.3231   76   33 20609.0843 19114.2320  7.25%  22.7 5680s
 2802139 1023268 20247.7977   57   31 20609.0843 19114.4587  7.25%  22.7 5685s
 2804801 1024160 19426.6977   55   33 20609.0843 19114.7380  7.25%  22.7 5690s
 2807457 1025041 19380.9560   53   25 20609.0843 19115.0158  7.25%  22.7 5695s
 2810243 1025929 20218.5653   64   19 20609.0843 19115.4218  7.25%  22.7 5700s
 2812796 1026884 19181.8168   54   27 20609.0843 19115.7538  7.25%  22.7 5705s
 2814751 1027594 19740.2934   45   54 20609.0843 19116.0163  7.24%  22.7 5710s
 2817693 1028610 19601.0880   51   28 20609.0843 19116.4330  7.24%  22.7 5715s
 2820483 1029373 19516.3392   51   24 20609.0843 19116.8251  7.24%  22.7 5720s
 2823308 1030365 19443.5639   49   59 20609.0843 19117.2053  7.24%  22.7 5725s
 2826443 1031255 19589.2354   58   24 20609.0843 19117.6824  7.24%  22.7 5730s
 2829051 1032092 19215.0838   64   40 20609.0843 19118.0529  7.23%  22.7 5735s
 2831935 1032962 19835.0657   51   42 20609.0843 19118.4200  7.23%  22.7 5740s
 2834979 1034141 19387.3613   55   20 20609.0843 19118.8127  7.23%  22.7 5745s
 2837784 1034959 19907.5136   67   18 20609.0843 19119.1745  7.23%  22.7 5750s
 2840306 1035764 19392.0872   57   20 20609.0843 19119.4935  7.23%  22.7 5755s
 2843099 1036677 19315.4732   50   15 20609.0843 19119.8558  7.23%  22.7 5760s
 2845626 1037443 19450.9247   58   35 20609.0843 19120.2842  7.22%  22.7 5765s
 2848042 1038095 19468.8658   45   44 20609.0843 19120.6766  7.22%  22.7 5770s
 2850441 1038840     cutoff   55      20609.0843 19121.0339  7.22%  22.7 5775s
 2852594 1039493 19288.6239   49   29 20609.0843 19121.3704  7.22%  22.7 5780s
 2855187 1040316 20140.9905   62   28 20609.0843 19121.7738  7.22%  22.7 5785s
 2857726 1041016 20270.7668   67   30 20609.0843 19122.1318  7.22%  22.7 5791s
 2859791 1041749 19285.3347   56   26 20609.0843 19122.4180  7.21%  22.7 5795s
 2862552 1042718 19579.1444   58   46 20609.0843 19122.7885  7.21%  22.7 5800s
 2864721 1043397 infeasible   53      20609.0843 19123.0873  7.21%  22.7 5805s
 2866902 1044104 19525.4166   56   28 20609.0843 19123.3549  7.21%  22.7 5810s
 2869441 1044847 20274.2625   86   14 20609.0843 19123.7146  7.21%  22.7 5815s
 2872258 1045723 20364.6791   56   42 20609.0843 19124.0749  7.21%  22.7 5821s
 2873906 1046415 19228.4699   59   32 20609.0843 19124.2406  7.20%  22.7 5825s
 2876667 1047271 19783.0198   58   14 20609.0843 19124.5856  7.20%  22.7 5830s
 2879103 1048066     cutoff   63      20609.0843 19124.9376  7.20%  22.7 5835s
 2881578 1048813     cutoff   69      20609.0843 19125.2329  7.20%  22.7 5840s
 2884458 1049682 20172.5494   53   55 20609.0843 19125.6198  7.20%  22.7 5845s
 2887372 1050484 19712.6347   66   39 20609.0843 19125.9844  7.20%  22.7 5850s
 2890263 1051293     cutoff   63      20609.0843 19126.3760  7.19%  22.7 5855s
 2892363 1051862 20401.7339   68   41 20609.0843 19126.6901  7.19%  22.7 5860s
 2895384 1052728 19647.9340   62   28 20609.0843 19127.1167  7.19%  22.7 5865s
 2898334 1053776     cutoff   59      20609.0843 19127.5022  7.19%  22.7 5870s
 2901171 1054676 19717.7783   55   24 20609.0843 19127.8872  7.19%  22.7 5875s
 2903677 1055345     cutoff   62      20609.0843 19128.2113  7.19%  22.7 5880s
 2906421 1056147 20549.0916   70   31 20609.0843 19128.5809  7.18%  22.7 5885s
 2909036 1056966 19556.3948   56   31 20609.0843 19128.9085  7.18%  22.7 5890s
 2911500 1057656 19692.7362   65   39 20609.0843 19129.2386  7.18%  22.7 5895s
 2914232 1058701 19748.6879   71   22 20609.0843 19129.5317  7.18%  22.7 5900s
 2916433 1059387 19622.3452  102    8 20609.0843 19129.8234  7.18%  22.7 5905s
 2918900 1060244 20092.9894   48   48 20609.0843 19130.0734  7.18%  22.7 5910s
 2921183 1061024     cutoff   69      20609.0843 19130.3731  7.18%  22.7 5915s
 2923821 1061711 infeasible   68      20609.0843 19130.6683  7.17%  22.7 5920s
 2926286 1062334 19843.9042   75   34 20609.0843 19131.0903  7.17%  22.7 5925s
 2928515 1063012 19534.0403   61   39 20609.0843 19131.4183  7.17%  22.7 5930s
 2930406 1063699 19910.3894   72   33 20609.0843 19131.6637  7.17%  22.7 5935s
 2932873 1064410     cutoff   59      20609.0843 19131.9844  7.17%  22.7 5940s
 2934998 1065076 19142.7895   58   35 20609.0843 19132.2201  7.17%  22.7 5945s
 2937896 1065939 20327.8065   76   30 20609.0843 19132.5575  7.16%  22.7 5950s
 2940107 1066531 20334.8719   73   39 20609.0843 19132.8492  7.16%  22.7 5955s
 2942439 1067264 19840.1226   54   48 20609.0843 19133.1518  7.16%  22.7 5960s
 2945356 1068113 19460.5166   66   40 20609.0843 19133.5397  7.16%  22.7 5965s
 2947954 1068909 19686.0038   57   57 20609.0843 19133.8852  7.16%  22.7 5970s
 2950822 1069740 20448.5031   63   50 20609.0843 19134.2388  7.16%  22.7 5975s
 2953590 1070463 20352.3270   87   36 20609.0843 19134.5826  7.15%  22.7 5980s
 2956269 1071214 20212.0568   54   49 20609.0843 19134.8998  7.15%  22.7 5985s
 2959070 1072061     cutoff   61      20609.0843 19135.2261  7.15%  22.7 5990s
 2961753 1072906 19396.3733   70   24 20609.0843 19135.5303  7.15%  22.7 5995s
 2964596 1073778 19833.1067   67   18 20609.0843 19135.9257  7.15%  22.7 6000s

Cutting planes:
  Learned: 61
  Gomory: 18
  Lift-and-project: 1
  Cover: 210
  Implied bound: 56
  Projected implied bound: 8
  Clique: 5
  MIR: 125
  Flow cover: 348
  Inf proof: 128
  Zero half: 66
  RLT: 1
  Relax-and-lift: 12

Explored 2964796 nodes (67381419 simplex iterations) in 6000.01 seconds (7552.13 work units)
Thread count was 2 (of 2 available processors)

Solution count 10: 20609.1 20647.3 20873.4 ... 22210.1

Time limit reached
Best objective 2.060908434329e+04, best bound 1.913593331668e+04, gap 7.1481%
