
Gurobi 10.0.2 (linux64) logging started Tue 29 Aug 2023 07:07:24 PM -03

Set parameter LogFile to value "/home/ciro/Documents/ftsp-optimizer/Optimization/Data/Logs/att48_5_1001_1003_2.log"
Gurobi Optimizer version 10.0.2 build v10.0.2rc0 (linux64)

CPU model: Intel(R) Core(TM) i7-7500U CPU @ 2.70GHz, instruction set [SSE2]
Thread count: 2 physical cores, 2 logical processors, using up to 2 threads

Optimize a model with 2264 rows, 2400 columns and 13396 nonzeros
Model fingerprint: 0x666b424e
Variable types: 48 continuous, 2352 integer (2352 binary)
Coefficient statistics:
  Matrix range     [1e+00, 5e+01]
  Objective range  [1e+02, 8e+03]
  Bounds range     [1e+00, 5e+01]
  RHS range        [1e+00, 5e+01]
Presolve removed 73 rows and 122 columns
Presolve time: 0.08s
Presolved: 2191 rows, 2278 columns, 10779 nonzeros
Variable types: 47 continuous, 2231 integer (2231 binary)
Found heuristic solution: objective 51318.171429
Found heuristic solution: objective 46643.088103

Root relaxation: objective 5.264279e+03, 154 iterations, 0.01 seconds (0.00 work units)

    Nodes    |    Current Node    |     Objective Bounds      |     Work
 Expl Unexpl |  Obj  Depth IntInf | Incumbent    BestBd   Gap | It/Node Time

     0     0 5264.27935    0   37 46643.0881 5264.27935  88.7%     -    0s
H    0     0                    20053.041282 5264.27935  73.7%     -    0s
H    0     0                    19946.503619 5264.27935  73.6%     -    0s
     0     0 5830.10178    0   44 19946.5036 5830.10178  70.8%     -    0s
H    0     0                    9806.5322293 5830.10178  40.5%     -    0s
     0     0 6544.62230    0   36 9806.53223 6544.62230  33.3%     -    0s
     0     0 6632.75639    0   43 9806.53223 6632.75639  32.4%     -    0s
     0     0 6667.84855    0   48 9806.53223 6667.84855  32.0%     -    0s
     0     0 6675.53416    0   49 9806.53223 6675.53416  31.9%     -    0s
     0     0 6675.53416    0   49 9806.53223 6675.53416  31.9%     -    0s
     0     0 6853.96915    0   61 9806.53223 6853.96915  30.1%     -    0s
     0     0 6853.96915    0   37 9806.53223 6853.96915  30.1%     -    0s
     0     0 6853.96915    0   47 9806.53223 6853.96915  30.1%     -    0s
H    0     0                    9557.3564521 6853.96915  28.3%     -    0s
     0     0 6853.96915    0   44 9557.35645 6853.96915  28.3%     -    0s
     0     0 6853.96915    0   57 9557.35645 6853.96915  28.3%     -    0s
     0     0 6876.51546    0   62 9557.35645 6876.51546  28.1%     -    0s
     0     0 6879.80817    0   42 9557.35645 6879.80817  28.0%     -    0s
     0     0 6891.91748    0   33 9557.35645 6891.91748  27.9%     -    0s
     0     0 6894.75963    0   29 9557.35645 6894.75963  27.9%     -    0s
     0     0 6894.75963    0   33 9557.35645 6894.75963  27.9%     -    0s
     0     0 6894.75963    0   33 9557.35645 6894.75963  27.9%     -    0s
     0     0 6894.75963    0   34 9557.35645 6894.75963  27.9%     -    0s
     0     0 6894.75963    0   34 9557.35645 6894.75963  27.9%     -    0s
     0     0 6895.23631    0   48 9557.35645 6895.23631  27.9%     -    0s
     0     0 6895.23631    0   48 9557.35645 6895.23631  27.9%     -    0s
     0     0 6939.03553    0   37 9557.35645 6939.03553  27.4%     -    1s
     0     0 6939.03553    0   57 9557.35645 6939.03553  27.4%     -    1s
     0     0 6939.03553    0   29 9557.35645 6939.03553  27.4%     -    1s
     0     0 6939.03553    0   48 9557.35645 6939.03553  27.4%     -    1s
     0     0 6939.03553    0   33 9557.35645 6939.03553  27.4%     -    1s
     0     0 6939.03553    0   38 9557.35645 6939.03553  27.4%     -    1s
     0     0 6939.03553    0   58 9557.35645 6939.03553  27.4%     -    1s
     0     0 6939.03553    0   51 9557.35645 6939.03553  27.4%     -    1s
     0     0 6939.03553    0   62 9557.35645 6939.03553  27.4%     -    1s
     0     0 6939.03553    0   62 9557.35645 6939.03553  27.4%     -    1s
     0     0 6939.03553    0   56 9557.35645 6939.03553  27.4%     -    1s
     0     0 6939.03553    0   56 9557.35645 6939.03553  27.4%     -    1s
     0     0 6939.03553    0   60 9557.35645 6939.03553  27.4%     -    1s
     0     0 6939.03553    0   51 9557.35645 6939.03553  27.4%     -    1s
     0     2 6939.03709    0   51 9557.35645 6939.03709  27.4%     -    1s
H  103    98                    9525.7885024 6939.03709  27.2%   8.9    2s
   794   539 8478.07351   61   65 9525.78850 7008.65757  26.4%   9.0    5s
H  850   549                    9403.4690191 7008.65757  25.5%  10.7    5s
H 1381   651                    9293.0370160 7008.65757  24.6%  12.2    6s
H 3477  1616                    9033.9195023 7174.89975  20.6%  12.4    8s
  4640  2251     cutoff   37      9033.91950 7249.20584  19.8%  12.8   10s
  7475  3219 7365.95228   39   29 9033.91950 7365.95228  18.5%  13.6   15s
 11771  3637 8020.02295   39   36 9033.91950 7476.66405  17.2%  13.8   20s
 18055  4018 8267.08115   48   21 9033.91950 7667.53094  15.1%  13.8   25s
 22093  5180 8790.37758   46   61 9033.91950 7747.39084  14.2%  13.9   32s
 22161  5225 8481.32816   39   86 9033.91950 7747.39084  14.2%  13.8   35s
 23344  5517 7947.30774   53   48 9033.91950 7747.39084  14.2%  14.1   40s
 28199  5978 8801.76826   60   18 9033.91950 7747.39084  14.2%  14.6   45s
 32281  5985 8249.01829   68   26 9033.91950 7747.39084  14.2%  14.7   50s
 38486  6140 8269.18431   52   35 9033.91950 7843.06991  13.2%  14.8   55s
*38799  6219              65    9024.5816950 7845.87585  13.1%  14.8   55s
 44104  7736 8051.23075   46   24 9024.58169 7914.49131  12.3%  15.0   60s
 49510  9182 8403.46390   55   32 9024.58169 7965.97707  11.7%  15.2   65s
 54998 10299 8807.87101   53   24 9024.58169 8016.04700  11.2%  15.3   70s
 60683 11311 8590.59781   54   29 9024.58169 8061.83026  10.7%  15.4   75s
 65941 12075 8550.66376   57   21 9024.58169 8098.64169  10.3%  15.5   80s
 71120 12760 8773.15611   71   23 9024.58169 8133.82564  9.87%  15.6   85s
 76379 13461 8878.17777   54   22 9024.58169 8164.09455  9.53%  15.7   90s
 81570 14052     cutoff   66      9024.58169 8193.35568  9.21%  15.7   95s
 86854 14562 8908.25119   68   20 9024.58169 8223.41849  8.88%  15.8  100s
 91710 15040 8647.17202   57   33 9024.58169 8246.72747  8.62%  15.9  105s
 96649 15432 8304.97969   50   40 9024.58169 8276.06490  8.29%  15.9  110s
 101402 15723 8624.38739   57   17 9024.58169 8302.38183  8.00%  15.9  115s
 105877 15939 8741.52765   49   11 9024.58169 8324.46450  7.76%  16.0  120s
 109961 16073     cutoff   59      9024.58169 8346.17854  7.52%  16.0  125s
 114344 16141 9001.46400   67   32 9024.58169 8361.47793  7.35%  16.0  130s
 119024 16286 8586.54150   58   16 9024.58169 8381.77230  7.12%  16.0  135s
 123371 16337     cutoff   49      9024.58169 8400.28644  6.92%  16.0  140s
 127901 16357 8669.01053   54   32 9024.58169 8419.63749  6.70%  16.0  145s
 132413 16376 8960.54832   48   19 9024.58169 8436.76577  6.51%  16.0  150s
 137178 16357 8873.67666   59   13 9024.58169 8454.81952  6.31%  16.0  155s
 142118 16141     cutoff   58      9024.58169 8475.86882  6.08%  16.0  160s
 147005 16033 infeasible   74      9024.58169 8495.22499  5.87%  15.9  165s
 152088 15827 8850.70859   55   23 9024.58169 8514.83596  5.65%  15.9  170s
 157450 15571 8846.52831   54   50 9024.58169 8535.20834  5.42%  15.9  175s
 162412 15230 8850.11905   65   14 9024.58169 8553.68396  5.22%  15.9  180s
 167363 14804 8729.96499   62   39 9024.58169 8572.88484  5.01%  15.9  185s
 172503 14218     cutoff   65      9024.58169 8593.09164  4.78%  15.9  190s
 177869 13662 8969.23940   59   30 9024.58169 8613.10515  4.56%  15.9  195s
 183371 12917     cutoff   60      9024.58169 8634.12280  4.33%  15.8  200s
 188311 12192 infeasible   61      9024.58169 8653.62099  4.11%  15.8  205s
 193448 11388 8916.75345   62    8 9024.58169 8674.11274  3.88%  15.8  210s
 197910 10494 8937.45278   53   29 9024.58169 8693.78641  3.67%  15.7  215s
 202801  9324     cutoff   66      9024.58169 8717.29726  3.40%  15.7  220s
 207917  8130 8914.66918   58   45 9024.58169 8742.40654  3.13%  15.7  225s
 212947  6614 8868.99281   64   15 9024.58169 8771.90255  2.80%  15.6  230s
 217645  4846 infeasible   62      9024.58169 8808.81500  2.39%  15.6  235s
 222431  2679 infeasible   74      9024.58169 8864.02770  1.78%  15.5  240s

Cutting planes:
  Learned: 40
  Gomory: 25
  Lift-and-project: 1
  Cover: 174
  Implied bound: 45
  Clique: 6
  MIR: 41
  StrongCG: 1
  Flow cover: 306
  GUB cover: 1
  Inf proof: 29
  Zero half: 24
  RLT: 1
  Relax-and-lift: 7

Explored 226526 nodes (3502128 simplex iterations) in 243.78 seconds (298.58 work units)
Thread count was 2 (of 2 available processors)

Solution count 10: 9024.58 9024.58 9033.92 ... 20053

Optimal solution found (tolerance 1.00e-04)
Best objective 9.024581694997e+03, best bound 9.024581694997e+03, gap 0.0000%
