
Gurobi 10.0.2 (linux64) logging started Tue 29 Aug 2023 07:11:28 PM -03

Set parameter LogFile to value "/home/ciro/Documents/ftsp-optimizer/Optimization/Data/Logs/bier127_10_1001_1001_2.log"
Gurobi Optimizer version 10.0.2 build v10.0.2rc0 (linux64)

CPU model: Intel(R) Core(TM) i7-7500U CPU @ 2.70GHz, instruction set [SSE2]
Thread count: 2 physical cores, 2 logical processors, using up to 2 threads

Optimize a model with 16015 rows, 16383 columns and 95635 nonzeros
Model fingerprint: 0x301677c6
Variable types: 127 continuous, 16256 integer (16256 binary)
Coefficient statistics:
  Matrix range     [1e+00, 1e+02]
  Objective range  [1e+02, 2e+04]
  Bounds range     [1e+00, 1e+02]
  RHS range        [1e+00, 1e+02]
Presolve removed 113 rows and 241 columns
Presolve time: 0.29s
Presolved: 15902 rows, 16142 columns, 79072 nonzeros
Variable types: 126 continuous, 16016 integer (16016 binary)

Root relaxation: objective 1.853058e+04, 606 iterations, 0.04 seconds (0.04 work units)

    Nodes    |    Current Node    |     Objective Bounds      |     Work
 Expl Unexpl |  Obj  Depth IntInf | Incumbent    BestBd   Gap | It/Node Time

     0     0 18530.5776    0  154          - 18530.5776      -     -    0s
H    0     0                    212038.99137 18530.5776  91.3%     -    0s
     0     0 22151.3788    0  152 212038.991 22151.3788  89.6%     -    0s
H    0     0                    85202.244976 22151.3788  74.0%     -    1s
     0     0 23116.2211    0  151 85202.2450 23116.2211  72.9%     -    1s
     0     0 23116.2417    0  149 85202.2450 23116.2417  72.9%     -    1s
     0     0 24213.6180    0  164 85202.2450 24213.6180  71.6%     -    2s
H    0     0                    73763.921113 24213.6180  67.2%     -    3s
     0     0 24240.9444    0  161 73763.9211 24240.9444  67.1%     -    3s
     0     0 24241.8398    0  166 73763.9211 24241.8398  67.1%     -    3s
     0     0 24241.8398    0  166 73763.9211 24241.8398  67.1%     -    3s
     0     0 24288.2316    0  169 73763.9211 24288.2316  67.1%     -    3s
     0     0 24288.2316    0  169 73763.9211 24288.2316  67.1%     -    3s
     0     0 24396.7172    0  157 73763.9211 24396.7172  66.9%     -    4s
     0     0 24447.2845    0  164 73763.9211 24447.2845  66.9%     -    4s
     0     0 24447.2845    0  166 73763.9211 24447.2845  66.9%     -    4s
     0     0 24469.7724    0  162 73763.9211 24469.7724  66.8%     -    4s
     0     0 24469.7724    0  162 73763.9211 24469.7724  66.8%     -    4s
     0     0 24491.4994    0  159 73763.9211 24491.4994  66.8%     -    4s
     0     0 24491.4994    0  159 73763.9211 24491.4994  66.8%     -    4s
     0     0 24566.2277    0  172 73763.9211 24566.2277  66.7%     -    4s
     0     0 24566.2277    0  172 73763.9211 24566.2277  66.7%     -    4s
     0     0 24639.6700    0  176 73763.9211 24639.6700  66.6%     -    5s
     0     0 24642.2724    0  176 73763.9211 24642.2724  66.6%     -    5s
     0     0 24642.2724    0  176 73763.9211 24642.2724  66.6%     -    5s
     0     0 24729.2362    0  162 73763.9211 24729.2362  66.5%     -    5s
     0     0 24731.8636    0  169 73763.9211 24731.8636  66.5%     -    5s
     0     0 24732.3692    0  175 73763.9211 24732.3692  66.5%     -    5s
     0     0 24736.9476    0  177 73763.9211 24736.9476  66.5%     -    5s
     0     0 24738.7458    0  180 73763.9211 24738.7458  66.5%     -    5s
     0     0 24738.7458    0  180 73763.9211 24738.7458  66.5%     -    5s
     0     0 24742.1559    0  180 73763.9211 24742.1559  66.5%     -    5s
     0     0 24742.1559    0  180 73763.9211 24742.1559  66.5%     -    5s
     0     2 25467.6029    0  175 73763.9211 25467.6029  65.5%     -    7s
    73    80 25797.3415   24  125 73763.9211 25467.6029  65.5%  45.5   10s
H   83    86                    53403.422167 25467.6029  52.3%  43.3   13s
H   87    86                    50595.954789 25467.6029  49.7%  41.9   13s
   214   220 26243.0157   90  113 50595.9548 25467.6029  49.7%  26.1   15s
H  552   559                    49932.492314 25467.6029  49.0%  27.9   19s
   564   597 27491.8685  277  102 49932.4923 25467.6029  49.0%  28.2   20s
  1062  1099 27797.5598  537  120 49932.4923 25467.6029  49.0%  22.7   25s
H 1104  1101                    47261.141450 25467.6029  46.1%  22.9   27s
H 1105  1101                    46892.952360 25467.6029  45.7%  22.9   27s
  1305  1363 28044.4460  651  128 46892.9524 25467.6029  45.7%  23.1   30s
H 1613  1588                    46116.539936 25467.6029  44.8%  23.3   33s
  1614  1589 29728.6546  725  180 46116.5399 25467.6029  44.8%  23.3   49s
  1616  1590 29769.7103  405  162 46116.5399 25467.6029  44.8%  23.3   51s
  1618  1592 27996.6246  625  165 46116.5399 25467.6029  44.8%  23.3   55s
H 1628  1517                    45679.314709 25467.6029  44.2%  23.1   60s
  1636  1523 31581.7984  359  170 45679.3147 25467.6029  44.2%  23.0   65s
  1643  1527 30696.9786  531  170 45679.3147 25467.6029  44.2%  22.9   74s
H 1643  1452                    45117.041751 25467.6029  43.6%  24.9   76s
  1700  1494 25467.6029   27  131 45117.0418 25467.6029  43.6%  26.2   80s
H 1844  1504                    45117.041344 25467.6029  43.6%  26.5   84s
H 1845  1435                    45117.037721 25467.6029  43.6%  26.5   84s
  1846  1450 31656.9512   66   88 45117.0377 25467.6029  43.6%  26.6   85s
  2139  1650 36832.2146  146   89 45117.0377 25467.6029  43.6%  27.1   90s
H 2361  1696                    45020.609937 25467.6029  43.4%  28.0  103s
  2363  1717 42444.6666  204   67 45020.6099 25467.6029  43.4%  28.0  105s
  2548  1828 26746.1954   38  133 45020.6099 25467.6029  43.4%  29.3  110s
H 2721  1829                    44762.540258 25467.6029  43.1%  29.7  113s
  2728  1898 33322.3427   84  118 44762.5403 25467.6029  43.1%  29.7  115s
  3145  2197 37192.6993  191   88 44762.5403 25467.6029  43.1%  28.8  121s
  3386  2328 42349.9425  244   72 44762.5403 25467.6029  43.1%  28.5  125s
  3608  2465 27946.5515   56  133 44762.5403 25467.6029  43.1%  28.5  131s
H 3661  2388                    44703.148676 25467.6029  43.0%  28.3  131s
H 3701  2311                    44543.643891 25467.6029  42.8%  28.3  131s
  3936  2550 25467.6029   19  175 44543.6439 25467.6029  42.8%  28.1  136s
* 4161  2548             223    44313.555405 25467.6029  42.5%  27.9  138s
  4186  2687 33843.1614  140  117 44313.5554 25467.6029  42.5%  27.9  140s
  4483  2902 34084.3765  334  100 44313.5554 25467.6029  42.5%  27.5  145s
  4877  3174 27130.6314   27  127 44313.5554 25467.6029  42.5%  26.8  150s
  5325  3583 28892.3533  205  128 44313.5554 25467.6029  42.5%  25.9  155s
  5724  3959 26688.0489   34  139 44313.5554 25467.6029  42.5%  25.7  160s
  6189  4520 26731.5625   24  174 44313.5554 25467.6029  42.5%  25.9  166s
  6806  4884 27775.7696  157  130 44313.5554 25467.6029  42.5%  25.3  172s
  7173  5242 30069.3338  105  149 44313.5554 25467.6029  42.5%  25.8  177s
  7382  5563 30431.9389   70   90 44313.5554 25467.6029  42.5%  26.1  183s
  7704  5756 39806.8858  260   89 44313.5554 25467.6029  42.5%  25.9  185s
  8465  6358 29521.6073  171  144 44313.5554 25467.6029  42.5%  25.3  191s
  8906  6795 33017.6301   56  104 44313.5554 25467.6029  42.5%  25.5  196s
  9341  7129 34356.3196  117  132 44313.5554 25467.6029  42.5%  25.6  200s
  9854  7593 31841.3807   52  104 44313.5554 25467.6029  42.5%  25.7  206s
H10055  7580                    44185.395203 25467.6029  42.4%  25.7  214s
H10056  7568                    44032.899407 25467.6029  42.2%  25.7  214s
 10057  7670 29004.6682   35  139 44032.8994 25467.6029  42.2%  25.7  215s
 10487  8125 26786.1869   36  144 44032.8994 25467.6029  42.2%  25.7  221s
*10567  8095             116    43878.791975 25467.6029  42.0%  25.7  221s
 10784  8386 35817.0697   97   66 43878.7920 25467.6029  42.0%  25.8  225s
 11357  8811 31834.8770   84  112 43878.7920 25467.6029  42.0%  26.2  231s
 11693  9114 25969.6973   21  147 43878.7920 25467.6029  42.0%  26.4  236s
 12017  9460 33135.6505  179   96 43878.7920 25467.6029  42.0%  26.2  240s
 12409  9874 27491.0397   47   88 43878.7920 25467.6029  42.0%  25.9  245s
 12994 10268 31803.5990  365   91 43878.7920 25467.6029  42.0%  25.4  250s
 13585 10784 39554.8750  108   46 43878.7920 25467.6029  42.0%  25.5  257s
 13976 11192 30707.6263   53  133 43878.7920 25467.6029  42.0%  25.6  262s
 14376 11513 29431.1830   40  123 43878.7920 25467.6029  42.0%  25.5  266s
H14810 11642                    43584.563947 25467.6029  41.6%  25.6  327s
 14811 11643 28787.1069   91  180 43584.5639 25467.6029  41.6%  25.6  333s
 14813 11644 29151.5442   67  162 43584.5639 25467.6029  41.6%  25.6  336s
 14818 11648 27822.3382   71  128 43584.5639 25467.6029  41.6%  25.6  340s
 14821 11650 36692.0440  118  139 43584.5639 25467.6029  41.6%  25.6  346s
 14824 11652 35186.0397  253  124 43584.5639 25467.6029  41.6%  25.5  351s
 14826 11653 28982.9985   37  171 43584.5639 25467.6029  41.6%  25.5  355s
 14829 11655 27199.0868   42  188 43584.5639 25467.6029  41.6%  25.5  360s
 14835 11659 36971.3053  211  205 43584.5639 25467.6029  41.6%  25.5  366s
 14839 11662 26419.7361   69  224 43584.5639 25659.8470  41.1%  25.5  371s
H14839 11078                    43168.439431 25729.0975  40.4%  25.5  380s
 14845 11082 31335.4213  155  183 43168.4394 25791.0438  40.3%  25.5  385s
 14850 11085 41086.7624  291  144 43168.4394 25931.1868  39.9%  25.5  391s
H14850 10530                    43004.811234 25987.6365  39.6%  25.5  396s
 14853 10532 26833.3414   31  165 43004.8112 25995.7054  39.6%  25.5  400s
 14856 10534 39771.7536   99  175 43004.8112 26001.0866  39.5%  25.5  406s
 14858 10535 40433.2468   89  166 43004.8112 26059.9521  39.4%  25.5  410s
 14861 10537 33481.4149   80  183 43004.8112 26147.2123  39.2%  25.5  416s
 14864 10539 43004.8112  160  210 43004.8112 26212.3506  39.0%  25.5  420s
 14870 10543 30841.6571  111  238 43004.8112 26327.0504  38.8%  25.5  427s
 14873 10545 36135.1152  343  215 43004.8112 26487.9189  38.4%  25.5  431s
 14876 10547 26547.0943   29  209 43004.8112 26547.0943  38.3%  25.5  436s
H14876 10019                    42934.942187 26547.2760  38.2%  25.5  442s
 14879 10021 40838.0938  202  224 42934.9422 26581.5317  38.1%  25.5  446s
 14881 10023 41075.7209  192  224 42934.9422 26584.5624  38.1%  25.4  450s
 14884 10025 26590.6093   25  211 42934.9422 26590.6093  38.1%  25.4  456s
 14886 10026 29935.1284   56  199 42934.9422 26601.5322  38.0%  25.4  460s
 14889 10028 31306.2790  172  211 42934.9422 26601.6866  38.0%  25.4  466s
 14891 10029 37798.1506   71  210 42934.9422 26602.0316  38.0%  25.4  470s
 14893 10031 34901.3827  189  211 42934.9422 26602.0316  38.0%  25.4  475s
 14899 10035 36126.6169  132  230 42934.9422 26605.5484  38.0%  25.4  480s
 14907 10040 39041.1577  129  213 42934.9422 26676.6457  37.9%  25.4  485s
 14914 10045 40731.2728  116  226 42934.9422 26682.2582  37.9%  25.4  490s
 14921 10049 36692.0440  118  224 42934.9422 26689.5187  37.8%  25.4  498s
 14924 10051 35186.0397  253  220 42934.9422 26689.6023  37.8%  25.4  500s
H14927  9548                    42409.275556 26689.6023  37.1%  25.4  509s
 14928  9549 27972.5885   38  219 42409.2756 26689.6023  37.1%  25.4  512s
 14935  9557 26696.7127   25  167 42409.2756 26689.6023  37.1%  26.1  515s
H14954  9090                    42043.084670 26689.6023  36.5%  26.2  519s
 14956  9092 26786.8620   30  171 42043.0847 26689.6023  36.5%  26.2  531s
 14979  9102 infeasible   36      42043.0847 26689.6023  36.5%  26.2  535s
H14981  8645                    41598.459120 26689.6023  35.8%  26.2  535s
H15009  8227                    41473.137009 26689.6023  35.6%  26.3  541s
H15010  7816                    41333.272317 26689.6023  35.4%  26.3  541s
 15038  7827 29775.1447   51  136 41333.2723 26689.6023  35.4%  26.3  547s
 15064  7842 29786.1551   57   79 41333.2723 26689.6023  35.4%  26.4  550s
 15112  7862 38822.5960   68  101 41333.2723 26689.6023  35.4%  26.5  558s
H15114  7471                    41284.468165 26689.6023  35.4%  26.5  558s
H15118  7099                    41154.161245 26689.6023  35.1%  26.6  558s
 15128  7110 29863.5673   72  140 41154.1612 26689.6023  35.1%  26.6  560s
 15179  7125 30887.6183   84  128 41154.1612 26689.6023  35.1%  26.7  565s
 15221  7135 41080.6840  100  120 41154.1612 26696.8045  35.1%  26.8  570s
 15267  7154 26969.8811   34  156 41154.1612 26696.8045  35.1%  26.9  575s
H15287  6792                    41079.215949 26696.8045  35.0%  26.9  575s
 15306  6821 28672.1505   41  138 41079.2159 26696.8045  35.0%  27.0  580s
H15321  6477                    40953.893838 26696.8045  34.8%  27.0  580s
 15427  6531 29881.9208   93  165 40953.8938 26696.8045  34.8%  27.1  588s
 15429  6596 29883.2041   94  171 40953.8938 26696.8045  34.8%  27.1  590s
H15506  6264                    40866.472337 26696.8045  34.7%  27.1  596s
 15584  6316 28256.5054   41  174 40866.4723 26700.8140  34.7%  27.2  601s
 15738  6424 31500.1409  129  146 40866.4723 26700.8140  34.7%  27.4  606s
 15946  6389 35524.8586  228  105 40866.4723 26708.8128  34.6%  27.3  611s
H16065  6080                    40850.996160 26730.7972  34.6%  27.6  617s
 16161  6252 29985.8610   55  150 40850.9962 26730.7972  34.6%  27.7  622s
 16378  6274 30813.7849  178  131 40850.9962 26730.7972  34.6%  27.5  626s
 16543  6300 33014.3382  254  108 40850.9962 26732.0001  34.6%  27.6  631s
 16720  6400 39510.5316   86   88 40850.9962 26736.4978  34.6%  28.2  636s
 17019  6439 27204.1062   28  155 40850.9962 26737.0447  34.5%  28.4  642s
 17021  6521 27231.5941   29  178 40850.9962 26737.0447  34.5%  28.4  645s
 17309  6667 32301.6213  105  135 40850.9962 26744.5957  34.5%  28.7  651s
 17633  6670 38949.9568   93   73 40850.9962 26744.5957  34.5%  29.1  658s
 17659  6738 38951.2529   94   78 40850.9962 26744.5957  34.5%  29.2  665s
 17921  6798 28037.6268   44  132 40850.9962 26746.5603  34.5%  29.4  673s
 17960  6904 28148.7537   52  128 40850.9962 26746.5603  34.5%  29.4  677s
 18150  6985 30654.4010  178  114 40850.9962 26757.4545  34.5%  29.6  681s
 18506  7276 39251.7350  129   60 40850.9962 26766.2499  34.5%  30.2  688s
 18789  7315 27142.0203   38  177 40850.9962 26780.5935  34.4%  30.4  693s
 18997  7410 29045.9739   42  130 40850.9962 26781.4882  34.4%  30.4  696s
 19200  7514 28784.3534   38  157 40850.9962 26785.5954  34.4%  30.8  701s
 19469  7482 36226.9160   64  130 40850.9962 26787.4203  34.4%  30.9  707s
 19600  7503 29528.4504   35  164 40850.9962 26791.1860  34.4%  31.1  713s
 19678  7796 40437.3555   66  180 40850.9962 26797.4766  34.4%  31.3  719s
 20108  7892 36209.7340  197   95 40850.9962 26805.0271  34.4%  31.2  725s
 20444  7985 28506.4924   63  162 40850.9962 26811.1304  34.4%  31.4  731s
 20684  8074 30945.1426  203  128 40850.9962 26813.4055  34.4%  31.3  737s
 20930  8347 37531.8112   58  128 40850.9962 26820.4914  34.3%  31.7  743s
 21357  8446 31221.3470   46  147 40850.9962 26827.0740  34.3%  31.7  748s
 21627  8560 29462.6773   36  187 40850.9962 26834.3887  34.3%  32.2  752s
 21927  8748 39511.2233   73  115 40850.9962 26840.5582  34.3%  32.4  757s
 22270  9129 31333.7883  114  135 40850.9962 26849.0106  34.3%  32.6  766s
 23001  9219 34869.4074   61  130 40850.9962 26875.8571  34.2%  32.6  771s
 23424  9393 28736.9026   82  159 40850.9962 26883.7333  34.2%  32.7  776s
 23785  9586 27821.0069   35  175 40850.9962 26889.5548  34.2%  32.7  781s
 24235  9750 30199.4344   36  157 40850.9962 26893.0627  34.2%  32.6  785s
 24615  9990 36703.2968   65  156 40850.9962 26896.4532  34.2%  32.9  790s
 24979 10087 38957.1439   92  156 40850.9962 26900.7816  34.1%  33.1  795s
 25495 10331 33018.2749   51  176 40850.9962 26915.6434  34.1%  33.3  801s
 25825 10642 33240.9809  125  136 40850.9962 26921.6090  34.1%  33.6  806s
 26207 10722 29938.5493   41  170 40850.9962 26924.9295  34.1%  33.7  811s
 26486 10863 39607.5456   99   86 40850.9962 26928.0788  34.1%  34.0  831s
 26849 11119 30936.1196   71  134 40850.9962 26929.0200  34.1%  34.1  837s
 27099 11219 33026.1813  163  125 40850.9962 26943.5384  34.0%  34.1  840s
 27485 11390 34544.7377   74  140 40850.9962 26950.5492  34.0%  34.4  846s
 27924 11452 32203.7477   74  147 40850.9962 26960.3279  34.0%  34.5  852s
 28032 11572 27564.8881   38  154 40850.9962 26960.3279  34.0%  34.5  855s
 28323 11663 30426.2916   60  172 40850.9962 26964.4292  34.0%  34.6  861s
 28727 11750 31211.0483   43  130 40850.9962 26968.6235  34.0%  34.7  869s
 28729 11889 31241.2987   44  116 40850.9962 26971.1970  34.0%  34.7  872s
 28941 11951 34379.2893   45  131 40850.9962 26973.3691  34.0%  34.8  876s
 29321 12138 38439.2013   65  154 40850.9962 26976.4079  34.0%  35.2  882s
 29552 12254 39163.8036   61  139 40850.9962 26983.2197  33.9%  35.3  889s
 29777 12410 29067.1858   48  186 40850.9962 26991.0768  33.9%  35.5  894s
 30021 12530 35995.8125   66  129 40850.9962 26991.0768  33.9%  35.6  898s
 30224 12547 36251.8812  200  132 40850.9962 26991.0768  33.9%  35.6  901s
 30343 12779 36323.0567  265  100 40850.9962 26991.2084  33.9%  35.6  906s
 31060 13100 28387.2325   34  169 40850.9962 26993.4479  33.9%  35.7  912s
 31329 13138 33076.4542  199  166 40850.9962 27001.5338  33.9%  35.8  915s
 31838 13377 37825.5205   83  136 40850.9962 27019.5562  33.9%  35.9  922s
 32329 13751 29512.8339  152  159 40850.9962 27031.7750  33.8%  36.0  927s
 32542 13917 37288.9679   80  139 40850.9962 27040.2407  33.8%  36.2  930s
 33082 14149 28937.0864   84  142 40850.9962 27044.3841  33.8%  36.2  936s
 33457 14406 29021.6575  139  123 40850.9962 27044.3841  33.8%  36.4  941s
 33948 14694 30817.6272  155  141 40850.9962 27053.7664  33.8%  36.5  947s
 34085 14856 37191.2694   70  137 40850.9962 27056.9678  33.8%  36.5  950s
 34497 15140 27703.7637   31  170 40850.9962 27060.6606  33.8%  36.7  956s
 34801 15329 36435.4144   62  138 40850.9962 27062.2442  33.8%  36.8  962s
 34942 15482 29144.6347   38   90 40850.9962 27067.0901  33.7%  36.8  966s
 35258 15684 36113.7692  140   69 40850.9962 27070.8129  33.7%  36.9  972s
 35403 15800 36234.6586  177   64 40850.9962 27072.2789  33.7%  37.0  975s
 35741 16055 37509.7909   64  128 40850.9962 27078.6999  33.7%  37.1  982s
 35917 16193 35592.1013   51  129 40850.9962 27079.8801  33.7%  37.2  985s
 36267 16418 39264.2878   58  128 40850.9962 27095.6198  33.7%  37.4  992s
 36616 16682 30286.9815   42   56 40850.9962 27103.7514  33.7%  37.6  997s
 36792 16848 36062.1631   57  155 40850.9962 27104.3165  33.7%  37.7 1004s
 36994 17017 39609.3407   70  133 40850.9962 27105.2763  33.6%  37.9 1009s
 37222 17168 30872.3756   41  132 40850.9962 27109.9080  33.6%  38.0 1013s
 37434 17340 35424.9236   60  135 40850.9962 27115.1676  33.6%  38.2 1017s
 37660 17540 29532.9636   44   89 40850.9962 27120.9682  33.6%  38.4 1022s
 37934 17680 35387.3932   52  137 40850.9962 27124.9140  33.6%  38.5 1027s
 38189 17852 29025.1651   34  149 40850.9962 27136.3545  33.6%  38.6 1031s
 38433 18015 33493.1343   42  123 40850.9962 27140.1816  33.6%  38.7 1035s
 38750 18261 33216.9175  121  136 40850.9962 27140.1816  33.6%  38.7 1042s
 38870 18344 33284.1944  191  130 40850.9962 27140.2812  33.6%  38.7 1045s
 39280 18731 28695.2596   36  151 40850.9962 27142.4324  33.6%  38.7 1053s
 39587 18872 28521.0087   38  146 40850.9962 27150.6389  33.5%  38.7 1057s
 39782 19068 34912.5021   54  117 40850.9962 27156.4392  33.5%  38.9 1060s
 40205 19385 30867.0192   50  169 40850.9962 27161.9702  33.5%  39.1 1067s
 40466 19542 27924.2322   33  177 40850.9962 27170.6404  33.5%  39.2 1070s
 40860 19960 32119.5703   72  126 40850.9962 27172.9979  33.5%  39.4 1077s
 41097 20094 32463.2259  252  124 40850.9962 27172.9979  33.5%  39.3 1080s
 41388 20301 32553.8037  392  112 40850.9962 27174.6402  33.5%  39.2 1088s
 41570 20417 37946.2751   49  144 40850.9962 27178.9376  33.5%  39.2 1091s
 41737 20587 36735.9410   62  131 40850.9962 27181.3029  33.5%  39.2 1095s
 42003 20825 38805.4674   59  141 40850.9962 27186.8303  33.4%  39.3 1100s
 42536 21064 28715.0726   35  161 40850.9962 27187.3931  33.4%  39.2 1115s
 42783 21382 40560.3008   62  142 40850.9962 27188.1159  33.4%  39.1 1122s
 43020 21383 29127.0762   39  106 40850.9962 27193.1667  33.4%  39.2 1129s
 43022 21573 29327.8360   40  172 40850.9962 27197.4990  33.4%  39.2 1133s
 43281 21731 37759.7131   77  108 40850.9962 27204.0995  33.4%  39.3 1136s
 43472 21927 37846.6481   75   60 40850.9962 27211.6025  33.4%  39.4 1140s
 43909 22285 39183.5961   66  130 40850.9962 27214.5696  33.4%  39.6 1146s
 44145 22447 37010.5309   61  158 40850.9962 27216.4763  33.4%  39.7 1153s
 44381 22572 29227.1884   40  179 40850.9962 27221.1997  33.4%  39.8 1156s
 44565 22760 37266.1968   50  125 40850.9962 27228.1529  33.3%  39.9 1160s
 45075 23245 35501.3395   55  139 40850.9962 27240.0949  33.3%  40.0 1166s
 45368 23367 38876.9494   94  142 40850.9962 27240.1774  33.3%  40.0 1170s
 45765 23690 39384.4009   76  119 40850.9962 27249.3384  33.3%  40.2 1176s
 46180 23991 29055.2337   39  138 40850.9962 27254.8163  33.3%  40.3 1182s
 46423 24096 37419.1361   62  129 40850.9962 27256.7758  33.3%  40.4 1185s
 46789 24411 31828.2400   44  148 40850.9962 27263.7099  33.3%  40.6 1191s
 47223 24783 30858.0933   50  158 40850.9962 27264.8253  33.3%  40.6 1197s
 47443 24889 39268.8770   80  106 40850.9962 27265.6337  33.3%  40.6 1200s
 47881 25168 31149.2102   50  171 40850.9962 27280.5243  33.2%  40.8 1206s
 48252 25434 33193.1265   45  155 40850.9962 27285.2126  33.2%  41.0 1211s
 48448 25561 29932.6597   36  170 40850.9962 27291.9433  33.2%  41.1 1215s
 48810 25823 38831.3015   64  148 40850.9962 27295.7019  33.2%  41.3 1222s
 49015 26031 39235.2511   64  125 40850.9962 27298.7318  33.2%  41.3 1225s
 49545 26410 37875.6195   77  137 40850.9962 27304.2725  33.2%  41.4 1231s
 49739 26563 31362.3380   46  178 40850.9962 27306.9757  33.2%  41.4 1235s
 50166 26862 33280.2497   50  154 40850.9962 27313.9246  33.1%  41.5 1241s
 50378 27035 34309.3352   61  161 40850.9962 27314.3889  33.1%  41.6 1245s
 50832 27359 35895.9859   62  135 40850.9962 27327.5776  33.1%  41.7 1251s
 51020 27493 29651.1313   43  142 40850.9962 27331.2244  33.1%  41.8 1255s
 51390 27841 30445.2632   65  166 40850.9962 27336.2996  33.1%  41.9 1265s
 51849 28082 36827.7302   66   96 40850.9962 27348.1858  33.1%  42.0 1272s
 52016 28246 32823.2191  116  123 40850.9962 27350.2222  33.0%  42.0 1275s
H52237 28244                    40786.266182 27350.7150  32.9%  42.0 1279s
 52299 28399 39002.1649   73   54 40786.2662 27352.3207  32.9%  42.0 1282s
 52524 28452 29071.0447   33  203 40786.2662 27358.9508  32.9%  42.1 1286s
H52573 28413                    40760.977515 27358.9508  32.9%  42.1 1286s
 52721 28619 39984.8217   99  139 40760.9775 27359.3831  32.9%  42.2 1293s
 52889 28706 29145.2088   35  184 40760.9775 27360.8321  32.9%  42.2 1297s
 53021 28811 29227.4248   34  148 40760.9775 27363.2096  32.9%  42.3 1316s
H53091 28778                    40745.719571 27363.2096  32.8%  42.4 1316s
 53163 28874 29071.7717   41  148 40745.7196 27364.8139  32.8%  42.4 1321s
 53285 29101 40409.8500   99  136 40745.7196 27366.6259  32.8%  42.5 1325s
 53623 29339 37429.7186   72  143 40745.7196 27373.2056  32.8%  42.6 1330s
 54269 29723 31265.6555   58  150 40745.7196 27400.1793  32.8%  42.7 1338s
 54538 29900 28688.0957   33  162 40745.7196 27407.7087  32.7%  42.8 1341s
 54813 30098 40668.0403   96   61 40745.7196 27411.7303  32.7%  42.9 1345s
 55397 30470 40298.5662   95   50 40745.7196 27416.8282  32.7%  42.9 1352s
 55660 30656 35809.9896   43  124 40745.7196 27419.5060  32.7%  42.9 1357s
 55941 30807 28437.1692   35  194 40745.7196 27426.4889  32.7%  43.0 1360s
 56416 31113 29252.7989   35  162 40745.7196 27434.4833  32.7%  43.1 1368s
 56689 31269 37702.7311   77  136 40745.7196 27439.9488  32.7%  43.2 1372s
 56901 31409 39554.6206   57  129 40745.7196 27440.9126  32.7%  43.2 1376s
 57127 31575 39209.3367   91  153 40745.7196 27447.0442  32.6%  43.3 1380s
 57547 31869 39302.7110   62  133 40745.7196 27453.5008  32.6%  43.5 1387s
 57745 32082 29001.0136   43  148 40745.7196 27457.9895  32.6%  43.6 1391s
 58023 32203 32950.1116  134   99 40745.7196 27461.3405  32.6%  43.6 1395s
 58390 32489 38593.6191  101   30 40745.7196 27469.4607  32.6%  43.7 1402s
 58562 32612 29173.5800   33  180 40745.7196 27471.7086  32.6%  43.8 1406s
 58762 32767 29762.4331   41  181 40745.7196 27479.9780  32.6%  43.8 1412s
 59007 32877 40468.8072   77   38 40745.7196 27484.2937  32.5%  43.9 1415s
 59394 33194 35244.0035  170  104 40745.7196 27485.3778  32.5%  43.9 1423s
 59551 33314 37606.7745  230   72 40745.7196 27485.3778  32.5%  44.0 1426s
 59741 33457 37647.1148  282   95 40745.7196 27485.3778  32.5%  44.0 1430s
 60104 33716 29295.6725   34  153 40745.7196 27493.9458  32.5%  44.0 1437s
 60334 33865 32112.2547   49  139 40745.7196 27494.8815  32.5%  44.1 1442s
 60618 34012 35225.6837   64  149 40745.7196 27497.6027  32.5%  44.1 1446s
 60823 34134 32078.5958   41  151 40745.7196 27500.2078  32.5%  44.2 1451s
 61032 34298 38366.8998   65  114 40745.7196 27503.4450  32.5%  44.3 1459s
 61257 34423 27986.1238   36  112 40745.7196 27507.1803  32.5%  44.4 1462s
 61451 34589 31830.7180   46  130 40745.7196 27510.2756  32.5%  44.4 1466s
 61899 34901 34566.1065   55  158 40745.7196 27520.0557  32.5%  44.6 1472s
 62136 35051 38814.3848   87  137 40745.7196 27520.4276  32.5%  44.6 1475s
 62489 35299 34440.6775   54  180 40745.7196 27523.9770  32.4%  44.8 1482s
 62672 35391 38828.4192  146   62 40745.7196 27525.8362  32.4%  44.8 1485s
 63075 35757 31481.4951   44  167 40745.7196 27537.3075  32.4%  44.9 1492s
 63360 35902 31182.2635   43   99 40745.7196 27540.1300  32.4%  44.9 1496s
 63613 36063 28837.9792   43  164 40745.7196 27549.7802  32.4%  44.9 1500s
 64051 36371 37014.0318   73  145 40745.7196 27559.4523  32.4%  45.0 1507s
 64275 36516 36656.9136   62  161 40745.7196 27562.7661  32.4%  45.1 1510s
 64756 36874 38145.3965   80  136 40745.7196 27571.3157  32.3%  45.2 1518s
 65036 37029 29036.3208   40  139 40745.7196 27579.9743  32.3%  45.2 1522s
 65252 37151 28191.8438   36  145 40745.7196 27579.9743  32.3%  45.3 1525s
 65661 37514 38218.9280   55  136 40745.7196 27590.0057  32.3%  45.4 1532s
 65889 37570 39484.9938   80   87 40745.7196 27590.0057  32.3%  45.4 1536s
 66085 37787 40068.6328   82   92 40745.7196 27591.3944  32.3%  45.4 1546s
 66315 37927 40025.8959   55  159 40745.7196 27595.9396  32.3%  45.4 1550s
 66808 38250 29033.2720   36  193 40745.7196 27601.8067  32.3%  45.5 1557s
 67006 38405 infeasible   40      40745.7196 27604.6824  32.3%  45.5 1560s
 67379 38670 28184.4562   41  184 40745.7196 27609.5180  32.2%  45.6 1566s
 67735 38938 33653.9294   49  177 40745.7196 27617.8950  32.2%  45.5 1572s
 67923 39089 36294.6367   49  132 40745.7196 27618.2879  32.2%  45.5 1575s
 68334 39331 40630.5857   52  140 40745.7196 27625.1672  32.2%  45.5 1581s
 68819 39654 40487.4840  147  151 40745.7196 27634.2868  32.2%  45.6 1587s
 69229 40006 39030.5233   61  132 40745.7196 27648.5622  32.1%  45.7 1592s
 69474 40163 36409.3188   56  165 40745.7196 27654.7182  32.1%  45.7 1595s
 69893 40445 30588.1010   42  148 40745.7196 27661.4827  32.1%  45.7 1601s
 70328 40778 37286.1587   61  142 40745.7196 27669.7022  32.1%  45.8 1607s
 70584 40926 30555.1653   48  146 40745.7196 27672.7907  32.1%  45.8 1610s
 70988 41186 35659.4764   59  136 40745.7196 27677.6007  32.1%  45.8 1615s
 71342 41508 32618.7234   50  134 40745.7196 27680.2662  32.1%  46.0 1621s
 71563 41621 36519.2093   51  129 40745.7196 27683.7062  32.1%  46.0 1625s
 71961 41913 39918.6937   77  106 40745.7196 27691.4447  32.0%  46.0 1631s
 72358 42226 28879.3053   44  156 40745.7196 27695.9717  32.0%  46.1 1637s
 72557 42321     cutoff  124      40745.7196 27696.7494  32.0%  46.1 1640s
 72984 42629 34307.9129   55  143 40745.7196 27708.1642  32.0%  46.2 1647s
 73214 42774 40055.9694   69   51 40745.7196 27710.7163  32.0%  46.3 1650s
 73420 42903 37755.0143   78  133 40745.7196 27712.2801  32.0%  46.3 1659s
 73640 43090 39832.3258   72   91 40745.7196 27714.8287  32.0%  46.4 1664s
 73914 43278 31383.6814   53  139 40745.7196 27717.8013  32.0%  46.4 1667s
 74383 43506 33333.9526   48  175 40745.7196 27724.2215  32.0%  46.4 1672s
 74549 43661 29424.0990   37  189 40745.7196 27728.1639  31.9%  46.5 1675s
 74941 43917     cutoff   63      40745.7196 27731.3709  31.9%  46.6 1680s
 75299 44146 39901.1105   75  148 40745.7196 27737.3779  31.9%  46.7 1686s
 75695 44406 29544.6343   42  181 40745.7196 27741.1923  31.9%  46.7 1692s
 76082 44662 39466.1100  121   28 40745.7196 27743.6322  31.9%  46.8 1697s
 76269 44756 38913.2866   54  137 40745.7196 27745.2304  31.9%  46.9 1700s
 76724 45010 40503.1301   73   59 40745.7196 27746.7516  31.9%  46.9 1706s
 77129 45298 31906.9202   43  169 40745.7196 27755.3015  31.9%  46.9 1711s
 77475 45618 38361.1381   70  116 40745.7196 27759.3930  31.9%  47.0 1717s
 77903 45852 38974.1576   61  172 40745.7196 27769.5448  31.8%  47.1 1722s
 78083 46003 29120.9510   36  176 40745.7196 27776.2742  31.8%  47.1 1725s
 78460 46254 35039.4273   49  149 40745.7196 27782.3506  31.8%  47.2 1731s
 78628 46290 40663.6580   64  135 40745.7196 27784.9477  31.8%  47.2 1736s
 78894 46566 36438.8966   69  165 40745.7196 27795.1625  31.8%  47.3 1742s
 79093 46724 38174.7334   53  103 40745.7196 27805.0586  31.8%  47.3 1745s
 79515 46938 28651.2936   36  167 40745.7196 27816.4683  31.7%  47.4 1751s
 79935 47271 36756.3651  110   97 40745.7196 27827.1032  31.7%  47.4 1758s
 80168 47407 39783.8496  219   98 40745.7196 27830.8078  31.7%  47.4 1761s
 80626 47750 40676.5656  154   33 40745.7196 27832.3480  31.7%  47.5 1767s
 80856 47902 40447.0138   76  120 40745.7196 27842.5350  31.7%  47.5 1776s
 81122 48045 28827.0871   39  183 40745.7196 27849.3200  31.7%  47.5 1780s
 81516 48281 38122.0927   82  147 40745.7196 27852.2340  31.6%  47.5 1786s
 81937 48616 34650.7728   48   95 40745.7196 27857.1079  31.6%  47.6 1792s
 82160 48616 infeasible   79      40745.7196 27858.1340  31.6%  47.6 1797s
 82164 48739 38047.7150   80  148 40745.7196 27859.6607  31.6%  47.6 1800s
 82480 48916 38307.7145   62   98 40745.7196 27863.3618  31.6%  47.7 1806s
 82635 49021 38872.3349   54  109 40745.7196 27864.0774  31.6%  47.7 1810s
 83066 49253 30737.2912   39  170 40745.7196 27878.3792  31.6%  47.7 1816s
 83431 49489 29489.5752   39  169 40745.7196 27885.0753  31.6%  47.8 1822s
 83608 49642 40008.2367   99   87 40745.7196 27886.5616  31.6%  47.8 1825s
 83809 49809 37193.4938   74  144 40745.7196 27890.7400  31.5%  47.9 1830s
 84237 50059 30165.8119   38  170 40745.7196 27893.8957  31.5%  47.8 1835s
 84644 50391 37412.7546   51   77 40745.7196 27900.5035  31.5%  47.8 1841s
 85063 50683 37290.9969  230  118 40745.7196 27903.9298  31.5%  47.8 1847s
 85276 50849 32471.1335   53  136 40745.7196 27913.0695  31.5%  47.8 1850s
 85510 50884 35878.0023   61  146 40745.7196 27917.7017  31.5%  47.8 1855s
 85720 51106 34374.6320   46  137 40745.7196 27926.9903  31.5%  47.9 1861s
 86086 51394 36514.7135   55  111 40745.7196 27933.5716  31.4%  47.9 1867s
 86294 51529 35487.9737   51  182 40745.7196 27934.6929  31.4%  48.0 1870s
 86683 51767 40507.8200   75  130 40745.7196 27940.4996  31.4%  48.0 1876s
 87100 52060 29971.0348   36  139 40745.7196 27950.2606  31.4%  48.1 1882s
 87300 52204 34601.9122  102  102 40745.7196 27953.2599  31.4%  48.1 1886s
 87726 52470 35831.7403   61  170 40745.7196 27956.1689  31.4%  48.2 1892s
 87922 52612 29017.3546   39  172 40745.7196 27962.6946  31.4%  48.2 1895s
 88137 52711 40604.1468   98   65 40745.7196 27965.4129  31.4%  48.3 1903s
 88284 52990 32245.9945   48  122 40745.7196 27970.2977  31.4%  48.3 1909s
 88666 53119 31355.5939   63  148 40745.7196 27971.5819  31.4%  48.3 1912s
 88840 53225 32253.9208   43  174 40745.7196 27973.6617  31.3%  48.3 1916s
 89044 53358 35609.8696   49  152 40745.7196 27979.8542  31.3%  48.3 1920s
 89509 53608 35036.3529   53  129 40745.7196 27994.0242  31.3%  48.4 1928s
 89652 53731 39566.0697   52  157 40745.7196 27997.5534  31.3%  48.4 1931s
 89967 53924 32174.3031  158  102 40745.7196 28001.2642  31.3%  48.4 1938s
 90142 54087 36731.8593   46  160 40745.7196 28005.1385  31.3%  48.4 1942s
 90357 54271 37879.3385   72  131 40745.7196 28007.9015  31.3%  48.4 1945s
 90792 54496 35106.1563   59  153 40745.7196 28012.5835  31.3%  48.5 1951s
 90947 54638 30185.4986   36  172 40745.7196 28017.1038  31.2%  48.5 1955s
 91333 54976 31346.2736   58   93 40745.7196 28023.5533  31.2%  48.6 1964s
 91572 55104 37948.6305  154   38 40745.7196 28024.5628  31.2%  48.5 1967s
 91789 55249 39620.8075   86  125 40745.7196 28027.2368  31.2%  48.5 1970s
 92220 55562 29590.9264   50  162 40745.7196 28034.8069  31.2%  48.6 1978s
 92461 55697 34236.1025  123   91 40745.7196 28034.8069  31.2%  48.6 1981s
 92733 55917 34551.4899  219   73 40745.7196 28037.7143  31.2%  48.5 1988s
 92999 56059 29330.8917   47  183 40745.7196 28041.0306  31.2%  48.5 1991s
 93258 56253 30448.1070   48  145 40745.7196 28044.9605  31.2%  48.5 1995s
 93800 56593 30028.9283   45  141 40745.7196 28059.3446  31.1%  48.6 2001s
 94056 56734 36983.5032   55  159 40745.7196 28063.3860  31.1%  48.6 2005s
 94308 56827 39542.4649  146   92 40745.7196 28063.3860  31.1%  48.6 2012s
 94448 56982 39621.1981  216   69 40745.7196 28069.8332  31.1%  48.6 2016s
 94685 57171 28932.9524   38  192 40745.7196 28072.5078  31.1%  48.6 2020s
 95147 57458 30416.6065   48  171 40745.7196 28076.6335  31.1%  48.6 2028s
 95358 57590 40296.6167   61  125 40745.7196 28080.9456  31.1%  48.6 2035s
 95550 57811 38626.2710   59  148 40745.7196 28083.4184  31.1%  48.6 2040s
 96045 58070 29117.7450   34  191 40745.7196 28087.2129  31.1%  48.6 2048s
 96234 58230 38938.7211   69  138 40745.7196 28092.6480  31.1%  48.6 2051s
 96486 58360 40538.8813   52  155 40745.7196 28095.7825  31.0%  48.7 2055s
 96874 58646 28809.5197   35  165 40745.7196 28100.7197  31.0%  48.7 2061s
 97069 58793 34336.1701   54  152 40745.7196 28100.8402  31.0%  48.7 2065s
 97476 59057 39451.3689   83  132 40745.7196 28108.3400  31.0%  48.8 2071s
 97661 59221 40550.5860   62  125 40745.7196 28113.0755  31.0%  48.8 2075s
 98035 59437 32918.1647   50  151 40745.7196 28118.2821  31.0%  48.9 2081s
 98424 59723 31985.7067   57  176 40745.7196 28120.0170  31.0%  49.0 2087s
 98613 59865 38050.6705   79  150 40745.7196 28121.9637  31.0%  49.0 2091s
 98802 59998 33522.8601   86  127 40745.7196 28123.5034  31.0%  49.0 2095s
 99179 60297 35530.1152   94  129 40745.7196 28126.5533  31.0%  49.0 2103s
 99455 60426 34258.4346   47  152 40745.7196 28132.6556  31.0%  49.0 2106s
 99762 60638 38242.8344   80  143 40745.7196 28135.5284  30.9%  49.0 2112s
 99958 60787 39258.2041   89  139 40745.7196 28140.0674  30.9%  49.1 2115s
 100362 61003 32137.4503   45  175 40745.7196 28151.2916  30.9%  49.1 2121s
 100554 61194 29989.5088   36  155 40745.7196 28154.4874  30.9%  49.2 2125s
 101006 61529 30001.8487   43  190 40745.7196 28158.8186  30.9%  49.2 2131s
 101437 61763 31940.2313   48  138 40745.7196 28167.1089  30.9%  49.3 2138s
 101624 61897 40179.9053   73  140 40745.7196 28169.3288  30.9%  49.3 2141s
 102039 62210 33426.5573   43  157 40745.7196 28179.1176  30.8%  49.3 2147s
 102270 62337 40187.3047   72  119 40745.7196 28184.2453  30.8%  49.4 2151s
 102715 62628 28940.1930   38   98 40745.7196 28190.3165  30.8%  49.4 2161s
 102924 62771 37772.6199   80   92 40745.7196 28190.7439  30.8%  49.4 2165s
 103347 63075 29766.7109   35  164 40745.7196 28195.2981  30.8%  49.5 2173s
 103531 63204 32139.5782   41  188 40745.7196 28198.0461  30.8%  49.5 2177s
 103725 63398 34732.6603   54  168 40745.7196 28199.6773  30.8%  49.6 2181s
 103985 63560 37499.6294   59  138 40745.7196 28200.8047  30.8%  49.6 2185s
 104441 63897 39100.4106   63  119 40745.7196 28209.8334  30.8%  49.6 2192s
 104656 64077 32906.7862   40   94 40745.7196 28210.0471  30.8%  49.7 2197s
 104908 64205 40273.5456  105   95 40745.7196 28214.4009  30.8%  49.7 2201s
 105270 64428 37114.5024   86   63 40745.7196 28218.5370  30.7%  49.8 2207s
 105415 64578 28755.1538   38  160 40745.7196 28219.4028  30.7%  49.8 2211s
 105807 64831 29608.7885   38  194 40745.7196 28221.9545  30.7%  49.8 2218s
 105959 64951 40633.7221   83  123 40745.7196 28225.7483  30.7%  49.9 2221s
 106154 65113 34679.7399   49  153 40745.7196 28228.2207  30.7%  49.9 2225s
 106597 65430 28321.5623   33  189 40745.7196 28236.0422  30.7%  50.0 2232s
 106779 65575 36065.5246   59  112 40745.7196 28237.9012  30.7%  50.0 2235s
 107176 65828 34028.6440   55  174 40745.7196 28241.1146  30.7%  50.1 2241s
 107332 65973 38646.2656  115   40 40745.7196 28241.9783  30.7%  50.2 2245s
 107749 66270 37903.8074   63  132 40745.7196 28245.5969  30.7%  50.2 2251s
 107991 66457 30851.4689   49  151 40745.7196 28247.2688  30.7%  50.2 2255s
 108356 66716 31837.0107   45  155 40745.7196 28247.8875  30.7%  50.2 2261s
 108758 66998 37283.6299   66  145 40745.7196 28251.4599  30.7%  50.2 2268s
 108985 67127     cutoff   86      40745.7196 28253.0644  30.7%  50.2 2272s
 109140 67292 35313.2144   91   76 40745.7196 28253.7681  30.7%  50.2 2276s
 109645 67594 36758.1380   70  128 40745.7196 28258.8631  30.6%  50.3 2283s
 109865 67810 37364.7797   51  161 40745.7196 28263.5490  30.6%  50.3 2286s
 110168 68003 29511.1022   40  187 40745.7196 28268.1203  30.6%  50.3 2292s
 110405 68122 31196.0672   51  146 40745.7196 28268.4469  30.6%  50.3 2296s
 110566 68294 36227.9733   65  144 40745.7196 28269.8255  30.6%  50.3 2301s
 110800 68426 38974.7436   52  139 40745.7196 28271.9330  30.6%  50.3 2305s
 111253 68760 39745.6150   66  136 40745.7196 28275.9108  30.6%  50.4 2313s
 111493 68861 34922.4476   56  132 40745.7196 28278.7194  30.6%  50.4 2316s
 111632 69040 38797.4762   97   73 40745.7196 28279.7653  30.6%  50.4 2320s
 112084 69342 35370.2166   52  176 40745.7196 28284.8383  30.6%  50.5 2328s
 112292 69476 29898.7752   36  154 40745.7196 28286.6332  30.6%  50.5 2331s
 112489 69661 33446.6189   62   90 40745.7196 28287.2724  30.6%  50.5 2336s
 112977 70000 28909.0635   36  156 40745.7196 28292.4435  30.6%  50.5 2342s
 113215 70101 39091.9916  161   55 40745.7196 28293.5996  30.6%  50.5 2345s
 113554 70387 31388.5744   41  187 40745.7196 28296.0888  30.6%  50.5 2352s
 113759 70534 39993.0557   75  115 40745.7196 28297.4203  30.6%  50.5 2355s
 114131 70815 30042.3675   36  191 40745.7196 28302.0916  30.5%  50.6 2361s
 114547 71102 36954.3451   52  160 40745.7196 28303.8110  30.5%  50.6 2367s
 114788 71251 28858.4412   33   81 40745.7196 28305.0774  30.5%  50.6 2370s
 115141 71542 33043.5749   52  179 40745.7196 28308.4967  30.5%  50.7 2375s
 115587 71845 29275.6482   39  195 40745.7196 28309.4234  30.5%  50.7 2382s
 115759 71970 39700.0402  112   67 40745.7196 28309.4551  30.5%  50.8 2385s
 116180 72247 30429.9252   43   56 40745.7196 28313.6842  30.5%  50.8 2391s
 116628 72558 29226.4464   39  172 40745.7196 28315.4313  30.5%  50.8 2397s
 116838 72667 39811.6981   69   92 40745.7196 28317.7336  30.5%  50.8 2400s
 117188 72909 38763.2241   96   72 40745.7196 28320.0758  30.5%  50.9 2407s
 117393 73073 34120.5417   47  146 40745.7196 28321.4782  30.5%  50.9 2414s
 117622 73230 28757.3948   39  187 40745.7196 28324.4109  30.5%  50.9 2417s
 117828 73411 39023.8442   79   57 40745.7196 28324.9139  30.5%  51.0 2421s
 118282 73705 35077.9164   55  181 40745.7196 28325.8314  30.5%  51.0 2427s
 118482 73842 39853.0623   97   91 40745.7196 28327.3425  30.5%  51.0 2430s
 118661 74038 36157.2766   45  126 40745.7196 28328.2931  30.5%  51.1 2435s
 119069 74365 34554.4342   48  140 40745.7196 28330.5825  30.5%  51.1 2441s
 119309 74512 40044.0652   63  143 40745.7196 28331.4707  30.5%  51.1 2445s
 119716 74824 40455.8468  130   72 40745.7196 28334.5386  30.5%  51.1 2453s
 119952 74987 29829.8138   38  174 40745.7196 28335.2690  30.5%  51.1 2456s
 120317 75219 34404.1769   39  161 40745.7196 28337.5691  30.5%  51.1 2462s
 120500 75340 39506.8338   71  150 40745.7196 28341.1207  30.4%  51.1 2465s
 120863 75609 35086.7550   59  157 40745.7196 28343.3720  30.4%  51.2 2472s
 121106 75784 29073.9090   35  206 40745.7196 28345.8702  30.4%  51.2 2475s
 121577 76039 36504.4425   56  117 40745.7196 28348.5086  30.4%  51.2 2481s
 121797 76178 40552.4980   71  132 40745.7196 28349.2872  30.4%  51.2 2485s
 122205 76483 38779.6814   94  153 40745.7196 28350.8722  30.4%  51.2 2491s
 122628 76762 38549.0407   88  129 40745.7196 28352.2619  30.4%  51.3 2497s
 122839 76959 28853.9672   38  183 40745.7196 28356.0421  30.4%  51.3 2500s
 123260 77230     cutoff   66      40745.7196 28358.2782  30.4%  51.3 2506s
 123637 77536 29896.5622   41  177 40745.7196 28360.8568  30.4%  51.3 2512s
 123856 77650 40148.1664  130   75 40745.7196 28361.3546  30.4%  51.3 2515s
 124307 77971 38173.3489   58  174 40745.7196 28364.2327  30.4%  51.3 2521s
 124626 78220 31492.2294   56  150 40745.7196 28366.5683  30.4%  51.4 2531s
 125023 78465 29259.9966   36  193 40745.7196 28371.0795  30.4%  51.4 2538s
 125236 78626 35904.9509   69  155 40745.7196 28371.3679  30.4%  51.4 2541s
 125406 78785 29124.6211   37  169 40745.7196 28371.7597  30.4%  51.5 2545s
 125867 79001 39864.4497   54  108 40745.7196 28375.4357  30.4%  51.5 2552s
 126008 79103 39951.6018  108  109 40745.7196 28376.6586  30.4%  51.5 2555s
 126357 79351 infeasible   51      40745.7196 28378.4751  30.4%  51.6 2563s
 126600 79466 infeasible   45      40745.7196 28379.6545  30.3%  51.6 2566s
 126783 79599 35494.4109   54  171 40745.7196 28382.8514  30.3%  51.6 2570s
 127212 79924 35837.9855   53   95 40745.7196 28385.3762  30.3%  51.6 2578s
 127430 80076     cutoff   81      40745.7196 28386.9826  30.3%  51.6 2582s
 127625 80236 38071.4835   76  134 40745.7196 28388.4176  30.3%  51.7 2585s
 128037 80559 38552.7021   73  163 40745.7196 28390.5770  30.3%  51.7 2592s
 128275 80712 29598.0507   40  178 40745.7196 28391.7851  30.3%  51.7 2596s
 128540 80909 40037.5833   60  117 40745.7196 28394.2170  30.3%  51.7 2600s
 129045 81238 35837.5104   52  115 40745.7196 28397.3393  30.3%  51.7 2606s
 129445 81487 32567.1157   58  167 40745.7196 28399.9821  30.3%  51.8 2613s
 129637 81605 28746.7302   33  182 40745.7196 28401.1168  30.3%  51.8 2616s
 129814 81755 30077.7361   41  192 40745.7196 28402.4283  30.3%  51.9 2620s
 130334 82042 40042.9283   70   99 40745.7196 28404.1323  30.3%  51.9 2626s
 130562 82186 30250.5858   45  157 40745.7196 28406.8142  30.3%  51.9 2630s
 130971 82417 35876.0142   48  159 40745.7196 28408.9732  30.3%  51.9 2636s
 131393 82714 28572.3409   39  187 40745.7196 28412.5497  30.3%  52.0 2643s
 131627 82873 29685.1359   40  185 40745.7196 28415.3711  30.3%  52.0 2646s
 131871 83060 31621.2033   44  145 40745.7196 28416.0036  30.3%  52.0 2654s
 132123 83189 29174.6020   40  170 40745.7196 28417.4862  30.3%  52.0 2657s
 132291 83324 29180.6980   38  180 40745.7196 28418.2225  30.3%  52.0 2661s
 132691 83583 36225.7386   49   71 40745.7196 28419.8475  30.3%  52.1 2668s
 132906 83715 38692.7856   71   86 40745.7196 28421.2420  30.2%  52.1 2671s
 133103 83845 32613.0103   60  153 40745.7196 28422.7779  30.2%  52.1 2675s
 133529 84177 29877.0862   39  181 40745.7196 28426.5412  30.2%  52.1 2682s
 133760 84362     cutoff   90      40745.7196 28427.3907  30.2%  52.2 2686s
 134010 84523 37349.5629   67   85 40745.7196 28428.1731  30.2%  52.1 2690s
 134430 84814 39381.8666   97   73 40745.7196 28432.2935  30.2%  52.2 2696s
 134644 84939 39479.3176   58  149 40745.7196 28433.4751  30.2%  52.2 2700s
 135106 85240 37735.3721   57  176 40745.7196 28436.7310  30.2%  52.2 2707s
 135300 85397 33594.3198   42  157 40745.7196 28437.8861  30.2%  52.2 2710s
 135650 85617 38164.5010  181   93 40745.7196 28437.8861  30.2%  52.2 2717s
 135806 85772 38296.3059  248   69 40745.7196 28438.9529  30.2%  52.3 2720s
 136284 86090 29873.5739   38  176 40745.7196 28441.4643  30.2%  52.3 2727s
 136505 86267 40246.7616   71   90 40745.7196 28442.8975  30.2%  52.3 2730s
 136917 86436 34376.0209   50  134 40745.7196 28443.3561  30.2%  52.3 2736s
 137315 86770 29374.9396   35  131 40745.7196 28445.7917  30.2%  52.4 2742s
 137556 86918 39740.9678   93   49 40745.7196 28446.5483  30.2%  52.4 2746s
 137996 87175 37564.7009   58  142 40745.7196 28448.6774  30.2%  52.4 2752s
 138203 87297 36073.6726   48  192 40745.7196 28449.7225  30.2%  52.4 2755s
 138578 87560 40595.4261   65   63 40745.7196 28451.1195  30.2%  52.5 2761s
 139052 87904 29115.1366   36  184 40745.7196 28453.7894  30.2%  52.5 2768s
 139289 88062 37018.4542   62  138 40745.7196 28454.5072  30.2%  52.4 2775s
 139736 88325 40095.6053   64  154 40745.7196 28456.5045  30.2%  52.5 2781s
 139910 88464 31646.3277   45  113 40745.7196 28457.2960  30.2%  52.5 2785s
 140402 88785 28701.7701   33  159 40745.7196 28458.9331  30.2%  52.5 2792s
 140615 88950 38806.0055   85   96 40745.7196 28460.3370  30.2%  52.5 2795s
 140980 89218 36618.8767   61  125 40745.7196 28461.7024  30.1%  52.5 2802s
 141178 89227 40326.1974   72  117 40745.7196 28462.0017  30.1%  52.5 2805s
 141412 89532 32800.6128   42  124 40745.7196 28465.0948  30.1%  52.6 2813s
 141674 89660 29512.7872   38   93 40745.7196 28465.9169  30.1%  52.6 2816s
 141833 89846 33061.8425   38  175 40745.7196 28466.4509  30.1%  52.6 2820s
 142256 90142 37533.3157   64  137 40745.7196 28467.9303  30.1%  52.6 2826s
 142440 90296 38630.6046   75  145 40745.7196 28467.9910  30.1%  52.6 2830s
 142779 90527 29494.5841   38  153 40745.7196 28470.2833  30.1%  52.6 2836s
 142950 90626 38510.5559   77  128 40745.7196 28471.1395  30.1%  52.6 2840s
 143231 90802 infeasible   66      40745.7196 28472.7806  30.1%  52.6 2846s
 143686 91123 40408.0682   78   38 40745.7196 28476.5637  30.1%  52.6 2853s
 143961 91281 40593.7527   66  135 40745.7196 28478.5470  30.1%  52.6 2856s
 144447 91611 29335.0249   35  204 40745.7196 28483.5303  30.1%  52.6 2863s
 144695 91752 34700.8962   52  142 40745.7196 28485.2476  30.1%  52.6 2866s
 145136 92085 35365.2647   90   69 40745.7196 28486.2943  30.1%  52.7 2873s
 145337 92230 35560.1964  194  110 40745.7196 28486.2943  30.1%  52.7 2876s
 145523 92337 35658.5620  251   71 40745.7196 28486.7792  30.1%  52.7 2880s
 145846 92610 38501.0361   73   98 40745.7196 28488.6044  30.1%  52.7 2886s
 146317 93112 33634.5747   49  165 40745.7196 28490.9370  30.1%  52.7 2894s
 146696 93270 36805.4937   60  132 40745.7196 28491.3375  30.1%  52.7 2901s
 146966 93388 40563.2737   64  133 40745.7196 28493.5440  30.1%  52.7 2905s
 147332 93668 31741.1579   46  134 40745.7196 28494.0701  30.1%  52.7 2912s
 147537 93779 29294.6890   37  165 40745.7196 28495.3587  30.1%  52.7 2915s
 147913 94075 28655.0953   38  150 40745.7196 28497.8782  30.1%  52.8 2922s
 148129 94264 33301.9847   50  180 40745.7196 28498.9701  30.1%  52.8 2925s
 148608 94493 33804.5462   82  142 40745.7196 28501.1563  30.1%  52.8 2932s
 148803 94630 29133.2356   34  140 40745.7196 28502.6095  30.0%  52.8 2936s
 149191 94886 32832.2351   50  117 40745.7196 28504.4427  30.0%  52.8 2943s
 149417 94998 29287.1367   34  109 40745.7196 28505.2048  30.0%  52.9 2946s
 149587 95140 29536.3520   50  130 40745.7196 28505.3721  30.0%  52.9 2950s
 149926 95369 35731.0009  184  100 40745.7196 28505.3721  30.0%  52.9 2957s
 150074 95475 35804.3696  228  107 40745.7196 28505.3721  30.0%  52.9 2961s
 150376 95708 29062.9152   34  176 40745.7196 28508.3655  30.0%  52.9 2967s
 150575 95846 38629.3180   75  116 40745.7196 28511.8818  30.0%  52.9 2971s
 151013 96164 37849.0603   67  135 40745.7196 28513.1638  30.0%  53.0 2978s
 151244 96340 29966.0862   46  142 40745.7196 28514.4239  30.0%  53.0 2981s
 151488 96467 39238.0317   56  128 40745.7196 28515.0052  30.0%  53.0 2985s
 151911 96843 29125.0656   39  188 40745.7196 28515.6992  30.0%  53.1 2992s
 152246 96971 30822.0956   45  136 40745.7196 28516.8602  30.0%  53.0 2996s
 152637 97248 33674.7804   55  167 40745.7196 28518.2450  30.0%  53.1 3003s
 152867 97375 38188.0585   76  125 40745.7196 28518.5434  30.0%  53.1 3006s
 153321 97685 30344.0329   41  154 40745.7196 28519.6206  30.0%  53.1 3012s
 153502 97848 38949.5451   67  125 40745.7196 28519.9514  30.0%  53.1 3015s
 154022 98216 30508.9299   51  161 40745.7196 28521.9347  30.0%  53.2 3025s
 154446 98538 29210.3480   39  173 40745.7196 28523.6219  30.0%  53.2 3032s
 154969 98811 infeasible   70      40745.7196 28525.5914  30.0%  53.2 3037s
 155150 98912 34133.0543   47  146 40745.7196 28527.4325  30.0%  53.2 3040s
 155541 99152 36259.0463   60   93 40745.7196 28530.5356  30.0%  53.2 3046s
 155908 99399 40503.6205   59  121 40745.7196 28533.8831  30.0%  53.2 3052s
 156111 99523 38741.0453   61  125 40745.7196 28535.0520  30.0%  53.2 3055s
 156505 99843 29086.1005   36  156 40745.7196 28538.1284  30.0%  53.2 3062s
 156694 100020 39959.1472  102   72 40745.7196 28539.0304  30.0%  53.2 3065s
 157126 100289 37539.0015   72   90 40745.7196 28540.7355  30.0%  53.3 3072s
 157383 100421 35378.3155   59  139 40745.7196 28541.2977  30.0%  53.3 3075s
 157742 100684 35941.6538   90  107 40745.7196 28542.2845  30.0%  53.3 3082s
 157926 100791 40401.9765  167   75 40745.7196 28543.0800  29.9%  53.3 3085s
 158307 101064 31476.0866   63  160 40745.7196 28544.7369  29.9%  53.3 3092s
 158495 101275 35030.9618   51  165 40745.7196 28545.4216  29.9%  53.3 3095s
 158916 101506     cutoff   68      40745.7196 28547.5532  29.9%  53.3 3103s
 159129 101626 31221.7013   46  153 40745.7196 28548.3799  29.9%  53.3 3106s
 159326 101761 35252.9267   46  139 40745.7196 28549.0902  29.9%  53.4 3110s
 159780 102050 32353.2748   39  157 40745.7196 28550.5067  29.9%  53.3 3116s
 160176 102283 33536.9121   46  132 40745.7196 28553.6838  29.9%  53.3 3122s
 160356 102420 38221.7133   56  139 40745.7196 28554.9210  29.9%  53.4 3125s
 160802 102780 33145.2634   45  154 40745.7196 28557.4933  29.9%  53.4 3131s
 161259 103107 38653.4442   62  115 40745.7196 28559.7611  29.9%  53.4 3140s
 161735 103338 35524.0457   49  154 40745.7196 28563.1757  29.9%  53.4 3146s
 162061 103554 28880.6961   38  141 40745.7196 28564.7526  29.9%  53.4 3151s
 162491 103896 32144.6491   56  154 40745.7196 28566.3659  29.9%  53.4 3157s
 162709 104084 36179.6115   66  112 40745.7196 28567.4977  29.9%  53.4 3160s
 163123 104353 36580.5325   55  157 40745.7196 28568.3873  29.9%  53.4 3166s
 163525 104605 38854.9689  113  119 40745.7196 28570.1245  29.9%  53.4 3172s
 163737 104707 30396.6801   45  185 40745.7196 28571.8210  29.9%  53.4 3175s
 164124 104997 36938.7140   98   58 40745.7196 28575.1996  29.9%  53.5 3183s
 164330 105123 32397.3518   59  152 40745.7196 28576.2987  29.9%  53.5 3186s
 164493 105277 33513.3083   63  137 40745.7196 28576.9954  29.9%  53.5 3190s
 164944 105533 32051.9524   42  130 40745.7196 28579.2329  29.9%  53.5 3197s
 165092 105675 38740.2533   86   61 40745.7196 28579.9791  29.9%  53.6 3200s
 165534 105978 30390.8597   48  151 40745.7196 28581.9356  29.9%  53.6 3207s
 165725 106108 37884.4192  160  140 40745.7196 28582.4664  29.9%  53.6 3211s
 165946 106227 28922.8022   35  164 40745.7196 28582.8182  29.9%  53.6 3215s
 166423 106585 33011.8368   41  166 40745.7196 28585.3911  29.8%  53.6 3222s
 166637 106755 39038.4032   87   99 40745.7196 28586.2662  29.8%  53.6 3225s
 167058 107002 28933.2789   36  197 40745.7196 28588.0557  29.8%  53.6 3231s
 167481 107300 38080.7184   77  128 40745.7196 28589.6054  29.8%  53.6 3237s
 167670 107386 38710.5202  171   76 40745.7196 28590.0719  29.8%  53.6 3240s
 168003 107609 34144.0726   53  173 40745.7196 28592.8757  29.8%  53.6 3247s
 168199 107763 30685.4603   44  146 40745.7196 28594.9083  29.8%  53.6 3251s
 168649 108052 39746.4720   76  116 40745.7196 28597.3071  29.8%  53.7 3260s
 169063 108308 29173.2110   41  145 40745.7196 28599.7074  29.8%  53.7 3267s
 169273 108486 34747.7715   53  153 40745.7196 28600.1001  29.8%  53.7 3270s
 169669 108801 32950.1349   47  152 40745.7196 28601.3024  29.8%  53.7 3277s
 169936 108917 36321.6891   68  152 40745.7196 28601.5707  29.8%  53.7 3280s
 170306 109247 40001.9661  101  115 40745.7196 28601.9973  29.8%  53.8 3287s
 170565 109373 40145.9969   55  156 40745.7196 28603.3648  29.8%  53.8 3290s
 170959 109652 40508.9612   84  106 40745.7196 28605.6950  29.8%  53.8 3297s
 171132 109832 37653.2249   69   90 40745.7196 28607.2611  29.8%  53.8 3300s
 171584 110095 29663.0256   41  193 40745.7196 28608.8610  29.8%  53.8 3307s
 171743 110269 35092.2669   86  124 40745.7196 28609.2755  29.8%  53.9 3311s
 172130 110511 29530.6408   38  167 40745.7196 28612.4809  29.8%  53.9 3318s
 172408 110661 40057.3297   66  108 40745.7196 28613.5090  29.8%  53.9 3322s
 172616 110820 36396.7916   53  157 40745.7196 28614.5727  29.8%  53.9 3325s
 173125 111131 36965.8106   50  152 40745.7196 28616.1065  29.8%  53.9 3333s
 173410 111297 32411.4367   40  163 40745.7196 28617.7825  29.8%  53.9 3338s
 173669 111416 33548.4711   55  151 40745.7196 28618.2914  29.8%  53.9 3342s
 173822 111561 39505.5953   95  107 40745.7196 28618.7582  29.8%  53.9 3345s
 174229 111834 38521.5358   84  102 40745.7196 28620.0690  29.8%  54.0 3353s
 174415 111964 29325.2945   40  192 40745.7196 28620.6655  29.8%  54.0 3356s
 174640 112116 40014.3407   66   78 40745.7196 28620.7973  29.8%  54.0 3360s
 174875 112258 40263.8985   71  139 40745.7196 28621.3898  29.8%  54.0 3365s
 175361 112565 40150.7247   57   56 40745.7196 28623.2967  29.8%  54.0 3372s
 175563 112664 30597.5601   42  173 40745.7196 28624.5042  29.7%  54.0 3376s
 175911 112940 40087.7135  146   61 40745.7196 28625.2040  29.7%  54.0 3384s
 176044 113074 40677.1433   66  103 40745.7196 28626.3309  29.7%  54.0 3389s
 176251 113249 30697.0014   47  130 40745.7196 28626.8759  29.7%  54.0 3393s
 176462 113391 28925.3204   36  160 40745.7196 28629.5572  29.7%  54.0 3398s
 176682 113496 29039.4663   43  175 40745.7196 28629.8491  29.7%  54.0 3402s
 176812 113703 37915.0789   80  112 40745.7196 28630.4950  29.7%  54.0 3407s
 177104 113894 33876.6303   49  154 40745.7196 28631.5655  29.7%  54.0 3412s
 177432 114097 29571.5884   35  155 40745.7196 28634.7482  29.7%  54.1 3417s
 177684 114261 33224.5324   44  154 40745.7196 28634.9798  29.7%  54.1 3422s
 177966 114441 39940.5550   65   63 40745.7196 28637.5303  29.7%  54.1 3427s
 178242 114542 29330.7498   36  155 40745.7196 28638.1398  29.7%  54.1 3432s
 178364 114743 37462.2143   73  131 40745.7196 28638.5247  29.7%  54.2 3436s
 178653 114926 30627.8829   43  115 40745.7196 28640.0701  29.7%  54.2 3441s
 178944 115126 39226.5280   59  133 40745.7196 28640.7911  29.7%  54.2 3445s
 179280 115253 30869.7486   49  140 40745.7196 28643.1866  29.7%  54.2 3450s
 179551 115396 36973.2288   67  160 40745.7196 28644.4406  29.7%  54.2 3456s
 179761 115531 38993.1206   60  124 40745.7196 28645.5700  29.7%  54.2 3461s
 179955 115675 37546.7056   77  137 40745.7196 28646.2636  29.7%  54.2 3466s
 180140 115794 34199.4527   49   86 40745.7196 28646.7816  29.7%  54.2 3471s
 180351 115928 28968.1295   38  109 40745.7196 28646.8997  29.7%  54.2 3477s
 180576 116097 31488.4006   42  180 40745.7196 28647.1101  29.7%  54.2 3484s
 180837 116262 40185.6507   89   51 40745.7196 28648.4698  29.7%  54.2 3492s
 181096 116484 40703.0454   82  100 40745.7196 28648.9292  29.7%  54.2 3500s
 181362 116651 infeasible   50      40745.7196 28649.3933  29.7%  54.2 3506s
 181607 116790 35412.8890   49  133 40745.7196 28650.3450  29.7%  54.2 3513s
 181802 116989 39343.0564   98  131 40745.7196 28650.5987  29.7%  54.2 3519s
 182107 117184 39367.0419   99  110 40745.7196 28651.6517  29.7%  54.2 3523s
 182398 117383 34426.1983   52  172 40745.7196 28652.6159  29.7%  54.2 3528s
 182644 117498 40591.0349   75  118 40745.7196 28653.0062  29.7%  54.2 3532s
 182827 117715 36658.3314   68  157 40745.7196 28654.1289  29.7%  54.2 3536s
 183113 117889 35869.8960   48  128 40745.7196 28655.0629  29.7%  54.2 3540s
 183406 118032 30615.2957   39   99 40745.7196 28655.0953  29.7%  54.2 3546s
 183784 118296 29870.5715   39  176 40745.7196 28656.3364  29.7%  54.2 3553s
 184051 118455 30090.4806   41  131 40745.7196 28658.3686  29.7%  54.2 3557s
 184300 118710 33864.6782   67  125 40745.7196 28658.9450  29.7%  54.2 3560s
 184825 118978 37417.1053   50  156 40745.7196 28660.4859  29.7%  54.2 3566s
 185161 119292 37995.8889   49  115 40745.7196 28660.4924  29.7%  54.3 3573s
 185472 119426 40730.2480   70   72 40745.7196 28660.9269  29.7%  54.3 3575s
 185869 119761 37128.9570   70  114 40745.7196 28662.3781  29.7%  54.3 3582s
 186095 119967 36928.4802   65  158 40745.7196 28662.5183  29.7%  54.3 3585s
 186599 120249 29055.8917   40  174 40745.7196 28663.4489  29.7%  54.3 3592s
 186795 120399 35124.0706   48  174 40745.7196 28663.9732  29.7%  54.3 3595s
 187282 120616 29451.0183   35  188 40745.7196 28664.9652  29.6%  54.3 3602s
 187454 120741 38172.2364   57  145 40745.7196 28665.6419  29.6%  54.3 3605s
 187863 121016 38403.2571  157   99 40745.7196 28665.9143  29.6%  54.3 3612s
 188033 121146 38556.1442  250   79 40745.7196 28666.9647  29.6%  54.3 3616s
 188403 121390 33613.9761   57  137 40745.7196 28668.4933  29.6%  54.3 3623s
 188635 121499 33536.0903   50  137 40745.7196 28668.8254  29.6%  54.3 3626s
 188825 121656 32041.3872   45  177 40745.7196 28669.3210  29.6%  54.3 3630s
 189260 121974 31436.2396   63  139 40745.7196 28670.7429  29.6%  54.4 3637s
 189423 122120 39335.0587  165   75 40745.7196 28670.7785  29.6%  54.4 3641s
 189815 122368 38246.0029   82  137 40745.7196 28672.3551  29.6%  54.4 3647s
 189984 122512 37013.2352   49  129 40745.7196 28672.7748  29.6%  54.4 3651s
 190415 122782 38527.9424   56  139 40745.7196 28674.3537  29.6%  54.4 3657s
 190597 122924 33879.0461   49  150 40745.7196 28674.7668  29.6%  54.5 3660s
 190765 123070 39660.5155  116  113 40745.7196 28675.1853  29.6%  54.5 3666s
 190986 123261 28973.0933   40  172 40745.7196 28676.6096  29.6%  54.5 3670s
 191421 123483 32663.9458   40  178 40745.7196 28678.9708  29.6%  54.5 3676s
 191861 123716 37705.5694   60  112 40745.7196 28680.6648  29.6%  54.5 3681s
 192320 124014 39146.2162   63  143 40745.7196 28682.1896  29.6%  54.5 3687s
 192493 124172 36413.0671   55  152 40745.7196 28682.2360  29.6%  54.5 3690s
 192925 124459 35622.9608   50  180 40745.7196 28682.9181  29.6%  54.5 3696s
 193333 124710 34026.9654   46  168 40745.7196 28683.7317  29.6%  54.6 3702s
 193558 124866 33357.2849   39  134 40745.7196 28684.9704  29.6%  54.6 3705s
 193968 125131 29997.0127   36  174 40745.7196 28685.4242  29.6%  54.6 3712s
 194160 125242 29059.3297   38  151 40745.7196 28685.6788  29.6%  54.6 3715s
 194562 125521 29148.3663   35  164 40745.7196 28687.7015  29.6%  54.6 3721s
 194975 125853 33174.1205   45  158 40745.7196 28688.8667  29.6%  54.6 3727s
 195209 125979 30059.9976   43  161 40745.7196 28689.0457  29.6%  54.6 3731s
 195639 126291 34896.7398   51  153 40745.7196 28690.5013  29.6%  54.7 3738s
 195828 126482 33453.6705   49  177 40745.7196 28690.7276  29.6%  54.7 3742s
 196041 126587 38841.3633  117   76 40745.7196 28691.1043  29.6%  54.7 3745s
 196415 126934 39883.7069   70  107 40745.7196 28691.8976  29.6%  54.7 3753s
 196670 127023 33749.8845   42  170 40745.7196 28692.5020  29.6%  54.7 3757s
 196784 127137 40347.6718   74  140 40745.7196 28692.9020  29.6%  54.7 3761s
 196979 127308 29538.6683   43  170 40745.7196 28693.7059  29.6%  54.7 3765s
 197435 127624 36632.2132   71  159 40745.7196 28694.4365  29.6%  54.7 3772s
 197627 127814 39616.1890   71  122 40745.7196 28694.6135  29.6%  54.7 3775s
 198065 128074 29281.3785   37  177 40745.7196 28695.7599  29.6%  54.7 3785s
 198504 128363 36838.0667   52  170 40745.7196 28698.6326  29.6%  54.7 3792s
 198742 128507 35683.9228   54  157 40745.7196 28699.1434  29.6%  54.7 3795s
 199063 128779 37332.7567   72  152 40745.7196 28700.0533  29.6%  54.8 3802s
 199316 128957 34246.5751   48  172 40745.7196 28700.8569  29.6%  54.8 3805s
 199763 129256 31591.7214   46  167 40745.7196 28701.7848  29.6%  54.8 3812s
 200022 129370 30870.2193   46  131 40745.7196 28702.7602  29.6%  54.8 3815s
 200461 129687 34617.5305   59  133 40745.7196 28704.2050  29.6%  54.8 3822s
 200674 129867 29534.1625   43  127 40745.7196 28705.1383  29.6%  54.9 3825s
 201207 130175 31701.2760   60  114 40745.7196 28706.1081  29.5%  54.8 3832s
 201358 130293 33435.7977   91  108 40745.7196 28706.1081  29.5%  54.8 3836s
 201696 130594 40011.3473  168   78 40745.7196 28706.1081  29.5%  54.9 3844s
 201911 130730 37071.7772  199   85 40745.7196 28707.4951  29.5%  54.9 3848s
 202069 130884 40261.2267  106   95 40745.7196 28708.0027  29.5%  54.9 3852s
 202286 131019 40217.0887   69  107 40745.7196 28708.4539  29.5%  54.9 3855s
 202720 131352 35022.1271   84  114 40745.7196 28709.8884  29.5%  54.9 3863s
 202976 131486 38143.9127   68   67 40745.7196 28710.4590  29.5%  54.9 3867s
 203142 131651 32592.9078   44  153 40745.7196 28710.7787  29.5%  54.9 3871s
 203387 131865 31643.4459   41  187 40745.7196 28711.2612  29.5%  54.9 3875s
 203665 132027 40658.0373   83  121 40745.7196 28711.9170  29.5%  54.9 3880s
 204097 132419 39395.0583  138  124 40745.7196 28712.4226  29.5%  54.9 3888s
 204340 132549 29352.0702   42  179 40745.7196 28712.4226  29.5%  54.9 3892s
 204538 132669 40310.5319   65  158 40745.7196 28713.2494  29.5%  54.9 3896s
 204935 132969 40206.9935  122  130 40745.7196 28713.8624  29.5%  55.0 3902s
 205146 133124 38851.4451   97  123 40745.7196 28715.1468  29.5%  55.0 3906s
 205374 133268 40354.9237   64  107 40745.7196 28715.3740  29.5%  55.0 3911s
 205577 133427 34752.6151   48  185 40745.7196 28715.9064  29.5%  55.0 3915s
 205997 133773 37002.4206   61  190 40745.7196 28717.3606  29.5%  55.0 3922s
 206284 133924 40179.5185   58  128 40745.7196 28718.1470  29.5%  55.0 3925s
 206725 134271 39064.4254  107  151 40745.7196 28718.9908  29.5%  55.0 3932s
 206991 134418 40325.6437  103   92 40745.7196 28720.0426  29.5%  55.0 3935s
 207364 134662 38376.0093   80  163 40745.7196 28721.0713  29.5%  55.0 3942s
 207496 134748 30649.7245   44  190 40745.7196 28722.2337  29.5%  55.0 3945s
 207888 135039 29682.0121   45  146 40745.7196 28724.1089  29.5%  55.0 3952s
 208133 135156 39464.1375   61  130 40745.7196 28724.4756  29.5%  55.0 3956s
 208320 135268 31286.0072   44  130 40745.7196 28725.0682  29.5%  55.0 3960s
 208785 135542 34041.1140   48  142 40745.7196 28726.9639  29.5%  55.0 3968s
 208958 135700 39007.9811   82  109 40745.7196 28727.2575  29.5%  55.1 3972s
 209214 135876 38199.2553   50  168 40745.7196 28727.8981  29.5%  55.1 3977s
 209497 136022 infeasible   60      40745.7196 28730.0862  29.5%  55.1 3981s
 209699 136235 37726.1603   75  107 40745.7196 28730.9989  29.5%  55.1 3985s
 210264 136625 38430.8054   77  156 40745.7196 28731.7777  29.5%  55.1 3997s
 210480 136794 40736.1987   62  104 40745.7196 28732.0159  29.5%  55.1 4001s
 210985 137129 39688.2850   66  138 40745.7196 28733.0249  29.5%  55.1 4008s
 211205 137270 29988.9537   41  153 40745.7196 28733.8519  29.5%  55.1 4011s
 211634 137611 36190.1003   59  115 40745.7196 28735.7446  29.5%  55.1 4018s
 211854 137783 38715.1745   69  154 40745.7196 28735.9847  29.5%  55.1 4022s
 212142 137958 29424.7632   44  130 40745.7196 28737.4067  29.5%  55.1 4025s
 212670 138298 33668.8725   45  126 40745.7196 28738.2400  29.5%  55.1 4036s
 213131 138622 39043.0614   63  149 40745.7196 28739.5152  29.5%  55.1 4042s
 213317 138741 36627.9900   70  116 40745.7196 28740.0105  29.5%  55.2 4045s
 213667 139044 39716.6289   96  123 40745.7196 28740.7845  29.5%  55.2 4052s
 213961 139278 28747.3877   37  196 40745.7196 28741.5334  29.5%  55.2 4056s
 214463 139556 30606.1756   37  144 40745.7196 28743.2582  29.5%  55.2 4063s
 214682 139717 29228.2950   44  180 40745.7196 28744.6466  29.5%  55.2 4066s
 215115 140001 29635.3859   44  166 40745.7196 28745.8257  29.5%  55.2 4073s
 215335 140148 29774.6991   43  150 40745.7196 28746.9575  29.4%  55.3 4077s
 215529 140360 36050.9140   57  152 40745.7196 28747.0551  29.4%  55.2 4081s
 215805 140478 30597.9518   49  172 40745.7196 28747.1698  29.4%  55.2 4085s
 216149 140796 29251.3001   39  190 40745.7196 28748.8130  29.4%  55.3 4093s
 216406 140931 39613.3863   97   73 40745.7196 28749.1104  29.4%  55.3 4096s
 216640 141075 31530.4726   49  167 40745.7196 28750.0197  29.4%  55.2 4100s
 217049 141279 38696.1604  175   64 40745.7196 28750.1138  29.4%  55.3 4108s
 217062 141428 38697.6826  176   64 40745.7196 28751.1903  29.4%  55.3 4112s
 217298 141586 38360.4673   74  114 40745.7196 28752.6629  29.4%  55.3 4116s
 217698 141850 39685.5348   59  141 40745.7196 28753.0464  29.4%  55.3 4124s
 217907 142090 38155.8224   57  148 40745.7196 28753.4869  29.4%  55.3 4127s
 218226 142256 39545.4481  142   49 40745.7196 28753.8884  29.4%  55.3 4131s
 218452 142419 37232.5412   57  129 40745.7196 28754.9297  29.4%  55.3 4135s
 218835 142676 29700.4548   43  183 40745.7196 28755.7856  29.4%  55.3 4141s
 219107 142809     cutoff   59      40745.7196 28756.6194  29.4%  55.3 4148s
 219309 142946 35297.2467   46  164 40745.7196 28757.2734  29.4%  55.3 4152s
 219523 143126 34818.4789   72  149 40745.7196 28757.8690  29.4%  55.4 4155s
 220032 143451 38830.7325   56  127 40745.7196 28759.6926  29.4%  55.4 4164s
 220279 143586 35292.9171   66  141 40745.7196 28760.6084  29.4%  55.4 4167s
 220455 143705 39460.7317   56  135 40745.7196 28761.1954  29.4%  55.4 4170s
 220897 144156 40192.5836   71  107 40745.7196 28762.0731  29.4%  55.4 4179s
 221225 144330 38748.6060  162  114 40745.7196 28762.5475  29.4%  55.4 4182s
 221495 144487 40421.5017   51  160 40745.7196 28762.8271  29.4%  55.4 4185s
 221955 144824 29302.0578   42   87 40745.7196 28763.6280  29.4%  55.4 4191s
 222288 145112 34373.1179   42  162 40745.7196 28763.8717  29.4%  55.4 4196s
 222517 145255 29444.9798   40  164 40745.7196 28764.7138  29.4%  55.4 4203s
H222702 143927                    40633.852971 28764.8553  29.2%  55.4 4203s
 222703 143965 39570.2744   71  157 40633.8530 28764.8553  29.2%  55.4 4208s
H222755 142372                    40555.405333 28764.8553  29.1%  55.4 4208s
 222756 142376     cutoff   91      40555.4053 28764.8553  29.1%  55.4 4214s
H222758 142311                    40552.589167 28764.8553  29.1%  55.4 4214s
H222760 140963                    40488.474567 28764.8553  29.0%  55.4 4214s
 222766 141150 40323.4402   91   99 40488.4746 28765.2665  29.0%  55.4 4218s
 223007 141301 37422.9023  157   96 40488.4746 28765.8747  29.0%  55.4 4222s
 223224 141488 29706.7130   42   50 40488.4746 28766.2978  29.0%  55.4 4226s
 223471 141724 37837.9250   51  148 40488.4746 28766.7582  29.0%  55.5 4231s
 223761 141825 39340.5980  127   42 40488.4746 28767.4550  28.9%  55.4 4236s
 223918 141988 29536.1713   40  155 40488.4746 28767.7929  28.9%  55.4 4240s
 224476 142373 39555.1047   90   36 40488.4746 28769.1669  28.9%  55.4 4248s
 224758 142574 29426.0412   40  194 40488.4746 28769.4601  28.9%  55.4 4253s
 225023 142754 37804.1924   63  161 40488.4746 28769.7258  28.9%  55.4 4257s
 225267 142894 31503.3607   51  150 40488.4746 28770.2421  28.9%  55.4 4260s
 225695 143323 37903.7327  115   58 40488.4746 28770.5838  28.9%  55.4 4268s
 226019 143478 38120.7050   54  131 40488.4746 28771.5684  28.9%  55.4 4271s
 226437 143721 38999.4233   60  122 40488.4746 28772.2717  28.9%  55.4 4278s
 226693 143899 31391.4647   54  123 40488.4746 28772.6146  28.9%  55.4 4281s
 226914 143980 29021.5350   33  169 40488.4746 28772.9544  28.9%  55.4 4285s
 227302 144376 30270.7206   43  157 40488.4746 28774.8969  28.9%  55.4 4296s
 227798 144662 29338.6003   36  153 40488.4746 28776.2833  28.9%  55.4 4302s
 228002 144831 32433.3436   53  118 40488.4746 28776.6649  28.9%  55.4 4305s
 228403 145089 30422.3240   49  168 40488.4746 28777.0694  28.9%  55.4 4312s
 228636 145207 30706.7427   39  130 40488.4746 28777.3046  28.9%  55.4 4316s
 229037 145485 infeasible   51      40488.4746 28778.4578  28.9%  55.4 4323s
 229200 145681 33691.9883   49  170 40488.4746 28778.5923  28.9%  55.4 4326s
 229421 145816 40483.9032  149   58 40488.4746 28778.9139  28.9%  55.5 4330s
 229878 146114 38003.1666   80  105 40488.4746 28780.2361  28.9%  55.5 4337s
 230048 146300 39786.5954   88  108 40488.4746 28780.4147  28.9%  55.5 4342s
 230284 146485 38814.6068   63   76 40488.4746 28780.7633  28.9%  55.5 4346s
 230540 146685 38833.6510  111   73 40488.4746 28780.8958  28.9%  55.5 4350s
 231036 147006 30085.5332   35  166 40488.4746 28781.6583  28.9%  55.5 4357s
 231283 147184 40225.2630   60  120 40488.4746 28781.9200  28.9%  55.5 4362s
 231509 147383 36694.1422   68  141 40488.4746 28782.2856  28.9%  55.5 4366s
 231797 147491 40105.9499   63  125 40488.4746 28782.7913  28.9%  55.5 4370s
 232235 147790 39266.1438   76  122 40488.4746 28783.6196  28.9%  55.5 4378s
 232451 147968 29738.1131   54  138 40488.4746 28783.8106  28.9%  55.5 4383s
 232658 148159 37782.0864   82  176 40488.4746 28784.0177  28.9%  55.5 4387s
 232956 148187 35257.3535   48  114 40488.4746 28784.2916  28.9%  55.5 4412s
 233006 148382 32718.5184   47  142 40488.4746 28784.6706  28.9%  55.5 4416s
 233490 148679 38389.9686   73  159 40488.4746 28785.1207  28.9%  55.6 4422s
 233734 148838 32908.8980   49  173 40488.4746 28785.4480  28.9%  55.6 4426s
 234144 149165 29669.2185   39  183 40488.4746 28786.3052  28.9%  55.6 4433s
 234372 149323 35716.6720   48  158 40488.4746 28787.8949  28.9%  55.6 4437s
 234593 149499 29156.9026   39  132 40488.4746 28788.1929  28.9%  55.6 4443s
 234828 149617 39640.5119   61  119 40488.4746 28788.7058  28.9%  55.6 4446s
 235059 149783     cutoff   67      40488.4746 28789.3535  28.9%  55.6 4450s
 235494 150111 38455.0295   90   98 40488.4746 28789.9984  28.9%  55.6 4456s
 235995 150435 30559.9883   43  146 40488.4746 28791.7734  28.9%  55.6 4463s
 236225 150556 30505.8862   41  179 40488.4746 28792.3983  28.9%  55.6 4466s
 236615 150850 30135.4940   38  202 40488.4746 28793.1847  28.9%  55.6 4473s
 236802 150980 40150.0017  121   53 40488.4746 28793.5856  28.9%  55.6 4477s
 236998 151150 35417.5557  104  131 40488.4746 28794.4762  28.9%  55.6 4480s
 237480 151478 37612.4832   82  128 40488.4746 28795.1840  28.9%  55.6 4488s
 237709 151606 33620.8433   66  145 40488.4746 28795.5146  28.9%  55.7 4492s
 237899 151746 36677.5363   66  125 40488.4746 28795.9799  28.9%  55.7 4495s
 238286 152034 30717.1104   41  158 40488.4746 28797.1376  28.9%  55.7 4503s
 238492 152164 37775.4239   58  112 40488.4746 28797.2566  28.9%  55.7 4506s
 238683 152310 37126.3310   68  152 40488.4746 28798.0094  28.9%  55.7 4510s
 238839 152489 31148.3534   55  143 40488.4746 28798.0798  28.9%  55.7 4515s
 239318 152808 39069.8641   91   74 40488.4746 28798.8645  28.9%  55.7 4523s
 239555 152967 39945.9141   61  153 40488.4746 28799.5284  28.9%  55.7 4526s
 239749 153151 39117.7699  105  146 40488.4746 28799.9397  28.9%  55.8 4530s
 240186 153456 40029.4513   73   92 40488.4746 28800.4233  28.9%  55.8 4537s
 240488 153576 37682.3745   58   64 40488.4746 28801.2486  28.9%  55.8 4540s
 240889 153919 38520.5709   78  114 40488.4746 28801.9676  28.9%  55.8 4548s
 241150 154096 34904.1297   61  157 40488.4746 28802.2862  28.9%  55.8 4551s
 241558 154348 29647.0200   46  154 40488.4746 28803.0540  28.9%  55.8 4558s
 241756 154493 34391.7931   53  139 40488.4746 28803.9783  28.9%  55.8 4561s
 241994 154668 29018.3768   41  182 40488.4746 28804.1139  28.9%  55.8 4568s
 242229 154779 35639.6365   53   83 40488.4746 28804.3921  28.9%  55.8 4571s
 242630 155044 35586.5032   55  135 40488.4746 28805.3116  28.9%  55.8 4578s
 242814 155131 40444.0893   61  132 40488.4746 28805.7586  28.9%  55.8 4583s
 242985 155276 37673.9913   66  146 40488.4746 28806.5938  28.9%  55.8 4586s
 243211 155475 38857.9648   71  154 40488.4746 28807.0764  28.9%  55.8 4591s
 243501 155658 33184.1832   45  135 40488.4746 28807.5183  28.9%  55.8 4595s
 243974 155901 36778.3474   56  187 40488.4746 28808.5057  28.8%  55.8 4603s
 244171 156055 33882.6773   51  163 40488.4746 28809.6371  28.8%  55.9 4607s
 244360 156202 infeasible   43      40488.4746 28809.9926  28.8%  55.9 4611s
 244610 156332 29276.5787   43  134 40488.4746 28810.7555  28.8%  55.9 4615s
 245139 156607 40279.8428   75   90 40488.4746 28811.6891  28.8%  55.9 4623s
 245323 156811 32551.2581   55  184 40488.4746 28811.9010  28.8%  55.9 4629s
 245584 156967 38704.5410  159   96 40488.4746 28812.8467  28.8%  55.9 4633s
 245767 157125 39749.5072  114  145 40488.4746 28813.2130  28.8%  55.9 4637s
 245988 157306 39341.9616   80  167 40488.4746 28813.6996  28.8%  55.9 4641s
 246254 157424 33875.2170   49  161 40488.4746 28814.0934  28.8%  55.9 4645s
 246599 157737 38411.8800   97  144 40488.4746 28814.7764  28.8%  55.9 4653s
 246863 157926 32446.9442   40  162 40488.4746 28815.5842  28.8%  55.9 4657s
 247083 158105 40269.9558  124   63 40488.4746 28815.7762  28.8%  55.9 4661s
 247355 158225 29724.3267   37  170 40488.4746 28816.9626  28.8%  55.9 4665s
 247802 158608 35978.9848  171   74 40488.4746 28817.4010  28.8%  55.9 4674s
 248044 158720 36216.6820  278   81 40488.4746 28817.4010  28.8%  55.9 4677s
 248208 158884 36457.3626  323  109 40488.4746 28817.9710  28.8%  55.9 4682s
 248487 159058 38789.8213  106   71 40488.4746 28819.1863  28.8%  55.9 4686s
 248939 159352 37496.5034   73   88 40488.4746 28819.4931  28.8%  55.9 4693s
 249149 159520 33354.6531   45  141 40488.4746 28819.6536  28.8%  55.9 4697s
 249380 159702 37994.0152  103   76 40488.4746 28819.7211  28.8%  55.9 4707s
 249651 159826 29512.7903   39  184 40488.4746 28820.0525  28.8%  55.9 4710s
 250012 160172 40393.0126   62  105 40488.4746 28820.5110  28.8%  55.9 4718s
 250318 160274 32280.0628   42  156 40488.4746 28820.8764  28.8%  55.9 4721s
 250498 160396 37868.2605   49  128 40488.4746 28822.1251  28.8%  55.9 4725s
 250909 160691 30257.1289   39  161 40488.4746 28824.0320  28.8%  55.9 4732s
 251139 160864 35297.1168   57  146 40488.4746 28824.3558  28.8%  55.9 4735s
 251632 161213 28904.9079   40  172 40488.4746 28825.2577  28.8%  55.9 4743s
 251862 161330 33499.6072   46  135 40488.4746 28825.4077  28.8%  55.9 4747s
 252079 161483 infeasible   62      40488.4746 28826.5335  28.8%  55.9 4750s
 252443 161764 40337.9265   87   45 40488.4746 28826.8694  28.8%  56.0 4758s
 252661 161884 36608.1105   48  155 40488.4746 28827.4885  28.8%  56.0 4762s
 252899 162018 35875.7540   45  142 40488.4746 28827.8685  28.8%  56.0 4766s
 253121 162169 33898.4779   55   95 40488.4746 28828.4878  28.8%  56.0 4771s
 253414 162368 29379.6552   47  135 40488.4746 28829.5010  28.8%  56.0 4775s
 253965 162689 36774.8009   58  144 40488.4746 28830.6053  28.8%  56.0 4783s
 254213 162852 39280.9009   65  113 40488.4746 28831.0876  28.8%  56.0 4787s
 254458 162999 37868.9957   52  113 40488.4746 28831.3837  28.8%  56.0 4790s
 254915 163262 35790.9481   54  132 40488.4746 28832.2898  28.8%  56.0 4797s
 255066 163432 36511.4647   57  163 40488.4746 28832.6911  28.8%  56.0 4801s
 255275 163611 29039.1542   37  182 40488.4746 28833.0020  28.8%  56.0 4805s
 255744 163952     cutoff  131      40488.4746 28833.7475  28.8%  56.0 4811s
 256012 164102 38919.1770   75  146 40488.4746 28834.2810  28.8%  56.0 4815s
 256436 164374 30876.7829   62  151 40488.4746 28835.2582  28.8%  56.0 4822s
 256604 164448 40176.2395   90  122 40488.4746 28835.5101  28.8%  56.1 4828s
 256731 164735 40230.5197  110  171 40488.4746 28836.0018  28.8%  56.1 4836s
 257182 164894     cutoff   83      40488.4746 28837.1443  28.8%  56.1 4840s
 257600 165236 37703.3723   77  137 40488.4746 28837.7444  28.8%  56.1 4848s
 257860 165398 28927.8164   38  170 40488.4746 28838.1488  28.8%  56.1 4851s
 258111 165579 38852.0211   65  150 40488.4746 28838.5152  28.8%  56.1 4855s
 258688 165886 37003.5760   67  155 40488.4746 28839.0066  28.8%  56.1 4862s
 258956 165888 30553.8190   43  177 40488.4746 28839.8873  28.8%  56.1 4868s
H258957 165816                    40485.658400 28839.8873  28.8%  56.1 4868s
 258958 165817 30584.6252   44  170 40485.6584 28839.8873  28.8%  56.1 4883s
 258960 165948 30607.0987   45  168 40485.6584 28840.2893  28.8%  56.1 4887s
 259164 165979 35135.1450   51  144 40485.6584 28840.7406  28.8%  56.1 4891s
 259228 166153 38949.6504   60  135 40485.6584 28841.1251  28.8%  56.1 4895s
 259551 166396 30317.9128   41  158 40485.6584 28841.7332  28.8%  56.1 4902s
 259826 166584 36546.6554   63  126 40485.6584 28841.8182  28.8%  56.1 4906s
 260089 166645 38157.7578   57  145 40485.6584 28842.2720  28.8%  56.1 4910s
 260474 166954 31154.7758   40  183 40485.6584 28843.1981  28.8%  56.1 4917s
 260715 167133 36060.2392   45  142 40485.6584 28843.7196  28.8%  56.1 4921s
 260913 167304 34373.9489   75  103 40485.6584 28843.7196  28.8%  56.1 4926s
 261157 167462 34267.1323  119   82 40485.6584 28843.7196  28.8%  56.1 4930s
 261336 167587 36543.1435  150   61 40485.6584 28844.2492  28.8%  56.1 4935s
 261781 167960 40256.7226  146   92 40485.6584 28845.6729  28.8%  56.2 4943s
 262046 168081 31204.0828   45  197 40485.6584 28846.4093  28.7%  56.1 4946s
 262481 168324 36920.4919   49  123 40485.6584 28847.5351  28.7%  56.2 4953s
 262697 168494 40237.2540   63   83 40485.6584 28848.2307  28.7%  56.2 4956s
 263148 168799 37996.8536   84   63 40485.6584 28849.5069  28.7%  56.2 4963s
 263366 168957 29806.1134   35  174 40485.6584 28850.0644  28.7%  56.2 4966s
 263846 169342 38678.9786  146   92 40485.6584 28850.6748  28.7%  56.2 4980s
 264355 169664 37872.2150   47   80 40485.6584 28851.8381  28.7%  56.2 4987s
 264554 169814 37607.6207   56  148 40485.6584 28852.3817  28.7%  56.2 4990s
 264956 170145 34159.1015   50  150 40485.6584 28852.6705  28.7%  56.2 4997s
 265162 170260 30450.4744   37  171 40485.6584 28853.3637  28.7%  56.2 5001s
 265378 170420 32872.9264   49  186 40485.6584 28853.9729  28.7%  56.2 5005s
 265763 170709 36682.9880   68  131 40485.6584 28854.9179  28.7%  56.2 5012s
 265982 170900 37662.0241   67  130 40485.6584 28855.2371  28.7%  56.2 5016s
 266240 171063 40200.8046   72  167 40485.6584 28856.6638  28.7%  56.2 5020s
 266698 171371 29477.3795   43  161 40485.6584 28857.6144  28.7%  56.2 5027s
 266920 171473 infeasible   52      40485.6584 28857.8397  28.7%  56.2 5031s
 267106 171619 37216.5239   53  144 40485.6584 28858.6021  28.7%  56.3 5035s
 267532 171850 39772.0794   58  124 40485.6584 28859.5700  28.7%  56.3 5043s
 267772 171998 37006.0279   49  164 40485.6584 28860.3902  28.7%  56.3 5046s
 267980 172156 39619.8494   98   67 40485.6584 28860.8734  28.7%  56.3 5050s
 268480 172482 32889.4320   43  167 40485.6584 28862.0349  28.7%  56.3 5057s
 268681 172651 40008.5710  112  141 40485.6584 28862.2192  28.7%  56.3 5061s
 269160 172951 40462.7409  109   57 40485.6584 28863.1042  28.7%  56.3 5067s
 269339 173079 29148.2247   38  165 40485.6584 28863.3915  28.7%  56.3 5070s
 269761 173395 38850.4219   75  161 40485.6584 28863.7749  28.7%  56.4 5077s
 269978 173541 35988.2490   47  157 40485.6584 28864.3148  28.7%  56.4 5080s
 270427 173917 38145.3037   76   74 40485.6584 28864.5141  28.7%  56.4 5087s
 270744 174029 33529.4743   43  150 40485.6584 28864.8269  28.7%  56.4 5091s
 271149 174413 38019.6286   54  139 40485.6584 28865.6389  28.7%  56.4 5106s
 271631 174680 30573.8764   46  143 40485.6584 28866.2732  28.7%  56.4 5112s
 271810 174821 29583.8771   45  122 40485.6584 28866.4581  28.7%  56.4 5115s
 272287 175177 32530.0207   48  164 40485.6584 28867.1815  28.7%  56.4 5123s
 272532 175304 32300.8988   71  121 40485.6584 28867.5108  28.7%  56.4 5126s
 272736 175475 30261.5964   44  126 40485.6584 28867.8453  28.7%  56.4 5131s
 273187 175779 40188.4160   96   99 40485.6584 28868.4196  28.7%  56.4 5138s
 273438 175880 infeasible   55      40485.6584 28868.7762  28.7%  56.4 5142s
 273650 176044 32317.0050   41  180 40485.6584 28869.8784  28.7%  56.4 5146s
 273833 176190 38496.3075  117   94 40485.6584 28870.3652  28.7%  56.5 5150s
 274303 176464 33730.7991   48  155 40485.6584 28871.6965  28.7%  56.5 5157s
 274512 176601 38939.2068   61  140 40485.6584 28871.9479  28.7%  56.5 5161s
 274762 176708 infeasible   81      40485.6584 28872.4757  28.7%  56.5 5165s
 275096 177013 32587.7740   44  161 40485.6584 28873.3205  28.7%  56.5 5173s
 275334 177143 40165.4521   70  119 40485.6584 28874.0340  28.7%  56.5 5176s
 275516 177282 34384.2159   50  185 40485.6584 28874.1677  28.7%  56.5 5180s
 275916 177578 38923.3176   53  143 40485.6584 28875.3802  28.7%  56.5 5188s
 276174 177778 33556.7930   49  136 40485.6584 28875.6708  28.7%  56.5 5192s
 276429 177918 40332.6267   76   67 40485.6584 28875.8713  28.7%  56.5 5196s
 276665 178079 37714.2027   57  149 40485.6584 28876.5453  28.7%  56.5 5200s
 277107 178436 39963.7423  103  159 40485.6584 28877.1072  28.7%  56.6 5208s
 277395 178607 40459.8381   72   68 40485.6584 28877.7240  28.7%  56.6 5211s
 277626 178768 38250.7665   91  117 40485.6584 28878.1916  28.7%  56.6 5215s
 278049 179118 34472.5991   48  147 40485.6584 28879.3811  28.7%  56.6 5222s
 278353 179256 29654.9814   39  137 40485.6584 28879.6220  28.7%  56.6 5225s
 278568 179380 39924.0131   60   43 40485.6584 28880.4457  28.7%  56.6 5234s
 278791 179485 34995.8247   41  114 40485.6584 28880.8496  28.7%  56.6 5237s
 278991 179634 29324.4063   42  146 40485.6584 28882.2102  28.7%  56.6 5241s
 279173 179840 38537.5599   78  145 40485.6584 28882.3995  28.7%  56.6 5246s
 279502 180012 36119.5423   63  152 40485.6584 28883.2725  28.7%  56.6 5250s
 279927 180316 29651.8143   43  153 40485.6584 28884.0642  28.7%  56.6 5258s
 280185 180446 35841.3063   48  176 40485.6584 28884.5864  28.7%  56.6 5262s
 280396 180556 39531.1690   72   34 40485.6584 28885.2359  28.7%  56.6 5267s
 280586 180700 33051.9474   39  165 40485.6584 28885.6025  28.7%  56.6 5272s
 280795 180844 37168.9574   70  178 40485.6584 28886.0779  28.7%  56.6 5276s
 280989 181048 39366.4709   61  146 40485.6584 28886.5963  28.6%  56.6 5281s
 281239 181157 38584.6810   85  141 40485.6584 28886.8575  28.6%  56.6 5285s
 281389 181317 34012.5467   49  151 40485.6584 28887.2000  28.6%  56.6 5290s
 281937 181629 36784.0016   59  136 40485.6584 28888.0272  28.6%  56.6 5299s
 282183 181811 29477.0922   53  121 40485.6584 28888.3100  28.6%  56.6 5303s
 282414 182004 36296.9058   97  126 40485.6584 28888.5391  28.6%  56.6 5308s
 282684 182215 30662.3279   45  148 40485.6584 28888.9904  28.6%  56.6 5312s
 282981 182363 37386.8190  134   71 40485.6584 28889.2890  28.6%  56.6 5315s
 283406 182637 36679.2018   56  135 40485.6584 28889.8707  28.6%  56.7 5322s
 283587 182778 36419.1654   63  158 40485.6584 28890.2228  28.6%  56.7 5326s
 284001 183081 37320.8175   68  158 40485.6584 28891.1096  28.6%  56.7 5333s
 284222 183249 34859.5991   57   94 40485.6584 28891.2353  28.6%  56.7 5336s
 284464 183396 29387.6156   39  183 40485.6584 28892.1294  28.6%  56.7 5340s
 284902 183666 35862.9948   62  121 40485.6584 28892.6438  28.6%  56.7 5348s
 285110 183840 34791.7312   52  131 40485.6584 28893.4119  28.6%  56.7 5352s
 285337 184051 38300.0252   96  135 40485.6584 28893.5783  28.6%  56.7 5355s
 285779 184340 29155.0829   37  130 40485.6584 28894.3292  28.6%  56.7 5370s
 286187 184589 37642.1580   78  168 40485.6584 28895.0421  28.6%  56.7 5377s
 286389 184754 36740.2695   60  158 40485.6584 28895.1941  28.6%  56.7 5381s
 286652 184939 32517.6982   43  145 40485.6584 28896.0037  28.6%  56.7 5386s
 286919 185072 37256.1416   86  136 40485.6584 28896.2594  28.6%  56.8 5393s
 287165 185243 30301.8413   48  168 40485.6584 28896.7963  28.6%  56.8 5398s
 287411 185361 29939.8468   56  140 40485.6584 28897.1747  28.6%  56.8 5403s
 287589 185532 34401.0984  114  184 40485.6584 28897.3263  28.6%  56.8 5409s
 287843 185699 38242.0194   72   95 40485.6584 28898.1127  28.6%  56.8 5414s
 288093 185875 31072.8413   53  159 40485.6584 28898.5149  28.6%  56.8 5418s
 288354 186034 30081.8037   37  137 40485.6584 28899.6184  28.6%  56.8 5423s
 288634 186213 29333.9637   44  161 40485.6584 28899.9911  28.6%  56.8 5427s
 288871 186437 31504.3492   54   78 40485.6584 28900.0698  28.6%  56.8 5430s
 289383 186721 39982.9938   62  143 40485.6584 28900.7454  28.6%  56.8 5438s
 289654 186857 39975.6964   57  103 40485.6584 28901.0639  28.6%  56.8 5441s
 289875 186997 32385.4257   48  184 40485.6584 28901.5988  28.6%  56.8 5445s
 290327 187227 33057.9847   45  191 40485.6584 28902.8317  28.6%  56.8 5451s
 290491 187421 30598.3859   45  166 40485.6584 28903.2024  28.6%  56.8 5455s
 290995 187798     cutoff   53      40485.6584 28904.1369  28.6%  56.9 5463s
 291310 187917 40010.9877  139   74 40485.6584 28904.3958  28.6%  56.9 5467s
 291523 188058 36740.9741   57  154 40485.6584 28904.8976  28.6%  56.9 5470s
 292033 188421 36886.2810   78   60 40485.6584 28905.8113  28.6%  56.9 5478s
 292330 188576 29140.0441   36  171 40485.6584 28906.2856  28.6%  56.9 5482s
 292555 188740 33014.5909   46  167 40485.6584 28906.5897  28.6%  56.9 5485s
 293010 189048 37610.8810   50  160 40485.6584 28907.4324  28.6%  56.9 5500s
 293448 189332 35610.2850   59  158 40485.6584 28908.9466  28.6%  56.9 5507s
 293663 189474 33563.3983   56  164 40485.6584 28909.2250  28.6%  56.9 5511s
 293877 189670 36783.9033   68  145 40485.6584 28909.9432  28.6%  56.9 5516s
 294143 189876 39962.1448   65  142 40485.6584 28910.3240  28.6%  56.9 5520s
 294619 190137 34954.3525   54  148 40485.6584 28911.1880  28.6%  56.9 5528s
 294836 190301 34988.2313   52  182 40485.6584 28911.4664  28.6%  56.9 5532s
 295048 190506 38229.4820   68  154 40485.6584 28911.6736  28.6%  56.9 5536s
 295296 190712 35181.1857  122  110 40485.6584 28911.6857  28.6%  56.9 5541s
 295544 190825 35516.1443  259  114 40485.6584 28911.6857  28.6%  56.9 5545s
 295686 190969 35682.1622  316  112 40485.6584 28912.0318  28.6%  56.9 5550s
 296117 191260 40240.8264   56  130 40485.6584 28912.5576  28.6%  56.9 5558s
 296318 191442 30192.2034   42  156 40485.6584 28912.8299  28.6%  56.9 5562s
 296585 191576 31455.4931   47  171 40485.6584 28913.7146  28.6%  56.9 5566s
 296781 191735 40155.6094   54  123 40485.6584 28913.8738  28.6%  56.9 5570s
 297290 192120 34913.0202   56  166 40485.6584 28914.7122  28.6%  56.9 5578s
 297512 192341 30671.6650   41  156 40485.6584 28914.8661  28.6%  56.9 5582s
 297791 192568 33121.6592   49  176 40485.6584 28914.9810  28.6%  56.9 5586s
 298105 192727 36744.3800   76  146 40485.6584 28915.2994  28.6%  56.9 5590s
 298572 193000 31163.1744   44  184 40485.6584 28916.2476  28.6%  56.9 5598s
 298808 193135 31570.0353   44  182 40485.6584 28916.7291  28.6%  56.9 5601s
 299017 193315 33154.9136   42  156 40485.6584 28917.3315  28.6%  56.9 5605s
 299418 193579 39251.1014   56  126 40485.6584 28917.7890  28.6%  56.9 5611s
 299642 193684 35453.7156   54  169 40485.6584 28918.4962  28.6%  57.0 5615s
 299794 193736 37298.1567   75  204 40485.6584 28918.6526  28.6%  57.0 5623s
 299856 193871 38635.6573  106   45 40485.6584 28918.6794  28.6%  57.0 5627s
 300113 194036 39198.5449   66  129 40485.6584 28919.2442  28.6%  57.0 5631s
 300422 194189 40267.4107   66  105 40485.6584 28919.5417  28.6%  57.0 5641s
 300607 194344 38719.4376   82  112 40485.6584 28919.6149  28.6%  57.0 5646s
 300834 194565 infeasible   42      40485.6584 28920.1614  28.6%  57.0 5651s
 301165 194709 29578.3798   40  198 40485.6584 28920.9543  28.6%  57.0 5656s
 301389 194951 33135.2254   56  159 40485.6584 28921.2628  28.6%  57.0 5660s
 301756 195063 39032.7719   61  136 40485.6584 28921.4720  28.6%  57.0 5665s
 302160 195425 37478.6213   75  146 40485.6584 28922.2226  28.6%  57.0 5673s
 302433 195574 35454.5863   52   94 40485.6584 28922.6456  28.6%  57.0 5677s
 302670 195694 36742.9203   61  138 40485.6584 28923.0627  28.6%  57.0 5681s
 302860 195869 38826.7499   96  148 40485.6584 28923.2264  28.6%  57.1 5685s
 303302 196145 30429.3098   42  152 40485.6584 28924.3243  28.6%  57.1 5692s
 303600 196318 33470.3398   45  156 40485.6584 28924.9959  28.6%  57.1 5696s
 304060 196650 29922.5542   38  174 40485.6584 28926.0698  28.6%  57.1 5703s
 304345 196798 32930.6134   45  159 40485.6584 28926.4694  28.6%  57.1 5708s
 304560 196944 40054.4950   56   76 40485.6584 28926.9316  28.6%  57.1 5712s
 304784 197065 39333.4437   84  138 40485.6584 28927.1247  28.5%  57.1 5717s
 305016 197213 30510.0180   44  144 40485.6584 28927.6956  28.5%  57.1 5721s
 305486 197587 36877.0209   66  174 40485.6584 28928.0973  28.5%  57.1 5728s
 305741 197715 infeasible   43      40485.6584 28928.5210  28.5%  57.1 5732s
 306028 197936 34116.1261   50  153 40485.6584 28928.8583  28.5%  57.1 5736s
 306559 198210 32382.9713   44  145 40485.6584 28929.3278  28.5%  57.1 5743s
 306785 198351 infeasible   72      40485.6584 28929.7182  28.5%  57.1 5746s
 306988 198490 29142.0343   35  160 40485.6584 28930.6140  28.5%  57.2 5750s
 307221 198503 29486.4068   43  155 40485.6584 28930.8361  28.5%  57.2 5755s
 307527 198878 37931.9351   66  143 40485.6584 28931.4901  28.5%  57.2 5763s
 307769 199019 36014.7462   69  144 40485.6584 28931.6657  28.5%  57.2 5774s
 308024 199154 36253.3965   50  181 40485.6584 28932.4204  28.5%  57.2 5777s
 308224 199328 36986.1592   66  116 40485.6584 28932.7860  28.5%  57.2 5781s
 308483 199489 34671.0633   48  147 40485.6584 28933.0207  28.5%  57.2 5785s
 309014 199822 33351.3956   75   89 40485.6584 28933.4268  28.5%  57.2 5793s
 309314 199951 29102.2396   33  172 40485.6584 28934.1244  28.5%  57.2 5796s
 309535 200107 infeasible   66      40485.6584 28934.5657  28.5%  57.2 5800s
 309954 200388 29511.0300   37  181 40485.6584 28935.4991  28.5%  57.2 5806s
 310403 200683 31952.2937   60  132 40485.6584 28936.0278  28.5%  57.2 5813s
 310660 200886 29521.9975   46  160 40485.6584 28936.3104  28.5%  57.2 5816s
 310915 200988 31543.0650   55  147 40485.6584 28936.8480  28.5%  57.2 5820s
 311332 201211 30911.6413   39  183 40485.6584 28937.5303  28.5%  57.2 5826s
 311752 201373 infeasible   75      40485.6584 28938.2693  28.5%  57.2 5833s
 311794 201501 29643.5051   46   61 40485.6584 28938.3372  28.5%  57.2 5836s
 312275 201774 29551.1962   38  182 40485.6584 28939.5548  28.5%  57.2 5843s
 312452 201963 31633.7795   40  132 40485.6584 28939.8693  28.5%  57.2 5846s
 312684 202087 34733.4048   54  164 40485.6584 28939.9350  28.5%  57.2 5850s
 313077 202369 38775.7586   81  152 40485.6584 28940.4006  28.5%  57.3 5856s
 313312 202524 39536.5902   56  160 40485.6584 28940.7699  28.5%  57.3 5860s
 313765 202837 38078.6920   69  139 40485.6584 28941.4519  28.5%  57.3 5868s
 314015 202970 31372.8695   45  134 40485.6584 28941.6772  28.5%  57.3 5872s
 314250 203168 32953.5782   44  140 40485.6584 28942.1440  28.5%  57.3 5876s
 314516 203222 29541.2700   41  170 40485.6584 28942.3867  28.5%  57.3 5902s
 314624 203426 40150.4358   63   47 40485.6584 28942.4084  28.5%  57.3 5907s
 314911 203595 29303.1825   38  159 40485.6584 28942.4473  28.5%  57.3 5912s
 315173 203802 34956.0704   42  138 40485.6584 28942.8828  28.5%  57.3 5919s
 315434 203962 31246.8674   45  138 40485.6584 28943.2211  28.5%  57.3 5922s
 315683 204168 29581.8180   38  159 40485.6584 28943.3982  28.5%  57.3 5926s
 316176 204544 38722.0946   62  101 40485.6584 28943.8996  28.5%  57.3 5933s
 316394 204664 30761.5041   43  189 40485.6584 28943.9404  28.5%  57.3 5936s
 316604 204812 33755.2398   42  141 40485.6584 28944.0660  28.5%  57.3 5940s
 317049 205112 28997.7697   35  174 40485.6584 28944.7422  28.5%  57.3 5946s
 317411 205457 31916.0393   53  137 40485.6584 28945.2878  28.5%  57.4 5953s
 317669 205604 35715.3252  130   58 40485.6584 28945.2878  28.5%  57.3 5957s
 317904 205697 37854.0484  236   89 40485.6584 28945.5825  28.5%  57.3 5960s
 318299 205982 33755.1543   94  100 40485.6584 28946.1893  28.5%  57.4 5966s
 318596 206182 33957.4975  205   50 40485.6584 28946.1893  28.5%  57.4 5972s
 318735 206259 34086.0144  231   89 40485.6584 28946.1893  28.5%  57.4 5975s
 319083 206512 31063.6963   52  134 40485.6584 28948.6196  28.5%  57.4 5982s
 319312 206748 30798.4466   41  171 40485.6584 28949.7349  28.5%  57.4 5986s
 319601 206896 36989.1523   61  141 40485.6584 28949.8927  28.5%  57.4 5990s
 319860 207056 36834.9029   65  127 40485.6584 28950.4025  28.5%  57.4 5996s
 320109 207213 38373.4620   55  139 40485.6584 28950.8563  28.5%  57.4 6000s

Cutting planes:
  Learned: 17
  Gomory: 70
  Cover: 174
  Implied bound: 3
  Clique: 7
  MIR: 34
  StrongCG: 1
  Flow cover: 519
  Inf proof: 15
  Zero half: 58
  Mod-K: 3
  RLT: 2
  Relax-and-lift: 10

Explored 320349 nodes (18389439 simplex iterations) in 6000.13 seconds (9824.37 work units)
Thread count was 2 (of 2 available processors)

Solution count 10: 40485.7 40488.5 40552.6 ... 40866.5

Time limit reached
Best objective 4.048565840035e+04, best bound 2.895119768412e+04, gap 28.4902%
