
Gurobi 10.0.2 (linux64) logging started Tue 29 Aug 2023 05:27:23 PM -03

Set parameter LogFile to value "/home/ciro/Documents/ftsp-optimizer/Optimization/Data/Logs/bier127_10_1001_1002_2.log"
Gurobi Optimizer version 10.0.2 build v10.0.2rc0 (linux64)

CPU model: Intel(R) Core(TM) i7-7500U CPU @ 2.70GHz, instruction set [SSE2]
Thread count: 2 physical cores, 2 logical processors, using up to 2 threads

Optimize a model with 16015 rows, 16383 columns and 95635 nonzeros
Model fingerprint: 0xd35e1562
Variable types: 127 continuous, 16256 integer (16256 binary)
Coefficient statistics:
  Matrix range     [1e+00, 1e+02]
  Objective range  [1e+02, 2e+04]
  Bounds range     [1e+00, 1e+02]
  RHS range        [1e+00, 1e+02]
Presolve removed 2 rows and 146 columns
Presolve time: 0.26s
Presolved: 16013 rows, 16237 columns, 79581 nonzeros
Variable types: 126 continuous, 16111 integer (16111 binary)

Root relaxation: objective 6.616819e+04, 662 iterations, 0.10 seconds (0.04 work units)

    Nodes    |    Current Node    |     Objective Bounds      |     Work
 Expl Unexpl |  Obj  Depth IntInf | Incumbent    BestBd   Gap | It/Node Time

     0     0 66168.1906    0  203          - 66168.1906      -     -    0s
     0     0 76189.6110    0  204          - 76189.6110      -     -    1s
     0     0 77440.7793    0  197          - 77440.7793      -     -    1s
     0     0 77459.6608    0  203          - 77459.6608      -     -    1s
     0     0 77459.6608    0  203          - 77459.6608      -     -    1s
     0     0 78949.2620    0  230          - 78949.2620      -     -    1s
     0     0 79063.4366    0  227          - 79063.4366      -     -    1s
     0     0 79063.4366    0  227          - 79063.4366      -     -    1s
     0     0 79480.4191    0  211          - 79480.4191      -     -    1s
     0     0 79495.8877    0  219          - 79495.8877      -     -    2s
     0     0 79495.8877    0  219          - 79495.8877      -     -    2s
     0     0 79495.8877    0  215          - 79495.8877      -     -    2s
H    0     0                    113461.41824 79495.8877  29.9%     -    3s
H    0     0                    113190.15752 79495.8877  29.8%     -    3s
     0     0 79495.8877    0  215 113190.158 79495.8877  29.8%     -    3s
     0     0 79495.8877    0  213 113190.158 79495.8877  29.8%     -    3s
H    0     0                    101376.07362 79495.8877  21.6%     -    5s
     0     0 79495.8877    0  204 101376.074 79495.8877  21.6%     -    5s
     0     0 79495.8877    0  204 101376.074 79495.8877  21.6%     -    5s
     0     0 79495.8877    0  206 101376.074 79495.8877  21.6%     -    5s
     0     0 79495.8877    0  202 101376.074 79495.8877  21.6%     -    6s
     0     2 80375.6668    0  202 101376.074 80375.6668  20.7%     -    6s
H   54    52                    100802.73074 80375.6668  20.3%  57.8   10s
H   55    52                    99925.622690 80375.6668  19.6%  56.8   10s
   210   214 84024.0070   98  158 99925.6227 80375.6668  19.6%  25.6   15s
H  293   292                    98357.578069 80375.6668  18.3%  23.3   18s
   350   371 84211.2966  162  130 98357.5781 80375.6668  18.3%  22.0   20s
H  399   390                    93576.701025 80375.6668  14.1%  20.9   24s
   401   416 84276.3369  188  140 93576.7010 80375.6668  14.1%  20.9   25s
   509   528 86620.7965  239  120 93576.7010 80375.6668  14.1%  19.4   30s
   762   715 86611.4085  221  202 93576.7010 80375.6668  14.1%  18.5   64s
   764   716 87539.4548  135  204 93576.7010 80375.6668  14.1%  18.5   65s
   765   717 86383.1318   42  199 93576.7010 80375.6668  14.1%  18.5   73s
H  769   683                    93475.836213 80375.6668  14.0%  18.4   75s
   776   687 84076.1269   74  215 93475.8362 81050.4610  13.3%  18.2   80s
   783   692 91076.9854  100  243 93475.8362 81103.3011  13.2%  18.0   85s
   790   697 83358.3406   12  236 93475.8362 81814.8845  12.5%  17.9   95s
   836   731 84296.7212   27  167 93475.8362 81814.8845  12.5%  27.4  100s
   999   843 89630.0060   71  150 93475.8362 81814.8845  12.5%  29.2  105s
  1245   936 89097.8270   42  155 93475.8362 81814.8845  12.5%  31.1  110s
  1437   977 83461.4507   37  187 93475.8362 81814.8845  12.5%  32.5  115s
  1687  1111 90109.9207  164  168 93475.8362 81814.8845  12.5%  31.1  120s
  1990  1274 81952.9175   21  218 93475.8362 81814.8845  12.5%  31.3  125s
  2247  1367 87675.6950   41  206 93475.8362 81814.8845  12.5%  32.2  130s
  2476  1470 85434.0207   36  169 93475.8362 81814.8845  12.5%  33.3  135s
H 2495  1418                    93208.426031 81814.8845  12.2%  33.3  135s
  2638  1539 83590.9936   25  210 93208.4260 81814.8845  12.2%  34.2  140s
  2939  1709 86063.8963   27  181 93208.4260 81922.8754  12.1%  35.4  146s
H 3041  1748                    93162.218159 81922.8754  12.1%  35.9  148s
  3092  1837 88044.6959   44  178 93162.2182 81942.3573  12.0%  36.5  150s
  3330  2032 86611.5829   65  158 93162.2182 81962.0644  12.0%  36.2  155s
  3569  2183 87616.0470  190  127 93162.2182 81962.0644  12.0%  34.9  160s
  3933  2388 89022.6068  107  127 93162.2182 82010.1998  12.0%  35.3  175s
H 3941  2383                    93103.264471 82010.1998  11.9%  35.2  175s
  3951  2385 89032.4124  116  131 93103.2645 82010.1998  11.9%  35.2  190s
H 3952  2383                    93090.127314 82010.1998  11.9%  35.2  190s
  4130  2606 85470.5581   29  221 93090.1273 82094.0239  11.8%  35.4  195s
  4487  2893 infeasible   56      93090.1273 82170.1906  11.7%  35.7  201s
H 4651  2994                    93030.990303 82185.0077  11.7%  36.1  204s
  4782  3119 86831.7522   33  206 93030.9903 82250.8183  11.6%  36.2  207s
  4936  3288 86474.8547   48  168 93030.9903 82250.8183  11.6%  36.8  210s
  5278  3518 infeasible   25      93030.9903 82320.2719  11.5%  36.4  216s
  5514  3708 87858.9791   46  177 93030.9903 82399.0517  11.4%  37.6  223s
  5698  3898 86183.6461   25  167 93030.9903 82441.6389  11.4%  37.6  226s
  5940  4031 83202.6880   23  235 93030.9903 82445.5838  11.4%  37.9  230s
  6265  4273 90665.0532   46  171 93030.9903 82490.8951  11.3%  38.3  237s
  6480  4480 85366.6579   24  166 93030.9903 82502.7154  11.3%  38.7  241s
  6785  4695 83279.7168   20  232 93030.9903 82559.5031  11.3%  38.5  245s
  7310  5054     cutoff   45      93030.9903 82632.1039  11.2%  38.5  255s
  7814  5363 90469.6235   71  103 93030.9903 82709.2981  11.1%  39.2  263s
  8001  5532 84219.4946   23  215 93030.9903 82725.3685  11.1%  39.5  266s
  8234  5666 91534.0133   71  180 93030.9903 82750.0260  11.1%  39.4  270s
  8624  5881 91571.7078  124   82 93030.9903 82760.3073  11.0%  39.4  277s
  8817  6053 85576.5128   27  167 93030.9903 82783.2938  11.0%  39.5  281s
  9012  6330 86661.2466   37  189 93030.9903 82796.0057  11.0%  39.7  285s
  9505  6579 89330.6636   62  128 93030.9903 82848.4166  10.9%  39.2  292s
  9675  6711 86995.5311   27  182 93030.9903 82879.6593  10.9%  39.5  296s
H 9857  6720                    92959.419333 82879.6593  10.8%  39.8  304s
  9900  6840 92416.6405   56   90 92959.4193 82943.7427  10.8%  39.8  308s
 10111  7011 87987.1908   38  104 92959.4193 83015.0694  10.7%  40.1  312s
 10314  7193 86725.9778   31  173 92959.4193 83037.0986  10.7%  40.0  316s
 10799  7457 85405.3433   31  194 92959.4193 83085.2843  10.6%  39.9  323s
 10978  7610     cutoff   53      92959.4193 83106.3682  10.6%  40.1  327s
 11183  7823 87161.3266   40  195 92959.4193 83131.0661  10.6%  40.2  330s
 11698  8112 91283.4435   52  179 92959.4193 83192.1377  10.5%  40.2  337s
 11893  8234 89488.6410   61   98 92959.4193 83206.9628  10.5%  40.3  340s
 12256  8512 92918.9647   90   87 92959.4193 83272.5376  10.4%  40.6  347s
 12477  8685 85415.5358   25  211 92959.4193 83283.1600  10.4%  40.7  350s
 12921  8975 92743.6984   49   91 92959.4193 83331.1809  10.4%  40.7  357s
 13136  9122 85915.1374   23  234 92959.4193 83388.0057  10.3%  40.9  360s
 13596  9411 92897.9885   45  110 92959.4193 83448.2965  10.2%  41.1  367s
 13760  9564 86208.1144   28  227 92959.4193 83462.3145  10.2%  41.4  371s
 13979  9728 87479.4663   38  195 92959.4193 83467.6025  10.2%  41.5  375s
 14460 10056 89674.0792   69  163 92959.4193 83489.5531  10.2%  41.6  381s
 14671 10057 92627.0040   38  202 92959.4193 83491.3570  10.2%  41.5  455s
 14674 10059 89677.0519   59  212 92959.4193 83491.3570  10.2%  41.5  461s
H14678  9558                    92833.022795 83491.3570  10.1%  41.4  464s
 14681  9560 87629.9245   27  231 92833.0228 83491.3570  10.1%  41.4  466s
 14682  9560 88622.7034   90  225 92833.0228 83491.3570  10.1%  41.4  470s
 14684  9562 91884.7423   55  238 92833.0228 83491.3570  10.1%  41.4  475s
 14687  9564 91209.5740   91  222 92833.0228 83491.3570  10.1%  41.4  481s
 14689  9565 88937.2038   35  258 92833.0228 83491.3570  10.1%  41.4  487s
 14692  9567 85186.2246   28  244 92833.0228 83491.3570  10.1%  41.4  492s
 14694  9568 91456.1182  122  259 92833.0228 83491.3570  10.1%  41.4  496s
 14698  9571 83979.9715   32  268 92833.0228 83491.3570  10.1%  41.4  501s
 14700  9572 89367.2068  189  261 92833.0228 83491.3570  10.1%  41.4  505s
 14702  9574 83491.3570   26  276 92833.0228 83491.3570  10.1%  41.4  513s
 14703  9574 89261.3159   66  279 92833.0228 83491.3570  10.1%  41.4  515s
 14705  9576 87677.8550   46  280 92833.0228 83491.3570  10.1%  41.4  520s
 14707  9577 92301.8064   63  276 92833.0228 83491.3570  10.1%  41.4  525s
H14707  9098                    92697.453774 83491.3570  9.93%  41.4  528s
 14709  9099 88577.3222   39  269 92697.4538 83491.3570  9.93%  41.4  530s
 14711  9101 84045.3150   21  266 92697.4538 83491.3570  9.93%  41.3  535s
 14712  9101 84196.4363   31  273 92697.4538 83491.3570  9.93%  41.3  540s
 14714  9103 88493.1014   37  264 92697.4538 83491.3570  9.93%  41.3  545s
 14717  9105 89666.1044   66  269 92697.4538 83491.3570  9.93%  41.3  562s
 14718  9105 92256.7134  138  263 92697.4538 83491.3570  9.93%  41.3  565s
 14721  9107 89699.4726   67  268 92697.4538 83491.3570  9.93%  41.3  571s
 14722  9108 88711.3370   50  268 92697.4538 83491.3570  9.93%  41.3  576s
 14735  9120 85008.9689   29  239 92697.4538 83491.3570  9.93%  41.8  580s
 14775  9141 86785.6331   38  114 92697.4538 83491.3570  9.93%  42.0  586s
H14776  8685                    92663.747577 83491.3570  9.90%  42.0  586s
 14813  8700 87512.0471   51  184 92663.7476 83491.3570  9.90%  42.0  590s
 14831  8707 88668.1208   57  189 92663.7476 83491.3570  9.90%  42.1  595s
H14832  8272                    92590.862179 83491.3570  9.83%  42.1  595s
 14880  8295 83629.2210   29  268 92590.8622 83491.3570  9.83%  42.2  600s
 14938  8319 86159.0455   46  191 92590.8622 83491.3570  9.83%  42.3  605s
 14975  8329 83551.0791   31  250 92590.8622 83492.9431  9.83%  42.4  611s
 15010  8354 85896.8418   42  211 92590.8622 83492.9431  9.83%  42.5  616s
 15039  8363 89699.8160   50  189 92590.8622 83492.9431  9.83%  42.5  620s
 15080  8383 85263.3616   34  210 92590.8622 83500.1724  9.82%  42.6  626s
 15104  8388 85828.8362   43  182 92590.8622 83500.1724  9.82%  42.6  630s
 15155  8415 88607.9192   69   74 92590.8622 83500.1724  9.82%  42.7  637s
 15204  8438 89542.4321   87   69 92590.8622 83500.1724  9.82%  42.8  641s
 15279  8477 91904.8929  129   21 92590.8622 83641.9467  9.67%  42.9  647s
*15302  8058             149    92520.992448 83641.9467  9.60%  42.8  647s
 15322  8077 84979.0937   33  248 92520.9924 83718.8708  9.51%  43.0  651s
 15408  8131 88510.3008   42  191 92520.9924 83752.2889  9.48%  43.4  657s
 15462  8167 90278.6689   53  162 92520.9924 83758.7310  9.47%  43.5  661s
 15550  8200 infeasible   58      92520.9924 83820.1015  9.40%  43.6  665s
 15772  8257 88238.6001   48  116 92520.9924 84161.8219  9.03%  44.0  672s
 15841  8311 85578.5300   42  230 92520.9924 84283.9079  8.90%  44.0  676s
 16019  8399 91996.7016   66  181 92520.9924 84309.8365  8.87%  44.2  683s
 16136  8458 87694.9337   42  231 92520.9924 84362.1649  8.82%  44.3  686s
 16287  8490 86649.8911   49  183 92520.9924 84394.1246  8.78%  44.4  690s
 16542  8555 87472.9072   81  172 92520.9924 84406.4430  8.77%  44.4  697s
 16647  8590 infeasible   57      92520.9924 84439.0964  8.74%  44.5  701s
 16756  8668 87638.4026   57  149 92520.9924 84459.8517  8.71%  44.8  705s
 17080  8779 91957.6303   94  143 92520.9924 84488.8665  8.68%  44.9  713s
 17247  8782 87005.8253   43  170 92520.9924 84522.8713  8.64%  45.1  717s
 17336  8875 88039.4253   74  155 92520.9924 84536.2854  8.63%  45.2  721s
 17501  8919 88568.1285   38  216 92520.9924 84553.3306  8.61%  45.3  726s
 17688  8973 86401.1984   37  193 92520.9924 84585.7629  8.58%  45.6  731s
 17849  9052 90570.6721   44  192 92520.9924 84602.0704  8.56%  45.8  735s
 18033  9186 90964.5754   75  166 92520.9924 84638.7561  8.52%  45.9  740s
 18290  9263 86192.1748   35  182 92520.9924 84653.5170  8.50%  46.0  746s
 18548  9357 88327.2630   46  209 92520.9924 84667.7433  8.49%  46.1  751s
 18792  9375 88238.0893  104  153 92520.9924 84684.4975  8.47%  46.2  757s
 18918  9474 87625.8969   50  145 92520.9924 84690.6415  8.46%  46.3  764s
 19145  9610 91575.9035   89  155 92520.9924 84693.4490  8.46%  46.3  770s
 19428  9734 87242.8775   46   96 92520.9924 84733.5727  8.42%  46.4  777s
 19726  9798 91614.2984   52  153 92520.9924 84751.4863  8.40%  46.4  784s
 19991  9936 87391.3814   47  114 92520.9924 84812.4726  8.33%  46.6  792s
 20286  9995 88713.7779   65  115 92520.9924 84817.8300  8.33%  46.6  800s
 20514 10137 87452.8262   37  203 92520.9924 84820.5480  8.32%  46.9  812s
 20792 10220 infeasible   96      92520.9924 84853.1091  8.29%  47.0  819s
 21019 10327 91752.1198   62  143 92520.9924 84911.3163  8.22%  47.2  825s
 21256 10446 86260.8225   38  194 92520.9924 84955.6290  8.18%  47.3  831s
 21527 10539 86829.7980   55   96 92520.9924 84990.0960  8.14%  47.3  837s
 21760 10672 86411.5393   36  149 92520.9924 85001.6462  8.13%  47.4  843s
 22051 10891 87909.2853   38  122 92520.9924 85039.5793  8.09%  47.5  853s
 22460 10808 85875.4911   70  102 92520.9924 85069.5711  8.05%  47.5  856s
 22594 10888 86132.0309  118  169 92520.9924 85078.2966  8.04%  47.4  860s
 22925 10980 85880.9842   52  166 92520.9924 85107.4301  8.01%  47.5  868s
 23102 11071 88190.2501   82  137 92520.9924 85131.3307  7.99%  47.5  873s
 23328 11223 85893.7157   34  208 92520.9924 85138.8272  7.98%  47.6  877s
 23608 11224 86222.6146  111  102 92520.9924 85145.2898  7.97%  47.4  881s
 23769 11286 88086.1692   39  201 92520.9924 85154.8067  7.96%  47.5  885s
 23927 11388 92065.9577   67  141 92520.9924 85156.5248  7.96%  47.7  890s
 24285 11534 88081.4035  134  122 92520.9924 85158.4656  7.96%  47.5  911s
H24530 11007                    92410.741403 85163.3288  7.84%  47.4  911s
 24531 11202 85689.0344   40  181 92410.7414 85166.2048  7.84%  47.4  916s
H24786 10746                    92233.648452 85180.5516  7.65%  47.5  922s
 24992 10816 90753.9301   82   87 92233.6485 85184.5090  7.64%  47.5  927s
 25183 11003 91507.3162  162   86 92233.6485 85186.3817  7.64%  47.5  932s
 25487 11070 87522.9828   49  126 92233.6485 85195.9128  7.63%  47.3  937s
 25708 11167 86238.8046   64  114 92233.6485 85200.1662  7.63%  47.3  942s
 25966 11213 87680.7520  166  148 92233.6485 85202.0594  7.62%  47.3  947s
 26161 11287 88512.4544   51   85 92233.6485 85206.9478  7.62%  47.3  951s
 26367 11372 85743.4881   49  106 92233.6485 85213.9185  7.61%  47.3  955s
 26561 11475 92199.3775  149   36 92233.6485 85221.8760  7.60%  47.3  960s
 27085 11620 86491.7027   85  109 92233.6485 85264.9950  7.56%  47.3  969s
 27287 11706 86279.9939   41   99 92233.6485 85270.4748  7.55%  47.4  973s
 27459 11748 90993.7103   58   70 92233.6485 85279.5738  7.54%  47.5  981s
 27609 11807 91143.7081   60  152 92233.6485 85289.3038  7.53%  47.4  985s
 28030 11975 88929.9944   37  194 92233.6485 85300.2704  7.52%  47.7  994s
 28276 12066 89978.9747   41  187 92233.6485 85319.9217  7.50%  47.8  999s
 28507 12165 89043.1130   63   87 92233.6485 85322.2028  7.49%  47.8 1004s
 28756 12229 91996.5215  141   86 92233.6485 85323.9720  7.49%  47.8 1009s
 28954 12207 88599.0504   39  183 92233.6485 85328.1306  7.49%  47.9 1014s
H28955 11678                    92088.809669 85328.1306  7.34%  47.9 1014s
 29017 11809 87319.2882   42  111 92088.8097 85328.1306  7.34%  47.9 1019s
 29224 11904 89473.4616   58  142 92088.8097 85335.2042  7.33%  48.0 1024s
 29452 12108 88916.7841   51  155 92088.8097 85340.4501  7.33%  48.0 1034s
 29844 12112 86384.5318   64  145 92088.8097 85345.6080  7.32%  47.9 1037s
 30027 12181 86597.3472  170  166 92088.8097 85348.7675  7.32%  47.9 1042s
 30246 12292 86601.2117   32  194 92088.8097 85352.2805  7.32%  47.7 1046s
 30482 12340 89198.2223   45  178 92088.8097 85355.0252  7.31%  47.7 1050s
 30873 12433 90611.1240   43  120 92088.8097 85372.0576  7.29%  47.7 1058s
 31021 12512 87540.0791   45  183 92088.8097 85377.4034  7.29%  47.8 1062s
 31219 12674 85720.6122   39  158 92088.8097 85388.7994  7.28%  47.8 1066s
 31472 12755 90332.4739  104  112 92088.8097 85389.0930  7.28%  47.6 1070s
 31926 12818 86152.3202   44  118 92088.8097 85394.5212  7.27%  47.5 1077s
 32092 12885 90023.8937   88  100 92088.8097 85394.5212  7.27%  47.5 1080s
 32504 13030 88506.3302   39  183 92088.8097 85399.4285  7.26%  47.4 1088s
 32697 13083 88500.8542   84   99 92088.8097 85402.9634  7.26%  47.4 1091s
 32879 13186 90469.4878   65  174 92088.8097 85406.5507  7.26%  47.4 1096s
 33276 13323 85649.4001   41  128 92088.8097 85412.5791  7.25%  47.4 1103s
 33491 13390 87928.7918   67  116 92088.8097 85415.9385  7.25%  47.4 1106s
 33859 13545 89241.6696  115   76 92088.8097 85422.3337  7.24%  47.4 1112s
 34038 13606 87239.1412   68   81 92088.8097 85424.3698  7.24%  47.3 1116s
 34350 13710 85973.8177   98  133 92088.8097 85425.3397  7.24%  47.1 1124s
 34548 13758 85856.5574   33  191 92088.8097 85430.5135  7.23%  47.0 1127s
 34684 13797 87884.3687   37  212 92088.8097 85433.7780  7.23%  47.1 1131s
 34941 13944 infeasible   46      92088.8097 85439.8311  7.22%  47.0 1135s
 35307 14162 89466.9864  201   74 92088.8097 85441.6537  7.22%  46.9 1148s
 35489 14304 88239.0136   78  111 92088.8097 85443.2081  7.22%  46.9 1152s
 35696 14525 86914.5991   44  136 92088.8097 85444.5742  7.22%  46.9 1157s
 35964 14652 89588.8163  133  107 92088.8097 85444.9897  7.21%  46.8 1162s
 36155 14857 87434.2071   43  201 92088.8097 85444.9897  7.21%  46.7 1166s
 36451 15019 86353.3671   42  115 92088.8097 85449.5299  7.21%  46.6 1171s
 36649 15243 87295.0964   52  169 92088.8097 85456.2154  7.20%  46.7 1175s
 36916 15420 88301.4950   44  159 92088.8097 85457.4786  7.20%  46.5 1183s
 37151 15611 88524.8943  122  135 92088.8097 85462.3146  7.20%  46.5 1188s
 37430 15748 91086.0369   38  179 92088.8097 85467.1407  7.19%  46.5 1193s
 37650 15982 85728.8280   33  131 92088.8097 85471.7357  7.19%  46.6 1197s
 37941 16166 87831.9839  119  128 92088.8097 85472.6853  7.18%  46.5 1201s
 38179 16284 88139.2304   62  137 92088.8097 85474.3100  7.18%  46.5 1205s
 38590 16631 86374.5065   47  207 92088.8097 85479.0826  7.18%  46.5 1212s
 38781 16793 86696.2714   43  106 92088.8097 85484.2509  7.17%  46.5 1215s
 39176 17078     cutoff   89      92088.8097 85487.3673  7.17%  46.5 1223s
 39391 17236     cutoff  110      92088.8097 85489.9062  7.17%  46.4 1226s
 39596 17414 87177.1825   67  163 92088.8097 85492.5363  7.16%  46.4 1230s
 40035 17767 88691.9886   88   95 92088.8097 85496.2302  7.16%  46.4 1238s
 40273 17937 91532.9623   78  124 92088.8097 85497.7848  7.16%  46.3 1242s
 40534 18148 86191.1768   73  164 92088.8097 85499.2621  7.16%  46.3 1246s
 40811 18292 87683.9111   46  168 92088.8097 85502.7855  7.15%  46.1 1250s
 41144 18547 88834.8159   60  189 92088.8097 85506.4528  7.15%  46.1 1257s
 41383 18662 87293.5333   50   94 92088.8097 85510.3177  7.14%  46.1 1262s
 41589 18664 85998.2287   45  172 92088.8097 85512.2789  7.14%  46.1 1269s
 41591 18819 86007.7113   45  170 92088.8097 85512.2789  7.14%  46.1 1274s
 41793 18950 87268.7132   77   78 92088.8097 85513.7618  7.14%  46.2 1278s
 42027 19128 90151.0630   56  190 92088.8097 85517.2564  7.14%  46.1 1282s
 42262 19292 86388.6837   59  106 92088.8097 85519.9977  7.13%  46.1 1286s
 42472 19471 89517.4948   69   89 92088.8097 85521.2282  7.13%  46.1 1291s
 42699 19702 88909.1526   99  138 92088.8097 85522.2033  7.13%  46.1 1296s
 43034 19899 90975.3044   49  149 92088.8097 85525.5668  7.13%  46.1 1301s
 43300 20025 87343.3292  129  115 92088.8097 85528.7968  7.12%  46.0 1305s
 43723 20327 85806.8874   40  111 92088.8097 85533.5195  7.12%  46.1 1313s
 43933 20557 86470.6865   37  208 92088.8097 85534.7827  7.12%  46.0 1317s
 44197 20773 86628.9282  119  127 92088.8097 85535.0532  7.12%  45.9 1324s
 44472 20919 86499.1923   56   59 92088.8097 85535.8667  7.12%  45.9 1328s
 44670 21068 89902.8054   81   46 92088.8097 85537.7493  7.11%  45.9 1332s
 44888 21215 91047.8311   63  141 92088.8097 85543.4032  7.11%  46.0 1336s
 45104 21351 88736.0919   44  129 92088.8097 85549.6463  7.10%  46.0 1340s
 45546 21656 87709.3209   38  117 92088.8097 85554.2260  7.10%  46.1 1348s
 45759 21855 90279.3391   62   76 92088.8097 85558.8919  7.09%  46.1 1352s
 46015 22023 88155.9575   50  109 92088.8097 85560.1664  7.09%  46.1 1356s
 46216 22132 90651.8600   57  126 92088.8097 85563.4668  7.09%  46.1 1361s
 46465 22274 88346.8903   46  116 92088.8097 85565.8370  7.08%  46.1 1365s
 46660 22444 86356.9938   45  101 92088.8097 85567.6385  7.08%  46.2 1371s
 46872 22644 87478.2471   67   93 92088.8097 85570.5255  7.08%  46.2 1376s
 47113 22820 88543.4139   76   79 92088.8097 85571.7382  7.08%  46.2 1380s
 47534 23023 88007.8851   62  118 92088.8097 85573.8067  7.07%  46.2 1388s
 47709 23225 88825.8925   64  116 92088.8097 85575.1644  7.07%  46.3 1393s
 47968 23419 86821.9643   85  169 92088.8097 85577.4709  7.07%  46.2 1397s
 48241 23558 91776.9579  108   70 92088.8097 85579.0469  7.07%  46.2 1401s
 48438 23686 86992.3658   62  111 92088.8097 85580.3246  7.07%  46.2 1405s
 48611 23889 91465.0105   92  147 92088.8097 85583.4087  7.06%  46.3 1410s
 49120 24111 86894.4911   95  105 92088.8097 85588.8054  7.06%  46.2 1438s
H49159 23636                    91889.469059 85588.8054  6.86%  46.2 1438s
 49200 23768 86317.7147   49  138 91889.4691 85589.5629  6.86%  46.2 1442s
 49367 23891 91183.0196   55   76 91889.4691 85589.8974  6.86%  46.3 1446s
 49553 24061 88071.8414   64  147 91889.4691 85590.2041  6.86%  46.3 1450s
 49757 24271 86519.3890  135  112 91889.4691 85591.3512  6.85%  46.3 1455s
 50265 24535 88107.9082   40  233 91889.4691 85595.3717  6.85%  46.2 1463s
 50370 24722 89643.7684   72  120 91889.4691 85596.6895  6.85%  46.2 1468s
 50593 24826 infeasible   58      91889.4691 85597.2551  6.85%  46.2 1472s
 50777 25011 85816.2319   48  120 91889.4691 85598.4925  6.85%  46.3 1477s
 51024 25231 89021.4083   60   83 91889.4691 85600.9042  6.84%  46.3 1481s
 51306 25423 91227.0079   46  119 91889.4691 85602.8991  6.84%  46.3 1487s
 51571 25624 90391.3970   99   75 91889.4691 85605.1497  6.84%  46.3 1495s
 52075 25910 87052.6259   45  158 91889.4691 85611.5676  6.83%  46.2 1504s
 52250 26087 86462.6125   47  192 91889.4691 85613.3231  6.83%  46.3 1508s
 52474 26218 89565.1748   59  149 91889.4691 85616.7094  6.83%  46.3 1513s
 52643 26403 89300.8869   99  126 91889.4691 85616.7596  6.83%  46.3 1518s
 52892 26546 87912.7525   39  181 91889.4691 85617.4322  6.83%  46.3 1522s
 53107 26662 88256.5137   66  126 91889.4691 85617.6260  6.83%  46.3 1527s
 53294 26784 88661.6883   87   89 91889.4691 85617.8307  6.83%  46.3 1532s
 53470 26960 90275.0535  134   69 91889.4691 85618.2427  6.82%  46.3 1537s
H53699 26581                    91735.996521 85619.5014  6.67%  46.3 1542s
 53917 26768 87055.6839   55  157 91735.9965 85622.0494  6.66%  46.4 1547s
 54168 26960 86107.3744   46  171 91735.9965 85623.6014  6.66%  46.3 1551s
 54429 27134 87560.9645   75  176 91735.9965 85623.9503  6.66%  46.3 1556s
 54655 27310 90067.8783  110  150 91735.9965 85625.7070  6.66%  46.3 1560s
 54870 27514 87278.5972   46  142 91735.9965 85627.4089  6.66%  46.3 1565s
 55130 27713 87259.1366   69  135 91735.9965 85628.3606  6.66%  46.3 1570s
 55674 28090 86318.9568  156  102 91735.9965 85632.6347  6.65%  46.3 1579s
 55898 28156 86318.3371   47  114 91735.9965 85634.2221  6.65%  46.3 1586s
 56002 28313 89502.9003   77   79 91735.9965 85634.6087  6.65%  46.4 1591s
 56254 28483 87064.4368   47  137 91735.9965 85637.8694  6.65%  46.3 1596s
 56535 28665 88986.4715   79   60 91735.9965 85639.3371  6.65%  46.3 1601s
 56784 28891 87472.9599   42  210 91735.9965 85640.2997  6.64%  46.4 1606s
 57069 29106 87930.6053   56  105 91735.9965 85641.7071  6.64%  46.3 1611s
 57328 29126 88395.7240   93   74 91735.9965 85644.1205  6.64%  46.3 1616s
 57350 29259 89528.2747  108  101 91735.9965 85644.1497  6.64%  46.3 1620s
 57544 29381 87311.0201   88  119 91735.9965 85644.6093  6.64%  46.3 1625s
 57830 29589 86239.9879   48  133 91735.9965 85644.7435  6.64%  46.3 1633s
 57928 29658 87732.5580  122   93 91735.9965 85644.7435  6.64%  46.3 1637s
 57997 29720 87771.4603  159   99 91735.9965 85644.7435  6.64%  46.2 1641s
 58059 29791 87814.7969  189   99 91735.9965 85644.7435  6.64%  46.2 1645s
 58130 29879 87890.4379  225  119 91735.9965 85644.7435  6.64%  46.2 1650s
 58247 30033 87938.1379  263  102 91735.9965 85644.7435  6.64%  46.1 1655s
 58580 30267 87994.5003  316   97 91735.9965 85644.7435  6.64%  46.1 1664s
 58753 30404 88087.8124  353   90 91735.9965 85644.7435  6.64%  46.1 1668s
 58928 30552 88179.3242  400   96 91735.9965 85644.7435  6.64%  46.1 1675s
 59102 30734 88365.4238  456   76 91735.9965 85644.7435  6.64%  46.1 1680s
 59371 30863 88685.0921  524   56 91735.9965 85644.7435  6.64%  46.0 1685s
 59557 30999 88843.2413  567   86 91735.9965 85644.7435  6.64%  46.0 1690s
 59734 31094 89028.5818  621   96 91735.9965 85652.2993  6.63%  46.0 1695s
 59916 31368 86241.7175   48  176 91735.9965 85654.1720  6.63%  46.0 1701s
 60265 31611 90477.9244  107   96 91735.9965 85658.8550  6.62%  46.0 1707s
 60583 31799 91658.1113   95   80 91735.9965 85660.9276  6.62%  46.0 1712s
 60893 31961 88345.0304   92  122 91735.9965 85662.0442  6.62%  46.0 1717s
 61167 32215 88056.4296   77  154 91735.9965 85662.4899  6.62%  46.0 1723s
 61487 32432 90545.6136   78   95 91735.9965 85663.6533  6.62%  46.0 1727s
 61796 32603 86560.2163   41  162 91735.9965 85666.6270  6.62%  45.9 1731s
 62047 32675 88145.6392   60   82 91735.9965 85667.4395  6.62%  45.9 1736s
 62484 32964     cutoff   98      91735.9965 85671.1840  6.61%  45.9 1743s
 62692 33102 86327.7746   49  130 91735.9965 85672.8954  6.61%  45.9 1747s
 62855 33271 86414.1441   54  104 91735.9965 85672.8954  6.61%  45.9 1751s
 63031 33412 87596.2198  121   75 91735.9965 85672.8954  6.61%  45.9 1755s
 63412 33712 87593.3723  279  134 91735.9965 85672.8954  6.61%  45.8 1763s
 63575 33830 87687.5302  344  140 91735.9965 85672.8954  6.61%  45.8 1767s
 63738 33985 87785.3096  392  110 91735.9965 85672.8954  6.61%  45.8 1772s
 63928 34158 87842.6147  424  114 91735.9965 85672.8954  6.61%  45.7 1776s
 64126 34294 87935.9781  462   99 91735.9965 85672.8954  6.61%  45.7 1780s
 64451 34563 88131.0257  533   89 91735.9965 85672.8954  6.61%  45.6 1788s
 64635 34655 88281.5722  577  132 91735.9965 85672.8954  6.61%  45.6 1792s
 64818 34831 88532.8747  629  126 91735.9965 85682.1943  6.60%  45.6 1797s
 65061 34974 90488.0181   54  150 91735.9965 85686.8764  6.59%  45.6 1801s
 65290 35209 86401.3894   46  156 91735.9965 85689.8670  6.59%  45.6 1805s
 65596 35440 87082.1277   52  131 91735.9965 85691.2849  6.59%  45.6 1810s
 66097 35777 87796.1052  185  118 91735.9965 85691.8307  6.59%  45.5 1818s
 66289 35929 87877.3573  244  101 91735.9965 85691.8307  6.59%  45.5 1825s
 66481 36095 87924.8961  281  131 91735.9965 85691.8307  6.59%  45.5 1832s
 66684 36243 88049.9591  352  125 91735.9965 85691.8307  6.59%  45.5 1837s
 66882 36453 88131.5732  414  100 91735.9965 85691.8307  6.59%  45.5 1843s
 67151 36583 88263.4675  469   87 91735.9965 85691.8307  6.59%  45.5 1848s
 67350 36800 88375.5371  527  121 91735.9965 85691.8307  6.59%  45.5 1853s
 67604 37007 90062.9598  594   67 91735.9965 85702.6058  6.58%  45.4 1858s
 67871 37241 86454.1607   58  135 91735.9965 85705.0966  6.57%  45.4 1863s
 68145 37476 86624.5384   44  114 91735.9965 85705.8428  6.57%  45.3 1868s
 68420 37676 86044.3911   43  139 91735.9965 85706.7165  6.57%  45.3 1873s
 68668 37872 86499.6155   48  136 91735.9965 85707.4383  6.57%  45.2 1878s
 68908 38022 86831.7178   55  131 91735.9965 85708.3372  6.57%  45.2 1883s
 69135 38131 91200.2325   82  126 91735.9965 85708.8435  6.57%  45.2 1888s
 69316 38307 87183.7698   61  117 91735.9965 85710.2877  6.57%  45.2 1893s
 69545 38518 87477.3393   61  177 91735.9965 85711.4858  6.57%  45.3 1898s
 69820 38722 91594.8555   75  103 91735.9965 85712.4249  6.57%  45.3 1903s
 70119 38960 88139.5182   56  179 91735.9965 85715.0215  6.56%  45.3 1907s
 70450 39124 86777.9045   77   98 91735.9965 85716.7207  6.56%  45.2 1912s
 70766 39319     cutoff   51      91735.9965 85717.4314  6.56%  45.2 1916s
 70985 39496 86909.4547   96  103 91735.9965 85717.4314  6.56%  45.2 1921s
 71290 39735 87087.1878  225   63 91735.9965 85717.4314  6.56%  45.1 1928s
 71406 39859 87175.7445  273   89 91735.9965 85717.4314  6.56%  45.0 1933s
 71543 39937 87290.5606  337   62 91735.9965 85717.4314  6.56%  44.9 1937s
 71629 40036 87355.8808  387   74 91735.9965 85717.4314  6.56%  44.9 1941s
 71740 40143 87409.4747  432   74 91735.9965 85717.4314  6.56%  44.9 1945s
 71871 40267 87467.3243  478  111 91735.9965 85717.4314  6.56%  44.8 1950s
 72051 40429 87517.3883  531   93 91735.9965 85717.4314  6.56%  44.8 1955s
 72257 40563 87590.4000  580   75 91735.9965 85717.4314  6.56%  44.7 1961s
 72438 40687 87653.7933  625   77 91735.9965 85717.4314  6.56%  44.7 1965s
 72595 40819 87763.5203  672   53 91735.9965 85717.4314  6.56%  44.7 1970s
 72978 41108 88225.8810  814   74 91735.9965 85717.4314  6.56%  44.7 1978s
 73184 41269 88579.1022  889   66 91735.9965 85723.8644  6.55%  44.7 1983s
 73453 41459 91242.3953   64  170 91735.9965 85726.2051  6.55%  44.6 1987s
 73725 41803 90540.4472   73   97 91735.9965 85727.9316  6.55%  44.7 1995s
 74322 42089 87983.4034   99  114 91735.9965 85730.5203  6.55%  44.6 2001s
 74670 42312 88148.2765  232  140 91735.9965 85731.7130  6.55%  44.5 2007s
 74831 42457 88268.8533   49  209 91735.9965 85733.0070  6.54%  44.5 2011s
 75045 42610 91638.1639   62  135 91735.9965 85734.5248  6.54%  44.5 2015s
 75502 42983 88442.5404   54  139 91735.9965 85737.8898  6.54%  44.6 2022s
 75735 43225 85980.7976   40  167 91735.9965 85738.6142  6.54%  44.6 2026s
 76019 43399 88154.4303   60  157 91735.9965 85738.7796  6.54%  44.5 2030s
 76511 43751     cutoff   63      91735.9965 85742.2832  6.53%  44.5 2037s
 76723 43931 86117.9021   46  135 91735.9965 85743.0617  6.53%  44.5 2041s
 76962 44093 88686.6057   68   97 91735.9965 85744.2066  6.53%  44.5 2046s
 77149 44295 86502.0409   55  168 91735.9965 85744.8663  6.53%  44.6 2050s
 77611 44587 88941.2431   66   98 91735.9965 85746.7873  6.53%  44.6 2059s
 77820 44727 90411.1598   62  180 91735.9965 85748.0056  6.53%  44.6 2064s
 78073 44915 86305.8815   42  153 91735.9965 85750.0774  6.53%  44.6 2068s
 78296 45059 90960.6472  115   96 91735.9965 85750.6128  6.52%  44.6 2072s
 78525 45198 90533.4637   75  118 91735.9965 85751.1773  6.52%  44.6 2076s
 78731 45348 91460.9686   79  127 91735.9965 85753.8380  6.52%  44.6 2081s
 78947 45494 86971.4348   43  162 91735.9965 85754.3478  6.52%  44.7 2085s
 79382 45816 86060.6621   37  168 91735.9965 85756.0345  6.52%  44.7 2093s
 79625 46065 87608.3323   55  152 91735.9965 85756.2995  6.52%  44.7 2097s
 79934 46312 86750.7444   39  136 91735.9965 85757.4783  6.52%  44.6 2102s
 80254 46566 87598.9427   48  146 91735.9965 85758.5915  6.52%  44.6 2106s
 80794 46944 87143.4858   43  129 91735.9965 85759.4908  6.51%  44.5 2113s
 80987 47155 86298.9594   50  185 91735.9965 85760.6952  6.51%  44.5 2120s
 81520 47579 86464.3113   61  168 91735.9965 85762.5881  6.51%  44.4 2128s
 81815 47794 90613.6704  179   72 91735.9965 85762.7632  6.51%  44.4 2132s
 82100 48033 87093.1625   97   78 91735.9965 85762.9967  6.51%  44.4 2135s
 82595 48432 86796.3993   54  156 91735.9965 85765.4405  6.51%  44.3 2142s
 82876 48547 91450.3230   83  102 91735.9965 85766.5080  6.51%  44.3 2146s
 83037 48704 88240.9841   34  217 91735.9965 85768.0465  6.51%  44.3 2150s
 83429 49012 87687.2040   50  137 91735.9965 85768.8943  6.50%  44.4 2157s
 83594 49189 87701.1746   59  153 91735.9965 85769.9477  6.50%  44.4 2160s
 83970 49493 91283.3080   83   99 91735.9965 85771.0814  6.50%  44.4 2168s
 84152 49588 90310.8705   92  164 91735.9965 85771.8064  6.50%  44.5 2172s
 84264 49708 88834.4723   48  117 91735.9965 85772.3171  6.50%  44.5 2176s
 84446 49833     cutoff   83      91735.9965 85772.5701  6.50%  44.5 2180s
 84605 49966 90540.4365   45  157 91735.9965 85773.0963  6.50%  44.6 2186s
 84787 50124 86693.5948   61  124 91735.9965 85773.3759  6.50%  44.6 2191s
 85012 50247 87637.7100   62  188 91735.9965 85773.8315  6.50%  44.6 2195s
 85360 50495 87503.8303   46  223 91735.9965 85774.9924  6.50%  44.7 2204s
 85523 50624 88469.5111   61  132 91735.9965 85777.2314  6.50%  44.7 2209s
 85673 50760 90581.1711  126  140 91735.9965 85777.3076  6.50%  44.7 2213s
 85857 50931 91201.4035   81  120 91735.9965 85778.5609  6.49%  44.8 2218s
 86067 51029 infeasible   70      91735.9965 85779.2288  6.49%  44.8 2223s
 86227 51170 90567.7955   62  154 91735.9965 85779.6885  6.49%  44.8 2227s
 86445 51352 86202.3488   48  160 91735.9965 85780.2298  6.49%  44.8 2231s
 86681 51478 88434.6310   57   94 91735.9965 85781.6258  6.49%  44.8 2236s
 86931 51748 88090.2274  104   86 91735.9965 85781.6258  6.49%  44.8 2240s
 87254 52034 88335.7412  300  124 91735.9965 85781.6258  6.49%  44.7 2245s
 87890 52480 87021.9811   61  168 91735.9965 85784.2255  6.49%  44.6 2253s
 88157 52665 87369.8934   53  159 91735.9965 85785.4592  6.49%  44.6 2257s
 88396 52936 90357.4616   89   71 91735.9965 85785.9642  6.49%  44.6 2264s
 88726 53148 88194.9382   69   99 91735.9965 85787.3041  6.48%  44.6 2267s
 88982 53254 88650.9291   41  206 91735.9965 85787.3041  6.48%  44.5 2270s
 89157 53371 91022.5244   60   97 91735.9965 85788.2814  6.48%  44.5 2276s
 89308 53489 87227.6072   68  125 91735.9965 85788.8895  6.48%  44.5 2281s
 89491 53654 87084.9704   51   59 91735.9965 85789.4538  6.48%  44.5 2285s
 89743 53826 87806.2950   57  126 91735.9965 85790.4937  6.48%  44.5 2290s
 90217 54143 91439.9828   70  128 91735.9965 85793.6841  6.48%  44.5 2298s
 90403 54331 87871.1162   82  111 91735.9965 85794.1513  6.48%  44.6 2302s
 90632 54551 88383.3889   95  128 91735.9965 85794.6347  6.48%  44.6 2307s
 90922 54868 89820.3007  200  110 91735.9965 85794.7828  6.48%  44.5 2313s
 91272 55136 90750.2173  446   57 91735.9965 85795.1061  6.48%  44.5 2317s
 91596 55308 86536.6174   57  150 91735.9965 85795.5888  6.48%  44.4 2321s
 91783 55512 89254.6507   56   90 91735.9965 85795.9944  6.48%  44.4 2326s
 92084 55754 89615.9730   59  154 91735.9965 85797.3966  6.47%  44.4 2331s
 92402 55895 86377.0559   47  170 91735.9965 85799.2056  6.47%  44.4 2335s
 92830 56327 88150.4313   58  144 91735.9965 85800.4588  6.47%  44.4 2343s
 93150 56528 90129.1973  261  107 91735.9965 85800.8695  6.47%  44.3 2347s
 93431 56674 91421.3044   63   82 91735.9965 85801.3195  6.47%  44.3 2350s
 93788 56912 88145.7430   57  148 91735.9965 85802.8165  6.47%  44.3 2358s
 93978 57016 87476.9929   53   83 91735.9965 85803.7449  6.47%  44.3 2362s
 94167 57179 86251.9204   47  107 91735.9965 85805.4711  6.46%  44.4 2366s
 94386 57346 87588.8118  112  135 91735.9965 85807.6360  6.46%  44.4 2370s
 94850 57720 90229.1204  136   78 91735.9965 85809.0749  6.46%  44.4 2377s
 95094 57876 90336.1926  270  105 91735.9965 85809.7560  6.46%  44.3 2380s
 95570 58316 91404.4422   66  168 91735.9965 85812.3052  6.46%  44.4 2388s
 95856 58603 86646.3084  102  130 91735.9965 85813.5190  6.46%  44.3 2394s
 96207 58794 86878.6760   58  167 91735.9965 85815.1935  6.45%  44.2 2397s
 96439 59000 86343.3904   56  107 91735.9965 85815.5113  6.45%  44.2 2401s
 96893 59323 87517.8898   60  165 91735.9965 85817.6614  6.45%  44.1 2408s
 97139 59460 87557.8989   59  148 91735.9965 85818.7193  6.45%  44.1 2411s
 97306 59670 86411.1998   52  128 91735.9965 85818.8890  6.45%  44.2 2415s
 97802 60017 86508.4230   57  127 91735.9965 85820.9466  6.45%  44.1 2422s
 98044 60206 87547.6854   72   95 91735.9965 85821.6007  6.45%  44.1 2426s
 98268 60304 88313.6255   42  186 91735.9965 85821.9151  6.45%  44.1 2430s
 98808 60878 87294.5539  168   94 91735.9965 85822.8028  6.45%  44.0 2438s
 99055 61125 87365.4242  252   99 91735.9965 85822.8028  6.45%  43.9 2442s
 99310 61283 87412.3258  318   89 91735.9965 85822.8028  6.45%  43.9 2446s
 99653 61495 87648.2544  422  102 91735.9965 85822.8028  6.45%  43.8 2453s
 99784 61562 87697.9373  455  118 91735.9965 85822.8028  6.45%  43.8 2459s
 99853 61650 87747.8109  487  100 91735.9965 85822.8028  6.45%  43.8 2463s
 99978 61824 87801.5311  524  103 91735.9965 85822.8028  6.45%  43.8 2467s
 100178 61942 87844.4181  567   83 91735.9965 85822.8028  6.45%  43.8 2471s
 100336 62073 87898.6151  607   78 91735.9965 85822.8028  6.45%  43.8 2475s
 100688 62333 88087.0046  731   76 91735.9965 85822.8028  6.45%  43.7 2483s
 100809 62443 88173.9177  783   65 91735.9965 85822.8028  6.45%  43.7 2487s
 100978 62541 88305.7233  837   74 91735.9965 85822.8028  6.45%  43.6 2491s
 101141 62675 88617.4420  892   89 91735.9965 85826.7636  6.44%  43.7 2495s
 101347 62889 87530.6329   57  139 91735.9965 85826.9420  6.44%  43.6 2500s
 101881 63338 89862.4451   81   89 91735.9965 85829.3079  6.44%  43.6 2508s
 102174 63776 86648.2403   61  116 91735.9965 85829.5556  6.44%  43.6 2512s
 102636 64097 89510.1665  353  110 91735.9965 85830.2177  6.44%  43.5 2516s
 103016 64510 90070.2679  107   59 91735.9965 85830.7083  6.44%  43.4 2520s
 103468 64788 86871.3442   54  141 91735.9965 85831.3986  6.44%  43.3 2527s
 103798 64924 87177.8357   69   91 91735.9965 85832.0973  6.44%  43.3 2530s
 104166 65225 90638.2114  136  106 91735.9965 85833.3217  6.43%  43.3 2538s
 104413 65606 86217.4336   41  144 91735.9965 85834.2494  6.43%  43.3 2543s
 104828 65780     cutoff   71      91735.9965 85834.4169  6.43%  43.2 2546s
 105333 66370 87910.6034  190   93 91735.9965 85834.9649  6.43%  43.1 2553s
 105634 66510 88010.6866  374   97 91735.9965 85834.9649  6.43%  43.0 2556s
 106042 66831 88168.2896  530  107 91735.9965 85835.3486  6.43%  42.9 2562s
 106226 66995 87166.3550   57   99 91735.9965 85835.8397  6.43%  42.9 2565s
 106604 67312 87354.7430   55  142 91735.9965 85838.1652  6.43%  42.9 2573s
 106858 67437 88628.7840   56  165 91735.9965 85840.2117  6.43%  42.9 2576s
 107044 67592 87715.3222   87  158 91735.9965 85840.5281  6.43%  42.9 2586s
 107270 67742 87641.7245   55  117 91735.9965 85840.9938  6.43%  42.9 2590s
 107698 68038 infeasible   71      91735.9965 85843.7353  6.42%  42.9 2598s
 107920 68198 89084.1828   45  200 91735.9965 85844.4329  6.42%  42.9 2602s
 108143 68475 86716.3478   52  155 91735.9965 85845.6077  6.42%  42.9 2606s
 108463 68705 86784.6351   41  184 91735.9965 85846.4412  6.42%  42.9 2610s
 108750 68854 90417.0283   87   64 91735.9965 85847.1369  6.42%  42.9 2615s
 109204 69304 86798.8214   59  131 91735.9965 85848.7293  6.42%  42.8 2623s
 109494 69398 89730.2858   94  108 91735.9965 85849.3003  6.42%  42.8 2628s
 109620 69561 87903.9964   55  101 91735.9965 85849.7872  6.42%  42.8 2632s
 109852 69676 86293.1237   49  113 91735.9965 85852.1380  6.41%  42.8 2636s
 109989 69868 86700.4864   91   57 91735.9965 85852.1380  6.41%  42.8 2641s
 110208 70201 86901.8481  210   69 91735.9965 85852.1380  6.41%  42.8 2645s
 110759 70629 87085.7586  358   54 91735.9965 85852.1380  6.41%  42.6 2656s
 111042 70797 87237.5080  469   81 91735.9965 85852.1380  6.41%  42.6 2660s
 111548 71312 87467.4163  630   64 91735.9965 85852.1380  6.41%  42.6 2668s
 111826 71427 87653.0432  737   39 91735.9965 85852.1380  6.41%  42.5 2672s
 111986 71734 87796.2628  785   59 91735.9965 85852.1380  6.41%  42.5 2676s
 112501 71996 88530.9733  932   92 91735.9965 85852.1380  6.41%  42.5 2682s
 112730 72146 88811.1675 1024   28 91735.9965 85855.0122  6.41%  42.5 2686s
 112944 72287 88619.0963   43  138 91735.9965 85856.6079  6.41%  42.5 2690s
 113503 72721 87473.5128   38  194 91735.9965 85857.9004  6.41%  42.5 2698s
 113788 72933 86600.1686   48  186 91735.9965 85858.8239  6.41%  42.5 2702s
 114051 73125 90328.8904   51   65 91735.9965 85859.8130  6.41%  42.4 2706s
 114322 73307 86431.7340   56  109 91735.9965 85861.0361  6.40%  42.4 2710s
 114760 73672 90977.4182  117  105 91735.9965 85863.6343  6.40%  42.5 2718s
 115035 73902 88075.3707   79  176 91735.9965 85864.5849  6.40%  42.5 2722s
 115329 74084 86959.7091   55  119 91735.9965 85865.8295  6.40%  42.4 2727s
 115561 74252 87752.2400   65  191 91735.9965 85866.1000  6.40%  42.5 2731s
 115788 74627 88959.6208  131  120 91735.9965 85867.2348  6.40%  42.5 2736s
 116200 74987 90200.7011  434   96 91735.9965 85868.1034  6.40%  42.4 2741s
 116593 75179 91362.5355   89   75 91735.9965 85868.8197  6.40%  42.3 2745s
 117098 75564 87566.1612   57  151 91735.9965 85869.7298  6.39%  42.3 2753s
 117356 75741 87021.7350   48  130 91735.9965 85870.5431  6.39%  42.3 2757s
 117595 75903 86308.5745   39  191 91735.9965 85871.1365  6.39%  42.3 2761s
 117796 76094 87230.0560   51  152 91735.9965 85871.4674  6.39%  42.4 2765s
 118072 76378 87078.1890   55  144 91735.9965 85872.7422  6.39%  42.4 2772s
 118424 76580 86338.9265   54  147 91735.9965 85873.2376  6.39%  42.3 2776s
 118653 76775 91503.6329  153   95 91735.9965 85873.4485  6.39%  42.3 2780s
 119196 77144 86867.8074   57  135 91735.9965 85875.2009  6.39%  42.3 2787s
 119410 77440 87432.0010   67  110 91735.9965 85875.2701  6.39%  42.3 2791s
 119707 77624 87924.7582  291  142 91735.9965 85875.2701  6.39%  42.3 2795s
 119896 77752 88060.8041  414   79 91735.9965 85875.2701  6.39%  42.3 2800s
 120294 78210 88453.1074  663   90 91735.9965 85875.2701  6.39%  42.3 2808s
 120554 78489 88991.0691  805   83 91735.9965 85875.2701  6.39%  42.2 2812s
 120938 78681 89409.3949 1044   81 91735.9965 85875.6836  6.39%  42.2 2816s
 121273 78845 86753.2279   42  159 91735.9965 85876.0041  6.39%  42.2 2820s
 121555 79084 89455.6198   98   71 91735.9965 85876.6492  6.39%  42.2 2825s
 122222 79604 88013.1556  145  107 91735.9965 85878.4845  6.39%  42.1 2833s
 122586 79760 87627.8326   51  168 91735.9965 85878.7070  6.38%  42.1 2837s
 122802 79882     cutoff   62      91735.9965 85879.1438  6.38%  42.1 2840s
 123236 80277 88063.8322   82  142 91735.9965 85880.0460  6.38%  42.1 2849s
 123524 80463 91659.9144  104   86 91735.9965 85880.3921  6.38%  42.1 2853s
 123767 80652 86722.9208   48  185 91735.9965 85881.0143  6.38%  42.1 2858s
 124001 80854 infeasible   78      91735.9965 85881.3413  6.38%  42.1 2863s
 124236 81042 90805.7220  134  151 91735.9965 85881.6075  6.38%  42.1 2868s
 124490 81289 86426.9554   48   85 91735.9965 85881.8927  6.38%  42.1 2872s
 124763 81466 91060.6525   78   83 91735.9965 85882.1026  6.38%  42.0 2877s
 124990 81613 90410.3770  107  160 91735.9965 85882.3894  6.38%  42.0 2881s
 125203 81841 87697.3381   71  143 91735.9965 85884.1473  6.38%  42.1 2885s
 125485 82061 88973.9918   60   53 91735.9965 85884.4710  6.38%  42.0 2892s
 125731 82279 86957.0620   50  130 91735.9965 85884.6711  6.38%  42.0 2897s
 125979 82455 90030.4437  166  112 91735.9965 85884.8723  6.38%  42.0 2902s
 126246 82777 87874.3171   55  107 91735.9965 85885.6025  6.38%  42.0 2907s
 126624 82976 86546.2653   38  156 91735.9965 85886.6475  6.38%  42.0 2911s
 126877 83125 87047.5762   41  187 91735.9965 85887.1418  6.38%  42.0 2915s
 127511 83564 86091.8664   47   96 91735.9965 85889.4969  6.37%  42.0 2923s
 127728 83776 86534.8108   49  143 91735.9965 85889.7689  6.37%  42.0 2927s
 127997 83999 90073.7851   65  111 91735.9965 85889.8845  6.37%  42.0 2932s
 128300 84142 88903.9840   80  120 91735.9965 85890.1055  6.37%  42.0 2936s
 128772 84485 87847.4479  158  104 91735.9965 85891.1091  6.37%  42.0 2948s
 128937 84705 87828.6891   55  151 91735.9965 85891.4905  6.37%  42.0 2952s
 129204 85016 87793.6766  135  103 91735.9965 85891.4909  6.37%  42.0 2957s
 129588 85166 90519.0808  408  129 91735.9965 85892.9420  6.37%  41.9 2961s
 129779 85334 88463.2685   49  161 91735.9965 85894.4718  6.37%  42.0 2965s
 130257 85516 90961.1477   69  110 91735.9965 85895.8582  6.37%  42.0 2975s
 130436 85914 87781.2716   66  166 91735.9965 85896.2370  6.37%  42.0 2984s
 130773 86132 91121.9722  219   93 91735.9965 85896.6125  6.37%  42.0 2988s
 131050 86134 88408.5248  182  102 91735.9965 85897.5246  6.36%  42.0 2999s
 131052 86273 88410.9140  183  114 91735.9965 85897.7382  6.36%  42.0 3003s
 131250 86444 91006.4096  123  137 91735.9965 85898.2395  6.36%  42.0 3007s
 131500 86610 89785.8489   64  168 91735.9965 85898.7199  6.36%  42.0 3012s
 131730 86822 86367.1394   43  159 91735.9965 85900.1318  6.36%  42.0 3016s
 132011 87000 86372.5668   42  201 91735.9965 85900.6554  6.36%  42.0 3020s
 132248 87205 91574.9130   60  224 91735.9965 85901.6765  6.36%  42.1 3025s
 132804 87709 89389.4400   66   85 91735.9965 85904.6000  6.36%  42.1 3036s
 133186 87973 88759.9851  202  103 91735.9965 85905.1513  6.36%  42.1 3040s
 133687 88274 89598.7306  506   85 91735.9965 85905.5149  6.36%  42.0 3046s
 134108 88639 88277.7071   76  167 91735.9965 85906.6745  6.35%  42.1 3053s
 134358 88757 87723.6466   54  131 91735.9965 85907.6527  6.35%  42.1 3056s
 134769 89084 87429.0361  135  149 91735.9965 85908.0602  6.35%  42.0 3063s
 134941 89265 86604.3605   46  140 91735.9965 85908.2549  6.35%  42.0 3066s
 135186 89436 86603.8208   66  173 91735.9965 85908.9683  6.35%  42.0 3070s
 135588 89640 87597.3998   54  178 91735.9965 85909.2886  6.35%  42.0 3081s
 135783 89864 89929.5798   71  145 91735.9965 85910.7730  6.35%  42.1 3085s
 136261 90095 91710.4447   78  157 91735.9965 85912.7967  6.35%  42.1 3093s
 136511 90291 88933.3788  110  165 91735.9965 85914.2512  6.35%  42.1 3098s
 136793 90445 86922.8725   50  127 91735.9965 85914.7398  6.35%  42.1 3102s
 137021 90678     cutoff   72      91735.9965 85915.4064  6.34%  42.1 3106s
 137315 90848 86238.1473   47  147 91735.9965 85916.1598  6.34%  42.1 3111s
 137530 91037 86914.9902   54   89 91735.9965 85916.2186  6.34%  42.1 3115s
 137792 91182 88995.5120   51   95 91735.9965 85917.1409  6.34%  42.1 3120s
 138017 91381 86723.4970   41  106 91735.9965 85917.8136  6.34%  42.1 3125s
 138475 91779 89737.7830  136   82 91735.9965 85918.9169  6.34%  42.1 3133s
 138782 92083 90210.2396  108   78 91735.9965 85919.3997  6.34%  42.1 3138s
 139165 92259 86859.7096   43  199 91735.9965 85920.4729  6.34%  42.1 3142s
 139420 92436 87995.9924   54  140 91735.9965 85921.2300  6.34%  42.1 3147s
 139716 92669 86495.2712   55  168 91735.9965 85922.5086  6.34%  42.1 3151s
 140007 92905 86624.7774   41  106 91735.9965 85923.7931  6.34%  42.1 3155s
 140289 93084 91325.7036  175   77 91735.9965 85923.9927  6.34%  42.1 3162s
 140564 93316 86883.8128   53  183 91735.9965 85925.0167  6.33%  42.1 3166s
 140920 93437 87353.7009   84  158 91735.9965 85926.0519  6.33%  42.1 3170s
 141465 93853 86668.0819   50  140 91735.9965 85927.8537  6.33%  42.0 3178s
 141699 94050 86928.1354   63  163 91735.9965 85928.7261  6.33%  42.0 3182s
 141954 94190 87571.0450   57  177 91735.9965 85929.3285  6.33%  42.0 3186s
 142421 94582 91502.1547   71  169 91735.9965 85930.4830  6.33%  42.0 3193s
 142700 94807 87823.3844   56  145 91735.9965 85931.4490  6.33%  42.0 3197s
 142976 95081 86945.3612   49  127 91735.9965 85932.3021  6.33%  42.0 3201s
 143525 95501 91715.6615   67  108 91735.9965 85932.7604  6.33%  42.0 3207s
 143742 95667 87126.8454  109  129 91735.9965 85932.7604  6.33%  42.0 3211s
 144212 95938 87948.6973   48  173 91735.9965 85933.8660  6.32%  41.9 3217s
 144385 96097 90232.2938   62   63 91735.9965 85934.0576  6.32%  41.9 3221s
 144846 96421     cutoff  149      91735.9965 85934.0576  6.32%  41.9 3228s
 145053 96656 90605.2093  209   56 91735.9965 85934.7690  6.32%  41.9 3232s
 145380 96796 91100.6134   48  191 91735.9965 85935.5883  6.32%  41.9 3235s
 145779 97018 88313.1646   86   76 91735.9965 85937.1120  6.32%  41.9 3243s
 145908 97191 88633.0734   52  107 91735.9965 85937.4058  6.32%  41.9 3247s
 146155 97321 90381.2337  110   70 91735.9965 85937.4058  6.32%  42.0 3251s
 146343 97425 90630.7963  145   60 91735.9965 85938.6824  6.32%  42.0 3255s
 146810 97751 87424.0930   64  148 91735.9965 85941.0229  6.32%  42.0 3263s
 147004 97897 87879.8260   58  144 91735.9965 85942.1445  6.32%  42.0 3268s
 147225 98099 91448.5398   70  146 91735.9965 85943.4414  6.31%  42.0 3272s
 147479 98294 87403.5520   86  141 91735.9965 85944.5794  6.31%  42.0 3276s
 147743 98516 89992.2839   60  154 91735.9965 85945.0071  6.31%  42.0 3283s
 148075 98654 87322.4039   95  150 91735.9965 85945.4665  6.31%  42.0 3287s
 148291 98901     cutoff   95      91735.9965 85946.0058  6.31%  42.0 3292s
 148614 99147 86979.0592   61  153 91735.9965 85947.2420  6.31%  42.0 3296s
 148919 99296 87158.3872   84  129 91735.9965 85947.3736  6.31%  42.0 3300s
 149444 99706 87343.9690   85  124 91735.9965 85949.2339  6.31%  42.0 3308s
 149672 99913 89960.2309   79  100 91735.9965 85949.8129  6.31%  42.0 3311s
 149920 100156 87751.6342  145  132 91735.9965 85950.0329  6.31%  42.0 3315s
 150405 100357 88115.0213  436   82 91735.9965 85950.0329  6.31%  42.0 3341s
 150413 100507 88117.9995  440   85 91735.9965 85950.0329  6.31%  42.0 3345s
 150822 100861 88471.3512  608   72 91735.9965 85950.5951  6.31%  42.0 3353s
 151065 101026 86118.5170   41  153 91735.9965 85950.8750  6.31%  42.0 3357s
 151268 101372 87319.4471   56  150 91735.9965 85951.7676  6.31%  42.0 3361s
 151655 101628 88160.3793  116  102 91735.9965 85952.2361  6.30%  41.9 3365s
 152297 102067 87812.9048   52  147 91735.9965 85953.5108  6.30%  41.9 3373s
 152524 102234 88754.8133   41  186 91735.9965 85955.3431  6.30%  41.9 3378s
 152810 102404 89810.4459   46  219 91735.9965 85956.1268  6.30%  41.9 3382s
 153020 102550 87976.4688   80   96 91735.9965 85956.1375  6.30%  41.9 3387s
 153226 102675 88171.2750  121   88 91735.9965 85956.1375  6.30%  41.9 3391s
 153388 102809 88209.6609  148   76 91735.9965 85956.1375  6.30%  41.9 3395s
 153566 102970     cutoff  181      91735.9965 85956.1375  6.30%  42.0 3400s
 153969 103307 88372.0239  246   90 91735.9965 85956.1375  6.30%  42.0 3409s
 154212 103429 88439.7221  295   78 91735.9965 85956.1375  6.30%  42.0 3413s
 154403 103554 91011.1610  331   50 91735.9965 85956.1375  6.30%  42.0 3417s
 154588 103680 88509.8360  369   69 91735.9965 85956.1375  6.30%  42.0 3421s
 154867 103834 88595.5018  433   94 91735.9965 85956.1375  6.30%  42.1 3428s
 155006 103904 88650.1921  476   81 91735.9965 85956.1375  6.30%  42.1 3434s
 155152 104077 91611.0851  522   75 91735.9965 85956.1375  6.30%  42.1 3440s
 155454 104200     cutoff  630      91735.9965 85956.1375  6.30%  42.2 3446s
 155714 104296 89450.5249  726   80 91735.9965 85959.2452  6.30%  42.2 3451s
 155993 104485 89993.6816   62  141 91735.9965 85959.7277  6.30%  42.2 3457s
 156310 104754 87201.2439   89  136 91735.9965 85959.8934  6.30%  42.2 3463s
 156654 104966 87678.2190  288   76 91735.9965 85959.8934  6.30%  42.2 3468s
 156914 105177 87825.6978  478   94 91735.9965 85959.8934  6.30%  42.1 3474s
 157183 105390 87979.1918  643   90 91735.9965 85959.9329  6.30%  42.1 3479s
 157524 105598 87156.9771   53  121 91735.9965 85959.9430  6.30%  42.1 3485s
 157947 105917 86260.8012   48  152 91735.9965 85960.2700  6.30%  42.1 3490s
 158315 106171 86890.3332   53  169 91735.9965 85960.9701  6.30%  42.1 3495s
 158658 106369 87032.4849   56  150 91735.9965 85961.2959  6.29%  42.1 3500s
 158969 106618 88219.2711   72  148 91735.9965 85962.4789  6.29%  42.1 3506s
 159307 106787 87191.0447   60   96 91735.9965 85963.6191  6.29%  42.1 3511s
 159565 107013 91453.7531   48  182 91735.9965 85964.6278  6.29%  42.1 3516s
 159873 107321 87190.2675  106  142 91735.9965 85965.6822  6.29%  42.1 3522s
 160242 107541 91675.7334   92  119 91735.9965 85966.6756  6.29%  42.1 3527s
 160540 107733 86473.1965   44  123 91735.9965 85966.9781  6.29%  42.1 3533s
 160836 107978 88399.3000   73   61 91735.9965 85968.4720  6.29%  42.1 3538s
 161166 108299 89982.5186   84   86 91735.9965 85968.6941  6.29%  42.1 3544s
 161532 108476 88293.5964   57  108 91735.9965 85968.9567  6.29%  42.1 3549s
 161787 108665 86556.0064   48  160 91735.9965 85969.7893  6.29%  42.1 3554s
 162080 108921 86643.3663   77  126 91735.9965 85970.8426  6.28%  42.1 3559s
 162392 109474 90136.6743  205   80 91735.9965 85971.1781  6.28%  42.1 3567s
 163017 109556 89180.3404  184   99 91735.9965 85971.8802  6.28%  42.1 3570s
 163314 109770 86410.4634   49  147 91735.9965 85972.9372  6.28%  42.1 3575s
 163632 110012 86652.8206   51  113 91735.9965 85973.6076  6.28%  42.1 3581s
 163975 110266 90740.1919   69   81 91735.9965 85974.4741  6.28%  42.1 3588s
 164214 110408 87410.9229   52  189 91735.9965 85975.8898  6.28%  42.1 3591s
 164412 110542 87744.1793   55  148 91735.9965 85976.0137  6.28%  42.2 3595s
 164857 110890 91567.1054   47  193 91735.9965 85976.4030  6.28%  42.2 3602s
 165116 111014 90432.6224   98  146 91735.9965 85977.2505  6.28%  42.2 3607s
 165335 111016 86861.3889   63  109 91735.9965 85977.6612  6.28%  42.2 3617s
 165337 111161 87046.6095   64  111 91735.9965 85977.6660  6.28%  42.2 3620s
 165879 111705 86474.3801   54  139 91735.9965 85978.4786  6.28%  42.2 3628s
 166190 111871 90108.5400   71  119 91735.9965 85978.6934  6.28%  42.2 3631s
 166406 112043 89832.5242   90   90 91735.9965 85978.7310  6.28%  42.1 3635s
 166981 112615 87216.8693  235   58 91735.9965 85978.7310  6.28%  42.1 3643s
 167249 112793 87446.4214  350   53 91735.9965 85978.7310  6.28%  42.1 3647s
 167457 112916 87531.7024  414   88 91735.9965 85978.7310  6.28%  42.0 3651s
 167618 113055 87597.7158  460   63 91735.9965 85978.7310  6.28%  42.0 3656s
 167801 113217 87678.1891  519   71 91735.9965 85978.7310  6.28%  42.0 3660s
 168153 113563 87957.8013  608   77 91735.9965 85978.7310  6.28%  42.0 3668s
 168432 113824 88446.6747  722   98 91735.9965 85982.3285  6.27%  42.0 3672s
 168746 113950 87301.4365   59  161 91735.9965 85982.7179  6.27%  42.0 3677s
 168962 114087 89053.8035   45  192 91735.9965 85983.2542  6.27%  42.0 3681s
 169153 114283 88938.5112   85   71 91735.9965 85983.6944  6.27%  42.0 3685s
 169408 114408 90311.7332   69  175 91735.9965 85984.2615  6.27%  42.0 3693s
 169582 114806 89485.1023  114  113 91735.9965 85984.4153  6.27%  42.0 3698s
 170010 115098 90185.8611  401  100 91735.9965 85984.6082  6.27%  42.0 3706s
 170613 115477 87368.6371   53  143 91735.9965 85985.6616  6.27%  42.0 3714s
 170886 115634 88180.9625  128  117 91735.9965 85986.1566  6.27%  42.0 3718s
 171127 115871 90296.1482   72  158 91735.9965 85987.2888  6.27%  42.0 3722s
 171396 116212 87198.3055  196   76 91735.9965 85987.6284  6.27%  42.0 3726s
 171765 116420 87418.3142  378   80 91735.9965 85987.6284  6.27%  42.0 3730s
 172267 116861 87588.1454  593  125 91735.9965 85987.6284  6.27%  42.0 3738s
 172543 117056 87922.8928  741  110 91735.9965 85987.6284  6.27%  41.9 3742s
 172766 117252 88231.9070  828   77 91735.9965 85987.6284  6.27%  41.9 3745s
 173313 117697 91458.9713   82  141 91735.9965 85990.5463  6.26%  41.9 3753s
 173640 118133 87715.1066  238   87 91735.9965 85990.5995  6.26%  41.9 3758s
 174096 118433 87862.7076  530   91 91735.9965 85990.5995  6.26%  41.8 3762s
 174474 118700 87974.8363  703   84 91735.9965 85990.5995  6.26%  41.8 3766s
 174786 118949 88467.9046  888  104 91735.9965 85991.0673  6.26%  41.8 3770s
 175365 119309 91055.6796  107   95 91735.9965 85992.3863  6.26%  41.8 3777s
 175613 119491 87712.3404   47  172 91735.9965 85992.9231  6.26%  41.8 3782s
 175870 119704 91654.0318  128  182 91735.9965 85993.5485  6.26%  41.8 3786s
 176180 120146 88662.7729  231   61 91735.9965 85993.8246  6.26%  41.8 3791s
 176632 120467 88978.8218  577   75 91735.9965 85993.8246  6.26%  41.7 3795s
 176957 120706 89283.7463  779   73 91735.9965 85993.9257  6.26%  41.7 3800s
 177251 120897 91102.7139   99  100 91735.9965 85994.5471  6.26%  41.7 3808s
 177518 121264 90246.1307  115  111 91735.9965 85994.8827  6.26%  41.7 3813s
 177955 121456 86160.5259   51  107 91735.9965 85995.2268  6.26%  41.6 3816s
 178199 121769 87924.5662  135  123 91735.9965 85995.4330  6.26%  41.6 3821s
 178862 122372 88250.3142  596   89 91735.9965 85995.4330  6.26%  41.6 3828s
 179195 122700 88459.9093  848   93 91735.9965 85996.4320  6.26%  41.6 3832s
 179575 122828 86677.8053   53  147 91735.9965 85997.1558  6.26%  41.5 3835s
 179965 123162 88929.2845   57  165 91735.9965 85997.8983  6.26%  41.5 3842s
 180202 123293 87217.4518   55  154 91735.9965 85998.1298  6.25%  41.5 3845s
 180637 123570     cutoff   73      91735.9965 85999.3895  6.25%  41.6 3851s
 180841 123699 89583.7360   50  179 91735.9965 86000.9200  6.25%  41.6 3855s
 181279 123987 91629.9116   47  161 91735.9965 86002.1729  6.25%  41.6 3861s
 181460 124220 86487.8699   43  114 91735.9965 86002.9781  6.25%  41.6 3865s
 181975 124455 86873.8019   54  106 91735.9965 86003.6207  6.25%  41.6 3871s
 182176 124607 88457.4757   44  194 91735.9965 86004.5093  6.25%  41.6 3875s
 182593 125000 88807.8101  105  157 91735.9965 86005.3289  6.25%  41.6 3883s
 182917 125133 90385.0857   41   85 91735.9965 86006.0762  6.25%  41.6 3886s
 183179 125399 infeasible   78      91735.9965 86006.6775  6.25%  41.6 3890s
 183846 125757 infeasible   76      91735.9965 86008.1175  6.24%  41.5 3898s
 184048 125887 86260.3639   43  138 91735.9965 86008.7348  6.24%  41.6 3901s
 184254 126023 87521.3167   50  111 91735.9965 86009.2832  6.24%  41.6 3905s
 184682 126499 90647.5875   68  123 91735.9965 86011.0943  6.24%  41.6 3917s
 185070 126684 88488.3916   56  138 91735.9965 86011.4634  6.24%  41.6 3921s
 185488 126995 87526.9274   37  205 91735.9965 86013.5000  6.24%  41.6 3929s
 185734 127160 86711.2785   73  139 91735.9965 86013.7635  6.24%  41.6 3933s
 186016 127355 86734.6571   48  158 91735.9965 86013.9241  6.24%  41.6 3938s
 186269 127568 90952.3240  111  163 91735.9965 86014.6029  6.24%  41.6 3943s
 186543 127947 86737.1835   47  140 91735.9965 86014.6813  6.24%  41.6 3948s
 186968 128129 87137.9170  293  103 91735.9965 86014.9421  6.24%  41.6 3952s
 187232 128320 86318.3804   50  101 91735.9965 86015.3480  6.24%  41.6 3956s
 187498 128497 86629.7374   39  121 91735.9965 86016.8074  6.23%  41.6 3960s
 188016 128836 87323.5006   81  126 91735.9965 86018.1816  6.23%  41.6 3968s
 188213 129056 86858.3191   54  151 91735.9965 86018.6851  6.23%  41.6 3972s
 188508 129254 86636.0733   47  156 91735.9965 86019.5841  6.23%  41.6 3976s
 188761 129406 89590.2220   55  122 91735.9965 86019.8366  6.23%  41.6 3980s
 189257 129948 87019.3171   78   90 91735.9965 86020.3128  6.23%  41.6 3988s
 189628 130081 87061.3415  346   99 91735.9965 86020.5618  6.23%  41.6 3991s
 189818 130356 87747.3349   62  164 91735.9965 86020.6774  6.23%  41.6 3995s
 190571 130889 87126.8108   51  121 91735.9965 86022.8062  6.23%  41.5 4003s
 190813 131149 90318.6978  128   60 91735.9965 86023.1952  6.23%  41.5 4006s
 191129 131378 90048.1964  166   68 91735.9965 86023.6836  6.23%  41.5 4010s
 191412 131611 89314.6419   54  106 91735.9965 86023.7805  6.23%  41.5 4015s
 191929 131928 86435.5323   51  112 91735.9965 86025.4567  6.22%  41.5 4025s
 192209 132126 86899.7238   49  186 91735.9965 86025.9728  6.22%  41.5 4030s
 192506 132402 86633.3905   43  187 91735.9965 86026.6808  6.22%  41.5 4035s
 192854 132600 87276.6398   99  157 91735.9965 86027.1894  6.22%  41.5 4040s
 193376 132936 91281.1152   70  113 91735.9965 86028.1028  6.22%  41.5 4049s
 193613 133168 88850.9708   66  118 91735.9965 86029.8743  6.22%  41.5 4054s
 193942 133396 90974.5138   78  129 91735.9965 86030.5165  6.22%  41.5 4058s
 194292 133586 86494.8248   43  102 91735.9965 86030.7831  6.22%  41.5 4063s
 194560 133727 86433.7116   38  142 91735.9965 86031.0671  6.22%  41.5 4068s
 194773 133923 87751.9379   65  126 91735.9965 86032.0827  6.22%  41.5 4075s
 195045 134126 87126.9429   49  155 91735.9965 86032.8154  6.22%  41.5 4085s
 195638 134652 86625.3962   39  173 91735.9965 86033.9724  6.22%  41.5 4094s
 195973 134837 91076.2374   66   97 91735.9965 86034.9219  6.21%  41.5 4099s
 196248 135036 89660.9680   66  107 91735.9965 86036.0237  6.21%  41.5 4103s
 196554 135220 86516.0685   39  178 91735.9965 86037.2768  6.21%  41.5 4108s
 196813 135354 87962.0417   65  162 91735.9965 86037.7526  6.21%  41.5 4112s
 197052 135600 infeasible   73      91735.9965 86037.8667  6.21%  41.6 4117s
 197397 135822 87923.0758   47  179 91735.9965 86038.3632  6.21%  41.6 4121s
 197690 136006     cutoff   95      91735.9965 86038.7131  6.21%  41.6 4126s
 197974 136132 87795.0763   49  184 91735.9965 86039.6015  6.21%  41.6 4130s
 198463 136713 88910.8786   68  161 91735.9965 86041.0385  6.21%  41.6 4140s
 199132 137127 87142.6714   54  150 91735.9965 86041.2956  6.21%  41.5 4148s
 199335 137335 90023.1070  100  125 91735.9965 86041.3621  6.21%  41.5 4155s
 199601 137660 89614.7772   64  148 91735.9965 86041.6442  6.21%  41.5 4161s
 200018 137920 86645.1410   48  139 91735.9965 86042.0872  6.21%  41.5 4166s
 200366 138100 88406.6539   57  188 91735.9965 86043.1592  6.21%  41.5 4170s
 200814 138386 88363.9743  123  141 91735.9965 86043.8779  6.20%  41.5 4182s
 200996 138722 89449.8493   60  123 91735.9965 86044.2681  6.20%  41.5 4187s
 201389 138925 90220.0606   94   98 91735.9965 86044.5107  6.20%  41.5 4192s
 201662 139142 89449.9399   40  197 91735.9965 86045.1084  6.20%  41.5 4197s
 201976 139279 86334.6038   40  193 91735.9965 86045.8457  6.20%  41.5 4203s
 202179 139520 87559.6959   60  106 91735.9965 86046.0671  6.20%  41.5 4208s
 202492 139773 86911.6029   61  154 91735.9965 86046.7870  6.20%  41.5 4214s
 202827 139981 86668.3724   50  127 91735.9965 86047.3198  6.20%  41.5 4219s
 203095 140183 86517.5095   41  189 91735.9965 86048.1742  6.20%  41.5 4224s
 203401 140390 87084.4699   68  186 91735.9965 86048.9053  6.20%  41.5 4230s
 203704 140590 86941.3193   60  130 91735.9965 86049.2309  6.20%  41.5 4235s
 204006 140852 87576.7027   61  171 91735.9965 86050.4875  6.20%  41.5 4240s
 204556 141167 86777.7121   64  153 91735.9965 86051.8720  6.20%  41.5 4249s
 204785 141376 88556.5167   46  176 91735.9965 86052.5721  6.20%  41.5 4253s
 205044 141565 91705.0308   64  132 91735.9965 86052.9756  6.19%  41.5 4258s
 205287 141779 89840.2016   56  180 91735.9965 86053.3348  6.19%  41.6 4262s
 205591 142039 87139.2409   44  143 91735.9965 86054.0679  6.19%  41.5 4266s
 205953 142250 87299.2958  103   77 91735.9965 86054.2185  6.19%  41.5 4271s
 206210 142478 87627.8134   75  127 91735.9965 86054.7800  6.19%  41.5 4275s
 206515 142692 86496.4623   45  168 91735.9965 86055.4203  6.19%  41.5 4280s
 206806 142894 87304.5576   53  150 91735.9965 86055.8409  6.19%  41.5 4287s
 207147 143097 91365.9409   76  107 91735.9965 86056.4418  6.19%  41.5 4292s
 207438 143321 88787.6998   43  192 91735.9965 86056.9836  6.19%  41.5 4296s
 207712 143504 88882.1726   54   74 91735.9965 86057.2207  6.19%  41.6 4301s
 207991 143692 87761.1436   50   95 91735.9965 86057.3209  6.19%  41.6 4305s
 208263 143831 90833.5573  102  165 91735.9965 86057.5933  6.19%  41.6 4310s
 208821 144243 88675.0032   80  111 91735.9965 86059.0855  6.19%  41.6 4319s
 209101 144432 87888.3433   85  185 91735.9965 86059.4578  6.19%  41.6 4324s
 209401 144679 87666.5215   70   76 91735.9965 86060.1848  6.19%  41.6 4329s
 209665 144909 87898.3750  198   70 91735.9965 86060.1848  6.19%  41.6 4336s
 209897 145087 88008.1971  309   79 91735.9965 86060.1848  6.19%  41.6 4341s
 210084 145232 88095.7749  409   94 91735.9965 86060.1848  6.19%  41.5 4346s
 210249 145491 88145.2646  493   93 91735.9965 86060.1848  6.19%  41.5 4352s
 210536 145903 88273.0847  632  101 91735.9965 86060.1848  6.19%  41.5 4358s
 210968 146219 88684.4582  876   51 91735.9965 86060.2489  6.19%  41.4 4364s
 211379 146632 90078.4369   93   69 91735.9965 86060.9235  6.19%  41.4 4370s
 212153 147044 86630.9453   57  163 91735.9965 86062.0099  6.19%  41.4 4379s
 212460 147252     cutoff   76      91735.9965 86062.5781  6.18%  41.4 4384s
 212751 147532 89940.8501   68  158 91735.9965 86063.7160  6.18%  41.4 4388s
 213110 147713 88150.5793   61  140 91735.9965 86063.9249  6.18%  41.4 4392s
 213365 148052 87216.7554   54  174 91735.9965 86064.4196  6.18%  41.4 4397s
 213756 148268 87128.5021  196  107 91735.9965 86064.6785  6.18%  41.3 4402s
 214020 148444 infeasible   59      91735.9965 86064.9796  6.18%  41.3 4408s
 214300 148640     cutoff   59      91735.9965 86066.1157  6.18%  41.3 4414s
 214616 148904 86304.3733   51  144 91735.9965 86066.7927  6.18%  41.4 4419s
 214997 149096 91414.0439  112  135 91735.9965 86067.3501  6.18%  41.4 4424s
 215295 149317 infeasible   72      91735.9965 86067.9247  6.18%  41.4 4428s
 215568 149574 88497.8537  108   69 91735.9965 86068.4686  6.18%  41.4 4433s
 215928 149743 86497.0989   46  189 91735.9965 86068.9179  6.18%  41.4 4438s
 216156 150001 91445.4006   71   95 91735.9965 86069.3957  6.18%  41.4 4443s
 216496 150177 86636.5497   55  137 91735.9965 86069.5541  6.18%  41.4 4448s
 216775 150293 86611.8841   54  159 91735.9965 86070.0468  6.18%  41.4 4454s
 216949 150518 86610.8351   51  149 91735.9965 86070.6451  6.18%  41.4 4459s
 217248 150740 86736.2652   44   99 91735.9965 86071.2671  6.18%  41.4 4465s
 217533 150936 89252.8869  140   97 91735.9965 86071.3917  6.17%  41.4 4470s
 217855 151201 86589.8543   57  124 91735.9965 86072.1472  6.17%  41.4 4476s
 218171 151427 88425.9444   51  146 91735.9965 86072.5311  6.17%  41.4 4481s
 218476 151618 88140.9619   56  134 91735.9965 86072.9341  6.17%  41.4 4487s
 218741 151830 86445.0361   38  177 91735.9965 86073.0826  6.17%  41.4 4492s
 219085 152011 88227.1124   67  143 91735.9965 86073.6919  6.17%  41.4 4499s
 219330 152246 87346.9197   56   58 91735.9965 86074.1823  6.17%  41.4 4504s
 219630 152261 90491.3244   64  174 91735.9965 86074.4885  6.17%  41.4 4512s
 219670 152496 90520.7319   65  174 91735.9965 86074.9331  6.17%  41.4 4518s
 220004 152673 90502.5064  118   79 91735.9965 86075.7775  6.17%  41.4 4523s
 220309 152846 87218.4207   48  107 91735.9965 86076.3979  6.17%  41.4 4528s
 220584 153109 86560.7279   52  159 91735.9965 86077.5572  6.17%  41.5 4533s
 220954 153343 89675.4985   63  171 91735.9965 86077.9622  6.17%  41.4 4538s
 221302 153568 88194.2476   64  148 91735.9965 86078.5924  6.17%  41.4 4545s
 221909 153943 87186.3625   69  142 91735.9965 86079.3908  6.17%  41.4 4553s
 222172 154103 87430.5027   91  135 91735.9965 86079.6785  6.17%  41.5 4558s
 222407 154361 86885.9432   46  157 91735.9965 86080.2899  6.17%  41.5 4562s
 222733 154654 87388.4470   55  121 91735.9965 86081.1465  6.16%  41.5 4566s
 223132 154832 87130.8587   93  102 91735.9965 86081.5467  6.16%  41.4 4571s
 223412 154999 86665.9971   54  164 91735.9965 86082.5223  6.16%  41.5 4575s
 223964 155425 88515.7354   54   82 91735.9965 86084.1787  6.16%  41.5 4584s
 224284 155551 87836.9325   65  136 91735.9965 86084.4479  6.16%  41.5 4589s
 224502 155708 91246.2922  107   67 91735.9965 86084.8654  6.16%  41.5 4594s
 224744 155883 87302.8148   64   85 91735.9965 86085.7865  6.16%  41.5 4599s
 225003 156057 90851.0370   55  102 91735.9965 86086.3157  6.16%  41.5 4605s
 225252 156279 86572.4019   50  147 91735.9965 86086.5389  6.16%  41.5 4610s
 225543 156285 88086.4645  145  116 91735.9965 86086.8247  6.16%  41.5 4616s
 225562 156477 86303.2999   50  191 91735.9965 86086.8694  6.16%  41.5 4622s
 225868 156727 86685.2364   53  129 91735.9965 86087.9466  6.16%  41.5 4627s
 226174 156911 86912.2309  103  117 91735.9965 86088.0678  6.16%  41.5 4632s
 226410 157102 87026.2113  238  139 91735.9965 86088.0678  6.16%  41.4 4638s
 226653 157350 87164.8671  350  110 91735.9965 86088.0678  6.16%  41.4 4643s
 226941 157583 87275.4864  452  114 91735.9965 86088.0678  6.16%  41.4 4648s
 227203 157850 87367.4986  545  126 91735.9965 86088.0678  6.16%  41.4 4653s
 227517 158055 87478.9369  641  107 91735.9965 86088.0678  6.16%  41.4 4658s
 227776 158270 87832.3206  772   98 91735.9965 86088.0678  6.16%  41.4 4662s
 228096 158429 89544.9169  926   92 91735.9965 86089.7353  6.15%  41.4 4667s
 228285 158664 87670.6916   63  142 91735.9965 86090.0644  6.15%  41.4 4672s
 228562 158839 88076.7840  109  166 91735.9965 86090.1207  6.15%  41.3 4679s
 228772 159202 89955.7995   70  159 91735.9965 86090.8559  6.15%  41.3 4686s
 229199 159408 90109.5561   75   55 91735.9965 86090.9827  6.15%  41.3 4692s
 229476 159598 89519.9726   75   74 91735.9965 86091.8023  6.15%  41.3 4698s
 229794 159835 86877.5803   45  131 91735.9965 86092.3467  6.15%  41.4 4704s
 230120 160050 87129.2161   71  108 91735.9965 86092.7063  6.15%  41.4 4709s
 230456 160265 86927.9431   44  147 91735.9965 86093.8102  6.15%  41.4 4715s
 230703 160489 86731.0475   49  168 91735.9965 86093.9741  6.15%  41.4 4721s
 231044 160732 91053.7395   66  194 91735.9965 86094.1338  6.15%  41.4 4727s
 231410 160956 86537.4958   54  168 91735.9965 86094.5694  6.15%  41.4 4734s
 231729 161231 91479.7919   92  145 91735.9965 86094.9176  6.15%  41.4 4740s
 232138 161466 87011.0556  159   93 91735.9965 86095.5730  6.15%  41.4 4746s
 232473 161613 87140.4047   55  107 91735.9965 86096.1574  6.15%  41.4 4751s
 232701 161743 87340.6143   57  183 91735.9965 86096.2182  6.15%  41.4 4757s
 232979 161849 90843.4069   72  176 91735.9965 86096.5135  6.15%  41.4 4763s
 233161 162181 86561.3429   40  207 91735.9965 86096.8126  6.15%  41.4 4770s
 233549 162686 87726.5723   71   95 91735.9965 86097.6184  6.15%  41.4 4777s
 234121 162901 91639.6692  109   63 91735.9965 86097.7878  6.15%  41.4 4785s
 234391 163009 86912.0246   77   73 91735.9965 86098.0059  6.15%  41.4 4790s
 234724 163115 86982.9684  150   78 91735.9965 86098.3195  6.15%  41.4 4795s
 234964 163331 88488.0926   57  177 91735.9965 86098.5750  6.15%  41.4 4800s
 235276 163594 87662.8947   48  179 91735.9965 86099.4527  6.14%  41.4 4805s
 235642 163773 87579.2646   58  135 91735.9965 86099.7172  6.14%  41.4 4810s
 235947 164044 86690.6687   45  189 91735.9965 86100.3889  6.14%  41.4 4817s
 236307 164334 91263.5064  104  150 91735.9965 86101.1896  6.14%  41.4 4821s
 236670 164517 91154.7517   71   73 91735.9965 86101.5307  6.14%  41.4 4826s
 237166 164851 86374.1840   52  122 91735.9965 86102.2452  6.14%  41.4 4833s
 237417 164998 91067.8925   61  157 91735.9965 86103.0552  6.14%  41.4 4838s
 237639 165163 86875.1812   88  123 91735.9965 86103.1549  6.14%  41.4 4843s
 237975 165406 87422.4622   69   79 91735.9965 86104.2570  6.14%  41.4 4848s
 238275 165618 87923.8083   87  192 91735.9965 86104.4630  6.14%  41.4 4852s
 238579 165934 86998.7448   50  140 91735.9965 86104.8671  6.14%  41.4 4857s
 238945 166103 87994.2461   83   95 91735.9965 86104.8671  6.14%  41.4 4862s
 239193 166361 88021.6145  143   93 91735.9965 86104.9101  6.14%  41.4 4868s
 239594 166634 86608.9542   61  128 91735.9965 86105.0961  6.14%  41.4 4873s
 239922 166832 90443.3360  100  101 91735.9965 86105.9250  6.14%  41.3 4879s
 240186 166987 87088.7875   56  157 91735.9965 86106.2229  6.14%  41.3 4884s
 240414 167146     cutoff   77      91735.9965 86106.2985  6.14%  41.4 4889s
 240610 167286 87176.3456   87  135 91735.9965 86106.2988  6.14%  41.4 4894s
 240817 167489 87190.8153  127  106 91735.9965 86106.2988  6.14%  41.4 4899s
 241102 167697 87213.6131  182   84 91735.9965 86106.2988  6.14%  41.4 4904s
 241355 167894 87245.7695  225   99 91735.9965 86106.8131  6.14%  41.4 4909s
 241702 168121 87346.7192   59  120 91735.9965 86107.5139  6.14%  41.4 4915s
 241995 168276 87817.3983   48  179 91735.9965 86108.2175  6.13%  41.4 4920s
 242206 168487 89245.4378   68  167 91735.9965 86108.4399  6.13%  41.4 4925s
 242500 168669 88967.5780   34  191 91735.9965 86108.7974  6.13%  41.4 4930s
 242800 168691 90143.5101   92   92 91735.9965 86109.5554  6.13%  41.4 4958s
 242822 168868 90163.3646  103   75 91735.9965 86109.6779  6.13%  41.4 4963s
 243100 169031 86495.4964   44  129 91735.9965 86110.2850  6.13%  41.4 4967s
 243385 169096 87145.7268   45  150 91735.9965 86111.0864  6.13%  41.4 4980s
 243487 170515 86860.7214   55  131 91735.9965 86111.1496  6.13%  41.5 5011s
 245341 170670 90682.5587   70  203 91735.9965 86113.5025  6.13%  41.4 5017s
 245565 170833 87927.5603   52  120 91735.9965 86114.2706  6.13%  41.5 5023s
 245793 171300 89149.0560   62   74 91735.9965 86114.6498  6.13%  41.5 5029s
 246341 171493 87264.5040   54  186 91735.9965 86115.0399  6.13%  41.5 5035s
 246658 171696 87005.1567   51  177 91735.9965 86115.6531  6.13%  41.5 5040s
 246939 171873 89939.6902   65  104 91735.9965 86116.1784  6.13%  41.5 5045s
 247223 172046 86542.8528   44  164 91735.9965 86116.4787  6.13%  41.5 5050s
 247471 172300 86599.1603   45  214 91735.9965 86116.6926  6.13%  41.5 5056s
 247819 172628 88391.3604  100   92 91735.9965 86117.1885  6.12%  41.5 5061s
 248211 172796 87050.9841   51  139 91735.9965 86117.3447  6.12%  41.5 5066s
 248448 172954 89343.0121   61  187 91735.9965 86117.6879  6.12%  41.5 5070s
 248723 173156 89936.1880   61  200 91735.9965 86118.1659  6.12%  41.5 5075s
 249285 173679 87162.9238  123   79 91735.9965 86118.9921  6.12%  41.5 5084s
 249687 173892 88965.9683   65   87 91735.9965 86119.5093  6.12%  41.5 5088s
 249972 174053 91259.9584  133   80 91735.9965 86120.1102  6.12%  41.5 5092s
 250228 174257 86210.4455   44  166 91735.9965 86120.2667  6.12%  41.5 5097s
 250517 174418 88571.2207   57  139 91735.9965 86120.8831  6.12%  41.5 5102s
 250808 174631 87162.0192   53  135 91735.9965 86121.6929  6.12%  41.5 5109s
 251101 174874 87134.9088   56  213 91735.9965 86122.0478  6.12%  41.6 5114s
 251412 175043 90293.3983   96  153 91735.9965 86122.9217  6.12%  41.6 5120s
 251655 175316 87955.6720   64  147 91735.9965 86123.1727  6.12%  41.6 5126s
 251989 175540 90405.1448  128   93 91735.9965 86123.6277  6.12%  41.6 5132s
 252346 175710 91474.9342  124  137 91735.9965 86124.2015  6.12%  41.6 5137s
 252601 175958 91685.5731   74  132 91735.9965 86124.7348  6.12%  41.6 5143s
 252939 176233 88058.0035  149  148 91735.9965 86125.3581  6.12%  41.6 5149s
 253253 176392 88149.3351  313  134 91735.9965 86125.6669  6.12%  41.6 5155s
 253486 176589 87009.2799   56  146 91735.9965 86126.1000  6.12%  41.6 5161s
 253739 176745 89014.4792   63  171 91735.9965 86127.0472  6.11%  41.6 5167s
 254019 176966 88034.7706   59  171 91735.9965 86127.7183  6.11%  41.6 5172s
 254346 177206 87490.4844   70   92 91735.9965 86128.5666  6.11%  41.6 5179s
 254658 177436 87935.4929   55  178 91735.9965 86129.2350  6.11%  41.7 5184s
 254974 177637 87076.8083   48  172 91735.9965 86129.8178  6.11%  41.7 5190s
 255288 177861 86882.1572   54  131 91735.9965 86130.4389  6.11%  41.7 5195s
 255590 178139 88242.1281   57  152 91735.9965 86131.1063  6.11%  41.7 5200s
 255923 178331 87235.1081   51  174 91735.9965 86131.4123  6.11%  41.7 5205s
 256210 178616 88065.7615   55  100 91735.9965 86131.8967  6.11%  41.7 5210s
 256598 178861 90238.3976   67  133 91735.9965 86132.4657  6.11%  41.7 5215s
 257172 179298 89350.6942   64  138 91735.9965 86133.6260  6.11%  41.7 5224s
 257545 179492 86564.5257   46  138 91735.9965 86134.3464  6.11%  41.7 5229s
 257827 179646 87629.1079   52  215 91735.9965 86134.6922  6.11%  41.7 5234s
 258139 179841 91421.4990   94  119 91735.9965 86134.9183  6.11%  41.7 5241s
 258467 180077 87539.6857   48  169 91735.9965 86135.4825  6.11%  41.7 5246s
 258789 180308 90206.4233   82  172 91735.9965 86135.9213  6.10%  41.7 5251s
 259112 180631 87204.7966   46  141 91735.9965 86136.7481  6.10%  41.7 5256s
 259507 180720 88354.9533   71  161 91735.9965 86137.1482  6.10%  41.7 5260s
 259737 180931 87113.3308   48  191 91735.9965 86137.3784  6.10%  41.7 5265s
 260043 181178 86981.5829   48  116 91735.9965 86137.9875  6.10%  41.7 5270s
 260342 181385 89456.1707   69  159 91735.9965 86139.2146  6.10%  41.7 5275s
 260656 181617 87317.5044   48  117 91735.9965 86139.7086  6.10%  41.7 5280s
 260967 181850 87103.4218   51  134 91735.9965 86140.4673  6.10%  41.7 5285s
 261257 182137 89260.9946   46  158 91735.9965 86140.7603  6.10%  41.7 5291s
 261583 182422 88227.4494  181   71 91735.9965 86140.8808  6.10%  41.7 5295s
 261906 182727 88343.0345  329   74 91735.9965 86140.8808  6.10%  41.7 5301s
 262243 182939 88510.7323  491   75 91735.9965 86140.8808  6.10%  41.7 5305s
 262515 183261 88887.8690  646   70 91735.9965 86141.4113  6.10%  41.7 5310s
 262922 183478     cutoff  120      91735.9965 86141.6951  6.10%  41.7 5315s
 263508 183901 86433.7329   44  119 91735.9965 86142.8860  6.10%  41.7 5324s
 263789 184074 89039.4644   62  153 91735.9965 86143.0036  6.10%  41.7 5328s
 264026 184221 88476.0617   54  149 91735.9965 86143.5151  6.10%  41.7 5333s
 264292 184456 infeasible   79      91735.9965 86143.8212  6.10%  41.7 5337s
 264587 184795 87803.8411   60  112 91735.9965 86144.2475  6.10%  41.7 5342s
 265027 185008 87717.4150   70  162 91735.9965 86144.7682  6.09%  41.7 5346s
 265341 185010 86593.7557   43  194 91735.9965 86145.4430  6.09%  41.7 5359s
 265343 185180 86785.9435   44  151 91735.9965 86145.4976  6.09%  41.7 5363s
 265601 185388 87260.6768   43  196 91735.9965 86145.6440  6.09%  41.7 5370s
 265897 185628 91429.3202   79  156 91735.9965 86146.1768  6.09%  41.7 5375s
 266233 185792 86920.3801   53  101 91735.9965 86147.2337  6.09%  41.7 5380s
 266462 186035 87051.0903   57  168 91735.9965 86147.5017  6.09%  41.7 5385s
 266812 186353 88199.8011   49  165 91735.9965 86147.8660  6.09%  41.7 5391s
 267231 186569 86909.4260   63  161 91735.9965 86148.2779  6.09%  41.7 5396s
 267564 186728 86882.7640   82  101 91735.9965 86148.9855  6.09%  41.7 5402s
 267873 187039 88105.9114   62  155 91735.9965 86149.2475  6.09%  41.7 5407s
 268264 187254 86579.6557   48  145 91735.9965 86149.7328  6.09%  41.7 5412s
 268579 187453 90535.4113   76  123 91735.9965 86150.4975  6.09%  41.7 5418s
 268869 187653 89056.5558   60  110 91735.9965 86151.0005  6.09%  41.7 5424s
 269163 187844 87121.5534   51  136 91735.9965 86151.3519  6.09%  41.7 5428s
 269418 188037 88234.3936   54  145 91735.9965 86151.7040  6.09%  41.7 5434s
 269704 188236 87394.6783   60  151 91735.9965 86152.3934  6.09%  41.7 5440s
 270010 188418 88197.6034   53  188 91735.9965 86152.9881  6.09%  41.7 5445s
 270319 188677 87352.8489   42  171 91735.9965 86153.4126  6.09%  41.7 5451s
 270634 189010 90507.6727   79   77 91735.9965 86153.6315  6.09%  41.7 5455s
 271020 189204 86844.8172  261   96 91735.9965 86153.7930  6.09%  41.7 5460s
 271337 189516 91669.3928   72   84 91735.9965 86154.1503  6.08%  41.7 5465s
 271710 189926 88443.0722   63  137 91735.9965 86154.3136  6.08%  41.7 5471s
 272212 190149 86341.1219   45  134 91735.9965 86154.7606  6.08%  41.7 5475s
 272517 190302 87538.6238   51  185 91735.9965 86155.3788  6.08%  41.7 5480s
 273065 190827 87148.3446   59  112 91735.9965 86156.8436  6.08%  41.7 5491s
 273416 190995 91273.8983   59   91 91735.9965 86157.1734  6.08%  41.7 5495s
 273713 191325 89019.8928  145  118 91735.9965 86157.5709  6.08%  41.7 5500s
 274509 191821 87173.1679   51  198 91735.9965 86157.9477  6.08%  41.7 5507s
 274762 192035 86870.8744   95  175 91735.9965 86158.4108  6.08%  41.7 5511s
 275024 192192 87114.6352  129  127 91735.9965 86158.5103  6.08%  41.7 5515s
 275387 192415 87749.6145   49  141 91735.9965 86159.6187  6.08%  41.7 5523s
 275593 192571 86602.1252   44  179 91735.9965 86160.1079  6.08%  41.7 5527s
 275791 192747 90735.2659   74   88 91735.9965 86160.1533  6.08%  41.7 5532s
 276080 192849 87996.5287  132  111 91735.9965 86160.1533  6.08%  41.7 5537s
 276311 193025 88093.6089  228  102 91735.9965 86160.2458  6.08%  41.7 5543s
 276601 193234 infeasible   60      91735.9965 86160.9697  6.08%  41.7 5548s
 276921 193427 91269.3206   74  153 91735.9965 86161.4283  6.08%  41.7 5553s
 277252 193621 88410.3117   50  135 91735.9965 86161.8570  6.08%  41.7 5558s
 277520 193838 89515.9258   44  189 91735.9965 86162.6522  6.08%  41.7 5565s
 277860 194034 86524.9008   61  147 91735.9965 86163.3723  6.07%  41.7 5570s
 278119 194190 88948.0394   84   73 91735.9965 86164.3329  6.07%  41.7 5575s
 278378 194388 87555.7732   57  101 91735.9965 86164.9267  6.07%  41.7 5581s
 278669 194563 87092.1265   64  164 91735.9965 86165.5094  6.07%  41.7 5586s
 278903 194858 89078.7820   94   92 91735.9965 86165.8633  6.07%  41.7 5590s
 279255 195096 89255.4021  194   94 91735.9965 86166.1921  6.07%  41.7 5595s
 279547 195363 89676.6308   69   84 91735.9965 86166.5352  6.07%  41.7 5600s
 279881 195533 87916.6346  137   85 91735.9965 86166.7323  6.07%  41.7 5606s
 280250 195709 91279.4395   79  168 91735.9965 86166.9768  6.07%  41.7 5610s
 280520 195941     cutoff   82      91735.9965 86167.9554  6.07%  41.7 5617s
 280877 196092 86742.4815   53  125 91735.9965 86168.3077  6.07%  41.7 5621s
 281136 196302 86741.2806   41  190 91735.9965 86168.6873  6.07%  41.7 5626s
 281422 196516 86503.2122   54   72 91735.9965 86169.1557  6.07%  41.7 5631s
 281732 196690 87116.7292   56   90 91735.9965 86169.3458  6.07%  41.7 5636s
 282019 196917 87127.8078   50  118 91735.9965 86170.0284  6.07%  41.7 5641s
 282309 197145 89449.1212  153   95 91735.9965 86170.3135  6.07%  41.7 5646s
 282657 197420 87958.8588   56  106 91735.9965 86171.2843  6.07%  41.7 5651s
 283005 197681 87669.9420   66   96 91735.9965 86171.9908  6.07%  41.7 5656s
 283355 197840 87803.5364   43  179 91735.9965 86172.5623  6.06%  41.7 5660s
 283563 198002 87198.2644   64  192 91735.9965 86172.6412  6.06%  41.7 5665s
 283786 198165 89795.0406   80  100 91735.9965 86172.8267  6.06%  41.7 5670s
 284011 198334 86705.4203   53  107 91735.9965 86173.4157  6.06%  41.7 5676s
 284268 198375 89605.1588   50  100 91735.9965 86173.5372  6.06%  41.7 5681s
 284346 198448 88207.5973   58  153 91735.9965 86173.6473  6.06%  41.7 5686s
 284594 198656 91294.7108   69  153 91735.9965 86173.9136  6.06%  41.7 5692s
 284867 198841     cutoff  122      91735.9965 86174.0934  6.06%  41.7 5698s
 285159 199053 87129.9810   54  160 91735.9965 86174.6370  6.06%  41.8 5704s
 285506 199293 87326.2891   60   92 91735.9965 86175.1063  6.06%  41.8 5709s
 285806 199482 88224.4584   56  151 91735.9965 86175.1821  6.06%  41.8 5716s
 286142 199680 88783.4620   53  100 91735.9965 86176.0608  6.06%  41.8 5722s
 286448 199969 87127.2416   52  114 91735.9965 86177.0221  6.06%  41.8 5727s
 286826 200182 88097.4319   69  154 91735.9965 86177.3646  6.06%  41.8 5733s
 287150 200392     cutoff   84      91735.9965 86177.6444  6.06%  41.8 5738s
 287437 200669 86981.5854   37  133 91735.9965 86177.9776  6.06%  41.8 5743s
 287796 200835 87490.1320   94  133 91735.9965 86178.1923  6.06%  41.8 5751s
 288107 201082 89607.4886   87  129 91735.9965 86178.3927  6.06%  41.8 5756s
 288438 201360 87988.9078   69   84 91735.9965 86178.8906  6.06%  41.8 5761s
 288790 201553 88001.4580   65  153 91735.9965 86179.3049  6.06%  41.8 5766s
 289074 201739 87375.2071   86  122 91735.9965 86179.4564  6.06%  41.8 5771s
 289357 201753 87953.4566   46  187 91735.9965 86179.9290  6.06%  41.8 5776s
 289371 201974 89002.6701   59  166 91735.9965 86180.0717  6.06%  41.8 5781s
 289643 202112 88587.1318  135   87 91735.9965 86180.1477  6.06%  41.8 5786s
 289886 202393 91488.3151   99  131 91735.9965 86180.6915  6.06%  41.8 5791s
 290282 202623 86831.7315   55   84 91735.9965 86181.2018  6.06%  41.8 5796s
 290584 202834 88082.2510   51  129 91735.9965 86181.6628  6.05%  41.8 5801s
 290867 203053 89998.4618   66   85 91735.9965 86181.9857  6.05%  41.9 5806s
 291190 203186 91369.6452   62  148 91735.9965 86182.2209  6.05%  41.9 5812s
 291423 203499 88607.0227   65   77 91735.9965 86182.7038  6.05%  41.9 5818s
 291847 203709 91273.3598   58  167 91735.9965 86183.0164  6.05%  41.8 5824s
 292186 203989 90737.2697   59   74 91735.9965 86183.2985  6.05%  41.8 5829s
 292526 204169 91026.3435   72   86 91735.9965 86183.6080  6.05%  41.8 5835s
 292789 204487 infeasible   94      91735.9965 86184.0440  6.05%  41.9 5841s
 293183 204780 87363.9129   80  140 91735.9965 86184.6809  6.05%  41.8 5846s
 293539 204927 89940.2646  107   79 91735.9965 86184.7570  6.05%  41.8 5851s
 293779 205159 87883.4679   73  188 91735.9965 86185.1508  6.05%  41.8 5857s
 294108 205392 87347.7676   60  143 91735.9965 86185.8113  6.05%  41.8 5862s
 294412 205643 89679.3006   78  160 91735.9965 86185.9098  6.05%  41.8 5867s
 294777 205857 89819.1827   82  146 91735.9965 86186.2685  6.05%  41.8 5872s
 295055 206114 90774.0617   92  113 91735.9965 86186.6432  6.05%  41.8 5879s
 295425 206387 89016.0629   72  142 91735.9965 86187.2725  6.05%  41.8 5884s
 295764 206557 87081.1094  210  112 91735.9965 86187.6217  6.05%  41.8 5888s
 296028 206820 90369.9435   68   74 91735.9965 86188.3651  6.05%  41.8 5893s
 296352 206953 87350.9668   50  122 91735.9965 86188.9316  6.05%  41.8 5897s
 296557 207074 86863.0355   69  128 91735.9965 86189.1994  6.05%  41.8 5901s
 296806 207192 87918.7908   51  163 91735.9965 86189.7069  6.05%  41.8 5906s
 297002 207370 87310.5975   54  143 91735.9965 86190.2727  6.05%  41.9 5911s
 297287 207525 88510.7961   74  128 91735.9965 86190.6862  6.04%  41.9 5915s
 297527 207638 89698.7804   54  159 91735.9965 86191.3154  6.04%  41.9 5920s
 297796 207858 87457.0032   41  184 91735.9965 86191.5373  6.04%  41.9 5925s
 298088 208051 87394.3751   71  124 91735.9965 86191.8549  6.04%  41.9 5930s
 298618 208514 90249.8576   79   89 91735.9965 86192.8358  6.04%  41.9 5940s
 299308 209012 87526.2130   45  174 91735.9965 86193.5706  6.04%  41.9 5950s
 299638 209247 88014.9678   84   95 91735.9965 86194.1312  6.04%  41.9 5955s
 299938 209488 89874.5674   72   59 91735.9965 86194.1870  6.04%  41.9 5960s
 300262 209860 87940.3781   65   81 91735.9965 86194.7627  6.04%  41.9 5966s
 300704 210188 87806.0541   54  159 91735.9965 86195.1963  6.04%  41.9 5971s
 301079 210380 86665.8336  174   97 91735.9965 86195.4467  6.04%  41.9 5977s
 301358 210715 87381.2595   56   77 91735.9965 86195.9584  6.04%  41.9 5982s
 301738 210905 87370.6192   59  212 91735.9965 86196.3357  6.04%  41.9 5989s
 302005 211112 89365.9827   74  129 91735.9965 86196.6270  6.04%  41.9 5994s
 302304 211196 88229.7987   54  139 91735.9965 86197.3994  6.04%  41.9 6000s

Cutting planes:
  Learned: 12
  Gomory: 101
  Cover: 313
  Implied bound: 31
  Projected implied bound: 1
  Clique: 9
  MIR: 41
  StrongCG: 1
  Flow cover: 410
  Inf proof: 10
  Zero half: 28
  Mod-K: 4
  RLT: 3
  Relax-and-lift: 6

Explored 302407 nodes (12667640 simplex iterations) in 6000.04 seconds (9352.65 work units)
Thread count was 2 (of 2 available processors)

Solution count 10: 91736 91889.5 92088.8 ... 92833

Time limit reached
Best objective 9.173599652070e+04, best bound 8.619741466199e+04, gap 6.0375%
