----------------------------------------------------------------------------------------------------------------------------
bier127_10_1001_1002_2    | 127 |  10 | GRB |   8/29/2023 5:27:22 PM |    6000.053714990616 | 127 | 1 | 0.060375229667426325
--------------------------------------------------------------------------------------------------------
burma14_3_1001_1002_2     |  14 |   3 | GRB |   8/29/2023 7:07:23 PM |   0.4572739601135254 | 14 | 1 | 0
--------------------------------------------------------------------------------------------------------
burma14_3_1001_1001_2     |  14 |   3 | GRB |   8/29/2023 7:07:24 PM |   0.3290719985961914 | 14 | 1 | 0
--------------------------------------------------------------------------------------------------------
att48_5_1001_1003_2       |  48 |   5 | GRB |   8/29/2023 7:07:24 PM |    243.7793300151825 | 48 | 1 | 0
--------------------------------------------------------------------------------------------------------------------------
bier127_10_1001_1001_2    | 127 |  10 | GRB |   8/29/2023 7:11:28 PM |    6000.131179094315 | 127 | 1 | 0.2849023869678445
---------------------------------------------------------------------------------------------------------------------------
a280_20_1001_1001_2       | 280 |  20 | GRB |   8/30/2023 5:51:09 PM |    6000.035060882568 | 280 | 1 | 0.20949711009104283
--------------------------------------------------------------------------------------------------------
burma14_3_1001_1003_2     |  14 |   3 | GRB |   8/30/2023 7:31:10 PM |  0.14293503761291504 | 14 | 1 | 0
--------------------------------------------------------------------------------------------------------------------------
att48_5_1001_1002_2       |  48 |   5 | GRB |   8/30/2023 7:31:10 PM |    6000.008677959442 | 48 | 1 | 0.07148066367612296
---------------------------------------------------------------------------------------------------------------------------
bier127_10_1001_1003_2    | 127 |  10 | GRB |  8/30/2023 11:30:09 PM |    6000.389665842056 | 127 | 1 | 0.17363063122947683
--------------------------------------------------------------------------------------------------------
att48_5_1001_1001_2       |  48 |   5 | GRB |   8/31/2023 1:11:43 AM |     58.4264760017395 | 48 | 1 | 0
